1-batch-8192x512
2844.6
1-batch-128x2048
103.2
1-batch-8192x4096
22410.2
1-batch-512x128
21.6
1-batch-8192x128
164.2
1-batch-2048x128
50.2
1-batch-128x512
32.2
1-batch-2048x4096
5783.4
1-batch-8192x32
61.0
1-batch-4096x128
87.2
1-batch-2048x8192
11563.4
1-batch-32x128
13.2
1-batch-32x8192
283.4
1-batch-512x8192
3247.2
1-batch-32x2048
78.6
1-batch-128x128
15.0
1-batch-32x4096
148.8
1-batch-4096x8192
22520.8
1-batch-32x32
10.2
1-batch-4096x512
684.6
1-batch-2048x2048
2906.2
1-batch-32x512
26.0
1-batch-128x32
10.2
1-batch-512x4096
863.6
1-batch-512x512
57.8
1-batch-128x8192
379.0
1-batch-2048x512
161.0
1-batch-128x4096
197.8
1-batch-8192x2048
11226.8
1-batch-2048x32
22.2
1-batch-512x2048
203.8
1-batch-4096x4096
11286.8
1-batch-512x32
12.6
1-batch-4096x32
35.2
1-batch-8192x8192
44747.6
1-batch-4096x2048
5658.2
1-batch-32x32
10.2
