16-batch-2048x64
296.6
16-batch-64x32
27.2
16-batch-32x128
66.8
16-batch-512x128
199.0
16-batch-64x128
75.6
16-batch-2048x128
529.0
16-batch-128x64
51.0
16-batch-32x2048
1344.2
16-batch-512x2048
2998.4
16-batch-64x512
367.4
16-batch-32x512
344.2
16-batch-2048x2048
11337.6
16-batch-64x2048
1436.4
16-batch-512x512
719.6
16-batch-64x64
43.2
16-batch-512x64
111.6
16-batch-2048x512
2106.0
16-batch-128x32
32.4
16-batch-128x2048
1633.0
16-batch-128x512
417.8
16-batch-32x32
24.6
16-batch-32x64
39.0
16-batch-128x128
117.6
16-batch-512x32
68.0
16-batch-2048x32
181.0
