1-batch-64x8192
14116.0
1-batch-8192x512
105132.0
1-batch-2048x256
13294.0
1-batch-256x32
227.0
1-batch-128x2048
6871.0
1-batch-4096x1024
105692.0
1-batch-8192x1024
210293.0
1-batch-8192x4096
841214.0
1-batch-512x128
1689.0
1-batch-8192x128
26290.0
1-batch-8192x64
13150.0
1-batch-512x256
3383.0
1-batch-2048x128
6657.0
1-batch-128x512
1729.0
1-batch-2048x4096
212593.0
1-batch-8192x32
6587.0
1-batch-4096x128
13221.0
1-batch-2048x8192
425594.0
1-batch-32x128
133.0
1-batch-512x1024
13576.0
1-batch-32x8192
7517.0
1-batch-512x8192
108519.0
1-batch-32x2048
1890.0
1-batch-4096x256
26438.0
1-batch-1024x2048
53612.0
1-batch-1024x8192
214485.0
1-batch-64x64
126.0
1-batch-128x128
444.0
1-batch-64x512
897.0
1-batch-32x4096
3771.0
1-batch-64x1024
1777.0
1-batch-64x4096
7061.0
1-batch-4096x8192
846264.0
1-batch-1024x1024
26827.0
1-batch-32x32
45.0
1-batch-256x2048
13863.0
1-batch-64x128
236.0
1-batch-4096x512
52859.0
1-batch-2048x2048
106296.0
1-batch-32x512
484.0
1-batch-256x128
860.0
1-batch-64x32
71.0
1-batch-256x8192
55435.0
1-batch-128x32
122.0
1-batch-1024x4096
107163.0
1-batch-1024x256
6720.0
1-batch-512x64
852.0
1-batch-256x4096
27709.0
1-batch-64x256
456.0
1-batch-512x4096
54244.0
1-batch-128x256
872.0
1-batch-256x64
438.0
1-batch-512x512
6799.0
1-batch-64x2048
3543.0
1-batch-32x1024
953.0
1-batch-256x256
1708.0
1-batch-128x1024
3444.0
1-batch-1024x512
13424.0
1-batch-128x8192
27417.0
1-batch-2048x512
26574.0
1-batch-128x4096
13719.0
1-batch-256x512
3430.0
1-batch-8192x2048
420598.0
1-batch-8192x256
52568.0
1-batch-2048x32
1672.0
1-batch-512x2048
27133.0
1-batch-1024x32
851.0
1-batch-4096x4096
423148.0
1-batch-2048x1024
53156.0
1-batch-1024x64
1683.0
1-batch-512x32
434.0
1-batch-4096x32
3315.0
1-batch-8192x8192
1682360.0
1-batch-1024x128
3357.0
1-batch-32x256
250.0
1-batch-256x1024
6941.0
1-batch-128x64
230.0
1-batch-4096x2048
211387.0
1-batch-32x64
74.0
1-batch-4096x64
6618.0
1-batch-2048x64
3332.0
