1-batch-8192x512
2385.0
1-batch-128x2048
85.2
1-batch-8192x4096
18881.8
1-batch-512x128
16.2
1-batch-8192x128
149.4
1-batch-2048x128
43.4
1-batch-128x512
25.8
1-batch-2048x4096
4866.0
1-batch-8192x32
49.6
1-batch-4096x128
78.2
1-batch-2048x8192
9732.8
1-batch-32x128
9.2
1-batch-32x8192
259.6
1-batch-512x8192
2605.4
1-batch-32x2048
68.8
1-batch-128x128
10.4
1-batch-32x4096
132.2
1-batch-4096x8192
19043.4
1-batch-32x32
6.4
1-batch-4096x512
550.4
1-batch-2048x2048
2435.8
1-batch-32x512
21.6
1-batch-128x32
6.6
1-batch-512x4096
623.8
1-batch-512x512
47.6
1-batch-128x8192
321.8
1-batch-2048x512
149.6
1-batch-128x4096
166.4
1-batch-8192x2048
9444.8
1-batch-2048x32
16.6
1-batch-512x2048
173.6
1-batch-4096x4096
9530.6
1-batch-512x32
8.2
1-batch-4096x32
27.4
1-batch-8192x8192
37740.4
1-batch-4096x2048
4770.8
