1-batch-64x8192
14085.0
1-batch-8192x512
105072.0
1-batch-2048x256
13236.0
1-batch-256x32
216.0
1-batch-128x2048
6854.0
1-batch-4096x1024
105496.0
1-batch-8192x1024
210380.0
1-batch-8192x4096
841390.0
1-batch-512x128
1677.0
1-batch-8192x128
26245.0
1-batch-8192x64
13122.0
1-batch-512x256
3350.0
1-batch-2048x128
6622.0
1-batch-128x512
1720.0
1-batch-2048x4096
212797.0
1-batch-8192x32
6565.0
1-batch-4096x128
13181.0
1-batch-2048x8192
425655.0
1-batch-32x128
123.0
1-batch-512x1024
13386.0
1-batch-32x8192
7503.0
1-batch-512x8192
107262.0
1-batch-32x2048
1879.0
1-batch-4096x256
26373.0
1-batch-1024x2048
53254.0
1-batch-1024x8192
214692.0
1-batch-64x64
116.0
1-batch-128x128
434.0
1-batch-64x512
887.0
1-batch-32x4096
3756.0
1-batch-64x1024
1766.0
1-batch-64x4096
7045.0
1-batch-4096x8192
845968.0
1-batch-1024x1024
26641.0
1-batch-32x32
34.0
1-batch-256x2048
13505.0
1-batch-64x128
226.0
1-batch-4096x512
52745.0
1-batch-2048x2048
105972.0
1-batch-32x512
475.0
1-batch-256x128
849.0
1-batch-64x32
61.0
1-batch-256x8192
54005.0
1-batch-128x32
113.0
1-batch-1024x4096
106590.0
1-batch-1024x256
6661.0
1-batch-512x64
841.0
1-batch-256x4096
27003.0
1-batch-64x256
447.0
1-batch-512x4096
53508.0
1-batch-128x256
863.0
1-batch-256x64
428.0
1-batch-512x512
6694.0
1-batch-64x2048
3524.0
1-batch-32x1024
945.0
1-batch-256x256
1692.0
1-batch-128x1024
3428.0
1-batch-1024x512
13321.0
1-batch-128x8192
27383.0
1-batch-2048x512
26467.0
1-batch-128x4096
13696.0
1-batch-256x512
3380.0
1-batch-8192x2048
420736.0
1-batch-8192x256
52491.0
1-batch-2048x32
1663.0
1-batch-512x2048
26762.0
1-batch-1024x32
838.0
1-batch-4096x4096
422925.0
1-batch-2048x1024
52962.0
1-batch-1024x64
1668.0
1-batch-512x32
424.0
1-batch-4096x32
3299.0
1-batch-8192x8192
1682820.0
1-batch-1024x128
3331.0
1-batch-32x256
240.0
1-batch-256x1024
6755.0
1-batch-128x64
220.0
1-batch-4096x2048
211485.0
1-batch-32x64
65.0
1-batch-4096x64
6593.0
1-batch-2048x64
3314.0
