1-batch-64x8192
4441.0
1-batch-8192x512
24793.0
1-batch-2048x256
3062.0
1-batch-256x32
80.0
1-batch-128x2048
1794.0
1-batch-4096x1024
24395.0
1-batch-8192x1024
52996.0
1-batch-8192x4096
210320.0
1-batch-512x128
436.0
1-batch-8192x128
6358.0
1-batch-8192x64
3395.0
1-batch-512x256
807.0
1-batch-2048x128
1606.0
1-batch-128x512
481.0
1-batch-2048x4096
50510.0
1-batch-8192x32
1942.0
1-batch-4096x128
3168.0
1-batch-2048x8192
100923.0
1-batch-32x128
61.0
1-batch-512x1024
3029.0
1-batch-32x8192
3048.0
1-batch-512x8192
25782.0
1-batch-32x2048
741.0
1-batch-4096x256
6129.0
1-batch-1024x2048
11949.0
1-batch-1024x8192
51063.0
1-batch-64x64
51.0
1-batch-128x128
137.0
1-batch-64x512
298.0
1-batch-32x4096
1540.0
1-batch-64x1024
565.0
1-batch-64x4096
2237.0
1-batch-4096x8192
200925.0
1-batch-1024x1024
5988.0
1-batch-32x32
26.0
1-batch-256x2048
3195.0
1-batch-64x128
87.0
1-batch-4096x512
12039.0
1-batch-2048x2048
24320.0
1-batch-32x512
202.0
1-batch-256x128
238.0
1-batch-64x32
34.0
1-batch-256x8192
12968.0
1-batch-128x32
49.0
1-batch-1024x4096
24969.0
1-batch-1024x256
1556.0
1-batch-512x64
242.0
1-batch-256x4096
6504.0
1-batch-64x256
157.0
1-batch-512x4096
12164.0
1-batch-128x256
255.0
1-batch-256x64
133.0
1-batch-512x512
1548.0
1-batch-64x2048
1092.0
1-batch-32x1024
389.0
1-batch-256x256
443.0
1-batch-128x1024
919.0
1-batch-1024x512
3020.0
1-batch-128x8192
7327.0
1-batch-2048x512
6021.0
1-batch-128x4096
3635.0
1-batch-256x512
837.0
1-batch-8192x2048
105494.0
1-batch-8192x256
12280.0
1-batch-2048x32
516.0
1-batch-512x2048
6044.0
1-batch-1024x32
272.0
1-batch-4096x4096
100587.0
1-batch-2048x1024
11957.0
1-batch-1024x64
459.0
1-batch-512x32
143.0
1-batch-4096x32
991.0
1-batch-8192x8192
420839.0
1-batch-1024x128
827.0
1-batch-32x256
108.0
1-batch-256x1024
1624.0
1-batch-128x64
79.0
1-batch-4096x2048
50385.0
1-batch-32x64
38.0
1-batch-4096x64
1715.0
1-batch-2048x64
878.0
