16-batch-2048x64
250.8
16-batch-64x32
21.2
16-batch-32x128
67.2
16-batch-512x128
148.0
16-batch-64x128
61.0
16-batch-2048x128
449.2
16-batch-128x64
41.2
16-batch-32x2048
892.0
16-batch-512x2048
2100.6
16-batch-64x512
219.2
16-batch-32x512
228.2
16-batch-2048x2048
10626.8
16-batch-64x2048
855.2
16-batch-512x512
537.8
16-batch-64x64
34.8
16-batch-512x64
82.2
16-batch-2048x512
1639.6
16-batch-128x32
24.6
16-batch-128x2048
1020.8
16-batch-128x512
259.8
16-batch-32x32
25.8
16-batch-32x64
39.0
16-batch-128x128
71.4
16-batch-512x32
50.8
16-batch-2048x32
151.6
