STARTING!
Duplicate flags: num_threads
Log parameter values verbosely: [0]
Min num runs: [200]
Min runs duration (seconds): [1e-09]
Num threads: [1]
Use caching: [1]
Min warmup runs: [2]
Min warmup runs duration (seconds): [1e-09]
Graph: [/home/pi/Desktop/run-single-mul-multibatch/models/f32i8/model-512-batch-512x128.tflite]
Enable op profiling: [1]
#threads used for CPU inference: [1]
Use xnnpack: [0]
Loaded model /home/pi/Desktop/run-single-mul-multibatch/models/f32i8/model-512-batch-512x128.tflite
INFO: Initialized TensorFlow Lite runtime.
NOT Applying FC Low-Precision for Kernel shape (512, 128, ), Input shape (512, 512, ), Output shape (512, 128, ), ID: 0, Method: NoOptimization
The input model file size (MB): 0.066544
Initialized session in 1.824ms.
Running benchmark for at least 2 iterations and at least 1e-09 seconds but terminate if exceeding 150 seconds.
count=2 first=10254 curr=7052 min=7052 max=10254 avg=8653 std=1601

Running benchmark for at least 200 iterations and at least 1e-09 seconds but terminate if exceeding 150 seconds.
count=200 first=6412 curr=6653 min=6137 max=8066 avg=6424.31 std=246

Inference timings in us: Init: 1824, First inference: 10254, Warmup (avg): 8653, Inference (avg): 6424.31
Note: as the benchmark tool itself affects memory footprint, the following is only APPROXIMATE to the actual memory footprint of the model at runtime. Take the information at your discretion.
Memory footprint delta from the start of the tool (MB): init=4.11328 overall=7.57812
Profiling Info for Benchmark Initialization:
============================== Run Order ==============================
	             [node type]	          [start]	  [first]	 [avg ms]	     [%]	  [cdf%]	  [mem KB]	[times called]	[Name]
	         AllocateTensors	            0.000	    0.306	    0.306	100.000%	100.000%	     0.000	        1	AllocateTensors/0

============================== Top by Computation Time ==============================
	             [node type]	          [start]	  [first]	 [avg ms]	     [%]	  [cdf%]	  [mem KB]	[times called]	[Name]
	         AllocateTensors	            0.000	    0.306	    0.306	100.000%	100.000%	     0.000	        1	AllocateTensors/0

Number of nodes executed: 1
============================== Summary by node type ==============================
	             [Node type]	  [count]	  [avg ms]	    [avg %]	    [cdf %]	  [mem KB]	[times called]
	         AllocateTensors	        1	     0.306	   100.000%	   100.000%	     0.000	        1

Timings (microseconds): count=1 curr=306
Memory (bytes): count=0
1 nodes observed



Operator-wise Profiling Info for Regular Benchmark Runs:
============================== Run Order ==============================
	             [node type]	          [start]	  [first]	 [avg ms]	     [%]	  [cdf%]	  [mem KB]	[times called]	[Name]
	         FULLY_CONNECTED	            0.022	    6.367	    6.375	100.000%	100.000%	     0.000	        1	[StatefulPartitionedCall:0]:0

============================== Top by Computation Time ==============================
	             [node type]	          [start]	  [first]	 [avg ms]	     [%]	  [cdf%]	  [mem KB]	[times called]	[Name]
	         FULLY_CONNECTED	            0.022	    6.367	    6.375	100.000%	100.000%	     0.000	        1	[StatefulPartitionedCall:0]:0

Number of nodes executed: 1
============================== Summary by node type ==============================
	             [Node type]	  [count]	  [avg ms]	    [avg %]	    [cdf %]	  [mem KB]	[times called]
	         FULLY_CONNECTED	        1	     6.375	   100.000%	   100.000%	     0.000	        1

Timings (microseconds): count=200 first=6367 curr=6608 min=6090 max=7947 avg=6375.36 std=241
Memory (bytes): count=0
1 nodes observed



[ perf record: Woken up 5 times to write data ]
[ perf record: Captured and wrote 1.143 MB /tmp/data.record (5959 samples) ]

2.578

