1-batch-1024x1024
9600.42
1-batch-1024x128
1245.04
1-batch-1024x2048
19148.4
1-batch-1024x256
2443.4
1-batch-1024x512
4840.84
1-batch-1024x8192
77499.4
1-batch-128x1024
1434.91
1-batch-128x128
305.85
1-batch-128x2048
2789.61
1-batch-128x256
472.915
1-batch-128x512
740.02
1-batch-128x8192
11182.2
1-batch-2048x1024
20265.3
1-batch-2048x128
2554.61
1-batch-2048x2048
40260.5
1-batch-2048x256
5075.77
1-batch-2048x512
10097.1
1-batch-2048x8192
160282
1-batch-256x1024
2645.36
1-batch-256x128
430.225
1-batch-256x2048
5242.84
1-batch-256x256
705.685
1-batch-256x512
1354.73
1-batch-256x8192
20791.3
1-batch-512x1024
5074.54
1-batch-512x128
694.015
1-batch-512x2048
10024.2
1-batch-512x256
1303.62
1-batch-512x512
2552.58
1-batch-512x8192
39819.4
1-batch-8192x1024
78956.4
1-batch-8192x128
9883.37
1-batch-8192x2048
157694
1-batch-8192x256
19788.4
1-batch-8192x512
39572.6
1-batch-8192x8192
628240
1-batch-1024x4096
38930.1
1-batch-128x4096
5492.23
1-batch-2048x4096
80225.6
1-batch-256x4096
10437.1
1-batch-4096x1024
39746.8
1-batch-4096x128
4980.73
1-batch-4096x2048
79258.2
1-batch-4096x256
9933.83
1-batch-4096x4096
158310
1-batch-4096x512
19712
1-batch-4096x8192
315371
1-batch-512x4096
19981.5
1-batch-8192x4096
314393
