densenet201
12455.5
efficientnetv2l
8353.93
inceptionresnetv2
9939.96
inceptionv3
13246
mobilenetv2
8352.84
nasnetlarge
26187.4
regnety320
23726.5
resnet152
13319.5
resnet152v2
13231.6
vgg19
792060
xception
13268.8
densenet201
12470.8
efficientnetv2l
8355.25
inceptionresnetv2
9976.38
inceptionv3
13246.2
mobilenetv2
8382.42
nasnetlarge
26163.2
regnety320
23747.7
resnet152
13261.4
resnet152v2
13236.1
vgg19
788215
xception
13255.5
densenet201-21K
271024
densenet201
12479.2
efficientnetv2l-21K
181020
efficientnetv2l
8333.12
inceptionresnetv2-21K
215878
inceptionresnetv2
9949.16
inceptionv3-21K
288213
inceptionv3
10647.7
mobilenetv2-21K
181239
mobilenetv2
8347.59
nasnetlarge-21K
569988
nasnetlarge
26131.9
regnety320-21K
517495
regnety320
23727.6
resnet152-21K
287902
resnet152
13208.2
resnet152v2-21K
287819
resnet152v2
13222
vgg19-21K
1.34417e+06
