1-batch-64x8192
181.0
1-batch-8192x512
656.0
1-batch-2048x256
90.0
1-batch-256x32
10.0
1-batch-128x2048
51.0
1-batch-4096x1024
657.0
1-batch-8192x1024
1302.0
1-batch-8192x4096
9106.0
1-batch-512x128
19.0
1-batch-8192x128
170.0
1-batch-8192x64
89.0
1-batch-512x256
30.0
1-batch-2048x128
49.0
1-batch-128x512
19.0
1-batch-2048x4096
1309.0
1-batch-8192x32
49.0
1-batch-4096x128
89.0
1-batch-2048x8192
3239.0
1-batch-32x128
12.0
1-batch-512x1024
92.0
1-batch-32x8192
181.0
1-batch-512x8192
673.0
1-batch-32x2048
53.0
1-batch-4096x256
171.0
1-batch-1024x2048
337.0
1-batch-1024x8192
1318.0
1-batch-64x64
10.0
1-batch-128x128
11.0
1-batch-64x512
20.0
1-batch-32x4096
96.0
1-batch-64x1024
30.0
1-batch-64x4096
95.0
1-batch-4096x8192
9108.0
1-batch-1024x1024
173.0
1-batch-32x32
10.0
1-batch-256x2048
92.0
1-batch-64x128
12.0
1-batch-4096x512
333.0
1-batch-2048x2048
659.0
1-batch-32x512
21.0
1-batch-256x128
14.0
1-batch-64x32
10.0
1-batch-256x8192
342.0
1-batch-128x32
9.0
1-batch-1024x4096
664.0
1-batch-1024x256
50.0
1-batch-512x64
13.0
1-batch-256x4096
175.0
1-batch-64x256
15.0
1-batch-512x4096
341.0
1-batch-128x256
15.0
1-batch-256x64
11.0
1-batch-512x512
50.0
1-batch-64x2048
53.0
1-batch-32x1024
31.0
1-batch-256x256
19.0
1-batch-128x1024
30.0
1-batch-1024x512
91.0
1-batch-128x8192
180.0
1-batch-2048x512
172.0
1-batch-128x4096
94.0
1-batch-256x512
30.0
1-batch-8192x2048
3056.0
1-batch-8192x256
333.0
1-batch-2048x32
19.0
1-batch-512x2048
175.0
1-batch-1024x32
14.0
1-batch-4096x4096
3113.0
1-batch-2048x1024
334.0
1-batch-1024x64
19.0
1-batch-512x32
11.0
1-batch-4096x32
29.0
1-batch-8192x8192
18194.0
1-batch-1024x128
29.0
1-batch-32x256
15.0
1-batch-256x1024
50.0
1-batch-128x64
10.0
1-batch-4096x2048
1304.0
1-batch-32x64
11.0
1-batch-4096x64
49.0
1-batch-2048x64
29.0
