1-batch-64x8192
143.0
1-batch-8192x512
945.0
1-batch-2048x256
76.0
1-batch-256x32
11.0
1-batch-128x2048
60.0
1-batch-4096x1024
950.0
1-batch-8192x1024
2476.0
1-batch-8192x4096
22233.0
1-batch-512x128
18.0
1-batch-8192x128
140.0
1-batch-8192x64
75.0
1-batch-512x256
28.0
1-batch-2048x128
44.0
1-batch-128x512
21.0
1-batch-2048x4096
2474.0
1-batch-8192x32
42.0
1-batch-4096x128
75.0
1-batch-2048x8192
11289.0
1-batch-32x128
11.0
1-batch-512x1024
84.0
1-batch-32x8192
145.0
1-batch-512x8192
1024.0
1-batch-32x2048
43.0
1-batch-4096x256
141.0
1-batch-1024x2048
350.0
1-batch-1024x8192
2658.0
1-batch-64x64
10.0
1-batch-128x128
12.0
1-batch-64x512
18.0
1-batch-32x4096
77.0
1-batch-64x1024
26.0
1-batch-64x4096
77.0
1-batch-4096x8192
22347.0
1-batch-1024x1024
149.0
1-batch-32x32
10.0
1-batch-256x2048
94.0
1-batch-64x128
11.0
1-batch-4096x512
336.0
1-batch-2048x2048
961.0
1-batch-32x512
18.0
1-batch-256x128
14.0
1-batch-64x32
9.0
1-batch-256x8192
429.0
1-batch-128x32
9.0
1-batch-1024x4096
982.0
1-batch-1024x256
45.0
1-batch-512x64
13.0
1-batch-256x4096
177.0
1-batch-64x256
13.0
1-batch-512x4096
375.0
1-batch-128x256
15.0
1-batch-256x64
12.0
1-batch-512x512
47.0
1-batch-64x2048
43.0
1-batch-32x1024
26.0
1-batch-256x256
19.0
1-batch-128x1024
34.0
1-batch-1024x512
79.0
1-batch-128x8192
209.0
1-batch-2048x512
144.0
1-batch-128x4096
109.0
1-batch-256x512
30.0
1-batch-8192x2048
11114.0
1-batch-8192x256
341.0
1-batch-2048x32
17.0
1-batch-512x2048
159.0
1-batch-1024x32
13.0
1-batch-4096x4096
11165.0
1-batch-2048x1024
338.0
1-batch-1024x64
18.0
1-batch-512x32
12.0
1-batch-4096x32
25.0
1-batch-8192x8192
44465.0
1-batch-1024x128
27.0
1-batch-32x256
13.0
1-batch-256x1024
52.0
1-batch-128x64
10.0
1-batch-4096x2048
2451.0
1-batch-32x64
11.0
1-batch-4096x64
43.0
1-batch-2048x64
26.0
