1-batch-1024x1024
309.315
1-batch-1024x128
94.615
1-batch-1024x2048
448
1-batch-1024x256
128.72
1-batch-1024x512
200.91
1-batch-1024x8192
1275.8
1-batch-128x1024
126.375
1-batch-128x128
73.255
1-batch-128x2048
175.32
1-batch-128x256
77.865
1-batch-128x512
103.485
1-batch-128x8192
345.37
1-batch-2048x1024
425.5
1-batch-2048x128
135.85
1-batch-2048x2048
666.48
1-batch-2048x256
204.425
1-batch-2048x512
297.225
1-batch-2048x8192
2462.66
1-batch-256x1024
154
1-batch-256x128
85.59
1-batch-256x2048
224.93
1-batch-256x256
96.905
1-batch-256x512
118.185
1-batch-256x8192
477.995
1-batch-512x1024
206.985
1-batch-512x128
87.93
1-batch-512x2048
316.61
1-batch-512x256
110.505
1-batch-512x512
139.325
1-batch-512x8192
705.34
1-batch-8192x1024
1212.52
1-batch-8192x128
289.44
1-batch-8192x2048
2406.32
1-batch-8192x256
448.535
1-batch-8192x512
647.795
1-batch-8192x8192
9539.32
1-batch-1024x4096
681.015
1-batch-128x4096
251.67
1-batch-2048x4096
1239.31
1-batch-256x4096
320.3
1-batch-4096x1024
663.01
1-batch-4096x128
191.505
1-batch-4096x2048
1225.3
1-batch-4096x256
293.855
1-batch-4096x4096
2424.53
1-batch-4096x512
436.06
1-batch-4096x8192
4826.59
1-batch-512x4096
451.37
1-batch-8192x4096
4787.6
