1-batch-64x8192
5184.0
1-batch-8192x512
57555.0
1-batch-2048x256
4668.0
1-batch-256x32
83.0
1-batch-128x2048
2466.0
1-batch-4096x1024
56759.0
1-batch-8192x1024
115096.0
1-batch-8192x4096
460308.0
1-batch-512x128
603.0
1-batch-8192x128
10813.0
1-batch-8192x64
4865.0
1-batch-512x256
1191.0
1-batch-2048x128
2342.0
1-batch-128x512
628.0
1-batch-2048x4096
113522.0
1-batch-8192x32
2440.0
1-batch-4096x128
4658.0
1-batch-2048x8192
227026.0
1-batch-32x128
54.0
1-batch-512x1024
4719.0
1-batch-32x8192
2864.0
1-batch-512x8192
56068.0
1-batch-32x2048
725.0
1-batch-4096x256
10186.0
1-batch-1024x2048
28385.0
1-batch-1024x8192
113489.0
1-batch-64x64
50.0
1-batch-128x128
161.0
1-batch-64x512
331.0
1-batch-32x4096
1438.0
1-batch-64x1024
660.0
1-batch-64x4096
2598.0
1-batch-4096x8192
453911.0
1-batch-1024x1024
10074.0
1-batch-32x32
21.0
1-batch-256x2048
4785.0
1-batch-64x128
90.0
1-batch-4096x512
28389.0
1-batch-2048x2048
56776.0
1-batch-32x512
187.0
1-batch-256x128
306.0
1-batch-64x32
30.0
1-batch-256x8192
27869.0
1-batch-128x32
48.0
1-batch-1024x4096
56754.0
1-batch-1024x256
2350.0
1-batch-512x64
301.0
1-batch-256x4096
10256.0
1-batch-64x256
169.0
1-batch-512x4096
28039.0
1-batch-128x256
314.0
1-batch-256x64
156.0
1-batch-512x512
2367.0
1-batch-64x2048
1307.0
1-batch-32x1024
366.0
1-batch-256x256
611.0
1-batch-128x1024
1240.0
1-batch-1024x512
4685.0
1-batch-128x8192
10606.0
1-batch-2048x512
10035.0
1-batch-128x4096
4918.0
1-batch-256x512
1207.0
1-batch-8192x2048
230169.0
1-batch-8192x256
28789.0
1-batch-2048x32
597.0
1-batch-512x2048
10098.0
1-batch-1024x32
298.0
1-batch-4096x4096
226941.0
1-batch-2048x1024
28405.0
1-batch-1024x64
598.0
1-batch-512x32
154.0
1-batch-4096x32
1176.0
1-batch-8192x8192
920677.0
1-batch-1024x128
1183.0
1-batch-32x256
98.0
1-batch-256x1024
2399.0
1-batch-128x64
85.0
1-batch-4096x2048
113486.0
1-batch-32x64
32.0
1-batch-4096x64
2336.0
1-batch-2048x64
1178.0
