STARTING!
Duplicate flags: num_threads
Log parameter values verbosely: [0]
Min num runs: [200]
Min runs duration (seconds): [1e-09]
Num threads: [1]
Use caching: [1]
Min warmup runs: [2]
Min warmup runs duration (seconds): [1e-09]
Graph: [/home/pi/Desktop/run-single-mul-multibatch/models/f32i8/model-256-batch-1024x4096.tflite]
Enable op profiling: [1]
#threads used for CPU inference: [1]
Use xnnpack: [0]
Loaded model /home/pi/Desktop/run-single-mul-multibatch/models/f32i8/model-256-batch-1024x4096.tflite
INFO: Initialized TensorFlow Lite runtime.
Applying FC Low-Precision for Kernel shape (1024, 4096, ), Input shape (256, 1024, ), Output shape (256, 4096, ), ID: 0, Method: ULPPACKW4A4
	Allocating Filter Shape: (1024, 4096, ) DONE
	Preparing Filter With Shape: (1024, 4096, ) DONE
	Allocating An Input Temporary Tensor With Shape: (256, 1024, ) DONE
The input model file size (MB): 4.19531
Initialized session in 56.043ms.
Running benchmark for at least 2 iterations and at least 1e-09 seconds but terminate if exceeding 150 seconds.
count=2 first=145831 curr=121224 min=121224 max=145831 avg=133528 std=12303

Running benchmark for at least 200 iterations and at least 1e-09 seconds but terminate if exceeding 150 seconds.
count=200 first=121352 curr=122288 min=120417 max=150604 avg=123428 std=4266

Inference timings in us: Init: 56043, First inference: 145831, Warmup (avg): 133528, Inference (avg): 123428
Note: as the benchmark tool itself affects memory footprint, the following is only APPROXIMATE to the actual memory footprint of the model at runtime. Take the information at your discretion.
Memory footprint delta from the start of the tool (MB): init=12.1055 overall=22.9922
Profiling Info for Benchmark Initialization:
============================== Run Order ==============================
	             [node type]	          [start]	  [first]	 [avg ms]	     [%]	  [cdf%]	  [mem KB]	[times called]	[Name]
	         AllocateTensors	            0.000	   54.529	   54.529	100.000%	100.000%	  8124.000	        1	AllocateTensors/0

============================== Top by Computation Time ==============================
	             [node type]	          [start]	  [first]	 [avg ms]	     [%]	  [cdf%]	  [mem KB]	[times called]	[Name]
	         AllocateTensors	            0.000	   54.529	   54.529	100.000%	100.000%	  8124.000	        1	AllocateTensors/0

Number of nodes executed: 1
============================== Summary by node type ==============================
	             [Node type]	  [count]	  [avg ms]	    [avg %]	    [cdf %]	  [mem KB]	[times called]
	         AllocateTensors	        1	    54.529	   100.000%	   100.000%	  8124.000	        1

Timings (microseconds): count=1 curr=54529
Memory (bytes): count=0
1 nodes observed



Operator-wise Profiling Info for Regular Benchmark Runs:
============================== Run Order ==============================
	             [node type]	          [start]	  [first]	 [avg ms]	     [%]	  [cdf%]	  [mem KB]	[times called]	[Name]
	         FULLY_CONNECTED	            0.023	  121.296	  123.370	100.000%	100.000%	     0.000	        1	[StatefulPartitionedCall:0]:0

============================== Top by Computation Time ==============================
	             [node type]	          [start]	  [first]	 [avg ms]	     [%]	  [cdf%]	  [mem KB]	[times called]	[Name]
	         FULLY_CONNECTED	            0.023	  121.296	  123.370	100.000%	100.000%	     0.000	        1	[StatefulPartitionedCall:0]:0

Number of nodes executed: 1
============================== Summary by node type ==============================
	             [Node type]	  [count]	  [avg ms]	    [avg %]	    [cdf %]	  [mem KB]	[times called]
	         FULLY_CONNECTED	        1	   123.369	   100.000%	   100.000%	     0.000	        1

Timings (microseconds): count=200 first=121296 curr=122233 min=120360 max=150550 avg=123370 std=4265
Memory (bytes): count=0
1 nodes observed



[ perf record: Woken up 75 times to write data ]
[ perf record: Captured and wrote 18.899 MB /tmp/data.record (100886 samples) ]

26.632

