1-batch-64x8192
159.0
1-batch-2048x16384
18708.0
1-batch-8192x512
2349.0
1-batch-2048x256
76.0
1-batch-256x32
9.0
1-batch-128x2048
46.0
1-batch-4096x1024
2348.0
1-batch-8192x1024
4677.0
1-batch-8192x4096
18637.0
1-batch-512x128
17.0
1-batch-8192x16384
74444.0
1-batch-8192x128
142.0
1-batch-8192x64
76.0
1-batch-512x256
25.0
1-batch-2048x128
43.0
1-batch-16384x1024
9330.0
1-batch-16384x256
2351.0
1-batch-128x512
17.0
1-batch-2048x4096
4678.0
1-batch-8192x32
43.0
1-batch-4096x128
75.0
1-batch-2048x8192
9366.0
1-batch-32x128
11.0
1-batch-512x1024
79.0
1-batch-32x8192
157.0
1-batch-512x8192
2411.0
1-batch-32x2048
47.0
1-batch-16384x512
4679.0
1-batch-4096x256
142.0
1-batch-1024x2048
563.0
1-batch-512x16384
4807.0
1-batch-128x16384
789.0
1-batch-1024x8192
4732.0
1-batch-64x64
10.0
1-batch-128x128
11.0
1-batch-16384x8192
74469.0
1-batch-64x512
17.0
1-batch-32x4096
84.0
1-batch-64x16384
797.0
1-batch-16384x32
75.0
1-batch-64x1024
26.0
1-batch-4096x16384
37270.0
1-batch-64x4096
84.0
1-batch-256x16384
2457.0
1-batch-4096x8192
18624.0
1-batch-16384x2048
18641.0
1-batch-1024x1024
145.0
1-batch-32x32
10.0
1-batch-256x2048
80.0
1-batch-1024x16384
9490.0
1-batch-64x128
11.0
1-batch-4096x512
556.0
1-batch-16384x4096
37259.0
1-batch-32x16384
797.0
1-batch-2048x2048
2355.0
1-batch-32x512
18.0
1-batch-256x128
13.0
1-batch-64x32
10.0
1-batch-256x8192
655.0
1-batch-16384x64
142.0
1-batch-128x32
9.0
1-batch-1024x4096
2377.0
1-batch-1024x256
43.0
1-batch-512x64
13.0
1-batch-256x4096
150.0
1-batch-64x256
13.0
1-batch-512x4096
587.0
1-batch-128x256
13.0
1-batch-16384x128
656.0
1-batch-256x64
11.0
1-batch-512x512
44.0
1-batch-64x2048
47.0
1-batch-32x1024
26.0
1-batch-256x256
17.0
1-batch-128x1024
26.0
1-batch-1024x512
78.0
1-batch-128x8192
157.0
1-batch-2048x512
143.0
1-batch-128x4096
83.0
1-batch-256x512
25.0
1-batch-8192x2048
9330.0
1-batch-8192x256
590.0
1-batch-2048x32
16.0
1-batch-512x2048
147.0
1-batch-1024x32
13.0
1-batch-4096x4096
9333.0
1-batch-2048x1024
552.0
1-batch-1024x64
16.0
1-batch-512x32
11.0
1-batch-4096x32
24.0
1-batch-16384x16384
148908.0
1-batch-8192x8192
37239.0
1-batch-1024x128
24.0
1-batch-32x256
14.0
1-batch-256x1024
44.0
1-batch-128x64
9.0
1-batch-4096x2048
4677.0
1-batch-32x64
10.0
1-batch-4096x64
43.0
1-batch-2048x64
25.0
