1-batch-64x8192
5605.0
1-batch-8192x512
33675.0
1-batch-2048x256
4245.0
1-batch-256x32
96.0
1-batch-128x2048
2450.0
1-batch-4096x1024
33661.0
1-batch-8192x1024
67330.0
1-batch-8192x4096
267968.0
1-batch-512x128
596.0
1-batch-8192x128
8560.0
1-batch-8192x64
4438.0
1-batch-512x256
1124.0
1-batch-2048x128
2178.0
1-batch-128x512
652.0
1-batch-2048x4096
67059.0
1-batch-8192x32
2364.0
1-batch-4096x128
4289.0
1-batch-2048x8192
133748.0
1-batch-32x128
73.0
1-batch-512x1024
4312.0
1-batch-32x8192
3673.0
1-batch-512x8192
34345.0
1-batch-32x2048
947.0
1-batch-4096x256
8446.0
1-batch-1024x2048
16788.0
1-batch-1024x8192
67328.0
1-batch-64x64
60.0
1-batch-128x128
178.0
1-batch-64x512
384.0
1-batch-32x4096
1849.0
1-batch-64x1024
742.0
1-batch-64x4096
2820.0
1-batch-4096x8192
268659.0
1-batch-1024x1024
8418.0
1-batch-32x32
27.0
1-batch-256x2048
4516.0
1-batch-64x128
107.0
1-batch-4096x512
16723.0
1-batch-2048x2048
33464.0
1-batch-32x512
251.0
1-batch-256x128
320.0
1-batch-64x32
37.0
1-batch-256x8192
17854.0
1-batch-128x32
56.0
1-batch-1024x4096
33656.0
1-batch-1024x256
2155.0
1-batch-512x64
317.0
1-batch-256x4096
8938.0
1-batch-64x256
199.0
1-batch-512x4096
17105.0
1-batch-128x256
339.0
1-batch-256x64
171.0
1-batch-512x512
2185.0
1-batch-64x2048
1434.0
1-batch-32x1024
489.0
1-batch-256x256
610.0
1-batch-128x1024
1251.0
1-batch-1024x512
4238.0
1-batch-128x8192
9710.0
1-batch-2048x512
8401.0
1-batch-128x4096
4869.0
1-batch-256x512
1164.0
1-batch-8192x2048
134149.0
1-batch-8192x256
16803.0
1-batch-2048x32
630.0
1-batch-512x2048
8571.0
1-batch-1024x32
329.0
1-batch-4096x4096
134456.0
1-batch-2048x1024
16694.0
1-batch-1024x64
600.0
1-batch-512x32
173.0
1-batch-4096x32
1208.0
1-batch-8192x8192
535485.0
1-batch-1024x128
1118.0
1-batch-32x256
132.0
1-batch-256x1024
2273.0
1-batch-128x64
97.0
1-batch-4096x2048
67410.0
1-batch-32x64
43.0
1-batch-4096x64
2233.0
1-batch-2048x64
1145.0
