1-batch-64x8192
302.0
1-batch-8192x512
1362.0
1-batch-2048x256
197.0
1-batch-256x32
22.0
1-batch-128x2048
105.0
1-batch-4096x1024
1368.0
1-batch-8192x1024
2693.0
1-batch-8192x4096
10699.0
1-batch-512x128
30.0
1-batch-8192x128
362.0
1-batch-8192x64
196.0
1-batch-512x256
40.0
1-batch-2048x128
81.0
1-batch-128x512
33.0
1-batch-2048x4096
2760.0
1-batch-8192x32
92.0
1-batch-4096x128
195.0
1-batch-2048x8192
5494.0
1-batch-32x128
22.0
1-batch-512x1024
212.0
1-batch-32x8192
221.0
1-batch-512x8192
1506.0
1-batch-32x2048
47.0
1-batch-4096x256
363.0
1-batch-1024x2048
731.0
1-batch-1024x8192
2837.0
1-batch-64x64
21.0
1-batch-128x128
24.0
1-batch-64x512
29.0
1-batch-32x4096
84.0
1-batch-64x1024
38.0
1-batch-64x4096
133.0
1-batch-4096x8192
10786.0
1-batch-1024x1024
378.0
1-batch-32x32
20.0
1-batch-256x2048
227.0
1-batch-64x128
22.0
1-batch-4096x512
700.0
1-batch-2048x2048
1393.0
1-batch-32x512
27.0
1-batch-256x128
26.0
1-batch-64x32
21.0
1-batch-256x8192
826.0
1-batch-128x32
21.0
1-batch-1024x4096
1433.0
1-batch-1024x256
81.0
1-batch-512x64
26.0
1-batch-256x4096
429.0
1-batch-64x256
25.0
1-batch-512x4096
767.0
1-batch-128x256
27.0
1-batch-256x64
23.0
1-batch-512x512
86.0
1-batch-64x2048
60.0
1-batch-32x1024
34.0
1-batch-256x256
30.0
1-batch-128x1024
48.0
1-batch-1024x512
204.0
1-batch-128x8192
480.0
1-batch-2048x512
371.0
1-batch-128x4096
252.0
1-batch-256x512
43.0
1-batch-8192x2048
5362.0
1-batch-8192x256
695.0
1-batch-2048x32
29.0
1-batch-512x2048
397.0
1-batch-1024x32
25.0
1-batch-4096x4096
5405.0
1-batch-2048x1024
712.0
1-batch-1024x64
29.0
1-batch-512x32
23.0
1-batch-4096x32
39.0
1-batch-8192x8192
21369.0
1-batch-1024x128
39.0
1-batch-32x256
24.0
1-batch-256x1024
91.0
1-batch-128x64
22.0
1-batch-4096x2048
2708.0
1-batch-32x64
21.0
1-batch-4096x64
80.0
1-batch-2048x64
39.0
