STARTING!
Duplicate flags: num_threads
Log parameter values verbosely: [0]
Min num runs: [200]
Min runs duration (seconds): [1e-09]
Num threads: [1]
Use caching: [1]
Min warmup runs: [2]
Min warmup runs duration (seconds): [1e-09]
Graph: [/home/pi/Desktop/run-single-mul-multibatch/models/f32f32/model-512-batch-256x512.tflite]
Enable op profiling: [1]
#threads used for CPU inference: [1]
Use xnnpack: [0]
Loaded model /home/pi/Desktop/run-single-mul-multibatch/models/f32f32/model-512-batch-256x512.tflite
INFO: Initialized TensorFlow Lite runtime.
NOT Applying FC Low-Precision for Kernel shape (256, 512, ), Input shape (512, 256, ), Output shape (512, 512, ), ID: 0, Method: NoOptimization
The input model file size (MB): 0.525212
Initialized session in 1.839ms.
Running benchmark for at least 2 iterations and at least 1e-09 seconds but terminate if exceeding 150 seconds.
count=2 first=21774 curr=17258 min=17258 max=21774 avg=19516 std=2258

Running benchmark for at least 200 iterations and at least 1e-09 seconds but terminate if exceeding 150 seconds.
count=200 first=15433 curr=14948 min=14833 max=15433 avg=15051.3 std=98

Inference timings in us: Init: 1839, First inference: 21774, Warmup (avg): 19516, Inference (avg): 15051.3
Note: as the benchmark tool itself affects memory footprint, the following is only APPROXIMATE to the actual memory footprint of the model at runtime. Take the information at your discretion.
Memory footprint delta from the start of the tool (MB): init=4.17969 overall=8.14844
Profiling Info for Benchmark Initialization:
============================== Run Order ==============================
	             [node type]	          [start]	  [first]	 [avg ms]	     [%]	  [cdf%]	  [mem KB]	[times called]	[Name]
	         AllocateTensors	            0.000	    0.335	    0.335	100.000%	100.000%	     0.000	        1	AllocateTensors/0

============================== Top by Computation Time ==============================
	             [node type]	          [start]	  [first]	 [avg ms]	     [%]	  [cdf%]	  [mem KB]	[times called]	[Name]
	         AllocateTensors	            0.000	    0.335	    0.335	100.000%	100.000%	     0.000	        1	AllocateTensors/0

Number of nodes executed: 1
============================== Summary by node type ==============================
	             [Node type]	  [count]	  [avg ms]	    [avg %]	    [cdf %]	  [mem KB]	[times called]
	         AllocateTensors	        1	     0.335	   100.000%	   100.000%	     0.000	        1

Timings (microseconds): count=1 curr=335
Memory (bytes): count=0
1 nodes observed



Operator-wise Profiling Info for Regular Benchmark Runs:
============================== Run Order ==============================
	             [node type]	          [start]	  [first]	 [avg ms]	     [%]	  [cdf%]	  [mem KB]	[times called]	[Name]
	         FULLY_CONNECTED	            0.014	   15.362	   15.009	100.000%	100.000%	     0.000	        1	[StatefulPartitionedCall:0]:0

============================== Top by Computation Time ==============================
	             [node type]	          [start]	  [first]	 [avg ms]	     [%]	  [cdf%]	  [mem KB]	[times called]	[Name]
	         FULLY_CONNECTED	            0.014	   15.362	   15.009	100.000%	100.000%	     0.000	        1	[StatefulPartitionedCall:0]:0

Number of nodes executed: 1
============================== Summary by node type ==============================
	             [Node type]	  [count]	  [avg ms]	    [avg %]	    [cdf %]	  [mem KB]	[times called]
	         FULLY_CONNECTED	        1	    15.008	   100.000%	   100.000%	     0.000	        1

Timings (microseconds): count=200 first=15362 curr=14910 min=14795 max=15362 avg=15008.7 std=97
Memory (bytes): count=0
1 nodes observed



[ perf record: Woken up 10 times to write data ]
[ perf record: Captured and wrote 2.367 MB /tmp/data.record (12627 samples) ]

4.588

