1-batch-64x8192
4741.0
1-batch-8192x512
26481.0
1-batch-2048x256
3213.0
1-batch-256x32
80.0
1-batch-128x2048
1795.0
1-batch-4096x1024
25198.0
1-batch-8192x1024
52375.0
1-batch-8192x4096
207643.0
1-batch-512x128
436.0
1-batch-8192x128
6963.0
1-batch-8192x64
3647.0
1-batch-512x256
807.0
1-batch-2048x128
1606.0
1-batch-128x512
481.0
1-batch-2048x4096
50158.0
1-batch-8192x32
1943.0
1-batch-4096x128
3317.0
1-batch-2048x8192
100159.0
1-batch-32x128
61.0
1-batch-512x1024
3183.0
1-batch-32x8192
3110.0
1-batch-512x8192
25666.0
1-batch-32x2048
740.0
1-batch-4096x256
6496.0
1-batch-1024x2048
12682.0
1-batch-1024x8192
50486.0
1-batch-64x64
51.0
1-batch-128x128
137.0
1-batch-64x512
298.0
1-batch-32x4096
1506.0
1-batch-64x1024
565.0
1-batch-64x4096
2212.0
1-batch-4096x8192
199640.0
1-batch-1024x1024
6380.0
1-batch-32x32
26.0
1-batch-256x2048
3381.0
1-batch-64x128
86.0
1-batch-4096x512
12719.0
1-batch-2048x2048
25140.0
1-batch-32x512
201.0
1-batch-256x128
238.0
1-batch-64x32
34.0
1-batch-256x8192
13763.0
1-batch-128x32
49.0
1-batch-1024x4096
25324.0
1-batch-1024x256
1556.0
1-batch-512x64
242.0
1-batch-256x4096
6902.0
1-batch-64x256
157.0
1-batch-512x4096
12873.0
1-batch-128x256
255.0
1-batch-256x64
133.0
1-batch-512x512
1548.0
1-batch-64x2048
1092.0
1-batch-32x1024
389.0
1-batch-256x256
443.0
1-batch-128x1024
919.0
1-batch-1024x512
3166.0
1-batch-128x8192
7767.0
1-batch-2048x512
6397.0
1-batch-128x4096
3882.0
1-batch-256x512
837.0
1-batch-8192x2048
104095.0
1-batch-8192x256
13455.0
1-batch-2048x32
516.0
1-batch-512x2048
6449.0
1-batch-1024x32
272.0
1-batch-4096x4096
99954.0
1-batch-2048x1024
12647.0
1-batch-1024x64
459.0
1-batch-512x32
143.0
1-batch-4096x32
991.0
1-batch-8192x8192
415700.0
1-batch-1024x128
826.0
1-batch-32x256
108.0
1-batch-256x1024
1624.0
1-batch-128x64
79.0
1-batch-4096x2048
50097.0
1-batch-32x64
38.0
1-batch-4096x64
1716.0
1-batch-2048x64
878.0
