STARTING!
Duplicate flags: num_threads
Log parameter values verbosely: [0]
Min num runs: [200]
Min runs duration (seconds): [1e-09]
Num threads: [1]
Use caching: [1]
Min warmup runs: [2]
Min warmup runs duration (seconds): [1e-09]
Graph: [/home/pi/Desktop/run-single-mul-multibatch/models/f32i8/model-256-batch-4096x256.tflite]
Enable op profiling: [1]
#threads used for CPU inference: [1]
Use xnnpack: [0]
Loaded model /home/pi/Desktop/run-single-mul-multibatch/models/f32i8/model-256-batch-4096x256.tflite
INFO: Initialized TensorFlow Lite runtime.
Applying FC Low-Precision for Kernel shape (4096, 256, ), Input shape (256, 4096, ), Output shape (256, 256, ), ID: 0, Method: BarrelShiftMulW8A8
	Allocating Filter Shape: (4096, 256, ) DONE
	Preparing Filter With Shape: (4096, 256, ) DONE
	Allocating An Input Temporary Tensor With Shape: (256, 4096, ) DONE
The input model file size (MB): 1.04958
Initialized session in 7.948ms.
Running benchmark for at least 2 iterations and at least 1e-09 seconds but terminate if exceeding 150 seconds.
count=2 first=40864 curr=34150 min=34150 max=40864 avg=37507 std=3357

Running benchmark for at least 200 iterations and at least 1e-09 seconds but terminate if exceeding 150 seconds.
count=200 first=34195 curr=33901 min=33877 max=40533 avg=34557 std=865

Inference timings in us: Init: 7948, First inference: 40864, Warmup (avg): 37507, Inference (avg): 34557
Note: as the benchmark tool itself affects memory footprint, the following is only APPROXIMATE to the actual memory footprint of the model at runtime. Take the information at your discretion.
Memory footprint delta from the start of the tool (MB): init=6.20312 overall=17.0898
Profiling Info for Benchmark Initialization:
============================== Run Order ==============================
	             [node type]	          [start]	  [first]	 [avg ms]	     [%]	  [cdf%]	  [mem KB]	[times called]	[Name]
	         AllocateTensors	            0.000	    6.532	    6.532	100.000%	100.000%	  2136.000	        1	AllocateTensors/0

============================== Top by Computation Time ==============================
	             [node type]	          [start]	  [first]	 [avg ms]	     [%]	  [cdf%]	  [mem KB]	[times called]	[Name]
	         AllocateTensors	            0.000	    6.532	    6.532	100.000%	100.000%	  2136.000	        1	AllocateTensors/0

Number of nodes executed: 1
============================== Summary by node type ==============================
	             [Node type]	  [count]	  [avg ms]	    [avg %]	    [cdf %]	  [mem KB]	[times called]
	         AllocateTensors	        1	     6.532	   100.000%	   100.000%	  2136.000	        1

Timings (microseconds): count=1 curr=6532
Memory (bytes): count=0
1 nodes observed



Operator-wise Profiling Info for Regular Benchmark Runs:
============================== Run Order ==============================
	             [node type]	          [start]	  [first]	 [avg ms]	     [%]	  [cdf%]	  [mem KB]	[times called]	[Name]
	         FULLY_CONNECTED	            0.024	   34.140	   34.506	100.000%	100.000%	     0.000	        1	[StatefulPartitionedCall:0]:0

============================== Top by Computation Time ==============================
	             [node type]	          [start]	  [first]	 [avg ms]	     [%]	  [cdf%]	  [mem KB]	[times called]	[Name]
	         FULLY_CONNECTED	            0.024	   34.140	   34.506	100.000%	100.000%	     0.000	        1	[StatefulPartitionedCall:0]:0

Number of nodes executed: 1
============================== Summary by node type ==============================
	             [Node type]	  [count]	  [avg ms]	    [avg %]	    [cdf %]	  [mem KB]	[times called]
	         FULLY_CONNECTED	        1	    34.505	   100.000%	   100.000%	     0.000	        1

Timings (microseconds): count=200 first=34140 curr=33852 min=33825 max=40491 avg=34505.5 std=865
Memory (bytes): count=0
1 nodes observed



[ perf record: Woken up 23 times to write data ]
[ perf record: Captured and wrote 5.622 MB /tmp/data.record (29808 samples) ]

8.593

