1-batch-64x8192
64.0
1-batch-8192x512
1849.0
1-batch-2048x256
49.0
1-batch-256x32
4.0
1-batch-128x2048
29.0
1-batch-4096x1024
1853.0
1-batch-8192x1024
3690.0
1-batch-8192x4096
14735.0
1-batch-512x128
8.0
1-batch-8192x128
244.0
1-batch-8192x64
49.0
1-batch-512x256
15.0
1-batch-2048x128
26.0
1-batch-128x512
9.0
1-batch-2048x4096
3713.0
1-batch-8192x32
26.0
1-batch-4096x128
49.0
1-batch-2048x8192
7414.0
1-batch-32x128
3.0
1-batch-512x1024
50.0
1-batch-32x8192
43.0
1-batch-512x8192
1900.0
1-batch-32x2048
12.0
1-batch-4096x256
238.0
1-batch-1024x2048
942.0
1-batch-1024x8192
3736.0
1-batch-64x64
3.0
1-batch-128x128
4.0
1-batch-64x512
6.0
1-batch-32x4096
22.0
1-batch-64x1024
10.0
1-batch-64x4096
34.0
1-batch-4096x8192
14766.0
1-batch-1024x1024
240.0
1-batch-32x32
2.0
1-batch-256x2048
53.0
1-batch-64x128
4.0
1-batch-4096x512
930.0
1-batch-2048x2048
1861.0
1-batch-32x512
5.0
1-batch-256x128
6.0
1-batch-64x32
3.0
1-batch-256x8192
985.0
1-batch-128x32
4.0
1-batch-1024x4096
1873.0
1-batch-1024x256
26.0
1-batch-512x64
6.0
1-batch-256x4096
278.0
1-batch-64x256
5.0
1-batch-512x4096
955.0
1-batch-128x256
6.0
1-batch-256x64
4.0
1-batch-512x512
26.0
1-batch-64x2048
18.0
1-batch-32x1024
8.0
1-batch-256x256
9.0
1-batch-128x1024
16.0
1-batch-1024x512
50.0
1-batch-128x8192
341.0
1-batch-2048x512
233.0
1-batch-128x4096
56.0
1-batch-256x512
15.0
1-batch-8192x2048
7371.0
1-batch-8192x256
928.0
1-batch-2048x32
9.0
1-batch-512x2048
255.0
1-batch-1024x32
5.0
1-batch-4096x4096
7383.0
1-batch-2048x1024
935.0
1-batch-1024x64
9.0
1-batch-512x32
4.0
1-batch-4096x32
14.0
1-batch-8192x8192
29463.0
1-batch-1024x128
15.0
1-batch-32x256
3.0
1-batch-256x1024
28.0
1-batch-128x64
4.0
1-batch-4096x2048
3698.0
1-batch-32x64
3.0
1-batch-4096x64
26.0
1-batch-2048x64
15.0
