STARTING!
Duplicate flags: num_threads
Log parameter values verbosely: [0]
Min num runs: [200]
Min runs duration (seconds): [1e-09]
Num threads: [1]
Use caching: [1]
Min warmup runs: [2]
Min warmup runs duration (seconds): [1e-09]
Graph: [/home/pi/Desktop/run-single-mul-multibatch/models/f32f32/model-16-batch-1024x64.tflite]
Enable op profiling: [1]
#threads used for CPU inference: [1]
Use xnnpack: [0]
Loaded model /home/pi/Desktop/run-single-mul-multibatch/models/f32f32/model-16-batch-1024x64.tflite
INFO: Initialized TensorFlow Lite runtime.
NOT Applying FC Low-Precision for Kernel shape (1024, 64, ), Input shape (16, 1024, ), Output shape (16, 64, ), ID: 0, Method: NoOptimization
The input model file size (MB): 0.263068
Initialized session in 5.337ms.
Running benchmark for at least 2 iterations and at least 1e-09 seconds but terminate if exceeding 150 seconds.
count=2 first=3109 curr=1134 min=1134 max=3109 avg=2121.5 std=987

Running benchmark for at least 200 iterations and at least 1e-09 seconds but terminate if exceeding 150 seconds.
count=200 first=596 curr=540 min=446 max=798 avg=541.675 std=73

Inference timings in us: Init: 5337, First inference: 3109, Warmup (avg): 2121.5, Inference (avg): 541.675
Note: as the benchmark tool itself affects memory footprint, the following is only APPROXIMATE to the actual memory footprint of the model at runtime. Take the information at your discretion.
Memory footprint delta from the start of the tool (MB): init=4.15625 overall=5.05859
Profiling Info for Benchmark Initialization:
============================== Run Order ==============================
	             [node type]	          [start]	  [first]	 [avg ms]	     [%]	  [cdf%]	  [mem KB]	[times called]	[Name]
	         AllocateTensors	            0.000	    2.492	    2.492	100.000%	100.000%	     0.000	        1	AllocateTensors/0

============================== Top by Computation Time ==============================
	             [node type]	          [start]	  [first]	 [avg ms]	     [%]	  [cdf%]	  [mem KB]	[times called]	[Name]
	         AllocateTensors	            0.000	    2.492	    2.492	100.000%	100.000%	     0.000	        1	AllocateTensors/0

Number of nodes executed: 1
============================== Summary by node type ==============================
	             [Node type]	  [count]	  [avg ms]	    [avg %]	    [cdf %]	  [mem KB]	[times called]
	         AllocateTensors	        1	     2.492	   100.000%	   100.000%	     0.000	        1

Timings (microseconds): count=1 curr=2492
Memory (bytes): count=0
1 nodes observed



Operator-wise Profiling Info for Regular Benchmark Runs:
============================== Run Order ==============================
	             [node type]	          [start]	  [first]	 [avg ms]	     [%]	  [cdf%]	  [mem KB]	[times called]	[Name]
	         FULLY_CONNECTED	            0.010	    0.550	    0.511	100.000%	100.000%	     0.000	        1	[StatefulPartitionedCall:0]:0

============================== Top by Computation Time ==============================
	             [node type]	          [start]	  [first]	 [avg ms]	     [%]	  [cdf%]	  [mem KB]	[times called]	[Name]
	         FULLY_CONNECTED	            0.010	    0.550	    0.511	100.000%	100.000%	     0.000	        1	[StatefulPartitionedCall:0]:0

Number of nodes executed: 1
============================== Summary by node type ==============================
	             [Node type]	  [count]	  [avg ms]	    [avg %]	    [cdf %]	  [mem KB]	[times called]
	         FULLY_CONNECTED	        1	     0.510	   100.000%	   100.000%	     0.000	        1

Timings (microseconds): count=200 first=550 curr=513 min=419 max=754 avg=510.97 std=70
Memory (bytes): count=0
1 nodes observed



[ perf record: Woken up 1 times to write data ]
[ perf record: Captured and wrote 0.102 MB /tmp/data.record (568 samples) ]

1.560

