1-batch-8192x512
2039.4
1-batch-128x2048
79.6
1-batch-8192x4096
16067.6
1-batch-512x128
14.4
1-batch-8192x128
125.8
1-batch-2048x128
37.2
1-batch-128x512
23.6
1-batch-2048x4096
4127.0
1-batch-8192x32
43.8
1-batch-4096x128
66.8
1-batch-2048x8192
8246.0
1-batch-32x128
9.0
1-batch-32x8192
223.8
1-batch-512x8192
2254.6
1-batch-32x2048
59.0
1-batch-128x128
9.8
1-batch-32x4096
113.0
1-batch-4096x8192
16161.8
1-batch-32x32
5.2
1-batch-4096x512
475.2
1-batch-2048x2048
2070.8
1-batch-32x512
19.2
1-batch-128x32
6.2
1-batch-512x4096
550.4
1-batch-512x512
42.0
1-batch-128x8192
299.6
1-batch-2048x512
126.2
1-batch-128x4096
155.2
1-batch-8192x2048
8049.4
1-batch-2048x32
15.0
1-batch-512x2048
151.2
1-batch-4096x4096
8100.8
1-batch-512x32
8.0
1-batch-4096x32
24.2
1-batch-8192x8192
32073.8
1-batch-4096x2048
4059.4
