16-batch-2048x64
242.2
16-batch-64x32
21.0
16-batch-32x128
56.4
16-batch-512x128
143.6
16-batch-64x128
61.4
16-batch-2048x128
430.4
16-batch-128x64
41.2
16-batch-32x2048
796.4
16-batch-512x2048
3868.8
16-batch-64x512
217.0
16-batch-32x512
199.6
16-batch-2048x2048
24129.6
16-batch-64x2048
845.2
16-batch-512x512
518.0
16-batch-64x64
34.6
16-batch-512x64
80.2
16-batch-2048x512
3182.2
16-batch-128x32
24.8
16-batch-128x2048
1001.2
16-batch-128x512
255.0
16-batch-32x32
19.2
16-batch-32x64
31.2
16-batch-128x128
70.2
16-batch-512x32
49.4
16-batch-2048x32
147.6
