STARTING!
Duplicate flags: num_threads
Log parameter values verbosely: [0]
Min num runs: [200]
Min runs duration (seconds): [1e-09]
Num threads: [1]
Use caching: [1]
Min warmup runs: [2]
Min warmup runs duration (seconds): [1e-09]
Graph: [/home/pi/Desktop/run-single-mul-multibatch/models/f32i8/model-256-batch-256x1024.tflite]
Enable op profiling: [1]
#threads used for CPU inference: [1]
Use xnnpack: [0]
Loaded model /home/pi/Desktop/run-single-mul-multibatch/models/f32i8/model-256-batch-256x1024.tflite
INFO: Initialized TensorFlow Lite runtime.
Applying FC Low-Precision for Kernel shape (256, 1024, ), Input shape (256, 256, ), Output shape (256, 1024, ), ID: 0, Method: SelfDependentW4A4
	Allocating Filter Shape: (128, 1024, ) DONE
	Preparing Filter With Shape: (256, 1024, ) DONE
	Allocating An Input Temporary Tensor With Shape: (256, 128, ) DONE
The input model file size (MB): 0.263152
Initialized session in 4.056ms.
Running benchmark for at least 2 iterations and at least 1e-09 seconds but terminate if exceeding 150 seconds.
count=2 first=16162 curr=11670 min=11670 max=16162 avg=13916 std=2246

Running benchmark for at least 200 iterations and at least 1e-09 seconds but terminate if exceeding 150 seconds.
count=200 first=11639 curr=11615 min=11493 max=11892 avg=11715.2 std=67

Inference timings in us: Init: 4056, First inference: 16162, Warmup (avg): 13916, Inference (avg): 11715.2
Note: as the benchmark tool itself affects memory footprint, the following is only APPROXIMATE to the actual memory footprint of the model at runtime. Take the information at your discretion.
Memory footprint delta from the start of the tool (MB): init=4.72266 overall=7.57422
Profiling Info for Benchmark Initialization:
============================== Run Order ==============================
	             [node type]	          [start]	  [first]	 [avg ms]	     [%]	  [cdf%]	  [mem KB]	[times called]	[Name]
	         AllocateTensors	            0.000	    2.520	    2.520	100.000%	100.000%	   564.000	        1	AllocateTensors/0

============================== Top by Computation Time ==============================
	             [node type]	          [start]	  [first]	 [avg ms]	     [%]	  [cdf%]	  [mem KB]	[times called]	[Name]
	         AllocateTensors	            0.000	    2.520	    2.520	100.000%	100.000%	   564.000	        1	AllocateTensors/0

Number of nodes executed: 1
============================== Summary by node type ==============================
	             [Node type]	  [count]	  [avg ms]	    [avg %]	    [cdf %]	  [mem KB]	[times called]
	         AllocateTensors	        1	     2.520	   100.000%	   100.000%	   564.000	        1

Timings (microseconds): count=1 curr=2520
Memory (bytes): count=0
1 nodes observed



Operator-wise Profiling Info for Regular Benchmark Runs:
============================== Run Order ==============================
	             [node type]	          [start]	  [first]	 [avg ms]	     [%]	  [cdf%]	  [mem KB]	[times called]	[Name]
	         FULLY_CONNECTED	            0.011	   11.595	   11.672	100.000%	100.000%	     0.000	        1	[StatefulPartitionedCall:0]:0

============================== Top by Computation Time ==============================
	             [node type]	          [start]	  [first]	 [avg ms]	     [%]	  [cdf%]	  [mem KB]	[times called]	[Name]
	         FULLY_CONNECTED	            0.011	   11.595	   11.672	100.000%	100.000%	     0.000	        1	[StatefulPartitionedCall:0]:0

Number of nodes executed: 1
============================== Summary by node type ==============================
	             [Node type]	  [count]	  [avg ms]	    [avg %]	    [cdf %]	  [mem KB]	[times called]
	         FULLY_CONNECTED	        1	    11.671	   100.000%	   100.000%	     0.000	        1

Timings (microseconds): count=200 first=11595 curr=11575 min=11461 max=11853 avg=11672 std=66
Memory (bytes): count=0
1 nodes observed



[ perf record: Woken up 7 times to write data ]
[ perf record: Captured and wrote 1.727 MB /tmp/data.record (9838 samples) ]

3.606

