16-batch-64x8192
3357.0
16-batch-2048x8192
46380.0
16-batch-2048x64
313.0
16-batch-128x1024
566.0
16-batch-8192x2048
45907.0
16-batch-1024x4096
12298.0
16-batch-128x4096
2207.0
16-batch-4096x2048
22506.0
16-batch-2048x1024
5804.0
16-batch-128x256
155.0
16-batch-1024x32
102.0
16-batch-2048x256
1139.0
16-batch-64x32
21.0
16-batch-32x128
31.0
16-batch-64x4096
1679.0
16-batch-512x128
188.0
16-batch-64x128
42.0
16-batch-2048x128
584.0
16-batch-8192x8192
183813.0
16-batch-64x1024
434.0
16-batch-128x64
38.0
16-batch-4096x32
325.0
16-batch-32x2048
722.0
16-batch-512x256
352.0
16-batch-64x256
123.0
16-batch-1024x256
610.0
16-batch-512x2048
3259.0
16-batch-8192x512
11589.0
16-batch-64x512
228.0
16-batch-32x512
194.0
16-batch-8192x128
2958.0
16-batch-4096x512
5634.0
16-batch-2048x2048
11568.0
16-batch-4096x1024
11260.0
16-batch-64x2048
850.0
16-batch-1024x1024
3021.0
16-batch-256x2048
1637.0
16-batch-512x512
679.0
16-batch-8192x1024
23061.0
16-batch-1024x128
320.0
16-batch-8192x64
1256.0
16-batch-256x256
223.0
16-batch-64x64
26.0
16-batch-4096x8192
90477.0
16-batch-1024x8192
24532.0
16-batch-2048x4096
23066.0
16-batch-8192x256
5841.0
16-batch-512x64
107.0
16-batch-4096x4096
45278.0
16-batch-256x1024
824.0
16-batch-4096x128
1137.0
16-batch-128x8192
5101.0
16-batch-2048x512
2894.0
16-batch-256x4096
3856.0
16-batch-32x256
51.0
16-batch-1024x2048
6114.0
16-batch-256x32
37.0
16-batch-256x8192
7977.0
16-batch-256x64
72.0
16-batch-128x32
24.0
16-batch-128x2048
1111.0
16-batch-128x512
292.0
16-batch-8192x4096
90547.0
16-batch-256x512
424.0
16-batch-1024x64
175.0
16-batch-32x4096
1426.0
16-batch-512x4096
6824.0
16-batch-512x1024
1342.0
16-batch-4096x256
2841.0
16-batch-32x32
20.0
16-batch-1024x512
1197.0
16-batch-32x64
23.0
16-batch-128x128
88.0
16-batch-512x32
65.0
16-batch-512x8192
13542.0
16-batch-256x128
123.0
16-batch-32x1024
367.0
16-batch-8192x32
644.0
16-batch-32x8192
2832.0
16-batch-2048x32
177.0
16-batch-4096x64
588.0
