1-batch-8192x512
938.2
1-batch-128x2048
79.2
1-batch-8192x4096
12904.0
1-batch-512x128
14.8
1-batch-8192x128
133.2
1-batch-2048x128
39.2
1-batch-128x512
23.8
1-batch-2048x4096
3331.2
1-batch-8192x32
45.4
1-batch-4096x128
70.6
1-batch-2048x8192
6697.8
1-batch-32x128
8.0
1-batch-32x8192
220.4
1-batch-512x8192
1119.8
1-batch-32x2048
58.4
1-batch-128x128
9.6
1-batch-32x4096
113.0
1-batch-4096x8192
13060.8
1-batch-32x32
5.6
1-batch-4096x512
250.4
1-batch-2048x2048
818.6
1-batch-32x512
18.4
1-batch-128x32
6.0
1-batch-512x4096
313.0
1-batch-512x512
43.8
1-batch-128x8192
306.2
1-batch-2048x512
133.4
1-batch-128x4096
158.4
1-batch-8192x2048
6464.2
1-batch-2048x32
15.2
1-batch-512x2048
158.4
1-batch-4096x4096
6531.0
1-batch-512x32
7.8
1-batch-4096x32
25.4
1-batch-8192x8192
25763.2
1-batch-4096x2048
3274.2
1-batch-32x32
5.6
