1-batch-8192x512
557.2
1-batch-128x2048
85.6
1-batch-8192x4096
12555.2
1-batch-512x128
16.2
1-batch-8192x128
151.4
1-batch-2048x128
44.2
1-batch-128x512
25.0
1-batch-2048x4096
1160.2
1-batch-8192x32
50.2
1-batch-4096x128
80.0
1-batch-2048x8192
3446.2
1-batch-32x128
9.8
1-batch-32x8192
255.4
1-batch-512x8192
688.4
1-batch-32x2048
67.4
1-batch-128x128
10.2
1-batch-32x4096
129.2
1-batch-4096x8192
12680.6
1-batch-32x32
6.2
1-batch-4096x512
287.2
1-batch-2048x2048
584.6
1-batch-32x512
20.8
1-batch-128x32
6.6
1-batch-512x4096
346.8
1-batch-512x512
48.0
1-batch-128x8192
319.2
1-batch-2048x512
151.8
1-batch-128x4096
161.4
1-batch-8192x2048
3104.4
1-batch-2048x32
16.8
1-batch-512x2048
176.2
1-batch-4096x4096
3033.2
1-batch-512x32
8.4
1-batch-4096x32
28.0
1-batch-8192x8192
25085.6
1-batch-4096x2048
1115.4
