STARTING!
Duplicate flags: num_threads
Log parameter values verbosely: [0]
Min num runs: [200]
Min runs duration (seconds): [1e-09]
Num threads: [1]
Use caching: [1]
Min warmup runs: [2]
Min warmup runs duration (seconds): [1e-09]
Graph: [/home/pi/Desktop/run-single-mul-multibatch/models/f32i8/model-512-batch-4096x4096.tflite]
Enable op profiling: [1]
#threads used for CPU inference: [1]
Use xnnpack: [0]
Loaded model /home/pi/Desktop/run-single-mul-multibatch/models/f32i8/model-512-batch-4096x4096.tflite
INFO: Initialized TensorFlow Lite runtime.
Applying FC Low-Precision for Kernel shape (4096, 4096, ), Input shape (512, 4096, ), Output shape (512, 4096, ), ID: 0, Method: SelfDependentW4A4
	Allocating Filter Shape: (2048, 4096, ) DONE
	Preparing Filter With Shape: (4096, 4096, ) DONE
	Allocating An Input Temporary Tensor With Shape: (512, 2048, ) DONE
The input model file size (MB): 16.7782
Initialized session in 467.425ms.
Running benchmark for at least 2 iterations and at least 1e-09 seconds but terminate if exceeding 150 seconds.
count=2 first=975915 curr=932590 min=932590 max=975915 avg=954252 std=21662

Running benchmark for at least 200 iterations and at least 1e-09 seconds but terminate if exceeding 150 seconds.
count=160 first=952565 curr=957199 min=928369 max=991186 avg=938147 std=13995

Inference timings in us: Init: 467425, First inference: 975915, Warmup (avg): 954252, Inference (avg): 938147
Note: as the benchmark tool itself affects memory footprint, the following is only APPROXIMATE to the actual memory footprint of the model at runtime. Take the information at your discretion.
Memory footprint delta from the start of the tool (MB): init=36.25 overall=62.5391
Profiling Info for Benchmark Initialization:
============================== Run Order ==============================
	             [node type]	          [start]	  [first]	 [avg ms]	     [%]	  [cdf%]	  [mem KB]	[times called]	[Name]
	         AllocateTensors	            0.000	  466.017	  466.017	100.000%	100.000%	 32844.000	        1	AllocateTensors/0

============================== Top by Computation Time ==============================
	             [node type]	          [start]	  [first]	 [avg ms]	     [%]	  [cdf%]	  [mem KB]	[times called]	[Name]
	         AllocateTensors	            0.000	  466.017	  466.017	100.000%	100.000%	 32844.000	        1	AllocateTensors/0

Number of nodes executed: 1
============================== Summary by node type ==============================
	             [Node type]	  [count]	  [avg ms]	    [avg %]	    [cdf %]	  [mem KB]	[times called]
	         AllocateTensors	        1	   466.017	   100.000%	   100.000%	 32844.000	        1

Timings (microseconds): count=1 curr=466017
Memory (bytes): count=0
1 nodes observed



Operator-wise Profiling Info for Regular Benchmark Runs:
============================== Run Order ==============================
	             [node type]	          [start]	  [first]	 [avg ms]	     [%]	  [cdf%]	  [mem KB]	[times called]	[Name]
	         FULLY_CONNECTED	            0.026	  952.513	  938.084	100.000%	100.000%	     0.000	        1	[StatefulPartitionedCall:0]:0

============================== Top by Computation Time ==============================
	             [node type]	          [start]	  [first]	 [avg ms]	     [%]	  [cdf%]	  [mem KB]	[times called]	[Name]
	         FULLY_CONNECTED	            0.026	  952.513	  938.084	100.000%	100.000%	     0.000	        1	[StatefulPartitionedCall:0]:0

Number of nodes executed: 1
============================== Summary by node type ==============================
	             [Node type]	  [count]	  [avg ms]	    [avg %]	    [cdf %]	  [mem KB]	[times called]
	         FULLY_CONNECTED	        1	   938.083	   100.000%	   100.000%	     0.000	        1

Timings (microseconds): count=160 first=952513 curr=957126 min=928298 max=991135 avg=938084 std=13995
Memory (bytes): count=0
1 nodes observed



[ perf record: Woken up 450 times to write data ]
Warning:
Processed 596553 events and lost 2 chunks!

Check IO/CPU overload!

[ perf record: Captured and wrote 112.785 MB /tmp/data.record (595526 samples) ]

154.886

