densenet201
13059.9
efficientnetv2l
7986.38
inceptionresnetv2
9740.14
inceptionv3
13272.2
mobilenetv2
7930.94
nasnetlarge
24385.8
regnety320
22673
resnet152
13156.3
resnet152v2
13086.3
vgg19
726780
xception
13327.9
densenet201
12749
efficientnetv2l
7902.61
inceptionresnetv2
9631.42
inceptionv3
13453
mobilenetv2
7870.47
nasnetlarge
24412
regnety320
22618.2
resnet152
13100.4
resnet152v2
13183.7
vgg19
725434
xception
13445
densenet201-21K
5074.49
densenet201
12805.7
efficientnetv2l-21K
3332.52
efficientnetv2l
7965.32
inceptionresnetv2-21K
3944.28
inceptionresnetv2
9899.93
inceptionv3-21K
5531.56
inceptionv3
13305.4
mobilenetv2-21K
3485.61
mobilenetv2
7855.89
nasnetlarge-21K
13667
nasnetlarge
24512.6
regnety320-21K
12216.8
regnety320
22490.9
resnet152-21K
5532.92
resnet152
13435.6
resnet152v2-21K
5603.46
resnet152v2
13093.3
vgg19-21K
717222
