1-batch-8192x512
672.2
1-batch-128x2048
86.2
1-batch-8192x4096
9227.2
1-batch-512x128
18.8
1-batch-8192x128
181.2
1-batch-2048x128
50.8
1-batch-128x512
25.8
1-batch-2048x4096
1957.2
1-batch-8192x32
57.2
1-batch-4096x128
94.2
1-batch-2048x8192
4782.8
1-batch-32x128
10.8
1-batch-32x8192
336.4
1-batch-512x8192
811.0
1-batch-32x2048
90.0
1-batch-128x128
10.4
1-batch-32x4096
176.8
1-batch-4096x8192
9334.4
1-batch-32x32
7.2
1-batch-4096x512
345.4
1-batch-2048x2048
695.2
1-batch-32x512
26.2
1-batch-128x32
6.2
1-batch-512x4096
408.4
1-batch-512x512
56.0
1-batch-128x8192
332.8
1-batch-2048x512
180.6
1-batch-128x4096
169.0
1-batch-8192x2048
4621.0
1-batch-2048x32
18.6
1-batch-512x2048
205.8
1-batch-4096x4096
4673.6
1-batch-512x32
9.0
1-batch-4096x32
31.4
1-batch-8192x8192
18415.8
1-batch-4096x2048
1852.4
