1-batch-8192x512
2377.4
1-batch-128x2048
84.8
1-batch-8192x4096
18779.8
1-batch-512x128
15.0
1-batch-8192x128
464.2
1-batch-2048x128
44.0
1-batch-128x512
23.8
1-batch-2048x4096
4791.8
1-batch-8192x32
50.4
1-batch-4096x128
80.2
1-batch-2048x8192
9566.0
1-batch-32x128
10.4
1-batch-32x8192
791.6
1-batch-512x8192
2624.8
1-batch-32x2048
86.4
1-batch-128x128
9.8
1-batch-32x4096
166.2
1-batch-4096x8192
18856.8
1-batch-32x32
6.4
1-batch-4096x512
1202.8
1-batch-2048x2048
2407.4
1-batch-32x512
24.8
1-batch-128x32
6.2
1-batch-512x4096
1303.6
1-batch-512x512
48.6
1-batch-128x8192
742.0
1-batch-2048x512
331.4
1-batch-128x4096
164.4
1-batch-8192x2048
9398.0
1-batch-2048x32
15.2
1-batch-512x2048
365.0
1-batch-4096x4096
9440.8
1-batch-512x32
8.2
1-batch-4096x32
27.4
1-batch-8192x8192
37514.4
1-batch-4096x2048
4733.0
