STARTING!
Duplicate flags: num_threads
Log parameter values verbosely: [0]
Min num runs: [20]
Min runs duration (seconds): [1e-09]
Num threads: [1]
Use caching: [1]
Min warmup runs: [2]
Min warmup runs duration (seconds): [1e-09]
Graph: [/home/pi/Desktop/run-CNNs/models/i8i8/RegNetY320.tflite]
Enable op profiling: [1]
#threads used for CPU inference: [1]
Use xnnpack: [0]
Loaded model /home/pi/Desktop/run-CNNs/models/i8i8/RegNetY320.tflite
ERROR: Didn't find op for builtin opcode 'CONV_2D' version '6'. An older version of this builtin might be supported. Are you using an old TFLite binary with a newer model?

ERROR: Registration failed.

Failed to initialize the interpreter
Benchmarking failed.
[ perf record: Woken up 1 times to write data ]
[ perf record: Captured and wrote 0.010 MB /tmp/data.record (60 samples) ]

1.676

