16-batch-64x8192
17030.0
16-batch-2048x8192
162722.0
16-batch-2048x64
1533.0
16-batch-128x1024
2744.0
16-batch-8192x2048
154932.0
16-batch-1024x4096
43371.0
16-batch-128x4096
10821.0
16-batch-4096x2048
79381.0
16-batch-2048x1024
20637.0
16-batch-128x256
725.0
16-batch-1024x32
498.0
16-batch-2048x256
5302.0
16-batch-64x32
92.0
16-batch-32x128
264.0
16-batch-64x4096
8548.0
16-batch-512x128
869.0
16-batch-64x128
305.0
16-batch-2048x128
2778.0
16-batch-8192x8192
616387.0
16-batch-64x1024
2171.0
16-batch-128x64
208.0
16-batch-4096x32
1728.0
16-batch-32x2048
3732.0
16-batch-512x256
1630.0
16-batch-64x256
576.0
16-batch-1024x256
2816.0
16-batch-512x2048
12349.0
16-batch-8192x512
39520.0
16-batch-64x512
1107.0
16-batch-32x512
959.0
16-batch-8192x128
10709.0
16-batch-4096x512
20352.0
16-batch-2048x2048
40942.0
16-batch-4096x1024
40191.0
16-batch-64x2048
4273.0
16-batch-1024x1024
10857.0
16-batch-256x2048
7736.0
16-batch-512x512
3142.0
16-batch-8192x1024
78012.0
16-batch-1024x128
1494.0
16-batch-8192x64
5852.0
16-batch-256x256
1035.0
16-batch-64x64
163.0
16-batch-4096x8192
315791.0
16-batch-1024x8192
86596.0
16-batch-2048x4096
81517.0
16-batch-8192x256
20291.0
16-batch-512x64
484.0
16-batch-4096x4096
158401.0
16-batch-256x1024
3886.0
16-batch-4096x128
5361.0
16-batch-128x8192
21642.0
16-batch-2048x512
10344.0
16-batch-256x4096
15456.0
16-batch-32x256
505.0
16-batch-1024x2048
21737.0
16-batch-256x32
173.0
16-batch-256x8192
31037.0
16-batch-256x64
300.0
16-batch-128x32
119.0
16-batch-128x2048
5449.0
16-batch-128x512
1403.0
16-batch-8192x4096
308744.0
16-batch-256x512
1983.0
16-batch-1024x64
829.0
16-batch-32x4096
7435.0
16-batch-512x4096
24813.0
16-batch-512x1024
6214.0
16-batch-4096x256
10216.0
16-batch-32x32
79.0
16-batch-1024x512
5502.0
16-batch-32x64
141.0
16-batch-128x128
388.0
16-batch-512x32
281.0
16-batch-512x8192
49493.0
16-batch-256x128
550.0
16-batch-32x1024
1874.0
16-batch-8192x32
3390.0
16-batch-32x8192
14820.0
16-batch-2048x32
913.0
16-batch-4096x64
2928.0
