16-batch-64x8192
4589.0
16-batch-2048x8192
108684.0
16-batch-2048x64
651.0
16-batch-128x1024
618.0
16-batch-8192x2048
124062.0
16-batch-1024x4096
26993.0
16-batch-128x4096
3902.0
16-batch-4096x2048
54842.0
16-batch-2048x1024
13541.0
16-batch-128x256
168.0
16-batch-1024x32
167.0
16-batch-2048x256
3408.0
16-batch-64x32
24.0
16-batch-32x128
47.0
16-batch-64x4096
2257.0
16-batch-512x128
279.0
16-batch-64x128
63.0
16-batch-2048x128
1787.0
16-batch-8192x8192
493906.0
16-batch-64x1024
376.0
16-batch-128x64
56.0
16-batch-4096x32
960.0
16-batch-32x2048
497.0
16-batch-512x256
539.0
16-batch-64x256
109.0
16-batch-1024x256
1709.0
16-batch-512x2048
6801.0
16-batch-8192x512
31716.0
16-batch-64x512
199.0
16-batch-32x512
139.0
16-batch-8192x128
8629.0
16-batch-4096x512
13702.0
16-batch-2048x2048
27246.0
16-batch-4096x1024
27327.0
16-batch-64x2048
742.0
16-batch-1024x1024
6757.0
16-batch-256x2048
3568.0
16-batch-512x512
1696.0
16-batch-8192x1024
62444.0
16-batch-1024x128
553.0
16-batch-8192x64
4773.0
16-batch-256x256
290.0
16-batch-64x64
41.0
16-batch-4096x8192
222998.0
16-batch-1024x8192
53956.0
16-batch-2048x4096
54378.0
16-batch-8192x256
16330.0
16-batch-512x64
156.0
16-batch-4096x4096
111492.0
16-batch-256x1024
1764.0
16-batch-4096x128
3538.0
16-batch-128x8192
7827.0
16-batch-2048x512
6799.0
16-batch-256x4096
7171.0
16-batch-32x256
79.0
16-batch-1024x2048
13505.0
16-batch-256x32
56.0
16-batch-256x8192
14358.0
16-batch-256x64
90.0
16-batch-128x32
39.0
16-batch-128x2048
1921.0
16-batch-128x512
315.0
16-batch-8192x4096
247365.0
16-batch-256x512
560.0
16-batch-1024x64
289.0
16-batch-32x4096
998.0
16-batch-512x4096
13593.0
16-batch-512x1024
3394.0
16-batch-4096x256
6934.0
16-batch-32x32
18.0
16-batch-1024x512
3379.0
16-batch-32x64
25.0
16-batch-128x128
95.0
16-batch-512x32
94.0
16-batch-512x8192
27218.0
16-batch-256x128
157.0
16-batch-32x1024
258.0
16-batch-8192x32
2837.0
16-batch-32x8192
2852.0
16-batch-2048x32
324.0
16-batch-4096x64
1878.0
