1-batch-64x8192
14090.0
1-batch-8192x512
105079.0
1-batch-2048x256
13236.0
1-batch-256x32
216.0
1-batch-128x2048
6854.0
1-batch-4096x1024
105524.0
1-batch-8192x1024
210182.0
1-batch-8192x4096
841604.0
1-batch-512x128
1678.0
1-batch-8192x128
26268.0
1-batch-8192x64
13132.0
1-batch-512x256
3349.0
1-batch-2048x128
6622.0
1-batch-128x512
1719.0
1-batch-2048x4096
212093.0
1-batch-8192x32
6570.0
1-batch-4096x128
13184.0
1-batch-2048x8192
426063.0
1-batch-32x128
123.0
1-batch-512x1024
13387.0
1-batch-32x8192
7502.0
1-batch-512x8192
107422.0
1-batch-32x2048
1882.0
1-batch-4096x256
26372.0
1-batch-1024x2048
53276.0
1-batch-1024x8192
213493.0
1-batch-64x64
116.0
1-batch-128x128
434.0
1-batch-64x512
887.0
1-batch-32x4096
3756.0
1-batch-64x1024
1766.0
1-batch-64x4096
7047.0
1-batch-4096x8192
846403.0
1-batch-1024x1024
26638.0
1-batch-32x32
34.0
1-batch-256x2048
13496.0
1-batch-64x128
226.0
1-batch-4096x512
52750.0
1-batch-2048x2048
106017.0
1-batch-32x512
475.0
1-batch-256x128
849.0
1-batch-64x32
61.0
1-batch-256x8192
54075.0
1-batch-128x32
113.0
1-batch-1024x4096
106660.0
1-batch-1024x256
6661.0
1-batch-512x64
841.0
1-batch-256x4096
26994.0
1-batch-64x256
447.0
1-batch-512x4096
53551.0
1-batch-128x256
863.0
1-batch-256x64
428.0
1-batch-512x512
6697.0
1-batch-64x2048
3527.0
1-batch-32x1024
945.0
1-batch-256x256
1692.0
1-batch-128x1024
3428.0
1-batch-1024x512
13321.0
1-batch-128x8192
27384.0
1-batch-2048x512
26466.0
1-batch-128x4096
13696.0
1-batch-256x512
3380.0
1-batch-8192x2048
420843.0
1-batch-8192x256
52534.0
1-batch-2048x32
1663.0
1-batch-512x2048
26767.0
1-batch-1024x32
838.0
1-batch-4096x4096
423199.0
1-batch-2048x1024
52975.0
1-batch-1024x64
1669.0
1-batch-512x32
424.0
1-batch-4096x32
3299.0
1-batch-8192x8192
1683240.0
1-batch-1024x128
3331.0
1-batch-32x256
240.0
1-batch-256x1024
6753.0
1-batch-128x64
220.0
1-batch-4096x2048
211074.0
1-batch-32x64
65.0
1-batch-4096x64
6595.0
1-batch-2048x64
3314.0
