1-batch-64x8192
6616.0
1-batch-8192x512
41839.0
1-batch-2048x256
5330.0
1-batch-256x32
118.0
1-batch-128x2048
2958.0
1-batch-4096x1024
41743.0
1-batch-8192x1024
83386.0
1-batch-8192x4096
331463.0
1-batch-512x128
641.0
1-batch-8192x128
10749.0
1-batch-8192x64
5539.0
1-batch-512x256
1401.0
1-batch-2048x128
2735.0
1-batch-128x512
704.0
1-batch-2048x4096
83341.0
1-batch-8192x32
2938.0
1-batch-4096x128
5346.0
1-batch-2048x8192
166496.0
1-batch-32x128
94.0
1-batch-512x1024
5331.0
1-batch-32x8192
4136.0
1-batch-512x8192
42292.0
1-batch-32x2048
1028.0
1-batch-4096x256
10579.0
1-batch-1024x2048
20878.0
1-batch-1024x8192
83199.0
1-batch-64x64
82.0
1-batch-128x128
198.0
1-batch-64x512
410.0
1-batch-32x4096
2093.0
1-batch-64x1024
822.0
1-batch-64x4096
3335.0
1-batch-4096x8192
331646.0
1-batch-1024x1024
10466.0
1-batch-32x32
48.0
1-batch-256x2048
5538.0
1-batch-64x128
128.0
1-batch-4096x512
20972.0
1-batch-2048x2048
41749.0
1-batch-32x512
273.0
1-batch-256x128
342.0
1-batch-64x32
58.0
1-batch-256x8192
21869.0
1-batch-128x32
78.0
1-batch-1024x4096
41626.0
1-batch-1024x256
2676.0
1-batch-512x64
341.0
1-batch-256x4096
10946.0
1-batch-64x256
221.0
1-batch-512x4096
21160.0
1-batch-128x256
363.0
1-batch-256x64
192.0
1-batch-512x512
2706.0
1-batch-64x2048
1703.0
1-batch-32x1024
516.0
1-batch-256x256
657.0
1-batch-128x1024
1527.0
1-batch-1024x512
5263.0
1-batch-128x8192
11716.0
1-batch-2048x512
10539.0
1-batch-128x4096
5877.0
1-batch-256x512
1440.0
1-batch-8192x2048
165946.0
1-batch-8192x256
21116.0
1-batch-2048x32
684.0
1-batch-512x2048
10607.0
1-batch-1024x32
354.0
1-batch-4096x4096
165939.0
1-batch-2048x1024
20967.0
1-batch-1024x64
675.0
1-batch-512x32
194.0
1-batch-4096x32
1474.0
1-batch-8192x8192
662169.0
1-batch-1024x128
1398.0
1-batch-32x256
154.0
1-batch-256x1024
2788.0
1-batch-128x64
118.0
1-batch-4096x2048
83301.0
1-batch-32x64
64.0
1-batch-4096x64
2781.0
1-batch-2048x64
1373.0
