1-batch-128x128
11.8125
1-batch-128x2048
111.186
1-batch-128x32
7.091
1-batch-128x4096
218.301
1-batch-128x512
26.756
1-batch-128x8192
432.95
1-batch-2048x128
50.831
1-batch-2048x2048
684.669
1-batch-2048x32
19.077
1-batch-2048x4096
1312.84
1-batch-2048x512
174.011
1-batch-2048x8192
2746.16
1-batch-32x128
10.317
1-batch-32x2048
83.29
1-batch-32x32
6.3865
1-batch-32x4096
160.76
1-batch-32x512
24.6595
1-batch-32x8192
316.425
1-batch-4096x128
90.699
1-batch-4096x2048
1274.09
1-batch-4096x32
30.9775
1-batch-4096x4096
2596.19
1-batch-4096x512
326.353
1-batch-4096x8192
5081.7
1-batch-512x128
19.841
1-batch-512x2048
202.608
1-batch-512x32
9.6685
1-batch-512x4096
403.637
1-batch-512x512
60.866
1-batch-512x8192
800.717
1-batch-8192x128
175.266
1-batch-8192x2048
2503.16
1-batch-8192x32
56.903
1-batch-8192x4096
4979.18
1-batch-8192x512
640.692
1-batch-8192x8192
9960.92
