1-batch-8192x512
929.6
1-batch-128x2048
80.2
1-batch-8192x4096
13170.2
1-batch-512x128
15.6
1-batch-8192x128
136.6
1-batch-2048x128
40.2
1-batch-128x512
24.6
1-batch-2048x4096
3399.8
1-batch-8192x32
46.4
1-batch-4096x128
72.2
1-batch-2048x8192
6811.6
1-batch-32x128
8.4
1-batch-32x8192
217.4
1-batch-512x8192
1186.2
1-batch-32x2048
58.2
1-batch-128x128
10.0
1-batch-32x4096
111.4
1-batch-4096x8192
13334.4
1-batch-32x32
5.6
1-batch-4096x512
257.6
1-batch-2048x2048
822.0
1-batch-32x512
19.2
1-batch-128x32
6.2
1-batch-512x4096
318.2
1-batch-512x512
44.6
1-batch-128x8192
305.6
1-batch-2048x512
136.8
1-batch-128x4096
154.6
1-batch-8192x2048
6593.6
1-batch-2048x32
15.4
1-batch-512x2048
161.8
1-batch-4096x4096
6656.2
1-batch-512x32
8.6
1-batch-4096x32
26.0
1-batch-8192x8192
26326.2
1-batch-4096x2048
3340.6
