STARTING!
Duplicate flags: num_threads
Log parameter values verbosely: [0]
Min num runs: [100]
Min runs duration (seconds): [1e-09]
Num threads: [1]
Use caching: [0]
Min warmup runs: [2]
Min warmup runs duration (seconds): [1e-09]
Graph: [/home/pi/Desktop/CNNs-ResNet101-DenseNet201-InceptionV3/models/i8i8/ResNet101.tflite]
Enable op profiling: [1]
#threads used for CPU inference: [1]
Use xnnpack: [0]
Loaded model /home/pi/Desktop/CNNs-ResNet101-DenseNet201-InceptionV3/models/i8i8/ResNet101.tflite
INFO: Initialized TensorFlow Lite runtime.
NOT Applying Conv Low-Precision for Kernel shape (147, 64, ), Input shape (52900, 3, ) (or (12544, 147, )), Output shape (12544, 64, ), ID: 0, Method: NoOptimization
	Changing Input Shape
	New Input Shape: (12544, 147, )
	No Changes To Appliability.
NOT Applying Conv Low-Precision for Kernel shape (64, 256, ), Input shape (3136, 64, ) (or (3136, 64, )), Output shape (3136, 256, ), ID: 1, Method: NoOptimization
	Changing Input Shape
	New Input Shape: (3136, 64, )
	No Changes To Appliability.
NOT Applying Conv Low-Precision for Kernel shape (64, 64, ), Input shape (3136, 64, ) (or (3136, 64, )), Output shape (3136, 64, ), ID: 2, Method: NoOptimization
	Changing Input Shape
	New Input Shape: (3136, 64, )
	No Changes To Appliability.
NOT Applying Conv Low-Precision for Kernel shape (576, 64, ), Input shape (3136, 64, ) (or (3136, 576, )), Output shape (3136, 64, ), ID: 3, Method: NoOptimization
	Changing Input Shape
	New Input Shape: (3136, 576, )
	No Changes To Appliability.
NOT Applying Conv Low-Precision for Kernel shape (64, 256, ), Input shape (3136, 64, ) (or (3136, 64, )), Output shape (3136, 256, ), ID: 4, Method: NoOptimization
	Changing Input Shape
	New Input Shape: (3136, 64, )
	No Changes To Appliability.
NOT Applying Conv Low-Precision for Kernel shape (256, 64, ), Input shape (3136, 256, ) (or (3136, 256, )), Output shape (3136, 64, ), ID: 5, Method: NoOptimization
	Changing Input Shape
	New Input Shape: (3136, 256, )
	No Changes To Appliability.
NOT Applying Conv Low-Precision for Kernel shape (576, 64, ), Input shape (3136, 64, ) (or (3136, 576, )), Output shape (3136, 64, ), ID: 6, Method: NoOptimization
	Changing Input Shape
	New Input Shape: (3136, 576, )
	No Changes To Appliability.
NOT Applying Conv Low-Precision for Kernel shape (64, 256, ), Input shape (3136, 64, ) (or (3136, 64, )), Output shape (3136, 256, ), ID: 7, Method: NoOptimization
	Changing Input Shape
	New Input Shape: (3136, 64, )
	No Changes To Appliability.
NOT Applying Conv Low-Precision for Kernel shape (256, 64, ), Input shape (3136, 256, ) (or (3136, 256, )), Output shape (3136, 64, ), ID: 8, Method: NoOptimization
	Changing Input Shape
	New Input Shape: (3136, 256, )
	No Changes To Appliability.
NOT Applying Conv Low-Precision for Kernel shape (576, 64, ), Input shape (3136, 64, ) (or (3136, 576, )), Output shape (3136, 64, ), ID: 9, Method: NoOptimization
	Changing Input Shape
	New Input Shape: (3136, 576, )
	No Changes To Appliability.
NOT Applying Conv Low-Precision for Kernel shape (64, 256, ), Input shape (3136, 64, ) (or (3136, 64, )), Output shape (3136, 256, ), ID: 10, Method: NoOptimization
	Changing Input Shape
	New Input Shape: (3136, 64, )
	No Changes To Appliability.
NOT Applying Conv Low-Precision for Kernel shape (256, 512, ), Input shape (3136, 256, ) (or (784, 256, )), Output shape (784, 512, ), ID: 11, Method: NoOptimization
	Changing Input Shape
	New Input Shape: (784, 256, )
	No Changes To Appliability.
NOT Applying Conv Low-Precision for Kernel shape (256, 128, ), Input shape (3136, 256, ) (or (784, 256, )), Output shape (784, 128, ), ID: 12, Method: NoOptimization
	Changing Input Shape
	New Input Shape: (784, 256, )
	No Changes To Appliability.
NOT Applying Conv Low-Precision for Kernel shape (1152, 128, ), Input shape (784, 128, ) (or (784, 1152, )), Output shape (784, 128, ), ID: 13, Method: NoOptimization
	Changing Input Shape
	New Input Shape: (784, 1152, )
	No Changes To Appliability.
NOT Applying Conv Low-Precision for Kernel shape (128, 512, ), Input shape (784, 128, ) (or (784, 128, )), Output shape (784, 512, ), ID: 14, Method: NoOptimization
	Changing Input Shape
	New Input Shape: (784, 128, )
	No Changes To Appliability.
NOT Applying Conv Low-Precision for Kernel shape (512, 128, ), Input shape (784, 512, ) (or (784, 512, )), Output shape (784, 128, ), ID: 15, Method: NoOptimization
	Changing Input Shape
	New Input Shape: (784, 512, )
	No Changes To Appliability.
NOT Applying Conv Low-Precision for Kernel shape (1152, 128, ), Input shape (784, 128, ) (or (784, 1152, )), Output shape (784, 128, ), ID: 16, Method: NoOptimization
	Changing Input Shape
	New Input Shape: (784, 1152, )
	No Changes To Appliability.
NOT Applying Conv Low-Precision for Kernel shape (128, 512, ), Input shape (784, 128, ) (or (784, 128, )), Output shape (784, 512, ), ID: 17, Method: NoOptimization
	Changing Input Shape
	New Input Shape: (784, 128, )
	No Changes To Appliability.
NOT Applying Conv Low-Precision for Kernel shape (512, 128, ), Input shape (784, 512, ) (or (784, 512, )), Output shape (784, 128, ), ID: 18, Method: NoOptimization
	Changing Input Shape
	New Input Shape: (784, 512, )
	No Changes To Appliability.
NOT Applying Conv Low-Precision for Kernel shape (1152, 128, ), Input shape (784, 128, ) (or (784, 1152, )), Output shape (784, 128, ), ID: 19, Method: NoOptimization
	Changing Input Shape
	New Input Shape: (784, 1152, )
	No Changes To Appliability.
NOT Applying Conv Low-Precision for Kernel shape (128, 512, ), Input shape (784, 128, ) (or (784, 128, )), Output shape (784, 512, ), ID: 20, Method: NoOptimization
	Changing Input Shape
	New Input Shape: (784, 128, )
	No Changes To Appliability.
NOT Applying Conv Low-Precision for Kernel shape (512, 128, ), Input shape (784, 512, ) (or (784, 512, )), Output shape (784, 128, ), ID: 21, Method: NoOptimization
	Changing Input Shape
	New Input Shape: (784, 512, )
	No Changes To Appliability.
NOT Applying Conv Low-Precision for Kernel shape (1152, 128, ), Input shape (784, 128, ) (or (784, 1152, )), Output shape (784, 128, ), ID: 22, Method: NoOptimization
	Changing Input Shape
	New Input Shape: (784, 1152, )
	No Changes To Appliability.
NOT Applying Conv Low-Precision for Kernel shape (128, 512, ), Input shape (784, 128, ) (or (784, 128, )), Output shape (784, 512, ), ID: 23, Method: NoOptimization
	Changing Input Shape
	New Input Shape: (784, 128, )
	No Changes To Appliability.
NOT Applying Conv Low-Precision for Kernel shape (512, 1024, ), Input shape (784, 512, ) (or (196, 512, )), Output shape (196, 1024, ), ID: 24, Method: NoOptimization
	Changing Input Shape
	New Input Shape: (196, 512, )
	No Changes To Appliability.
NOT Applying Conv Low-Precision for Kernel shape (512, 256, ), Input shape (784, 512, ) (or (196, 512, )), Output shape (196, 256, ), ID: 25, Method: NoOptimization
	Changing Input Shape
	New Input Shape: (196, 512, )
	No Changes To Appliability.
NOT Applying Conv Low-Precision for Kernel shape (2304, 256, ), Input shape (196, 256, ) (or (196, 2304, )), Output shape (196, 256, ), ID: 26, Method: NoOptimization
	Changing Input Shape
	New Input Shape: (196, 2304, )
	No Changes To Appliability.
NOT Applying Conv Low-Precision for Kernel shape (256, 1024, ), Input shape (196, 256, ) (or (196, 256, )), Output shape (196, 1024, ), ID: 27, Method: NoOptimization
	Changing Input Shape
	New Input Shape: (196, 256, )
	No Changes To Appliability.
NOT Applying Conv Low-Precision for Kernel shape (1024, 256, ), Input shape (196, 1024, ) (or (196, 1024, )), Output shape (196, 256, ), ID: 28, Method: NoOptimization
	Changing Input Shape
	New Input Shape: (196, 1024, )
	No Changes To Appliability.
NOT Applying Conv Low-Precision for Kernel shape (2304, 256, ), Input shape (196, 256, ) (or (196, 2304, )), Output shape (196, 256, ), ID: 29, Method: NoOptimization
	Changing Input Shape
	New Input Shape: (196, 2304, )
	No Changes To Appliability.
NOT Applying Conv Low-Precision for Kernel shape (256, 1024, ), Input shape (196, 256, ) (or (196, 256, )), Output shape (196, 1024, ), ID: 30, Method: NoOptimization
	Changing Input Shape
	New Input Shape: (196, 256, )
	No Changes To Appliability.
NOT Applying Conv Low-Precision for Kernel shape (1024, 256, ), Input shape (196, 1024, ) (or (196, 1024, )), Output shape (196, 256, ), ID: 31, Method: NoOptimization
	Changing Input Shape
	New Input Shape: (196, 1024, )
	No Changes To Appliability.
NOT Applying Conv Low-Precision for Kernel shape (2304, 256, ), Input shape (196, 256, ) (or (196, 2304, )), Output shape (196, 256, ), ID: 32, Method: NoOptimization
	Changing Input Shape
	New Input Shape: (196, 2304, )
	No Changes To Appliability.
NOT Applying Conv Low-Precision for Kernel shape (256, 1024, ), Input shape (196, 256, ) (or (196, 256, )), Output shape (196, 1024, ), ID: 33, Method: NoOptimization
	Changing Input Shape
	New Input Shape: (196, 256, )
	No Changes To Appliability.
NOT Applying Conv Low-Precision for Kernel shape (1024, 256, ), Input shape (196, 1024, ) (or (196, 1024, )), Output shape (196, 256, ), ID: 34, Method: NoOptimization
	Changing Input Shape
	New Input Shape: (196, 1024, )
	No Changes To Appliability.
NOT Applying Conv Low-Precision for Kernel shape (2304, 256, ), Input shape (196, 256, ) (or (196, 2304, )), Output shape (196, 256, ), ID: 35, Method: NoOptimization
	Changing Input Shape
	New Input Shape: (196, 2304, )
	No Changes To Appliability.
NOT Applying Conv Low-Precision for Kernel shape (256, 1024, ), Input shape (196, 256, ) (or (196, 256, )), Output shape (196, 1024, ), ID: 36, Method: NoOptimization
	Changing Input Shape
	New Input Shape: (196, 256, )
	No Changes To Appliability.
NOT Applying Conv Low-Precision for Kernel shape (1024, 256, ), Input shape (196, 1024, ) (or (196, 1024, )), Output shape (196, 256, ), ID: 37, Method: NoOptimization
	Changing Input Shape
	New Input Shape: (196, 1024, )
	No Changes To Appliability.
NOT Applying Conv Low-Precision for Kernel shape (2304, 256, ), Input shape (196, 256, ) (or (196, 2304, )), Output shape (196, 256, ), ID: 38, Method: NoOptimization
	Changing Input Shape
	New Input Shape: (196, 2304, )
	No Changes To Appliability.
NOT Applying Conv Low-Precision for Kernel shape (256, 1024, ), Input shape (196, 256, ) (or (196, 256, )), Output shape (196, 1024, ), ID: 39, Method: NoOptimization
	Changing Input Shape
	New Input Shape: (196, 256, )
	No Changes To Appliability.
NOT Applying Conv Low-Precision for Kernel shape (1024, 256, ), Input shape (196, 1024, ) (or (196, 1024, )), Output shape (196, 256, ), ID: 40, Method: NoOptimization
	Changing Input Shape
	New Input Shape: (196, 1024, )
	No Changes To Appliability.
NOT Applying Conv Low-Precision for Kernel shape (2304, 256, ), Input shape (196, 256, ) (or (196, 2304, )), Output shape (196, 256, ), ID: 41, Method: NoOptimization
	Changing Input Shape
	New Input Shape: (196, 2304, )
	No Changes To Appliability.
NOT Applying Conv Low-Precision for Kernel shape (256, 1024, ), Input shape (196, 256, ) (or (196, 256, )), Output shape (196, 1024, ), ID: 42, Method: NoOptimization
	Changing Input Shape
	New Input Shape: (196, 256, )
	No Changes To Appliability.
NOT Applying Conv Low-Precision for Kernel shape (1024, 256, ), Input shape (196, 1024, ) (or (196, 1024, )), Output shape (196, 256, ), ID: 43, Method: NoOptimization
	Changing Input Shape
	New Input Shape: (196, 1024, )
	No Changes To Appliability.
NOT Applying Conv Low-Precision for Kernel shape (2304, 256, ), Input shape (196, 256, ) (or (196, 2304, )), Output shape (196, 256, ), ID: 44, Method: NoOptimization
	Changing Input Shape
	New Input Shape: (196, 2304, )
	No Changes To Appliability.
NOT Applying Conv Low-Precision for Kernel shape (256, 1024, ), Input shape (196, 256, ) (or (196, 256, )), Output shape (196, 1024, ), ID: 45, Method: NoOptimization
	Changing Input Shape
	New Input Shape: (196, 256, )
	No Changes To Appliability.
NOT Applying Conv Low-Precision for Kernel shape (1024, 256, ), Input shape (196, 1024, ) (or (196, 1024, )), Output shape (196, 256, ), ID: 46, Method: NoOptimization
	Changing Input Shape
	New Input Shape: (196, 1024, )
	No Changes To Appliability.
NOT Applying Conv Low-Precision for Kernel shape (2304, 256, ), Input shape (196, 256, ) (or (196, 2304, )), Output shape (196, 256, ), ID: 47, Method: NoOptimization
	Changing Input Shape
	New Input Shape: (196, 2304, )
	No Changes To Appliability.
NOT Applying Conv Low-Precision for Kernel shape (256, 1024, ), Input shape (196, 256, ) (or (196, 256, )), Output shape (196, 1024, ), ID: 48, Method: NoOptimization
	Changing Input Shape
	New Input Shape: (196, 256, )
	No Changes To Appliability.
NOT Applying Conv Low-Precision for Kernel shape (1024, 256, ), Input shape (196, 1024, ) (or (196, 1024, )), Output shape (196, 256, ), ID: 49, Method: NoOptimization
	Changing Input Shape
	New Input Shape: (196, 1024, )
	No Changes To Appliability.
NOT Applying Conv Low-Precision for Kernel shape (2304, 256, ), Input shape (196, 256, ) (or (196, 2304, )), Output shape (196, 256, ), ID: 50, Method: NoOptimization
	Changing Input Shape
	New Input Shape: (196, 2304, )
	No Changes To Appliability.
NOT Applying Conv Low-Precision for Kernel shape (256, 1024, ), Input shape (196, 256, ) (or (196, 256, )), Output shape (196, 1024, ), ID: 51, Method: NoOptimization
	Changing Input Shape
	New Input Shape: (196, 256, )
	No Changes To Appliability.
NOT Applying Conv Low-Precision for Kernel shape (1024, 256, ), Input shape (196, 1024, ) (or (196, 1024, )), Output shape (196, 256, ), ID: 52, Method: NoOptimization
	Changing Input Shape
	New Input Shape: (196, 1024, )
	No Changes To Appliability.
NOT Applying Conv Low-Precision for Kernel shape (2304, 256, ), Input shape (196, 256, ) (or (196, 2304, )), Output shape (196, 256, ), ID: 53, Method: NoOptimization
	Changing Input Shape
	New Input Shape: (196, 2304, )
	No Changes To Appliability.
NOT Applying Conv Low-Precision for Kernel shape (256, 1024, ), Input shape (196, 256, ) (or (196, 256, )), Output shape (196, 1024, ), ID: 54, Method: NoOptimization
	Changing Input Shape
	New Input Shape: (196, 256, )
	No Changes To Appliability.
NOT Applying Conv Low-Precision for Kernel shape (1024, 256, ), Input shape (196, 1024, ) (or (196, 1024, )), Output shape (196, 256, ), ID: 55, Method: NoOptimization
	Changing Input Shape
	New Input Shape: (196, 1024, )
	No Changes To Appliability.
NOT Applying Conv Low-Precision for Kernel shape (2304, 256, ), Input shape (196, 256, ) (or (196, 2304, )), Output shape (196, 256, ), ID: 56, Method: NoOptimization
	Changing Input Shape
	New Input Shape: (196, 2304, )
	No Changes To Appliability.
NOT Applying Conv Low-Precision for Kernel shape (256, 1024, ), Input shape (196, 256, ) (or (196, 256, )), Output shape (196, 1024, ), ID: 57, Method: NoOptimization
	Changing Input Shape
	New Input Shape: (196, 256, )
	No Changes To Appliability.
NOT Applying Conv Low-Precision for Kernel shape (1024, 256, ), Input shape (196, 1024, ) (or (196, 1024, )), Output shape (196, 256, ), ID: 58, Method: NoOptimization
	Changing Input Shape
	New Input Shape: (196, 1024, )
	No Changes To Appliability.
NOT Applying Conv Low-Precision for Kernel shape (2304, 256, ), Input shape (196, 256, ) (or (196, 2304, )), Output shape (196, 256, ), ID: 59, Method: NoOptimization
	Changing Input Shape
	New Input Shape: (196, 2304, )
	No Changes To Appliability.
NOT Applying Conv Low-Precision for Kernel shape (256, 1024, ), Input shape (196, 256, ) (or (196, 256, )), Output shape (196, 1024, ), ID: 60, Method: NoOptimization
	Changing Input Shape
	New Input Shape: (196, 256, )
	No Changes To Appliability.
NOT Applying Conv Low-Precision for Kernel shape (1024, 256, ), Input shape (196, 1024, ) (or (196, 1024, )), Output shape (196, 256, ), ID: 61, Method: NoOptimization
	Changing Input Shape
	New Input Shape: (196, 1024, )
	No Changes To Appliability.
NOT Applying Conv Low-Precision for Kernel shape (2304, 256, ), Input shape (196, 256, ) (or (196, 2304, )), Output shape (196, 256, ), ID: 62, Method: NoOptimization
	Changing Input Shape
	New Input Shape: (196, 2304, )
	No Changes To Appliability.
NOT Applying Conv Low-Precision for Kernel shape (256, 1024, ), Input shape (196, 256, ) (or (196, 256, )), Output shape (196, 1024, ), ID: 63, Method: NoOptimization
	Changing Input Shape
	New Input Shape: (196, 256, )
	No Changes To Appliability.
NOT Applying Conv Low-Precision for Kernel shape (1024, 256, ), Input shape (196, 1024, ) (or (196, 1024, )), Output shape (196, 256, ), ID: 64, Method: NoOptimization
	Changing Input Shape
	New Input Shape: (196, 1024, )
	No Changes To Appliability.
NOT Applying Conv Low-Precision for Kernel shape (2304, 256, ), Input shape (196, 256, ) (or (196, 2304, )), Output shape (196, 256, ), ID: 65, Method: NoOptimization
	Changing Input Shape
	New Input Shape: (196, 2304, )
	No Changes To Appliability.
NOT Applying Conv Low-Precision for Kernel shape (256, 1024, ), Input shape (196, 256, ) (or (196, 256, )), Output shape (196, 1024, ), ID: 66, Method: NoOptimization
	Changing Input Shape
	New Input Shape: (196, 256, )
	No Changes To Appliability.
NOT Applying Conv Low-Precision for Kernel shape (1024, 256, ), Input shape (196, 1024, ) (or (196, 1024, )), Output shape (196, 256, ), ID: 67, Method: NoOptimization
	Changing Input Shape
	New Input Shape: (196, 1024, )
	No Changes To Appliability.
NOT Applying Conv Low-Precision for Kernel shape (2304, 256, ), Input shape (196, 256, ) (or (196, 2304, )), Output shape (196, 256, ), ID: 68, Method: NoOptimization
	Changing Input Shape
	New Input Shape: (196, 2304, )
	No Changes To Appliability.
NOT Applying Conv Low-Precision for Kernel shape (256, 1024, ), Input shape (196, 256, ) (or (196, 256, )), Output shape (196, 1024, ), ID: 69, Method: NoOptimization
	Changing Input Shape
	New Input Shape: (196, 256, )
	No Changes To Appliability.
NOT Applying Conv Low-Precision for Kernel shape (1024, 256, ), Input shape (196, 1024, ) (or (196, 1024, )), Output shape (196, 256, ), ID: 70, Method: NoOptimization
	Changing Input Shape
	New Input Shape: (196, 1024, )
	No Changes To Appliability.
NOT Applying Conv Low-Precision for Kernel shape (2304, 256, ), Input shape (196, 256, ) (or (196, 2304, )), Output shape (196, 256, ), ID: 71, Method: NoOptimization
	Changing Input Shape
	New Input Shape: (196, 2304, )
	No Changes To Appliability.
NOT Applying Conv Low-Precision for Kernel shape (256, 1024, ), Input shape (196, 256, ) (or (196, 256, )), Output shape (196, 1024, ), ID: 72, Method: NoOptimization
	Changing Input Shape
	New Input Shape: (196, 256, )
	No Changes To Appliability.
NOT Applying Conv Low-Precision for Kernel shape (1024, 256, ), Input shape (196, 1024, ) (or (196, 1024, )), Output shape (196, 256, ), ID: 73, Method: NoOptimization
	Changing Input Shape
	New Input Shape: (196, 1024, )
	No Changes To Appliability.
NOT Applying Conv Low-Precision for Kernel shape (2304, 256, ), Input shape (196, 256, ) (or (196, 2304, )), Output shape (196, 256, ), ID: 74, Method: NoOptimization
	Changing Input Shape
	New Input Shape: (196, 2304, )
	No Changes To Appliability.
NOT Applying Conv Low-Precision for Kernel shape (256, 1024, ), Input shape (196, 256, ) (or (196, 256, )), Output shape (196, 1024, ), ID: 75, Method: NoOptimization
	Changing Input Shape
	New Input Shape: (196, 256, )
	No Changes To Appliability.
NOT Applying Conv Low-Precision for Kernel shape (1024, 256, ), Input shape (196, 1024, ) (or (196, 1024, )), Output shape (196, 256, ), ID: 76, Method: NoOptimization
	Changing Input Shape
	New Input Shape: (196, 1024, )
	No Changes To Appliability.
NOT Applying Conv Low-Precision for Kernel shape (2304, 256, ), Input shape (196, 256, ) (or (196, 2304, )), Output shape (196, 256, ), ID: 77, Method: NoOptimization
	Changing Input Shape
	New Input Shape: (196, 2304, )
	No Changes To Appliability.
NOT Applying Conv Low-Precision for Kernel shape (256, 1024, ), Input shape (196, 256, ) (or (196, 256, )), Output shape (196, 1024, ), ID: 78, Method: NoOptimization
	Changing Input Shape
	New Input Shape: (196, 256, )
	No Changes To Appliability.
NOT Applying Conv Low-Precision for Kernel shape (1024, 256, ), Input shape (196, 1024, ) (or (196, 1024, )), Output shape (196, 256, ), ID: 79, Method: NoOptimization
	Changing Input Shape
	New Input Shape: (196, 1024, )
	No Changes To Appliability.
NOT Applying Conv Low-Precision for Kernel shape (2304, 256, ), Input shape (196, 256, ) (or (196, 2304, )), Output shape (196, 256, ), ID: 80, Method: NoOptimization
	Changing Input Shape
	New Input Shape: (196, 2304, )
	No Changes To Appliability.
NOT Applying Conv Low-Precision for Kernel shape (256, 1024, ), Input shape (196, 256, ) (or (196, 256, )), Output shape (196, 1024, ), ID: 81, Method: NoOptimization
	Changing Input Shape
	New Input Shape: (196, 256, )
	No Changes To Appliability.
NOT Applying Conv Low-Precision for Kernel shape (1024, 256, ), Input shape (196, 1024, ) (or (196, 1024, )), Output shape (196, 256, ), ID: 82, Method: NoOptimization
	Changing Input Shape
	New Input Shape: (196, 1024, )
	No Changes To Appliability.
NOT Applying Conv Low-Precision for Kernel shape (2304, 256, ), Input shape (196, 256, ) (or (196, 2304, )), Output shape (196, 256, ), ID: 83, Method: NoOptimization
	Changing Input Shape
	New Input Shape: (196, 2304, )
	No Changes To Appliability.
NOT Applying Conv Low-Precision for Kernel shape (256, 1024, ), Input shape (196, 256, ) (or (196, 256, )), Output shape (196, 1024, ), ID: 84, Method: NoOptimization
	Changing Input Shape
	New Input Shape: (196, 256, )
	No Changes To Appliability.
NOT Applying Conv Low-Precision for Kernel shape (1024, 256, ), Input shape (196, 1024, ) (or (196, 1024, )), Output shape (196, 256, ), ID: 85, Method: NoOptimization
	Changing Input Shape
	New Input Shape: (196, 1024, )
	No Changes To Appliability.
NOT Applying Conv Low-Precision for Kernel shape (2304, 256, ), Input shape (196, 256, ) (or (196, 2304, )), Output shape (196, 256, ), ID: 86, Method: NoOptimization
	Changing Input Shape
	New Input Shape: (196, 2304, )
	No Changes To Appliability.
NOT Applying Conv Low-Precision for Kernel shape (256, 1024, ), Input shape (196, 256, ) (or (196, 256, )), Output shape (196, 1024, ), ID: 87, Method: NoOptimization
	Changing Input Shape
	New Input Shape: (196, 256, )
	No Changes To Appliability.
NOT Applying Conv Low-Precision for Kernel shape (1024, 256, ), Input shape (196, 1024, ) (or (196, 1024, )), Output shape (196, 256, ), ID: 88, Method: NoOptimization
	Changing Input Shape
	New Input Shape: (196, 1024, )
	No Changes To Appliability.
NOT Applying Conv Low-Precision for Kernel shape (2304, 256, ), Input shape (196, 256, ) (or (196, 2304, )), Output shape (196, 256, ), ID: 89, Method: NoOptimization
	Changing Input Shape
	New Input Shape: (196, 2304, )
	No Changes To Appliability.
NOT Applying Conv Low-Precision for Kernel shape (256, 1024, ), Input shape (196, 256, ) (or (196, 256, )), Output shape (196, 1024, ), ID: 90, Method: NoOptimization
	Changing Input Shape
	New Input Shape: (196, 256, )
	No Changes To Appliability.
NOT Applying Conv Low-Precision for Kernel shape (1024, 256, ), Input shape (196, 1024, ) (or (196, 1024, )), Output shape (196, 256, ), ID: 91, Method: NoOptimization
	Changing Input Shape
	New Input Shape: (196, 1024, )
	No Changes To Appliability.
NOT Applying Conv Low-Precision for Kernel shape (2304, 256, ), Input shape (196, 256, ) (or (196, 2304, )), Output shape (196, 256, ), ID: 92, Method: NoOptimization
	Changing Input Shape
	New Input Shape: (196, 2304, )
	No Changes To Appliability.
NOT Applying Conv Low-Precision for Kernel shape (256, 1024, ), Input shape (196, 256, ) (or (196, 256, )), Output shape (196, 1024, ), ID: 93, Method: NoOptimization
	Changing Input Shape
	New Input Shape: (196, 256, )
	No Changes To Appliability.
NOT Applying Conv Low-Precision for Kernel shape (1024, 2048, ), Input shape (196, 1024, ) (or (49, 1024, )), Output shape (49, 2048, ), ID: 94, Method: NoOptimization
	Changing Input Shape
	New Input Shape: (49, 1024, )
	No Changes To Appliability.
NOT Applying Conv Low-Precision for Kernel shape (1024, 512, ), Input shape (196, 1024, ) (or (49, 1024, )), Output shape (49, 512, ), ID: 95, Method: NoOptimization
	Changing Input Shape
	New Input Shape: (49, 1024, )
	No Changes To Appliability.
NOT Applying Conv Low-Precision for Kernel shape (4608, 512, ), Input shape (49, 512, ) (or (49, 4608, )), Output shape (49, 512, ), ID: 96, Method: NoOptimization
	Changing Input Shape
	New Input Shape: (49, 4608, )
	No Changes To Appliability.
NOT Applying Conv Low-Precision for Kernel shape (512, 2048, ), Input shape (49, 512, ) (or (49, 512, )), Output shape (49, 2048, ), ID: 97, Method: NoOptimization
	Changing Input Shape
	New Input Shape: (49, 512, )
	No Changes To Appliability.
NOT Applying Conv Low-Precision for Kernel shape (2048, 512, ), Input shape (49, 2048, ) (or (49, 2048, )), Output shape (49, 512, ), ID: 98, Method: NoOptimization
	Changing Input Shape
	New Input Shape: (49, 2048, )
	No Changes To Appliability.
NOT Applying Conv Low-Precision for Kernel shape (4608, 512, ), Input shape (49, 512, ) (or (49, 4608, )), Output shape (49, 512, ), ID: 99, Method: NoOptimization
	Changing Input Shape
	New Input Shape: (49, 4608, )
	No Changes To Appliability.
NOT Applying Conv Low-Precision for Kernel shape (512, 2048, ), Input shape (49, 512, ) (or (49, 512, )), Output shape (49, 2048, ), ID: 100, Method: NoOptimization
	Changing Input Shape
	New Input Shape: (49, 512, )
	No Changes To Appliability.
NOT Applying Conv Low-Precision for Kernel shape (2048, 512, ), Input shape (49, 2048, ) (or (49, 2048, )), Output shape (49, 512, ), ID: 101, Method: NoOptimization
	Changing Input Shape
	New Input Shape: (49, 2048, )
	No Changes To Appliability.
NOT Applying Conv Low-Precision for Kernel shape (4608, 512, ), Input shape (49, 512, ) (or (49, 4608, )), Output shape (49, 512, ), ID: 102, Method: NoOptimization
	Changing Input Shape
	New Input Shape: (49, 4608, )
	No Changes To Appliability.
NOT Applying Conv Low-Precision for Kernel shape (512, 2048, ), Input shape (49, 512, ) (or (49, 512, )), Output shape (49, 2048, ), ID: 103, Method: NoOptimization
	Changing Input Shape
	New Input Shape: (49, 512, )
	No Changes To Appliability.
NOT Applying FC Low-Precision for Kernel shape (2048, 1000, ), Input shape (1, 2048, ), Output shape (1, 1000, ), ID: 0, Method: NoOptimization
The input model file size (MB): 45.8077
Initialized session in 28.39ms.
Running benchmark for at least 2 iterations and at least 1e-09 seconds but terminate if exceeding 150 seconds.
count=2 first=1328597 curr=1287438 min=1287438 max=1328597 avg=1.30802e+06 std=20579

Running benchmark for at least 100 iterations and at least 1e-09 seconds but terminate if exceeding 150 seconds.
count=100 first=1301894 curr=1279404 min=1213636 max=1319101 avg=1.28386e+06 std=15460

Inference timings in us: Init: 28390, First inference: 1328597, Warmup (avg): 1.30802e+06, Inference (avg): 1.28386e+06
Note: as the benchmark tool itself affects memory footprint, the following is only APPROXIMATE to the actual memory footprint of the model at runtime. Take the information at your discretion.
Memory footprint delta from the start of the tool (MB): init=12.957 overall=51.3672
Profiling Info for Benchmark Initialization:
============================== Run Order ==============================
	             [node type]	          [start]	  [first]	 [avg ms]	     [%]	  [cdf%]	  [mem KB]	[times called]	[Name]
	         AllocateTensors	            0.000	   21.179	   21.179	100.000%	100.000%	   768.000	        1	AllocateTensors/0

============================== Top by Computation Time ==============================
	             [node type]	          [start]	  [first]	 [avg ms]	     [%]	  [cdf%]	  [mem KB]	[times called]	[Name]
	         AllocateTensors	            0.000	   21.179	   21.179	100.000%	100.000%	   768.000	        1	AllocateTensors/0

Number of nodes executed: 1
============================== Summary by node type ==============================
	             [Node type]	  [count]	  [avg ms]	    [avg %]	    [cdf %]	  [mem KB]	[times called]
	         AllocateTensors	        1	    21.179	   100.000%	   100.000%	   768.000	        1

Timings (microseconds): count=1 curr=21179
Memory (bytes): count=0
1 nodes observed



Operator-wise Profiling Info for Regular Benchmark Runs:
============================== Run Order ==============================
	             [node type]	          [start]	  [first]	 [avg ms]	     [%]	  [cdf%]	  [mem KB]	[times called]	[Name]
	                     PAD	            0.017	    1.093	    1.100	  0.086%	  0.086%	     0.000	        1	[resnet101/conv1_pad/Pad]:0
	                 CONV_2D	            1.119	   26.969	   26.685	  2.079%	  2.165%	     0.000	        1	[resnet101/conv1_relu/Relu;resnet101/conv1_bn/FusedBatchNormV3;resnet101/conv1_bn/FusedBatchNormV3/ReadVariableOp;resnet101/conv1_conv/BiasAdd;resnet101/conv2_block3_2_bn/FusedBatchNormV3;resnet101/conv1_conv/Conv2D]:1
	                     PAD	           27.805	    3.295	    3.281	  0.256%	  2.420%	     0.000	        1	[resnet101/pool1_pad/Pad]:2
	             MAX_POOL_2D	           31.088	    0.556	    0.605	  0.047%	  2.467%	     0.000	        1	[resnet101/pool1_pool/MaxPool]:3
	                 CONV_2D	           31.694	   13.796	   13.727	  1.069%	  3.537%	     0.000	        1	[resnet101/conv2_block1_0_bn/FusedBatchNormV3;resnet101/conv2_block1_0_bn/FusedBatchNormV3/ReadVariableOp;resnet101/conv2_block1_0_conv/BiasAdd;resnet101/conv4_block23_2_bn/FusedBatchNormV3;resnet101/conv2_block1_0_conv/Conv2D]:4
	                 CONV_2D	           45.422	    3.710	    3.581	  0.279%	  3.816%	     0.000	        1	[resnet101/conv2_block1_1_relu/Relu;resnet101/conv2_block1_1_bn/FusedBatchNormV3;resnet101/conv1_bn/FusedBatchNormV3/ReadVariableOp;resnet101/conv2_block1_1_conv/BiasAdd;resnet101/conv2_block3_2_bn/FusedBatchNormV3;resnet101/conv2_block1_1_conv/Conv2D]:5
	                 CONV_2D	           49.005	   19.516	   19.600	  1.527%	  5.343%	     0.000	        1	[resnet101/conv2_block1_2_relu/Relu;resnet101/conv2_block1_2_bn/FusedBatchNormV3;resnet101/conv1_bn/FusedBatchNormV3/ReadVariableOp;resnet101/conv2_block1_2_conv/BiasAdd;resnet101/conv2_block3_2_bn/FusedBatchNormV3;resnet101/conv2_block1_2_conv/Conv2D]:6
	                 CONV_2D	           68.606	   13.555	   13.743	  1.071%	  6.413%	     0.000	        1	[resnet101/conv2_block1_3_bn/FusedBatchNormV3;resnet101/conv2_block1_0_bn/FusedBatchNormV3/ReadVariableOp;resnet101/conv2_block1_3_conv/BiasAdd;resnet101/conv4_block23_2_bn/FusedBatchNormV3;resnet101/conv2_block1_3_conv/Conv2D]:7
	                     ADD	           82.351	    3.339	    3.410	  0.266%	  6.679%	     0.000	        1	[resnet101/conv2_block1_out/Relu;resnet101/conv2_block1_add/add]:8
	                 CONV_2D	           85.762	    8.512	    8.630	  0.672%	  7.351%	     0.000	        1	[resnet101/conv2_block2_1_relu/Relu;resnet101/conv2_block2_1_bn/FusedBatchNormV3;resnet101/conv1_bn/FusedBatchNormV3/ReadVariableOp;resnet101/conv2_block2_1_conv/BiasAdd;resnet101/conv2_block3_2_bn/FusedBatchNormV3;resnet101/conv2_block2_1_conv/Conv2D]:9
	                 CONV_2D	           94.393	   19.642	   19.549	  1.523%	  8.874%	     0.000	        1	[resnet101/conv2_block2_2_relu/Relu;resnet101/conv2_block2_2_bn/FusedBatchNormV3;resnet101/conv1_bn/FusedBatchNormV3/ReadVariableOp;resnet101/conv2_block2_2_conv/BiasAdd;resnet101/conv2_block3_2_bn/FusedBatchNormV3;resnet101/conv2_block2_2_conv/Conv2D]:10
	                 CONV_2D	          113.943	   15.359	   13.716	  1.069%	  9.943%	     0.000	        1	[resnet101/conv2_block2_3_bn/FusedBatchNormV3;resnet101/conv2_block1_0_bn/FusedBatchNormV3/ReadVariableOp;resnet101/conv2_block2_3_conv/BiasAdd;resnet101/conv4_block23_2_bn/FusedBatchNormV3;resnet101/conv2_block2_3_conv/Conv2D]:11
	                     ADD	          127.661	    3.398	    3.405	  0.265%	 10.208%	     0.000	        1	[resnet101/conv2_block2_out/Relu;resnet101/conv2_block2_add/add]:12
	                 CONV_2D	          131.067	    9.249	    8.614	  0.671%	 10.879%	     0.000	        1	[resnet101/conv2_block3_1_relu/Relu;resnet101/conv2_block3_1_bn/FusedBatchNormV3;resnet101/conv1_bn/FusedBatchNormV3/ReadVariableOp;resnet101/conv2_block3_1_conv/BiasAdd;resnet101/conv2_block3_2_bn/FusedBatchNormV3;resnet101/conv2_block3_1_conv/Conv2D]:13
	                 CONV_2D	          139.682	   20.702	   19.496	  1.519%	 12.398%	     0.000	        1	[resnet101/conv2_block3_2_relu/Relu;resnet101/conv2_block3_2_bn/FusedBatchNormV3;resnet101/conv1_bn/FusedBatchNormV3/ReadVariableOp;resnet101/conv2_block3_2_conv/BiasAdd;resnet101/conv2_block3_2_conv/Conv2D]:14
	                 CONV_2D	          159.180	   13.994	   13.674	  1.065%	 13.463%	     0.000	        1	[resnet101/conv2_block3_3_bn/FusedBatchNormV3;resnet101/conv2_block1_0_bn/FusedBatchNormV3/ReadVariableOp;resnet101/conv2_block3_3_conv/BiasAdd;resnet101/conv4_block23_2_bn/FusedBatchNormV3;resnet101/conv2_block3_3_conv/Conv2D]:15
	                     ADD	          172.855	    3.416	    3.421	  0.267%	 13.730%	     0.000	        1	[resnet101/conv2_block3_out/Relu;resnet101/conv2_block3_add/add]:16
	                 CONV_2D	          176.278	   16.647	   16.380	  1.276%	 15.006%	     0.000	        1	[resnet101/conv3_block1_0_bn/FusedBatchNormV3;resnet101/conv3_block1_0_bn/FusedBatchNormV3/ReadVariableOp;resnet101/conv3_block1_0_conv/BiasAdd;resnet101/conv5_block3_2_bn/FusedBatchNormV3;resnet101/conv3_block1_0_conv/Conv2D]:17
	                 CONV_2D	          192.659	    4.318	    4.351	  0.339%	 15.345%	     0.000	        1	[resnet101/conv3_block1_1_relu/Relu;resnet101/conv3_block1_1_bn/FusedBatchNormV3;resnet101/conv3_block1_1_bn/FusedBatchNormV3/ReadVariableOp;resnet101/conv3_block1_1_conv/BiasAdd;resnet101/conv3_block4_2_bn/FusedBatchNormV3;resnet101/conv3_block1_1_conv/Conv2D]:18
	                 CONV_2D	          197.012	   17.252	   17.238	  1.343%	 16.688%	     0.000	        1	[resnet101/conv3_block1_2_relu/Relu;resnet101/conv3_block1_2_bn/FusedBatchNormV3;resnet101/conv3_block1_1_bn/FusedBatchNormV3/ReadVariableOp;resnet101/conv3_block1_2_conv/BiasAdd;resnet101/conv3_block4_2_bn/FusedBatchNormV3;resnet101/conv3_block1_2_conv/Conv2D]:19
	                 CONV_2D	          214.252	    9.989	    9.957	  0.776%	 17.463%	     0.000	        1	[resnet101/conv3_block1_3_bn/FusedBatchNormV3;resnet101/conv3_block1_0_bn/FusedBatchNormV3/ReadVariableOp;resnet101/conv3_block1_3_conv/BiasAdd;resnet101/conv5_block3_2_bn/FusedBatchNormV3;resnet101/conv3_block1_3_conv/Conv2D]:20
	                     ADD	          224.210	    1.691	    1.727	  0.135%	 17.598%	     0.000	        1	[resnet101/conv3_block1_out/Relu;resnet101/conv3_block1_add/add]:21
	                 CONV_2D	          225.938	    7.751	    7.467	  0.582%	 18.180%	     0.000	        1	[resnet101/conv3_block2_1_relu/Relu;resnet101/conv3_block2_1_bn/FusedBatchNormV3;resnet101/conv3_block1_1_bn/FusedBatchNormV3/ReadVariableOp;resnet101/conv3_block2_1_conv/BiasAdd;resnet101/conv3_block4_2_bn/FusedBatchNormV3;resnet101/conv3_block2_1_conv/Conv2D]:22
	                 CONV_2D	          233.407	   17.906	   17.253	  1.344%	 19.524%	     0.000	        1	[resnet101/conv3_block2_2_relu/Relu;resnet101/conv3_block2_2_bn/FusedBatchNormV3;resnet101/conv3_block1_1_bn/FusedBatchNormV3/ReadVariableOp;resnet101/conv3_block2_2_conv/BiasAdd;resnet101/conv3_block4_2_bn/FusedBatchNormV3;resnet101/conv3_block2_2_conv/Conv2D]:23
	                 CONV_2D	          250.661	   10.191	    9.990	  0.778%	 20.302%	     0.000	        1	[resnet101/conv3_block2_3_bn/FusedBatchNormV3;resnet101/conv3_block1_0_bn/FusedBatchNormV3/ReadVariableOp;resnet101/conv3_block2_3_conv/BiasAdd;resnet101/conv5_block3_2_bn/FusedBatchNormV3;resnet101/conv3_block2_3_conv/Conv2D]:24
	                     ADD	          260.652	    1.739	    1.706	  0.133%	 20.435%	     0.000	        1	[resnet101/conv3_block2_out/Relu;resnet101/conv3_block2_add/add]:25
	                 CONV_2D	          262.359	    7.376	    7.432	  0.579%	 21.014%	     0.000	        1	[resnet101/conv3_block3_1_relu/Relu;resnet101/conv3_block3_1_bn/FusedBatchNormV3;resnet101/conv3_block1_1_bn/FusedBatchNormV3/ReadVariableOp;resnet101/conv3_block3_1_conv/BiasAdd;resnet101/conv3_block4_2_bn/FusedBatchNormV3;resnet101/conv3_block3_1_conv/Conv2D]:26
	                 CONV_2D	          269.793	   17.065	   17.213	  1.341%	 22.355%	     0.000	        1	[resnet101/conv3_block3_2_relu/Relu;resnet101/conv3_block3_2_bn/FusedBatchNormV3;resnet101/conv3_block1_1_bn/FusedBatchNormV3/ReadVariableOp;resnet101/conv3_block3_2_conv/BiasAdd;resnet101/conv3_block4_2_bn/FusedBatchNormV3;resnet101/conv3_block3_2_conv/Conv2D]:27
	                 CONV_2D	          287.008	    9.904	    9.967	  0.776%	 23.131%	     0.000	        1	[resnet101/conv3_block3_3_bn/FusedBatchNormV3;resnet101/conv3_block1_0_bn/FusedBatchNormV3/ReadVariableOp;resnet101/conv3_block3_3_conv/BiasAdd;resnet101/conv5_block3_2_bn/FusedBatchNormV3;resnet101/conv3_block3_3_conv/Conv2D]:28
	                     ADD	          296.976	    1.702	    1.717	  0.134%	 23.265%	     0.000	        1	[resnet101/conv3_block3_out/Relu;resnet101/conv3_block3_add/add]:29
	                 CONV_2D	          298.694	    7.650	    7.493	  0.584%	 23.849%	     0.000	        1	[resnet101/conv3_block4_1_relu/Relu;resnet101/conv3_block4_1_bn/FusedBatchNormV3;resnet101/conv3_block1_1_bn/FusedBatchNormV3/ReadVariableOp;resnet101/conv3_block4_1_conv/BiasAdd;resnet101/conv3_block4_2_bn/FusedBatchNormV3;resnet101/conv3_block4_1_conv/Conv2D]:30
	                 CONV_2D	          306.188	   17.680	   17.362	  1.353%	 25.201%	     0.000	        1	[resnet101/conv3_block4_2_relu/Relu;resnet101/conv3_block4_2_bn/FusedBatchNormV3;resnet101/conv3_block1_1_bn/FusedBatchNormV3/ReadVariableOp;resnet101/conv3_block4_2_conv/BiasAdd;resnet101/conv3_block4_2_conv/Conv2D]:31
	                 CONV_2D	          323.551	   10.522	   10.003	  0.779%	 25.980%	     0.000	        1	[resnet101/conv3_block4_3_bn/FusedBatchNormV3;resnet101/conv3_block1_0_bn/FusedBatchNormV3/ReadVariableOp;resnet101/conv3_block4_3_conv/BiasAdd;resnet101/conv5_block3_2_bn/FusedBatchNormV3;resnet101/conv3_block4_3_conv/Conv2D]:32
	                     ADD	          333.556	    1.657	    1.715	  0.134%	 26.114%	     0.000	        1	[resnet101/conv3_block4_out/Relu;resnet101/conv3_block4_add/add]:33
	                 CONV_2D	          335.272	   14.575	   14.673	  1.143%	 27.257%	     0.000	        1	[resnet101/conv4_block1_0_bn/FusedBatchNormV3;resnet101/conv4_block10_3_bn/FusedBatchNormV3/ReadVariableOp;resnet101/conv4_block1_0_conv/BiasAdd;resnet101/conv4_block23_3_bn/FusedBatchNormV3;resnet101/conv4_block1_0_conv/Conv2D]:34
	                 CONV_2D	          349.946	    3.682	    3.758	  0.293%	 27.550%	     0.000	        1	[resnet101/conv4_block1_1_relu/Relu;resnet101/conv4_block1_1_bn/FusedBatchNormV3;resnet101/conv2_block1_0_bn/FusedBatchNormV3/ReadVariableOp;resnet101/conv4_block1_1_conv/BiasAdd;resnet101/conv4_block23_2_bn/FusedBatchNormV3;resnet101/conv4_block1_1_conv/Conv2D]:35
	                 CONV_2D	          353.706	   18.549	   18.985	  1.479%	 29.029%	     0.000	        1	[resnet101/conv4_block1_2_relu/Relu;resnet101/conv4_block1_2_bn/FusedBatchNormV3;resnet101/conv2_block1_0_bn/FusedBatchNormV3/ReadVariableOp;resnet101/conv4_block1_2_conv/BiasAdd;resnet101/conv4_block23_2_bn/FusedBatchNormV3;resnet101/conv4_block1_2_conv/Conv2D]:36
	                 CONV_2D	          372.692	    7.878	    7.964	  0.620%	 29.649%	     0.000	        1	[resnet101/conv4_block1_3_bn/FusedBatchNormV3;resnet101/conv4_block10_3_bn/FusedBatchNormV3/ReadVariableOp;resnet101/conv4_block1_3_conv/BiasAdd;resnet101/conv4_block23_3_bn/FusedBatchNormV3;resnet101/conv4_block1_3_conv/Conv2D]:37
	                     ADD	          380.657	    0.880	    0.862	  0.067%	 29.717%	     0.000	        1	[resnet101/conv4_block1_out/Relu;resnet101/conv4_block1_add/add]:38
	                 CONV_2D	          381.520	    7.400	    7.505	  0.585%	 30.301%	     0.000	        1	[resnet101/conv4_block2_1_relu/Relu;resnet101/conv4_block2_1_bn/FusedBatchNormV3;resnet101/conv2_block1_0_bn/FusedBatchNormV3/ReadVariableOp;resnet101/conv4_block2_1_conv/BiasAdd;resnet101/conv4_block23_2_bn/FusedBatchNormV3;resnet101/conv4_block2_1_conv/Conv2D]:39
	                 CONV_2D	          389.027	   18.746	   19.004	  1.480%	 31.782%	     0.000	        1	[resnet101/conv4_block2_2_relu/Relu;resnet101/conv4_block2_2_bn/FusedBatchNormV3;resnet101/conv2_block1_0_bn/FusedBatchNormV3/ReadVariableOp;resnet101/conv4_block2_2_conv/BiasAdd;resnet101/conv4_block23_2_bn/FusedBatchNormV3;resnet101/conv4_block2_2_conv/Conv2D]:40
	                 CONV_2D	          408.033	    7.898	    7.994	  0.623%	 32.404%	     0.000	        1	[resnet101/conv4_block2_3_bn/FusedBatchNormV3;resnet101/conv4_block10_3_bn/FusedBatchNormV3/ReadVariableOp;resnet101/conv4_block2_3_conv/BiasAdd;resnet101/conv4_block23_3_bn/FusedBatchNormV3;resnet101/conv4_block2_3_conv/Conv2D]:41
	                     ADD	          416.028	    0.836	    0.861	  0.067%	 32.472%	     0.000	        1	[resnet101/conv4_block2_out/Relu;resnet101/conv4_block2_add/add]:42
	                 CONV_2D	          416.890	    7.513	    7.509	  0.585%	 33.057%	     0.000	        1	[resnet101/conv4_block3_1_relu/Relu;resnet101/conv4_block3_1_bn/FusedBatchNormV3;resnet101/conv2_block1_0_bn/FusedBatchNormV3/ReadVariableOp;resnet101/conv4_block3_1_conv/BiasAdd;resnet101/conv4_block23_2_bn/FusedBatchNormV3;resnet101/conv4_block3_1_conv/Conv2D]:43
	                 CONV_2D	          424.401	   19.675	   18.888	  1.471%	 34.528%	     0.000	        1	[resnet101/conv4_block3_2_relu/Relu;resnet101/conv4_block3_2_bn/FusedBatchNormV3;resnet101/conv2_block1_0_bn/FusedBatchNormV3/ReadVariableOp;resnet101/conv4_block3_2_conv/BiasAdd;resnet101/conv4_block23_2_bn/FusedBatchNormV3;resnet101/conv4_block3_2_conv/Conv2D]:44
	                 CONV_2D	          443.291	    9.947	    7.979	  0.622%	 35.150%	     0.000	        1	[resnet101/conv4_block3_3_bn/FusedBatchNormV3;resnet101/conv4_block10_3_bn/FusedBatchNormV3/ReadVariableOp;resnet101/conv4_block3_3_conv/BiasAdd;resnet101/conv4_block23_3_bn/FusedBatchNormV3;resnet101/conv4_block3_3_conv/Conv2D]:45
	                     ADD	          451.271	    0.843	    0.869	  0.068%	 35.217%	     0.000	        1	[resnet101/conv4_block3_out/Relu;resnet101/conv4_block3_add/add]:46
	                 CONV_2D	          452.141	    7.457	    7.513	  0.585%	 35.803%	     0.000	        1	[resnet101/conv4_block4_1_relu/Relu;resnet101/conv4_block4_1_bn/FusedBatchNormV3;resnet101/conv2_block1_0_bn/FusedBatchNormV3/ReadVariableOp;resnet101/conv4_block4_1_conv/BiasAdd;resnet101/conv4_block23_2_bn/FusedBatchNormV3;resnet101/conv4_block4_1_conv/Conv2D]:47
	                 CONV_2D	          459.656	   18.600	   18.960	  1.477%	 37.280%	     0.000	        1	[resnet101/conv4_block4_2_relu/Relu;resnet101/conv4_block4_2_bn/FusedBatchNormV3;resnet101/conv2_block1_0_bn/FusedBatchNormV3/ReadVariableOp;resnet101/conv4_block4_2_conv/BiasAdd;resnet101/conv4_block23_2_bn/FusedBatchNormV3;resnet101/conv4_block4_2_conv/Conv2D]:48
	                 CONV_2D	          478.618	    7.987	    7.996	  0.623%	 37.903%	     0.000	        1	[resnet101/conv4_block4_3_bn/FusedBatchNormV3;resnet101/conv4_block10_3_bn/FusedBatchNormV3/ReadVariableOp;resnet101/conv4_block4_3_conv/BiasAdd;resnet101/conv4_block23_3_bn/FusedBatchNormV3;resnet101/conv4_block4_3_conv/Conv2D]:49
	                     ADD	          486.615	    0.915	    0.869	  0.068%	 37.970%	     0.000	        1	[resnet101/conv4_block4_out/Relu;resnet101/conv4_block4_add/add]:50
	                 CONV_2D	          487.486	    7.356	    7.587	  0.591%	 38.561%	     0.000	        1	[resnet101/conv4_block5_1_relu/Relu;resnet101/conv4_block5_1_bn/FusedBatchNormV3;resnet101/conv2_block1_0_bn/FusedBatchNormV3/ReadVariableOp;resnet101/conv4_block5_1_conv/BiasAdd;resnet101/conv4_block23_2_bn/FusedBatchNormV3;resnet101/conv4_block5_1_conv/Conv2D]:51
	                 CONV_2D	          495.074	   18.759	   18.905	  1.473%	 40.034%	     0.000	        1	[resnet101/conv4_block5_2_relu/Relu;resnet101/conv4_block5_2_bn/FusedBatchNormV3;resnet101/conv2_block1_0_bn/FusedBatchNormV3/ReadVariableOp;resnet101/conv4_block5_2_conv/BiasAdd;resnet101/conv4_block23_2_bn/FusedBatchNormV3;resnet101/conv4_block5_2_conv/Conv2D]:52
	                 CONV_2D	          513.980	    7.871	    7.986	  0.622%	 40.656%	     0.000	        1	[resnet101/conv4_block5_3_bn/FusedBatchNormV3;resnet101/conv4_block10_3_bn/FusedBatchNormV3/ReadVariableOp;resnet101/conv4_block5_3_conv/BiasAdd;resnet101/conv4_block23_3_bn/FusedBatchNormV3;resnet101/conv4_block5_3_conv/Conv2D]:53
	                     ADD	          521.968	    0.849	    0.858	  0.067%	 40.723%	     0.000	        1	[resnet101/conv4_block5_out/Relu;resnet101/conv4_block5_add/add]:54
	                 CONV_2D	          522.827	    7.395	    7.542	  0.588%	 41.311%	     0.000	        1	[resnet101/conv4_block6_1_relu/Relu;resnet101/conv4_block6_1_bn/FusedBatchNormV3;resnet101/conv2_block1_0_bn/FusedBatchNormV3/ReadVariableOp;resnet101/conv4_block6_1_conv/BiasAdd;resnet101/conv4_block23_2_bn/FusedBatchNormV3;resnet101/conv4_block6_1_conv/Conv2D]:55
	                 CONV_2D	          530.371	   18.681	   18.950	  1.476%	 42.787%	     0.000	        1	[resnet101/conv4_block6_2_relu/Relu;resnet101/conv4_block6_2_bn/FusedBatchNormV3;resnet101/conv2_block1_0_bn/FusedBatchNormV3/ReadVariableOp;resnet101/conv4_block6_2_conv/BiasAdd;resnet101/conv4_block23_2_bn/FusedBatchNormV3;resnet101/conv4_block6_2_conv/Conv2D]:56
	                 CONV_2D	          549.323	    7.966	    7.967	  0.621%	 43.408%	     0.000	        1	[resnet101/conv4_block6_3_bn/FusedBatchNormV3;resnet101/conv4_block10_3_bn/FusedBatchNormV3/ReadVariableOp;resnet101/conv4_block6_3_conv/BiasAdd;resnet101/conv4_block23_3_bn/FusedBatchNormV3;resnet101/conv4_block6_3_conv/Conv2D]:57
	                     ADD	          557.291	    0.845	    0.880	  0.069%	 43.476%	     0.000	        1	[resnet101/conv4_block6_out/Relu;resnet101/conv4_block6_add/add]:58
	                 CONV_2D	          558.172	    7.420	    7.544	  0.588%	 44.064%	     0.000	        1	[resnet101/conv4_block7_1_relu/Relu;resnet101/conv4_block7_1_bn/FusedBatchNormV3;resnet101/conv2_block1_0_bn/FusedBatchNormV3/ReadVariableOp;resnet101/conv4_block7_1_conv/BiasAdd;resnet101/conv4_block23_2_bn/FusedBatchNormV3;resnet101/conv4_block7_1_conv/Conv2D]:59
	                 CONV_2D	          565.718	   18.677	   19.034	  1.483%	 45.547%	     0.000	        1	[resnet101/conv4_block7_2_relu/Relu;resnet101/conv4_block7_2_bn/FusedBatchNormV3;resnet101/conv2_block1_0_bn/FusedBatchNormV3/ReadVariableOp;resnet101/conv4_block7_2_conv/BiasAdd;resnet101/conv4_block23_2_bn/FusedBatchNormV3;resnet101/conv4_block7_2_conv/Conv2D]:60
	                 CONV_2D	          584.753	    7.914	    7.963	  0.620%	 46.167%	     0.000	        1	[resnet101/conv4_block7_3_bn/FusedBatchNormV3;resnet101/conv4_block10_3_bn/FusedBatchNormV3/ReadVariableOp;resnet101/conv4_block7_3_conv/BiasAdd;resnet101/conv4_block23_3_bn/FusedBatchNormV3;resnet101/conv4_block7_3_conv/Conv2D]:61
	                     ADD	          592.717	    0.867	    0.868	  0.068%	 46.235%	     0.000	        1	[resnet101/conv4_block7_out/Relu;resnet101/conv4_block7_add/add]:62
	                 CONV_2D	          593.586	    7.401	    7.529	  0.587%	 46.821%	     0.000	        1	[resnet101/conv4_block8_1_relu/Relu;resnet101/conv4_block8_1_bn/FusedBatchNormV3;resnet101/conv2_block1_0_bn/FusedBatchNormV3/ReadVariableOp;resnet101/conv4_block8_1_conv/BiasAdd;resnet101/conv4_block23_2_bn/FusedBatchNormV3;resnet101/conv4_block8_1_conv/Conv2D]:63
	                 CONV_2D	          601.116	   18.747	   18.996	  1.480%	 48.301%	     0.000	        1	[resnet101/conv4_block8_2_relu/Relu;resnet101/conv4_block8_2_bn/FusedBatchNormV3;resnet101/conv2_block1_0_bn/FusedBatchNormV3/ReadVariableOp;resnet101/conv4_block8_2_conv/BiasAdd;resnet101/conv4_block23_2_bn/FusedBatchNormV3;resnet101/conv4_block8_2_conv/Conv2D]:64
	                 CONV_2D	          620.115	    8.018	    7.975	  0.621%	 48.923%	     0.000	        1	[resnet101/conv4_block8_3_bn/FusedBatchNormV3;resnet101/conv4_block10_3_bn/FusedBatchNormV3/ReadVariableOp;resnet101/conv4_block8_3_conv/BiasAdd;resnet101/conv4_block23_3_bn/FusedBatchNormV3;resnet101/conv4_block8_3_conv/Conv2D]:65
	                     ADD	          628.091	    0.881	    0.860	  0.067%	 48.990%	     0.000	        1	[resnet101/conv4_block8_out/Relu;resnet101/conv4_block8_add/add]:66
	                 CONV_2D	          628.952	    7.313	    7.525	  0.586%	 49.576%	     0.000	        1	[resnet101/conv4_block9_1_relu/Relu;resnet101/conv4_block9_1_bn/FusedBatchNormV3;resnet101/conv2_block1_0_bn/FusedBatchNormV3/ReadVariableOp;resnet101/conv4_block9_1_conv/BiasAdd;resnet101/conv4_block23_2_bn/FusedBatchNormV3;resnet101/conv4_block9_1_conv/Conv2D]:67
	                 CONV_2D	          636.478	   19.160	   18.870	  1.470%	 51.046%	     0.000	        1	[resnet101/conv4_block9_2_relu/Relu;resnet101/conv4_block9_2_bn/FusedBatchNormV3;resnet101/conv2_block1_0_bn/FusedBatchNormV3/ReadVariableOp;resnet101/conv4_block9_2_conv/BiasAdd;resnet101/conv4_block23_2_bn/FusedBatchNormV3;resnet101/conv4_block9_2_conv/Conv2D]:68
	                 CONV_2D	          655.349	    8.112	    7.983	  0.622%	 51.668%	     0.000	        1	[resnet101/conv4_block9_3_bn/FusedBatchNormV3;resnet101/conv4_block10_3_bn/FusedBatchNormV3/ReadVariableOp;resnet101/conv4_block9_3_conv/BiasAdd;resnet101/conv4_block23_3_bn/FusedBatchNormV3;resnet101/conv4_block9_3_conv/Conv2D]:69
	                     ADD	          663.333	    0.847	    0.866	  0.067%	 51.735%	     0.000	        1	[resnet101/conv4_block9_out/Relu;resnet101/conv4_block9_add/add]:70
	                 CONV_2D	          664.200	    7.615	    7.501	  0.584%	 52.320%	     0.000	        1	[resnet101/conv4_block10_1_relu/Relu;resnet101/conv4_block10_1_bn/FusedBatchNormV3;resnet101/conv2_block1_0_bn/FusedBatchNormV3/ReadVariableOp;resnet101/conv4_block10_1_conv/BiasAdd;resnet101/conv4_block23_2_bn/FusedBatchNormV3;resnet101/conv4_block10_1_conv/Conv2D]:71
	                 CONV_2D	          671.703	   19.014	   18.805	  1.465%	 53.785%	     0.000	        1	[resnet101/conv4_block10_2_relu/Relu;resnet101/conv4_block10_2_bn/FusedBatchNormV3;resnet101/conv2_block1_0_bn/FusedBatchNormV3/ReadVariableOp;resnet101/conv4_block10_2_conv/BiasAdd;resnet101/conv4_block23_2_bn/FusedBatchNormV3;resnet101/conv4_block10_2_conv/Conv2D]:72
	                 CONV_2D	          690.509	    7.908	    7.933	  0.618%	 54.403%	     0.000	        1	[resnet101/conv4_block10_3_bn/FusedBatchNormV3;resnet101/conv4_block10_3_bn/FusedBatchNormV3/ReadVariableOp;resnet101/conv4_block10_3_conv/BiasAdd;resnet101/conv4_block23_3_bn/FusedBatchNormV3;resnet101/conv4_block10_3_conv/Conv2D]:73
	                     ADD	          698.444	    0.834	    0.865	  0.067%	 54.470%	     0.000	        1	[resnet101/conv4_block10_out/Relu;resnet101/conv4_block10_add/add]:74
	                 CONV_2D	          699.310	    7.447	    7.472	  0.582%	 55.052%	     0.000	        1	[resnet101/conv4_block11_1_relu/Relu;resnet101/conv4_block11_1_bn/FusedBatchNormV3;resnet101/conv2_block1_0_bn/FusedBatchNormV3/ReadVariableOp;resnet101/conv4_block11_1_conv/BiasAdd;resnet101/conv4_block23_2_bn/FusedBatchNormV3;resnet101/conv4_block11_1_conv/Conv2D]:75
	                 CONV_2D	          706.783	   18.703	   18.782	  1.463%	 56.515%	     0.000	        1	[resnet101/conv4_block11_2_relu/Relu;resnet101/conv4_block11_2_bn/FusedBatchNormV3;resnet101/conv2_block1_0_bn/FusedBatchNormV3/ReadVariableOp;resnet101/conv4_block11_2_conv/BiasAdd;resnet101/conv4_block23_2_bn/FusedBatchNormV3;resnet101/conv4_block11_2_conv/Conv2D]:76
	                 CONV_2D	          725.566	    7.926	    7.938	  0.618%	 57.134%	     0.000	        1	[resnet101/conv4_block11_3_bn/FusedBatchNormV3;resnet101/conv4_block10_3_bn/FusedBatchNormV3/ReadVariableOp;resnet101/conv4_block11_3_conv/BiasAdd;resnet101/conv4_block23_3_bn/FusedBatchNormV3;resnet101/conv4_block11_3_conv/Conv2D]:77
	                     ADD	          733.506	    0.834	    0.870	  0.068%	 57.201%	     0.000	        1	[resnet101/conv4_block11_out/Relu;resnet101/conv4_block11_add/add]:78
	                 CONV_2D	          734.377	    7.441	    7.491	  0.584%	 57.785%	     0.000	        1	[resnet101/conv4_block12_1_relu/Relu;resnet101/conv4_block12_1_bn/FusedBatchNormV3;resnet101/conv2_block1_0_bn/FusedBatchNormV3/ReadVariableOp;resnet101/conv4_block12_1_conv/BiasAdd;resnet101/conv4_block23_2_bn/FusedBatchNormV3;resnet101/conv4_block12_1_conv/Conv2D]:79
	                 CONV_2D	          741.869	   18.701	   18.932	  1.475%	 59.260%	     0.000	        1	[resnet101/conv4_block12_2_relu/Relu;resnet101/conv4_block12_2_bn/FusedBatchNormV3;resnet101/conv2_block1_0_bn/FusedBatchNormV3/ReadVariableOp;resnet101/conv4_block12_2_conv/BiasAdd;resnet101/conv4_block23_2_bn/FusedBatchNormV3;resnet101/conv4_block12_2_conv/Conv2D]:80
	                 CONV_2D	          760.802	    8.042	    7.970	  0.621%	 59.881%	     0.000	        1	[resnet101/conv4_block12_3_bn/FusedBatchNormV3;resnet101/conv4_block10_3_bn/FusedBatchNormV3/ReadVariableOp;resnet101/conv4_block12_3_conv/BiasAdd;resnet101/conv4_block23_3_bn/FusedBatchNormV3;resnet101/conv4_block12_3_conv/Conv2D]:81
	                     ADD	          768.773	    0.882	    0.862	  0.067%	 59.948%	     0.000	        1	[resnet101/conv4_block12_out/Relu;resnet101/conv4_block12_add/add]:82
	                 CONV_2D	          769.636	    7.580	    7.518	  0.586%	 60.534%	     0.000	        1	[resnet101/conv4_block13_1_relu/Relu;resnet101/conv4_block13_1_bn/FusedBatchNormV3;resnet101/conv2_block1_0_bn/FusedBatchNormV3/ReadVariableOp;resnet101/conv4_block13_1_conv/BiasAdd;resnet101/conv4_block23_2_bn/FusedBatchNormV3;resnet101/conv4_block13_1_conv/Conv2D]:83
	                 CONV_2D	          777.155	   18.567	   18.942	  1.476%	 62.009%	     0.000	        1	[resnet101/conv4_block13_2_relu/Relu;resnet101/conv4_block13_2_bn/FusedBatchNormV3;resnet101/conv2_block1_0_bn/FusedBatchNormV3/ReadVariableOp;resnet101/conv4_block13_2_conv/BiasAdd;resnet101/conv4_block23_2_bn/FusedBatchNormV3;resnet101/conv4_block13_2_conv/Conv2D]:84
	                 CONV_2D	          796.098	    8.160	    7.988	  0.622%	 62.632%	     0.000	        1	[resnet101/conv4_block13_3_bn/FusedBatchNormV3;resnet101/conv4_block10_3_bn/FusedBatchNormV3/ReadVariableOp;resnet101/conv4_block13_3_conv/BiasAdd;resnet101/conv4_block23_3_bn/FusedBatchNormV3;resnet101/conv4_block13_3_conv/Conv2D]:85
	                     ADD	          804.088	    0.877	    0.862	  0.067%	 62.699%	     0.000	        1	[resnet101/conv4_block13_out/Relu;resnet101/conv4_block13_add/add]:86
	                 CONV_2D	          804.951	    7.533	    7.517	  0.586%	 63.284%	     0.000	        1	[resnet101/conv4_block14_1_relu/Relu;resnet101/conv4_block14_1_bn/FusedBatchNormV3;resnet101/conv2_block1_0_bn/FusedBatchNormV3/ReadVariableOp;resnet101/conv4_block14_1_conv/BiasAdd;resnet101/conv4_block23_2_bn/FusedBatchNormV3;resnet101/conv4_block14_1_conv/Conv2D]:87
	                 CONV_2D	          812.469	   19.206	   18.894	  1.472%	 64.756%	     0.000	        1	[resnet101/conv4_block14_2_relu/Relu;resnet101/conv4_block14_2_bn/FusedBatchNormV3;resnet101/conv2_block1_0_bn/FusedBatchNormV3/ReadVariableOp;resnet101/conv4_block14_2_conv/BiasAdd;resnet101/conv4_block23_2_bn/FusedBatchNormV3;resnet101/conv4_block14_2_conv/Conv2D]:88
	                 CONV_2D	          831.364	    8.010	    7.959	  0.620%	 65.376%	     0.000	        1	[resnet101/conv4_block14_3_bn/FusedBatchNormV3;resnet101/conv4_block10_3_bn/FusedBatchNormV3/ReadVariableOp;resnet101/conv4_block14_3_conv/BiasAdd;resnet101/conv4_block23_3_bn/FusedBatchNormV3;resnet101/conv4_block14_3_conv/Conv2D]:89
	                     ADD	          839.325	    0.846	    0.862	  0.067%	 65.443%	     0.000	        1	[resnet101/conv4_block14_out/Relu;resnet101/conv4_block14_add/add]:90
	                 CONV_2D	          840.188	    7.728	    7.519	  0.586%	 66.029%	     0.000	        1	[resnet101/conv4_block15_1_relu/Relu;resnet101/conv4_block15_1_bn/FusedBatchNormV3;resnet101/conv2_block1_0_bn/FusedBatchNormV3/ReadVariableOp;resnet101/conv4_block15_1_conv/BiasAdd;resnet101/conv4_block23_2_bn/FusedBatchNormV3;resnet101/conv4_block15_1_conv/Conv2D]:91
	                 CONV_2D	          847.708	   19.417	   18.880	  1.471%	 67.500%	     0.000	        1	[resnet101/conv4_block15_2_relu/Relu;resnet101/conv4_block15_2_bn/FusedBatchNormV3;resnet101/conv2_block1_0_bn/FusedBatchNormV3/ReadVariableOp;resnet101/conv4_block15_2_conv/BiasAdd;resnet101/conv4_block23_2_bn/FusedBatchNormV3;resnet101/conv4_block15_2_conv/Conv2D]:92
	                 CONV_2D	          866.590	    8.062	    7.914	  0.617%	 68.117%	     0.000	        1	[resnet101/conv4_block15_3_bn/FusedBatchNormV3;resnet101/conv4_block10_3_bn/FusedBatchNormV3/ReadVariableOp;resnet101/conv4_block15_3_conv/BiasAdd;resnet101/conv4_block23_3_bn/FusedBatchNormV3;resnet101/conv4_block15_3_conv/Conv2D]:93
	                     ADD	          874.506	    0.851	    0.863	  0.067%	 68.184%	     0.000	        1	[resnet101/conv4_block15_out/Relu;resnet101/conv4_block15_add/add]:94
	                 CONV_2D	          875.370	    7.699	    7.525	  0.586%	 68.770%	     0.000	        1	[resnet101/conv4_block16_1_relu/Relu;resnet101/conv4_block16_1_bn/FusedBatchNormV3;resnet101/conv2_block1_0_bn/FusedBatchNormV3/ReadVariableOp;resnet101/conv4_block16_1_conv/BiasAdd;resnet101/conv4_block23_2_bn/FusedBatchNormV3;resnet101/conv4_block16_1_conv/Conv2D]:95
	                 CONV_2D	          882.897	   19.382	   18.853	  1.469%	 70.239%	     0.000	        1	[resnet101/conv4_block16_2_relu/Relu;resnet101/conv4_block16_2_bn/FusedBatchNormV3;resnet101/conv2_block1_0_bn/FusedBatchNormV3/ReadVariableOp;resnet101/conv4_block16_2_conv/BiasAdd;resnet101/conv4_block23_2_bn/FusedBatchNormV3;resnet101/conv4_block16_2_conv/Conv2D]:96
	                 CONV_2D	          901.752	    8.150	    7.969	  0.621%	 70.860%	     0.000	        1	[resnet101/conv4_block16_3_bn/FusedBatchNormV3;resnet101/conv4_block10_3_bn/FusedBatchNormV3/ReadVariableOp;resnet101/conv4_block16_3_conv/BiasAdd;resnet101/conv4_block23_3_bn/FusedBatchNormV3;resnet101/conv4_block16_3_conv/Conv2D]:97
	                     ADD	          909.723	    0.839	    0.866	  0.067%	 70.927%	     0.000	        1	[resnet101/conv4_block16_out/Relu;resnet101/conv4_block16_add/add]:98
	                 CONV_2D	          910.590	    7.803	    7.520	  0.586%	 71.513%	     0.000	        1	[resnet101/conv4_block17_1_relu/Relu;resnet101/conv4_block17_1_bn/FusedBatchNormV3;resnet101/conv2_block1_0_bn/FusedBatchNormV3/ReadVariableOp;resnet101/conv4_block17_1_conv/BiasAdd;resnet101/conv4_block23_2_bn/FusedBatchNormV3;resnet101/conv4_block17_1_conv/Conv2D]:99
	                 CONV_2D	          918.111	   19.630	   18.897	  1.472%	 72.985%	     0.000	        1	[resnet101/conv4_block17_2_relu/Relu;resnet101/conv4_block17_2_bn/FusedBatchNormV3;resnet101/conv2_block1_0_bn/FusedBatchNormV3/ReadVariableOp;resnet101/conv4_block17_2_conv/BiasAdd;resnet101/conv4_block23_2_bn/FusedBatchNormV3;resnet101/conv4_block17_2_conv/Conv2D]:100
	                 CONV_2D	          937.009	    8.045	    7.987	  0.622%	 73.607%	     0.000	        1	[resnet101/conv4_block17_3_bn/FusedBatchNormV3;resnet101/conv4_block10_3_bn/FusedBatchNormV3/ReadVariableOp;resnet101/conv4_block17_3_conv/BiasAdd;resnet101/conv4_block23_3_bn/FusedBatchNormV3;resnet101/conv4_block17_3_conv/Conv2D]:101
	                     ADD	          944.997	    0.879	    0.867	  0.068%	 73.675%	     0.000	        1	[resnet101/conv4_block17_out/Relu;resnet101/conv4_block17_add/add]:102
	                 CONV_2D	          945.865	    7.866	    7.502	  0.584%	 74.259%	     0.000	        1	[resnet101/conv4_block18_1_relu/Relu;resnet101/conv4_block18_1_bn/FusedBatchNormV3;resnet101/conv2_block1_0_bn/FusedBatchNormV3/ReadVariableOp;resnet101/conv4_block18_1_conv/BiasAdd;resnet101/conv4_block23_2_bn/FusedBatchNormV3;resnet101/conv4_block18_1_conv/Conv2D]:103
	                 CONV_2D	          953.368	   19.902	   18.843	  1.468%	 75.727%	     0.000	        1	[resnet101/conv4_block18_2_relu/Relu;resnet101/conv4_block18_2_bn/FusedBatchNormV3;resnet101/conv2_block1_0_bn/FusedBatchNormV3/ReadVariableOp;resnet101/conv4_block18_2_conv/BiasAdd;resnet101/conv4_block23_2_bn/FusedBatchNormV3;resnet101/conv4_block18_2_conv/Conv2D]:104
	                 CONV_2D	          972.213	    8.132	    7.947	  0.619%	 76.346%	     0.000	        1	[resnet101/conv4_block18_3_bn/FusedBatchNormV3;resnet101/conv4_block10_3_bn/FusedBatchNormV3/ReadVariableOp;resnet101/conv4_block18_3_conv/BiasAdd;resnet101/conv4_block23_3_bn/FusedBatchNormV3;resnet101/conv4_block18_3_conv/Conv2D]:105
	                     ADD	          980.161	    0.881	    0.863	  0.067%	 76.414%	     0.000	        1	[resnet101/conv4_block18_out/Relu;resnet101/conv4_block18_add/add]:106
	                 CONV_2D	          981.025	    7.680	    7.477	  0.583%	 76.996%	     0.000	        1	[resnet101/conv4_block19_1_relu/Relu;resnet101/conv4_block19_1_bn/FusedBatchNormV3;resnet101/conv2_block1_0_bn/FusedBatchNormV3/ReadVariableOp;resnet101/conv4_block19_1_conv/BiasAdd;resnet101/conv4_block23_2_bn/FusedBatchNormV3;resnet101/conv4_block19_1_conv/Conv2D]:107
	                 CONV_2D	          988.504	   19.526	   18.878	  1.471%	 78.467%	     0.000	        1	[resnet101/conv4_block19_2_relu/Relu;resnet101/conv4_block19_2_bn/FusedBatchNormV3;resnet101/conv2_block1_0_bn/FusedBatchNormV3/ReadVariableOp;resnet101/conv4_block19_2_conv/BiasAdd;resnet101/conv4_block23_2_bn/FusedBatchNormV3;resnet101/conv4_block19_2_conv/Conv2D]:108
	                 CONV_2D	         1007.383	    7.993	    7.949	  0.619%	 79.086%	     0.000	        1	[resnet101/conv4_block19_3_bn/FusedBatchNormV3;resnet101/conv4_block10_3_bn/FusedBatchNormV3/ReadVariableOp;resnet101/conv4_block19_3_conv/BiasAdd;resnet101/conv4_block23_3_bn/FusedBatchNormV3;resnet101/conv4_block19_3_conv/Conv2D]:109
	                     ADD	         1015.333	    0.837	    0.875	  0.068%	 79.154%	     0.000	        1	[resnet101/conv4_block19_out/Relu;resnet101/conv4_block19_add/add]:110
	                 CONV_2D	         1016.209	    7.524	    7.473	  0.582%	 79.736%	     0.000	        1	[resnet101/conv4_block20_1_relu/Relu;resnet101/conv4_block20_1_bn/FusedBatchNormV3;resnet101/conv2_block1_0_bn/FusedBatchNormV3/ReadVariableOp;resnet101/conv4_block20_1_conv/BiasAdd;resnet101/conv4_block23_2_bn/FusedBatchNormV3;resnet101/conv4_block20_1_conv/Conv2D]:111
	                 CONV_2D	         1023.683	   19.059	   18.884	  1.471%	 81.207%	     0.000	        1	[resnet101/conv4_block20_2_relu/Relu;resnet101/conv4_block20_2_bn/FusedBatchNormV3;resnet101/conv2_block1_0_bn/FusedBatchNormV3/ReadVariableOp;resnet101/conv4_block20_2_conv/BiasAdd;resnet101/conv4_block23_2_bn/FusedBatchNormV3;resnet101/conv4_block20_2_conv/Conv2D]:112
	                 CONV_2D	         1042.569	    8.100	    8.004	  0.624%	 81.831%	     0.000	        1	[resnet101/conv4_block20_3_bn/FusedBatchNormV3;resnet101/conv4_block10_3_bn/FusedBatchNormV3/ReadVariableOp;resnet101/conv4_block20_3_conv/BiasAdd;resnet101/conv4_block23_3_bn/FusedBatchNormV3;resnet101/conv4_block20_3_conv/Conv2D]:113
	                     ADD	         1050.574	    0.894	    0.866	  0.067%	 81.898%	     0.000	        1	[resnet101/conv4_block20_out/Relu;resnet101/conv4_block20_add/add]:114
	                 CONV_2D	         1051.441	    7.512	    7.526	  0.586%	 82.485%	     0.000	        1	[resnet101/conv4_block21_1_relu/Relu;resnet101/conv4_block21_1_bn/FusedBatchNormV3;resnet101/conv2_block1_0_bn/FusedBatchNormV3/ReadVariableOp;resnet101/conv4_block21_1_conv/BiasAdd;resnet101/conv4_block23_2_bn/FusedBatchNormV3;resnet101/conv4_block21_1_conv/Conv2D]:115
	                 CONV_2D	         1058.968	   20.892	   18.980	  1.479%	 83.963%	     0.000	        1	[resnet101/conv4_block21_2_relu/Relu;resnet101/conv4_block21_2_bn/FusedBatchNormV3;resnet101/conv2_block1_0_bn/FusedBatchNormV3/ReadVariableOp;resnet101/conv4_block21_2_conv/BiasAdd;resnet101/conv4_block23_2_bn/FusedBatchNormV3;resnet101/conv4_block21_2_conv/Conv2D]:116
	                 CONV_2D	         1077.949	    8.276	    7.952	  0.620%	 84.583%	     0.000	        1	[resnet101/conv4_block21_3_bn/FusedBatchNormV3;resnet101/conv4_block10_3_bn/FusedBatchNormV3/ReadVariableOp;resnet101/conv4_block21_3_conv/BiasAdd;resnet101/conv4_block23_3_bn/FusedBatchNormV3;resnet101/conv4_block21_3_conv/Conv2D]:117
	                     ADD	         1085.904	    0.853	    0.860	  0.067%	 84.650%	     0.000	        1	[resnet101/conv4_block21_out/Relu;resnet101/conv4_block21_add/add]:118
	                 CONV_2D	         1086.764	    7.906	    7.535	  0.587%	 85.237%	     0.000	        1	[resnet101/conv4_block22_1_relu/Relu;resnet101/conv4_block22_1_bn/FusedBatchNormV3;resnet101/conv2_block1_0_bn/FusedBatchNormV3/ReadVariableOp;resnet101/conv4_block22_1_conv/BiasAdd;resnet101/conv4_block23_2_bn/FusedBatchNormV3;resnet101/conv4_block22_1_conv/Conv2D]:119
	                 CONV_2D	         1094.301	   20.058	   18.934	  1.475%	 86.712%	     0.000	        1	[resnet101/conv4_block22_2_relu/Relu;resnet101/conv4_block22_2_bn/FusedBatchNormV3;resnet101/conv2_block1_0_bn/FusedBatchNormV3/ReadVariableOp;resnet101/conv4_block22_2_conv/BiasAdd;resnet101/conv4_block23_2_bn/FusedBatchNormV3;resnet101/conv4_block22_2_conv/Conv2D]:120
	                 CONV_2D	         1113.236	    8.150	    7.990	  0.622%	 87.334%	     0.000	        1	[resnet101/conv4_block22_3_bn/FusedBatchNormV3;resnet101/conv4_block10_3_bn/FusedBatchNormV3/ReadVariableOp;resnet101/conv4_block22_3_conv/BiasAdd;resnet101/conv4_block23_3_bn/FusedBatchNormV3;resnet101/conv4_block22_3_conv/Conv2D]:121
	                     ADD	         1121.227	    0.877	    0.857	  0.067%	 87.401%	     0.000	        1	[resnet101/conv4_block22_out/Relu;resnet101/conv4_block22_add/add]:122
	                 CONV_2D	         1122.085	    7.668	    7.530	  0.587%	 87.988%	     0.000	        1	[resnet101/conv4_block23_1_relu/Relu;resnet101/conv4_block23_1_bn/FusedBatchNormV3;resnet101/conv2_block1_0_bn/FusedBatchNormV3/ReadVariableOp;resnet101/conv4_block23_1_conv/BiasAdd;resnet101/conv4_block23_2_bn/FusedBatchNormV3;resnet101/conv4_block23_1_conv/Conv2D]:123
	                 CONV_2D	         1129.617	   19.365	   18.862	  1.469%	 89.457%	     0.000	        1	[resnet101/conv4_block23_2_relu/Relu;resnet101/conv4_block23_2_bn/FusedBatchNormV3;resnet101/conv2_block1_0_bn/FusedBatchNormV3/ReadVariableOp;resnet101/conv4_block23_2_conv/BiasAdd;resnet101/conv4_block23_2_conv/Conv2D]:124
	                 CONV_2D	         1148.481	    8.508	    7.981	  0.622%	 90.079%	     0.000	        1	[resnet101/conv4_block23_3_bn/FusedBatchNormV3;resnet101/conv4_block10_3_bn/FusedBatchNormV3/ReadVariableOp;resnet101/conv4_block23_3_conv/BiasAdd;resnet101/conv4_block23_3_conv/Conv2D]:125
	                     ADD	         1156.463	    0.836	    0.862	  0.067%	 90.146%	     0.000	        1	[resnet101/conv4_block23_out/Relu;resnet101/conv4_block23_add/add]:126
	                 CONV_2D	         1157.326	   16.951	   16.518	  1.287%	 91.433%	     0.000	        1	[resnet101/conv5_block1_0_bn/FusedBatchNormV3;resnet101/conv5_block1_0_bn/FusedBatchNormV3/ReadVariableOp;resnet101/conv5_block1_0_conv/BiasAdd;resnet101/conv5_block3_3_bn/FusedBatchNormV3;resnet101/conv5_block1_0_conv/Conv2D]:127
	                 CONV_2D	         1173.845	    4.211	    4.247	  0.331%	 91.764%	     0.000	        1	[resnet101/conv5_block1_1_relu/Relu;resnet101/conv5_block1_1_bn/FusedBatchNormV3;resnet101/conv3_block1_0_bn/FusedBatchNormV3/ReadVariableOp;resnet101/conv5_block1_1_conv/BiasAdd;resnet101/conv5_block3_2_bn/FusedBatchNormV3;resnet101/conv5_block1_1_conv/Conv2D]:128
	                 CONV_2D	         1178.094	   18.211	   18.416	  1.435%	 93.199%	     0.000	        1	[resnet101/conv5_block1_2_relu/Relu;resnet101/conv5_block1_2_bn/FusedBatchNormV3;resnet101/conv3_block1_0_bn/FusedBatchNormV3/ReadVariableOp;resnet101/conv5_block1_2_conv/BiasAdd;resnet101/conv5_block3_2_bn/FusedBatchNormV3;resnet101/conv5_block1_2_conv/Conv2D]:129
	                 CONV_2D	         1196.512	    8.225	    8.414	  0.655%	 93.854%	     0.000	        1	[resnet101/conv5_block1_3_bn/FusedBatchNormV3;resnet101/conv5_block1_0_bn/FusedBatchNormV3/ReadVariableOp;resnet101/conv5_block1_3_conv/BiasAdd;resnet101/conv5_block3_3_bn/FusedBatchNormV3;resnet101/conv5_block1_3_conv/Conv2D]:130
	                     ADD	         1204.928	    0.430	    0.443	  0.035%	 93.889%	     0.000	        1	[resnet101/conv5_block1_out/Relu;resnet101/conv5_block1_add/add]:131
	                 CONV_2D	         1205.372	    8.554	    8.518	  0.664%	 94.552%	     0.000	        1	[resnet101/conv5_block2_1_relu/Relu;resnet101/conv5_block2_1_bn/FusedBatchNormV3;resnet101/conv3_block1_0_bn/FusedBatchNormV3/ReadVariableOp;resnet101/conv5_block2_1_conv/BiasAdd;resnet101/conv5_block3_2_bn/FusedBatchNormV3;resnet101/conv5_block2_1_conv/Conv2D]:132
	                 CONV_2D	         1213.891	   18.956	   18.471	  1.439%	 95.991%	     0.000	        1	[resnet101/conv5_block2_2_relu/Relu;resnet101/conv5_block2_2_bn/FusedBatchNormV3;resnet101/conv3_block1_0_bn/FusedBatchNormV3/ReadVariableOp;resnet101/conv5_block2_2_conv/BiasAdd;resnet101/conv5_block3_2_bn/FusedBatchNormV3;resnet101/conv5_block2_2_conv/Conv2D]:133
	                 CONV_2D	         1232.364	    8.602	    8.414	  0.655%	 96.647%	     0.000	        1	[resnet101/conv5_block2_3_bn/FusedBatchNormV3;resnet101/conv5_block1_0_bn/FusedBatchNormV3/ReadVariableOp;resnet101/conv5_block2_3_conv/BiasAdd;resnet101/conv5_block3_3_bn/FusedBatchNormV3;resnet101/conv5_block2_3_conv/Conv2D]:134
	                     ADD	         1240.779	    0.537	    0.443	  0.035%	 96.681%	     0.000	        1	[resnet101/conv5_block2_out/Relu;resnet101/conv5_block2_add/add]:135
	                 CONV_2D	         1241.223	    9.254	    8.493	  0.662%	 97.343%	     0.000	        1	[resnet101/conv5_block3_1_relu/Relu;resnet101/conv5_block3_1_bn/FusedBatchNormV3;resnet101/conv3_block1_0_bn/FusedBatchNormV3/ReadVariableOp;resnet101/conv5_block3_1_conv/BiasAdd;resnet101/conv5_block3_2_bn/FusedBatchNormV3;resnet101/conv5_block3_1_conv/Conv2D]:136
	                 CONV_2D	         1249.717	   18.678	   18.407	  1.434%	 98.777%	     0.000	        1	[resnet101/conv5_block3_2_relu/Relu;resnet101/conv5_block3_2_bn/FusedBatchNormV3;resnet101/conv3_block1_0_bn/FusedBatchNormV3/ReadVariableOp;resnet101/conv5_block3_2_conv/BiasAdd;resnet101/conv5_block3_2_conv/Conv2D]:137
	                 CONV_2D	         1268.126	    8.327	    8.405	  0.655%	 99.432%	     0.000	        1	[resnet101/conv5_block3_3_bn/FusedBatchNormV3;resnet101/conv5_block1_0_bn/FusedBatchNormV3/ReadVariableOp;resnet101/conv5_block3_3_conv/BiasAdd;resnet101/conv5_block3_3_conv/Conv2D]:138
	                     ADD	         1276.533	    0.424	    0.443	  0.034%	 99.466%	     0.000	        1	[resnet101/conv5_block3_out/Relu;resnet101/conv5_block3_add/add]:139
	                    MEAN	         1276.976	    5.525	    5.570	  0.434%	 99.900%	     0.000	        1	[resnet101/avg_pool/Mean]:140
	         FULLY_CONNECTED	         1282.547	    1.265	    1.267	  0.099%	 99.999%	     0.000	        1	[resnet101/predictions/MatMul;resnet101/predictions/BiasAdd]:141
	                 SOFTMAX	         1283.816	    0.016	    0.017	  0.001%	100.000%	     0.000	        1	[StatefulPartitionedCall:0]:142

============================== Top by Computation Time ==============================
	             [node type]	          [start]	  [first]	 [avg ms]	     [%]	  [cdf%]	  [mem KB]	[times called]	[Name]
	                 CONV_2D	            1.119	   26.969	   26.685	  2.079%	  2.079%	     0.000	        1	[resnet101/conv1_relu/Relu;resnet101/conv1_bn/FusedBatchNormV3;resnet101/conv1_bn/FusedBatchNormV3/ReadVariableOp;resnet101/conv1_conv/BiasAdd;resnet101/conv2_block3_2_bn/FusedBatchNormV3;resnet101/conv1_conv/Conv2D]:1
	                 CONV_2D	           49.005	   19.516	   19.600	  1.527%	  3.606%	     0.000	        1	[resnet101/conv2_block1_2_relu/Relu;resnet101/conv2_block1_2_bn/FusedBatchNormV3;resnet101/conv1_bn/FusedBatchNormV3/ReadVariableOp;resnet101/conv2_block1_2_conv/BiasAdd;resnet101/conv2_block3_2_bn/FusedBatchNormV3;resnet101/conv2_block1_2_conv/Conv2D]:6
	                 CONV_2D	           94.393	   19.642	   19.549	  1.523%	  5.129%	     0.000	        1	[resnet101/conv2_block2_2_relu/Relu;resnet101/conv2_block2_2_bn/FusedBatchNormV3;resnet101/conv1_bn/FusedBatchNormV3/ReadVariableOp;resnet101/conv2_block2_2_conv/BiasAdd;resnet101/conv2_block3_2_bn/FusedBatchNormV3;resnet101/conv2_block2_2_conv/Conv2D]:10
	                 CONV_2D	          139.682	   20.702	   19.496	  1.519%	  6.648%	     0.000	        1	[resnet101/conv2_block3_2_relu/Relu;resnet101/conv2_block3_2_bn/FusedBatchNormV3;resnet101/conv1_bn/FusedBatchNormV3/ReadVariableOp;resnet101/conv2_block3_2_conv/BiasAdd;resnet101/conv2_block3_2_conv/Conv2D]:14
	                 CONV_2D	          565.718	   18.677	   19.034	  1.483%	  8.130%	     0.000	        1	[resnet101/conv4_block7_2_relu/Relu;resnet101/conv4_block7_2_bn/FusedBatchNormV3;resnet101/conv2_block1_0_bn/FusedBatchNormV3/ReadVariableOp;resnet101/conv4_block7_2_conv/BiasAdd;resnet101/conv4_block23_2_bn/FusedBatchNormV3;resnet101/conv4_block7_2_conv/Conv2D]:60
	                 CONV_2D	          389.027	   18.746	   19.004	  1.480%	  9.611%	     0.000	        1	[resnet101/conv4_block2_2_relu/Relu;resnet101/conv4_block2_2_bn/FusedBatchNormV3;resnet101/conv2_block1_0_bn/FusedBatchNormV3/ReadVariableOp;resnet101/conv4_block2_2_conv/BiasAdd;resnet101/conv4_block23_2_bn/FusedBatchNormV3;resnet101/conv4_block2_2_conv/Conv2D]:40
	                 CONV_2D	          601.116	   18.747	   18.996	  1.480%	 11.091%	     0.000	        1	[resnet101/conv4_block8_2_relu/Relu;resnet101/conv4_block8_2_bn/FusedBatchNormV3;resnet101/conv2_block1_0_bn/FusedBatchNormV3/ReadVariableOp;resnet101/conv4_block8_2_conv/BiasAdd;resnet101/conv4_block23_2_bn/FusedBatchNormV3;resnet101/conv4_block8_2_conv/Conv2D]:64
	                 CONV_2D	          353.706	   18.549	   18.985	  1.479%	 12.570%	     0.000	        1	[resnet101/conv4_block1_2_relu/Relu;resnet101/conv4_block1_2_bn/FusedBatchNormV3;resnet101/conv2_block1_0_bn/FusedBatchNormV3/ReadVariableOp;resnet101/conv4_block1_2_conv/BiasAdd;resnet101/conv4_block23_2_bn/FusedBatchNormV3;resnet101/conv4_block1_2_conv/Conv2D]:36
	                 CONV_2D	         1058.968	   20.892	   18.980	  1.479%	 14.048%	     0.000	        1	[resnet101/conv4_block21_2_relu/Relu;resnet101/conv4_block21_2_bn/FusedBatchNormV3;resnet101/conv2_block1_0_bn/FusedBatchNormV3/ReadVariableOp;resnet101/conv4_block21_2_conv/BiasAdd;resnet101/conv4_block23_2_bn/FusedBatchNormV3;resnet101/conv4_block21_2_conv/Conv2D]:116
	                 CONV_2D	          459.656	   18.600	   18.960	  1.477%	 15.525%	     0.000	        1	[resnet101/conv4_block4_2_relu/Relu;resnet101/conv4_block4_2_bn/FusedBatchNormV3;resnet101/conv2_block1_0_bn/FusedBatchNormV3/ReadVariableOp;resnet101/conv4_block4_2_conv/BiasAdd;resnet101/conv4_block23_2_bn/FusedBatchNormV3;resnet101/conv4_block4_2_conv/Conv2D]:48

Number of nodes executed: 143
============================== Summary by node type ==============================
	             [Node type]	  [count]	  [avg ms]	    [avg %]	    [cdf %]	  [mem KB]	[times called]
	                 CONV_2D	      104	  1233.414	    96.094%	    96.094%	     0.000	      104
	                     ADD	       33	    38.304	     2.984%	    99.078%	     0.000	       33
	                    MEAN	        1	     5.569	     0.434%	    99.512%	     0.000	        1
	                     PAD	        2	     4.381	     0.341%	    99.853%	     0.000	        2
	         FULLY_CONNECTED	        1	     1.266	     0.099%	    99.952%	     0.000	        1
	             MAX_POOL_2D	        1	     0.604	     0.047%	    99.999%	     0.000	        1
	                 SOFTMAX	        1	     0.017	     0.001%	   100.000%	     0.000	        1

Timings (microseconds): count=100 first=1301673 curr=1279159 min=1213432 max=1318881 avg=1.28363e+06 std=15456
Memory (bytes): count=0
143 nodes observed



[ perf record: Woken up 363 times to write data ]
Warning:
Processed 501824 events and lost 12 chunks!

Check IO/CPU overload!

[ perf record: Captured and wrote 91.505 MB /tmp/data.record (500939 samples) ]

133.815

