1-batch-8192x512
614.4
1-batch-128x2048
87.0
1-batch-8192x4096
8474.4
1-batch-512x128
17.6
1-batch-8192x128
166.4
1-batch-2048x128
47.6
1-batch-128x512
26.2
1-batch-2048x4096
1831.8
1-batch-8192x32
54.0
1-batch-4096x128
87.0
1-batch-2048x8192
4477.4
1-batch-32x128
11.0
1-batch-32x8192
335.8
1-batch-512x8192
751.6
1-batch-32x2048
89.2
1-batch-128x128
10.2
1-batch-32x4096
171.6
1-batch-4096x8192
8613.0
1-batch-32x32
6.8
1-batch-4096x512
316.2
1-batch-2048x2048
641.6
1-batch-32x512
27.2
1-batch-128x32
6.4
1-batch-512x4096
379.0
1-batch-512x512
52.4
1-batch-128x8192
334.8
1-batch-2048x512
167.0
1-batch-128x4096
169.2
1-batch-8192x2048
4246.2
1-batch-2048x32
18.0
1-batch-512x2048
192.6
1-batch-4096x4096
4310.4
1-batch-512x32
9.0
1-batch-4096x32
29.8
1-batch-8192x8192
16900.2
1-batch-4096x2048
1729.6
