1-batch-64x8192
324.0
1-batch-8192x512
930.0
1-batch-2048x256
97.0
1-batch-256x32
22.0
1-batch-128x2048
76.0
1-batch-4096x1024
934.0
1-batch-8192x1024
1826.0
1-batch-8192x4096
7216.0
1-batch-512x128
31.0
1-batch-8192x128
219.0
1-batch-8192x64
103.0
1-batch-512x256
42.0
1-batch-2048x128
59.0
1-batch-128x512
36.0
1-batch-2048x4096
1881.0
1-batch-8192x32
61.0
1-batch-4096x128
99.0
1-batch-2048x8192
3735.0
1-batch-32x128
25.0
1-batch-512x1024
106.0
1-batch-32x8192
322.0
1-batch-512x8192
1041.0
1-batch-32x2048
76.0
1-batch-4096x256
206.0
1-batch-1024x2048
506.0
1-batch-1024x8192
1944.0
1-batch-64x64
23.0
1-batch-128x128
24.0
1-batch-64x512
36.0
1-batch-32x4096
141.0
1-batch-64x1024
50.0
1-batch-64x4096
141.0
1-batch-4096x8192
7273.0
1-batch-1024x1024
217.0
1-batch-32x32
23.0
1-batch-256x2048
118.0
1-batch-64x128
25.0
1-batch-4096x512
482.0
1-batch-2048x2048
957.0
1-batch-32x512
36.0
1-batch-256x128
26.0
1-batch-64x32
22.0
1-batch-256x8192
580.0
1-batch-128x32
20.0
1-batch-1024x4096
987.0
1-batch-1024x256
60.0
1-batch-512x64
26.0
1-batch-256x4096
257.0
1-batch-64x256
28.0
1-batch-512x4096
534.0
1-batch-128x256
28.0
1-batch-256x64
24.0
1-batch-512x512
63.0
1-batch-64x2048
76.0
1-batch-32x1024
49.0
1-batch-256x256
32.0
1-batch-128x1024
50.0
1-batch-1024x512
103.0
1-batch-128x8192
323.0
1-batch-2048x512
211.0
1-batch-128x4096
141.0
1-batch-256x512
44.0
1-batch-8192x2048
3622.0
1-batch-8192x256
478.0
1-batch-2048x32
31.0
1-batch-512x2048
231.0
1-batch-1024x32
25.0
1-batch-4096x4096
3652.0
1-batch-2048x1024
493.0
1-batch-1024x64
31.0
1-batch-512x32
24.0
1-batch-4096x32
40.0
1-batch-8192x8192
14405.0
1-batch-1024x128
41.0
1-batch-32x256
28.0
1-batch-256x1024
68.0
1-batch-128x64
23.0
1-batch-4096x2048
1840.0
1-batch-32x64
24.0
1-batch-4096x64
58.0
1-batch-2048x64
40.0
