1-batch-8192x512
2385.6
1-batch-128x2048
83.4
1-batch-8192x4096
18880.4
1-batch-512x128
16.2
1-batch-8192x128
149.4
1-batch-2048x128
43.2
1-batch-128x512
25.0
1-batch-2048x4096
4864.0
1-batch-8192x32
50.0
1-batch-4096x128
78.2
1-batch-2048x8192
9729.0
1-batch-32x128
9.2
1-batch-32x8192
256.4
1-batch-512x8192
2601.8
1-batch-32x2048
68.8
1-batch-128x128
10.2
1-batch-32x4096
131.2
1-batch-4096x8192
19039.6
1-batch-32x32
6.2
1-batch-4096x512
552.6
1-batch-2048x2048
2434.6
1-batch-32x512
21.0
1-batch-128x32
6.2
1-batch-512x4096
628.6
1-batch-512x512
47.6
1-batch-128x8192
318.6
1-batch-2048x512
149.2
1-batch-128x4096
161.4
1-batch-8192x2048
9442.8
1-batch-2048x32
16.6
1-batch-512x2048
173.0
1-batch-4096x4096
9528.0
1-batch-512x32
8.6
1-batch-4096x32
27.6
1-batch-8192x8192
37738.6
1-batch-4096x2048
4770.2
