STARTING!
Duplicate flags: num_threads
Log parameter values verbosely: [0]
Min num runs: [200]
Min runs duration (seconds): [1e-09]
Num threads: [1]
Use caching: [1]
Min warmup runs: [2]
Min warmup runs duration (seconds): [1e-09]
Graph: [/home/pi/Desktop/run-single-mul-multibatch/models/f32i8/model-256-batch-1024x512.tflite]
Enable op profiling: [1]
#threads used for CPU inference: [1]
Use xnnpack: [0]
Loaded model /home/pi/Desktop/run-single-mul-multibatch/models/f32i8/model-256-batch-1024x512.tflite
INFO: Initialized TensorFlow Lite runtime.
Applying FC Low-Precision for Kernel shape (1024, 512, ), Input shape (256, 1024, ), Output shape (256, 512, ), ID: 0, Method: BarrelShiftMulW8A8
	Allocating Filter Shape: (1024, 512, ) DONE
	Preparing Filter With Shape: (1024, 512, ) DONE
	Allocating An Input Temporary Tensor With Shape: (256, 1024, ) DONE
The input model file size (MB): 0.525296
Initialized session in 4.617ms.
Running benchmark for at least 2 iterations and at least 1e-09 seconds but terminate if exceeding 150 seconds.
count=2 first=20041 curr=16434 min=16434 max=20041 avg=18237.5 std=1803

Running benchmark for at least 200 iterations and at least 1e-09 seconds but terminate if exceeding 150 seconds.
count=200 first=16559 curr=17308 min=16253 max=18873 avg=16840.7 std=473

Inference timings in us: Init: 4617, First inference: 20041, Warmup (avg): 18237.5, Inference (avg): 16840.7
Note: as the benchmark tool itself affects memory footprint, the following is only APPROXIMATE to the actual memory footprint of the model at runtime. Take the information at your discretion.
Memory footprint delta from the start of the tool (MB): init=5.21484 overall=9.14062
Profiling Info for Benchmark Initialization:
============================== Run Order ==============================
	             [node type]	          [start]	  [first]	 [avg ms]	     [%]	  [cdf%]	  [mem KB]	[times called]	[Name]
	         AllocateTensors	            0.000	    3.175	    3.175	100.000%	100.000%	  1068.000	        1	AllocateTensors/0

============================== Top by Computation Time ==============================
	             [node type]	          [start]	  [first]	 [avg ms]	     [%]	  [cdf%]	  [mem KB]	[times called]	[Name]
	         AllocateTensors	            0.000	    3.175	    3.175	100.000%	100.000%	  1068.000	        1	AllocateTensors/0

Number of nodes executed: 1
============================== Summary by node type ==============================
	             [Node type]	  [count]	  [avg ms]	    [avg %]	    [cdf %]	  [mem KB]	[times called]
	         AllocateTensors	        1	     3.175	   100.000%	   100.000%	  1068.000	        1

Timings (microseconds): count=1 curr=3175
Memory (bytes): count=0
1 nodes observed



Operator-wise Profiling Info for Regular Benchmark Runs:
============================== Run Order ==============================
	             [node type]	          [start]	  [first]	 [avg ms]	     [%]	  [cdf%]	  [mem KB]	[times called]	[Name]
	         FULLY_CONNECTED	            0.023	   16.512	   16.790	100.000%	100.000%	     0.000	        1	[StatefulPartitionedCall:0]:0

============================== Top by Computation Time ==============================
	             [node type]	          [start]	  [first]	 [avg ms]	     [%]	  [cdf%]	  [mem KB]	[times called]	[Name]
	         FULLY_CONNECTED	            0.023	   16.512	   16.790	100.000%	100.000%	     0.000	        1	[StatefulPartitionedCall:0]:0

Number of nodes executed: 1
============================== Summary by node type ==============================
	             [Node type]	  [count]	  [avg ms]	    [avg %]	    [cdf %]	  [mem KB]	[times called]
	         FULLY_CONNECTED	        1	    16.790	   100.000%	   100.000%	     0.000	        1

Timings (microseconds): count=200 first=16512 curr=17262 min=16203 max=18791 avg=16790.2 std=472
Memory (bytes): count=0
1 nodes observed



[ perf record: Woken up 10 times to write data ]
Warning:
Processed 13867 events and lost 1 chunks!

Check IO/CPU overload!

[ perf record: Captured and wrote 2.619 MB /tmp/data.record (13824 samples) ]

4.721

