STARTING!
Duplicate flags: num_threads
Log parameter values verbosely: [0]
Min num runs: [200]
Min runs duration (seconds): [1e-09]
Num threads: [1]
Use caching: [1]
Min warmup runs: [2]
Min warmup runs duration (seconds): [1e-09]
Graph: [/home/pi/Desktop/run-single-mul-multibatch/models/f32i8/model-8-batch-2048x4096.tflite]
Enable op profiling: [1]
#threads used for CPU inference: [1]
Use xnnpack: [0]
Loaded model /home/pi/Desktop/run-single-mul-multibatch/models/f32i8/model-8-batch-2048x4096.tflite
INFO: Initialized TensorFlow Lite runtime.
Applying FC Low-Precision for Kernel shape (2048, 4096, ), Input shape (8, 2048, ), Output shape (8, 4096, ), ID: 0, Method: BarrelShiftMulW8A8
	Allocating Filter Shape: (2048, 4096, ) DONE
	Preparing Filter With Shape: (2048, 4096, ) DONE
	Allocating An Input Temporary Tensor With Shape: (8, 2048, ) DONE
The input model file size (MB): 8.38962
Initialized session in 69.267ms.
Running benchmark for at least 2 iterations and at least 1e-09 seconds but terminate if exceeding 150 seconds.
count=2 first=9398 curr=8665 min=8665 max=9398 avg=9031.5 std=366

Running benchmark for at least 200 iterations and at least 1e-09 seconds but terminate if exceeding 150 seconds.
count=200 first=8767 curr=8595 min=8487 max=8783 avg=8615.72 std=60

Inference timings in us: Init: 69267, First inference: 9398, Warmup (avg): 9031.5, Inference (avg): 8615.72
Note: as the benchmark tool itself affects memory footprint, the following is only APPROXIMATE to the actual memory footprint of the model at runtime. Take the information at your discretion.
Memory footprint delta from the start of the tool (MB): init=20.2422 overall=21.0742
Profiling Info for Benchmark Initialization:
============================== Run Order ==============================
	             [node type]	          [start]	  [first]	 [avg ms]	     [%]	  [cdf%]	  [mem KB]	[times called]	[Name]
	         AllocateTensors	            0.000	   67.813	   67.813	100.000%	100.000%	 16452.000	        1	AllocateTensors/0

============================== Top by Computation Time ==============================
	             [node type]	          [start]	  [first]	 [avg ms]	     [%]	  [cdf%]	  [mem KB]	[times called]	[Name]
	         AllocateTensors	            0.000	   67.813	   67.813	100.000%	100.000%	 16452.000	        1	AllocateTensors/0

Number of nodes executed: 1
============================== Summary by node type ==============================
	             [Node type]	  [count]	  [avg ms]	    [avg %]	    [cdf %]	  [mem KB]	[times called]
	         AllocateTensors	        1	    67.813	   100.000%	   100.000%	 16452.000	        1

Timings (microseconds): count=1 curr=67813
Memory (bytes): count=0
1 nodes observed



Operator-wise Profiling Info for Regular Benchmark Runs:
============================== Run Order ==============================
	             [node type]	          [start]	  [first]	 [avg ms]	     [%]	  [cdf%]	  [mem KB]	[times called]	[Name]
	         FULLY_CONNECTED	            0.010	    8.727	    8.580	100.000%	100.000%	     0.000	        1	[StatefulPartitionedCall:0]:0

============================== Top by Computation Time ==============================
	             [node type]	          [start]	  [first]	 [avg ms]	     [%]	  [cdf%]	  [mem KB]	[times called]	[Name]
	         FULLY_CONNECTED	            0.010	    8.727	    8.580	100.000%	100.000%	     0.000	        1	[StatefulPartitionedCall:0]:0

Number of nodes executed: 1
============================== Summary by node type ==============================
	             [Node type]	  [count]	  [avg ms]	    [avg %]	    [cdf %]	  [mem KB]	[times called]
	         FULLY_CONNECTED	        1	     8.579	   100.000%	   100.000%	     0.000	        1

Timings (microseconds): count=200 first=8727 curr=8557 min=8449 max=8752 avg=8579.61 std=61
Memory (bytes): count=0
1 nodes observed



[ perf record: Woken up 6 times to write data ]
[ perf record: Captured and wrote 1.428 MB /tmp/data.record (7320 samples) ]

3.535

