1-batch-64x8192
87.0
1-batch-2048x16384
18864.0
1-batch-8192x512
2359.0
1-batch-2048x256
75.0
1-batch-256x32
9.0
1-batch-128x2048
45.0
1-batch-4096x1024
2363.0
1-batch-8192x1024
4692.0
1-batch-8192x4096
18699.0
1-batch-512x128
17.0
1-batch-8192x16384
74920.0
1-batch-8192x128
139.0
1-batch-8192x64
74.0
1-batch-512x256
25.0
1-batch-2048x128
41.0
1-batch-16384x1024
9348.0
1-batch-16384x256
2355.0
1-batch-128x512
17.0
1-batch-2048x4096
4756.0
1-batch-8192x32
42.0
1-batch-4096x128
74.0
1-batch-2048x8192
9440.0
1-batch-32x128
10.0
1-batch-512x1024
76.0
1-batch-32x8192
88.0
1-batch-512x8192
2417.0
1-batch-32x2048
28.0
1-batch-16384x512
4685.0
1-batch-4096x256
139.0
1-batch-1024x2048
555.0
1-batch-512x16384
4809.0
1-batch-128x16384
788.0
1-batch-1024x8192
4799.0
1-batch-64x64
10.0
1-batch-128x128
11.0
1-batch-16384x8192
74688.0
1-batch-64x512
14.0
1-batch-32x4096
49.0
1-batch-64x16384
165.0
1-batch-16384x32
74.0
1-batch-64x1024
18.0
1-batch-4096x16384
37494.0
1-batch-64x4096
48.0
1-batch-256x16384
2490.0
1-batch-4096x8192
18808.0
1-batch-16384x2048
18666.0
1-batch-1024x1024
140.0
1-batch-32x32
9.0
1-batch-256x2048
80.0
1-batch-1024x16384
9504.0
1-batch-64x128
10.0
1-batch-4096x512
549.0
1-batch-16384x4096
37318.0
1-batch-32x16384
166.0
1-batch-2048x2048
2374.0
1-batch-32x512
14.0
1-batch-256x128
13.0
1-batch-64x32
9.0
1-batch-256x8192
660.0
1-batch-16384x64
139.0
1-batch-128x32
9.0
1-batch-1024x4096
2406.0
1-batch-1024x256
43.0
1-batch-512x64
13.0
1-batch-256x4096
151.0
1-batch-64x256
12.0
1-batch-512x4096
585.0
1-batch-128x256
13.0
1-batch-16384x128
645.0
1-batch-256x64
11.0
1-batch-512x512
43.0
1-batch-64x2048
28.0
1-batch-32x1024
19.0
1-batch-256x256
18.0
1-batch-128x1024
26.0
1-batch-1024x512
75.0
1-batch-128x8192
152.0
1-batch-2048x512
140.0
1-batch-128x4096
81.0
1-batch-256x512
26.0
1-batch-8192x2048
9371.0
1-batch-8192x256
582.0
1-batch-2048x32
17.0
1-batch-512x2048
143.0
1-batch-1024x32
13.0
1-batch-4096x4096
9383.0
1-batch-2048x1024
543.0
1-batch-1024x64
17.0
1-batch-512x32
11.0
1-batch-4096x32
25.0
1-batch-16384x16384
149360.0
1-batch-8192x8192
37465.0
1-batch-1024x128
25.0
1-batch-32x256
12.0
1-batch-256x1024
45.0
1-batch-128x64
9.0
1-batch-4096x2048
4704.0
1-batch-32x64
9.0
1-batch-4096x64
42.0
1-batch-2048x64
25.0
