STARTING!
Duplicate flags: num_threads
Log parameter values verbosely: [0]
Min num runs: [200]
Min runs duration (seconds): [1e-09]
Num threads: [1]
Use caching: [1]
Min warmup runs: [2]
Min warmup runs duration (seconds): [1e-09]
Graph: [/home/pi/Desktop/run-single-mul-multibatch/models/f32i8/model-256-batch-1024x1024.tflite]
Enable op profiling: [1]
#threads used for CPU inference: [1]
Use xnnpack: [0]
Loaded model /home/pi/Desktop/run-single-mul-multibatch/models/f32i8/model-256-batch-1024x1024.tflite
INFO: Initialized TensorFlow Lite runtime.
Applying FC Low-Precision for Kernel shape (1024, 1024, ), Input shape (256, 1024, ), Output shape (256, 1024, ), ID: 0, Method: BarrelShiftMulW8A8
	Allocating Filter Shape: (1024, 1024, ) DONE
	Preparing Filter With Shape: (1024, 1024, ) DONE
	Allocating An Input Temporary Tensor With Shape: (256, 1024, ) DONE
The input model file size (MB): 1.04958
Initialized session in 12.423ms.
Running benchmark for at least 2 iterations and at least 1e-09 seconds but terminate if exceeding 150 seconds.
count=2 first=38812 curr=35188 min=35188 max=38812 avg=37000 std=1812

Running benchmark for at least 200 iterations and at least 1e-09 seconds but terminate if exceeding 150 seconds.
count=200 first=34115 curr=32709 min=32243 max=36475 avg=32880.8 std=628

Inference timings in us: Init: 12423, First inference: 38812, Warmup (avg): 37000, Inference (avg): 32880.8
Note: as the benchmark tool itself affects memory footprint, the following is only APPROXIMATE to the actual memory footprint of the model at runtime. Take the information at your discretion.
Memory footprint delta from the start of the tool (MB): init=6.19922 overall=11.1562
Profiling Info for Benchmark Initialization:
============================== Run Order ==============================
	             [node type]	          [start]	  [first]	 [avg ms]	     [%]	  [cdf%]	  [mem KB]	[times called]	[Name]
	         AllocateTensors	            0.000	   10.403	   10.403	100.000%	100.000%	  2136.000	        1	AllocateTensors/0

============================== Top by Computation Time ==============================
	             [node type]	          [start]	  [first]	 [avg ms]	     [%]	  [cdf%]	  [mem KB]	[times called]	[Name]
	         AllocateTensors	            0.000	   10.403	   10.403	100.000%	100.000%	  2136.000	        1	AllocateTensors/0

Number of nodes executed: 1
============================== Summary by node type ==============================
	             [Node type]	  [count]	  [avg ms]	    [avg %]	    [cdf %]	  [mem KB]	[times called]
	         AllocateTensors	        1	    10.403	   100.000%	   100.000%	  2136.000	        1

Timings (microseconds): count=1 curr=10403
Memory (bytes): count=0
1 nodes observed



Operator-wise Profiling Info for Regular Benchmark Runs:
============================== Run Order ==============================
	             [node type]	          [start]	  [first]	 [avg ms]	     [%]	  [cdf%]	  [mem KB]	[times called]	[Name]
	         FULLY_CONNECTED	            0.022	   34.062	   32.825	100.000%	100.000%	     0.000	        1	[StatefulPartitionedCall:0]:0

============================== Top by Computation Time ==============================
	             [node type]	          [start]	  [first]	 [avg ms]	     [%]	  [cdf%]	  [mem KB]	[times called]	[Name]
	         FULLY_CONNECTED	            0.022	   34.062	   32.825	100.000%	100.000%	     0.000	        1	[StatefulPartitionedCall:0]:0

Number of nodes executed: 1
============================== Summary by node type ==============================
	             [Node type]	  [count]	  [avg ms]	    [avg %]	    [cdf %]	  [mem KB]	[times called]
	         FULLY_CONNECTED	        1	    32.825	   100.000%	   100.000%	     0.000	        1

Timings (microseconds): count=200 first=34062 curr=32662 min=32193 max=36372 avg=32825.3 std=625
Memory (bytes): count=0
1 nodes observed



[ perf record: Woken up 22 times to write data ]
[ perf record: Captured and wrote 5.297 MB /tmp/data.record (27584 samples) ]

8.593

