1-batch-8192x512
671.8
1-batch-128x2048
86.2
1-batch-8192x4096
9223.2
1-batch-512x128
18.4
1-batch-8192x128
180.0
1-batch-2048x128
50.2
1-batch-128x512
25.2
1-batch-2048x4096
1388.2
1-batch-8192x32
56.8
1-batch-4096x128
93.8
1-batch-2048x8192
3674.0
1-batch-32x128
10.6
1-batch-32x8192
337.2
1-batch-512x8192
809.6
1-batch-32x2048
89.8
1-batch-128x128
10.2
1-batch-32x4096
177.0
1-batch-4096x8192
9335.8
1-batch-32x32
6.6
1-batch-4096x512
345.6
1-batch-2048x2048
696.4
1-batch-32x512
25.2
1-batch-128x32
6.2
1-batch-512x4096
407.6
1-batch-512x512
55.8
1-batch-128x8192
335.2
1-batch-2048x512
179.6
1-batch-128x4096
169.6
1-batch-8192x2048
3483.2
1-batch-2048x32
18.4
1-batch-512x2048
205.4
1-batch-4096x4096
3441.0
1-batch-512x32
8.6
1-batch-4096x32
31.2
1-batch-8192x8192
18418.8
1-batch-4096x2048
1349.0
1-batch-32x32
6.6
