deepspeech-0.9.3-default-none-INT8
STARTING!
Duplicate flags: num_threads
Log parameter values verbosely: [0]
Min num runs: [100]
Min runs duration (seconds): [1e-09]
Num threads: [1]
Use caching: [1]
Min warmup runs: [10]
Min warmup runs duration (seconds): [1e-09]
Graph: [/data/local/tmp/deepspeech-0.9.3-default-none-INT8.tflite]
Enable op profiling: [1]
#threads used for CPU inference: [1]
Use xnnpack: [0]
Loaded model /data/local/tmp/deepspeech-0.9.3-default-none-INT8.tflite
	Transformed Filter Shape: (8192, 1024)
	Transformed Activation Shape From: (1, 4096) To: (1, 1024)
	Transformed Filter Shape: (8192, 1024)
	Transformed Activation Shape From: (1, 4096) To: (1, 1024)
	Transformed Filter Shape: (8192, 1024)
	Transformed Activation Shape From: (1, 4096) To: (1, 1024)
	Transformed Filter Shape: (8192, 1024)
	Transformed Activation Shape From: (1, 4096) To: (1, 1024)
	Transformed Filter Shape: (8192, 1024)
	Transformed Activation Shape From: (1, 4096) To: (1, 1024)
	Transformed Filter Shape: (8192, 1024)
	Transformed Activation Shape From: (1, 4096) To: (1, 1024)
	Transformed Filter Shape: (8192, 1024)
	Transformed Activation Shape From: (1, 4096) To: (1, 1024)
	Transformed Filter Shape: (8192, 1024)
	Transformed Activation Shape From: (1, 4096) To: (1, 1024)
	Transformed Filter Shape: (8192, 1024)
	Transformed Activation Shape From: (1, 4096) To: (1, 1024)
	Transformed Filter Shape: (8192, 1024)
	Transformed Activation Shape From: (1, 4096) To: (1, 1024)
	Transformed Filter Shape: (8192, 1024)
	Transformed Activation Shape From: (1, 4096) To: (1, 1024)
	Transformed Filter Shape: (8192, 1024)
	Transformed Activation Shape From: (1, 4096) To: (1, 1024)
	Transformed Filter Shape: (8192, 1024)
	Transformed Activation Shape From: (1, 4096) To: (1, 1024)
	Transformed Filter Shape: (8192, 1024)
	Transformed Activation Shape From: (1, 4096) To: (1, 1024)
	Transformed Filter Shape: (8192, 1024)
	Transformed Activation Shape From: (1, 4096) To: (1, 1024)
	Transformed Filter Shape: (8192, 1024)
	Transformed Activation Shape From: (1, 4096) To: (1, 1024)
The input model file size (MB): 47.37
Initialized session in 895.977ms.
Running benchmark for at least 10 iterations and at least 1e-09 seconds but terminate if exceeding 150 seconds.
count=10 first=109789 curr=104750 min=104264 max=109789 avg=105017 std=1596

Running benchmark for at least 100 iterations and at least 1e-09 seconds but terminate if exceeding 150 seconds.
count=100 first=105158 curr=107986 min=104863 max=109766 avg=105657 std=764

Inference timings in us: Init: 895977, First inference: 109789, Warmup (avg): 105017, Inference (avg): 105657
Note: as the benchmark tool itself affects memory footprint, the following is only APPROXIMATE to the actual memory footprint of the model at runtime. Take the information at your discretion.
Memory footprint delta from the start of the tool (MB): init=152.855 overall=168.836
Profiling Info for Benchmark Initialization:
============================== Run Order ==============================
	             [node type]	          [start]	  [first]	 [avg ms]	     [%]	  [cdf%]	  [mem KB]	[times called]	[Name]
	         AllocateTensors	            0.000	  893.249	  893.249	100.000%	100.000%	155828.000	        1	AllocateTensors/0

============================== Top by Computation Time ==============================
	             [node type]	          [start]	  [first]	 [avg ms]	     [%]	  [cdf%]	  [mem KB]	[times called]	[Name]
	         AllocateTensors	            0.000	  893.249	  893.249	100.000%	100.000%	155828.000	        1	AllocateTensors/0

Number of nodes executed: 1
============================== Summary by node type ==============================
	             [Node type]	  [count]	  [avg ms]	    [avg %]	    [cdf %]	  [mem KB]	[times called]
	         AllocateTensors	        1	   893.249	   100.000%	   100.000%	155828.000	        1

Timings (microseconds): count=1 curr=893249
Memory (bytes): count=0
1 nodes observed



Operator-wise Profiling Info for Regular Benchmark Runs:
============================== Run Order ==============================
	             [node type]	          [start]	  [first]	 [avg ms]	     [%]	  [cdf%]	  [mem KB]	[times called]	[Name]
	                QUANTIZE	            0.006	    0.023	    0.014	  0.013%	  0.013%	     0.000	        1	[input_samples_int8]:0
	                QUANTIZE	            0.020	    0.033	    0.033	  0.031%	  0.044%	     0.000	        1	[previous_state_h_int8]:1
	                QUANTIZE	            0.054	    0.034	    0.033	  0.031%	  0.075%	     0.000	        1	[previous_state_c_int8]:2
	                QUANTIZE	            0.088	    0.123	    0.123	  0.117%	  0.193%	     0.000	        1	[input_node_int8]:3
	                 RESHAPE	            0.212	    0.002	    0.002	  0.002%	  0.194%	     0.000	        1	[Reshape]:4
	              DEQUANTIZE	            0.214	    0.010	    0.009	  0.009%	  0.203%	     0.000	        1	[Reshape_float]:5
	        AudioSpectrogram	            0.225	    0.189	    0.190	  0.181%	  0.384%	     0.000	        1	[AudioSpectrogram]:6
	                    Mfcc	            0.416	    0.328	    0.339	  0.322%	  0.706%	     0.000	        1	[Mfcc]:7
	                QUANTIZE	            0.756	    0.003	    0.003	  0.003%	  0.709%	     0.000	        1	[Mfcc_int8]:8
	                 RESHAPE	            0.759	    0.001	    0.001	  0.001%	  0.710%	     0.000	        1	[mfccs_int8]:9
	         FULLY_CONNECTED	            0.761	    2.002	    2.083	  1.981%	  2.690%	     0.000	        1	[Relu6]:10
	         FULLY_CONNECTED	            2.847	    7.630	    7.635	  7.258%	  9.949%	     0.000	        1	[Relu6_1]:11
	         FULLY_CONNECTED	           10.488	    7.541	    7.588	  7.213%	 17.162%	     0.000	        1	[Relu6_2]:12
	                 RESHAPE	           18.080	    0.011	    0.012	  0.011%	 17.174%	     0.000	        1	[Reshape_3]:13
	              DEQUANTIZE	           18.092	    0.473	    0.476	  0.452%	 17.626%	     0.000	        1	[Reshape_3_float]:14
	           STRIDED_SLICE	           18.569	    0.012	    0.013	  0.012%	 17.638%	     0.000	        1	[cudnn_lstm/rnn/multi_rnn_cell/strided_slice]:15
	              DEQUANTIZE	           18.583	    0.475	    0.473	  0.450%	 18.088%	     0.000	        1	[Reshape_3_float]:16
	           STRIDED_SLICE	           19.058	    0.004	    0.005	  0.004%	 18.093%	     0.000	        1	[cudnn_lstm/rnn/multi_rnn_cell/strided_slice_1]:17
	              DEQUANTIZE	           19.063	    0.467	    0.473	  0.449%	 18.542%	     0.000	        1	[Reshape_3_float]:18
	           STRIDED_SLICE	           19.537	    0.004	    0.004	  0.004%	 18.546%	     0.000	        1	[cudnn_lstm/rnn/multi_rnn_cell/strided_slice_2]:19
	              DEQUANTIZE	           19.542	    0.465	    0.472	  0.449%	 18.994%	     0.000	        1	[Reshape_3_float]:20
	           STRIDED_SLICE	           20.015	    0.004	    0.004	  0.004%	 18.998%	     0.000	        1	[cudnn_lstm/rnn/multi_rnn_cell/strided_slice_3]:21
	              DEQUANTIZE	           20.020	    0.465	    0.471	  0.448%	 19.447%	     0.000	        1	[Reshape_3_float]:22
	           STRIDED_SLICE	           20.492	    0.003	    0.004	  0.004%	 19.450%	     0.000	        1	[cudnn_lstm/rnn/multi_rnn_cell/strided_slice_4]:23
	              DEQUANTIZE	           20.497	    0.467	    0.476	  0.452%	 19.903%	     0.000	        1	[Reshape_3_float]:24
	           STRIDED_SLICE	           20.974	    0.004	    0.004	  0.004%	 19.906%	     0.000	        1	[cudnn_lstm/rnn/multi_rnn_cell/strided_slice_5]:25
	              DEQUANTIZE	           20.978	    0.467	    0.471	  0.448%	 20.354%	     0.000	        1	[Reshape_3_float]:26
	           STRIDED_SLICE	           21.450	    0.004	    0.004	  0.004%	 20.358%	     0.000	        1	[cudnn_lstm/rnn/multi_rnn_cell/strided_slice_6]:27
	              DEQUANTIZE	           21.455	    0.465	    0.470	  0.447%	 20.804%	     0.000	        1	[Reshape_3_float]:28
	           STRIDED_SLICE	           21.926	    0.003	    0.004	  0.004%	 20.808%	     0.000	        1	[cudnn_lstm/rnn/multi_rnn_cell/strided_slice_7]:29
	              DEQUANTIZE	           21.931	    0.467	    0.473	  0.450%	 21.258%	     0.000	        1	[Reshape_3_float]:30
	           STRIDED_SLICE	           22.405	    0.004	    0.004	  0.004%	 21.261%	     0.000	        1	[cudnn_lstm/rnn/multi_rnn_cell/strided_slice_8]:31
	              DEQUANTIZE	           22.409	    0.467	    0.470	  0.447%	 21.708%	     0.000	        1	[Reshape_3_float]:32
	           STRIDED_SLICE	           22.880	    0.004	    0.004	  0.004%	 21.712%	     0.000	        1	[cudnn_lstm/rnn/multi_rnn_cell/strided_slice_9]:33
	              DEQUANTIZE	           22.885	    0.468	    0.472	  0.449%	 22.161%	     0.000	        1	[Reshape_3_float]:34
	           STRIDED_SLICE	           23.358	    0.004	    0.004	  0.004%	 22.164%	     0.000	        1	[cudnn_lstm/rnn/multi_rnn_cell/strided_slice_10]:35
	              DEQUANTIZE	           23.363	    0.467	    0.471	  0.448%	 22.612%	     0.000	        1	[Reshape_3_float]:36
	           STRIDED_SLICE	           23.835	    0.004	    0.004	  0.004%	 22.616%	     0.000	        1	[cudnn_lstm/rnn/multi_rnn_cell/strided_slice_11]:37
	              DEQUANTIZE	           23.840	    0.467	    0.472	  0.449%	 23.065%	     0.000	        1	[Reshape_3_float]:38
	           STRIDED_SLICE	           24.313	    0.004	    0.004	  0.004%	 23.068%	     0.000	        1	[cudnn_lstm/rnn/multi_rnn_cell/strided_slice_12]:39
	              DEQUANTIZE	           24.318	    0.466	    0.473	  0.450%	 23.518%	     0.000	        1	[Reshape_3_float]:40
	           STRIDED_SLICE	           24.792	    0.004	    0.004	  0.004%	 23.522%	     0.000	        1	[cudnn_lstm/rnn/multi_rnn_cell/strided_slice_13]:41
	              DEQUANTIZE	           24.797	    0.466	    0.471	  0.448%	 23.970%	     0.000	        1	[Reshape_3_float]:42
	           STRIDED_SLICE	           25.269	    0.003	    0.004	  0.004%	 23.973%	     0.000	        1	[cudnn_lstm/rnn/multi_rnn_cell/strided_slice_14]:43
	              DEQUANTIZE	           25.274	    0.467	    0.471	  0.447%	 24.421%	     0.000	        1	[Reshape_3_float]:44
	           STRIDED_SLICE	           25.745	    0.003	    0.003	  0.003%	 24.424%	     0.000	        1	[cudnn_lstm/rnn/multi_rnn_cell/strided_slice_15]:45
	                QUANTIZE	           25.750	    0.036	    0.035	  0.033%	 24.457%	     0.000	        1	[cudnn_lstm/rnn/multi_rnn_cell/strided_slice_int8]:46
	                QUANTIZE	           25.786	    0.056	    0.058	  0.055%	 24.513%	     0.000	        1	[previous_state_h_requantized]:47
	           CONCATENATION	           25.845	    0.020	    0.016	  0.015%	 24.528%	     0.000	        1	[cudnn_lstm/rnn/multi_rnn_cell/cell_0/cudnn_compatible_lstm_cell/concat]:48
	         FULLY_CONNECTED	           25.862	    3.609	    3.516	  3.343%	 27.871%	     0.000	        1	[cudnn_lstm/rnn/multi_rnn_cell/cell_0/cudnn_compatible_lstm_cell/BiasAdd]:49
	              DEQUANTIZE	           29.380	    0.119	    0.120	  0.114%	 27.985%	     0.000	        1	[cudnn_lstm/rnn/multi_rnn_cell/cell_0/cudnn_compatible_lstm_cell/BiasAdd_float]:50
	                   SPLIT	           29.502	    0.013	    0.013	  0.012%	 27.998%	     0.000	        1	[cudnn_lstm/rnn/multi_rnn_cell/cell_0/cudnn_compatible_lstm_cell/split, cudnn_lstm/rnn/multi_rnn_cell/cell_0/cudnn_compatible_lstm_cell/split:1, cudnn_lstm/rnn/multi_rnn_cell/cell_0/cudnn_compatible_lstm_cell/split:2, cudnn_lstm/rnn/multi_rnn_cell/cell_0/cudnn_compatible_lstm_cell/split:3]:51
	                QUANTIZE	           29.515	    0.033	    0.033	  0.032%	 28.029%	     0.000	        1	[cudnn_lstm/rnn/multi_rnn_cell/cell_0/cudnn_compatible_lstm_cell/split:2_int8]:52
	                LOGISTIC	           29.550	    0.017	    0.017	  0.016%	 28.045%	     0.000	        1	[cudnn_lstm/rnn/multi_rnn_cell/cell_0/cudnn_compatible_lstm_cell/Sigmoid]:53
	                     MUL	           29.568	    0.080	    0.081	  0.077%	 28.122%	     0.000	        1	[cudnn_lstm/rnn/multi_rnn_cell/cell_0/cudnn_compatible_lstm_cell/mul]:54
	                QUANTIZE	           29.649	    0.033	    0.034	  0.032%	 28.154%	     0.000	        1	[cudnn_lstm/rnn/multi_rnn_cell/cell_0/cudnn_compatible_lstm_cell/split_int8]:55
	                LOGISTIC	           29.684	    0.015	    0.015	  0.014%	 28.169%	     0.000	        1	[cudnn_lstm/rnn/multi_rnn_cell/cell_0/cudnn_compatible_lstm_cell/Sigmoid_1]:56
	                QUANTIZE	           29.700	    0.033	    0.033	  0.031%	 28.200%	     0.000	        1	[cudnn_lstm/rnn/multi_rnn_cell/cell_0/cudnn_compatible_lstm_cell/split:1_int8]:57
	                    TANH	           29.735	    0.015	    0.016	  0.015%	 28.215%	     0.000	        1	[cudnn_lstm/rnn/multi_rnn_cell/cell_0/cudnn_compatible_lstm_cell/Tanh]:58
	                     MUL	           29.751	    0.075	    0.074	  0.071%	 28.286%	     0.000	        1	[cudnn_lstm/rnn/multi_rnn_cell/cell_0/cudnn_compatible_lstm_cell/mul_1]:59
	                     ADD	           29.827	    0.101	    0.102	  0.097%	 28.383%	     0.000	        1	[cudnn_lstm/rnn/multi_rnn_cell/cell_0/cudnn_compatible_lstm_cell/add_1]:60
	                QUANTIZE	           29.930	    0.033	    0.033	  0.031%	 28.414%	     0.000	        1	[cudnn_lstm/rnn/multi_rnn_cell/cell_0/cudnn_compatible_lstm_cell/split:3_int8]:61
	                LOGISTIC	           29.964	    0.016	    0.015	  0.015%	 28.429%	     0.000	        1	[cudnn_lstm/rnn/multi_rnn_cell/cell_0/cudnn_compatible_lstm_cell/Sigmoid_2]:62
	                    TANH	           29.980	    0.015	    0.015	  0.015%	 28.443%	     0.000	        1	[cudnn_lstm/rnn/multi_rnn_cell/cell_0/cudnn_compatible_lstm_cell/Tanh_1]:63
	                     MUL	           29.997	    0.074	    0.075	  0.071%	 28.515%	     0.000	        1	[cudnn_lstm/rnn/multi_rnn_cell/cell_0/cudnn_compatible_lstm_cell/mul_2]:64
	                QUANTIZE	           30.073	    0.033	    0.033	  0.032%	 28.546%	     0.000	        1	[cudnn_lstm/rnn/multi_rnn_cell/strided_slice_1_int8]:65
	                QUANTIZE	           30.107	    0.052	    0.053	  0.051%	 28.597%	     0.000	        1	[cudnn_lstm/rnn/multi_rnn_cell/cell_0/cudnn_compatible_lstm_cell/mul_2_requantized]:66
	                QUANTIZE	           30.161	    0.052	    0.052	  0.049%	 28.646%	     0.000	        1	[cudnn_lstm/rnn/multi_rnn_cell/strided_slice_1_int8_requantized]:67
	           CONCATENATION	           30.214	    0.004	    0.004	  0.004%	 28.650%	     0.000	        1	[cudnn_lstm/rnn/multi_rnn_cell/cell_0/cudnn_compatible_lstm_cell/concat_1]:68
	         FULLY_CONNECTED	           30.219	    3.465	    3.489	  3.317%	 31.967%	     0.000	        1	[cudnn_lstm/rnn/multi_rnn_cell/cell_0/cudnn_compatible_lstm_cell/BiasAdd_1]:69
	              DEQUANTIZE	           33.709	    0.119	    0.120	  0.114%	 32.081%	     0.000	        1	[cudnn_lstm/rnn/multi_rnn_cell/cell_0/cudnn_compatible_lstm_cell/BiasAdd_1_float]:70
	                   SPLIT	           33.829	    0.008	    0.008	  0.007%	 32.088%	     0.000	        1	[cudnn_lstm/rnn/multi_rnn_cell/cell_0/cudnn_compatible_lstm_cell/split_1, cudnn_lstm/rnn/multi_rnn_cell/cell_0/cudnn_compatible_lstm_cell/split_1:1, cudnn_lstm/rnn/multi_rnn_cell/cell_0/cudnn_compatible_lstm_cell/split_1:2, cudnn_lstm/rnn/multi_rnn_cell/cell_0/cudnn_compatible_lstm_cell/split_1:3]:71
	                QUANTIZE	           33.838	    0.033	    0.033	  0.031%	 32.119%	     0.000	        1	[cudnn_lstm/rnn/multi_rnn_cell/cell_0/cudnn_compatible_lstm_cell/split_1:2_int8]:72
	                LOGISTIC	           33.872	    0.015	    0.016	  0.015%	 32.134%	     0.000	        1	[cudnn_lstm/rnn/multi_rnn_cell/cell_0/cudnn_compatible_lstm_cell/Sigmoid_3]:73
	                     MUL	           33.889	    0.075	    0.075	  0.072%	 32.206%	     0.000	        1	[cudnn_lstm/rnn/multi_rnn_cell/cell_0/cudnn_compatible_lstm_cell/mul_3]:74
	                QUANTIZE	           33.966	    0.033	    0.033	  0.031%	 32.237%	     0.000	        1	[cudnn_lstm/rnn/multi_rnn_cell/cell_0/cudnn_compatible_lstm_cell/split_1_int8]:75
	                LOGISTIC	           33.999	    0.016	    0.015	  0.015%	 32.252%	     0.000	        1	[cudnn_lstm/rnn/multi_rnn_cell/cell_0/cudnn_compatible_lstm_cell/Sigmoid_4]:76
	                QUANTIZE	           34.016	    0.033	    0.033	  0.031%	 32.283%	     0.000	        1	[cudnn_lstm/rnn/multi_rnn_cell/cell_0/cudnn_compatible_lstm_cell/split_1:1_int8]:77
	                    TANH	           34.050	    0.015	    0.015	  0.014%	 32.297%	     0.000	        1	[cudnn_lstm/rnn/multi_rnn_cell/cell_0/cudnn_compatible_lstm_cell/Tanh_2]:78
	                     MUL	           34.066	    0.075	    0.076	  0.073%	 32.370%	     0.000	        1	[cudnn_lstm/rnn/multi_rnn_cell/cell_0/cudnn_compatible_lstm_cell/mul_4]:79
	                     ADD	           34.143	    0.096	    0.096	  0.091%	 32.461%	     0.000	        1	[cudnn_lstm/rnn/multi_rnn_cell/cell_0/cudnn_compatible_lstm_cell/add_3]:80
	                QUANTIZE	           34.240	    0.034	    0.033	  0.032%	 32.493%	     0.000	        1	[cudnn_lstm/rnn/multi_rnn_cell/cell_0/cudnn_compatible_lstm_cell/split_1:3_int8]:81
	                LOGISTIC	           34.275	    0.016	    0.016	  0.015%	 32.508%	     0.000	        1	[cudnn_lstm/rnn/multi_rnn_cell/cell_0/cudnn_compatible_lstm_cell/Sigmoid_5]:82
	                    TANH	           34.291	    0.016	    0.016	  0.015%	 32.523%	     0.000	        1	[cudnn_lstm/rnn/multi_rnn_cell/cell_0/cudnn_compatible_lstm_cell/Tanh_3]:83
	                     MUL	           34.308	    0.075	    0.076	  0.072%	 32.595%	     0.000	        1	[cudnn_lstm/rnn/multi_rnn_cell/cell_0/cudnn_compatible_lstm_cell/mul_5]:84
	                QUANTIZE	           34.385	    0.034	    0.033	  0.032%	 32.626%	     0.000	        1	[cudnn_lstm/rnn/multi_rnn_cell/strided_slice_2_int8]:85
	                QUANTIZE	           34.419	    0.052	    0.052	  0.049%	 32.675%	     0.000	        1	[cudnn_lstm/rnn/multi_rnn_cell/cell_0/cudnn_compatible_lstm_cell/mul_5_requantized]:86
	                QUANTIZE	           34.471	    0.053	    0.052	  0.049%	 32.724%	     0.000	        1	[cudnn_lstm/rnn/multi_rnn_cell/strided_slice_2_int8_requantized]:87
	           CONCATENATION	           34.524	    0.005	    0.005	  0.004%	 32.729%	     0.000	        1	[cudnn_lstm/rnn/multi_rnn_cell/cell_0/cudnn_compatible_lstm_cell/concat_2]:88
	         FULLY_CONNECTED	           34.530	    3.660	    3.643	  3.463%	 36.192%	     0.000	        1	[cudnn_lstm/rnn/multi_rnn_cell/cell_0/cudnn_compatible_lstm_cell/BiasAdd_2]:89
	              DEQUANTIZE	           38.177	    0.124	    0.124	  0.118%	 36.309%	     0.000	        1	[cudnn_lstm/rnn/multi_rnn_cell/cell_0/cudnn_compatible_lstm_cell/BiasAdd_2_float]:90
	                   SPLIT	           38.302	    0.021	    0.019	  0.018%	 36.327%	     0.000	        1	[cudnn_lstm/rnn/multi_rnn_cell/cell_0/cudnn_compatible_lstm_cell/split_2, cudnn_lstm/rnn/multi_rnn_cell/cell_0/cudnn_compatible_lstm_cell/split_2:1, cudnn_lstm/rnn/multi_rnn_cell/cell_0/cudnn_compatible_lstm_cell/split_2:2, cudnn_lstm/rnn/multi_rnn_cell/cell_0/cudnn_compatible_lstm_cell/split_2:3]:91
	                QUANTIZE	           38.322	    0.036	    0.036	  0.034%	 36.361%	     0.000	        1	[cudnn_lstm/rnn/multi_rnn_cell/cell_0/cudnn_compatible_lstm_cell/split_2:2_int8]:92
	                LOGISTIC	           38.359	    0.016	    0.017	  0.016%	 36.377%	     0.000	        1	[cudnn_lstm/rnn/multi_rnn_cell/cell_0/cudnn_compatible_lstm_cell/Sigmoid_6]:93
	                     MUL	           38.377	    0.081	    0.080	  0.076%	 36.453%	     0.000	        1	[cudnn_lstm/rnn/multi_rnn_cell/cell_0/cudnn_compatible_lstm_cell/mul_6]:94
	                QUANTIZE	           38.457	    0.032	    0.033	  0.031%	 36.484%	     0.000	        1	[cudnn_lstm/rnn/multi_rnn_cell/cell_0/cudnn_compatible_lstm_cell/split_2_int8]:95
	                LOGISTIC	           38.491	    0.015	    0.015	  0.014%	 36.499%	     0.000	        1	[cudnn_lstm/rnn/multi_rnn_cell/cell_0/cudnn_compatible_lstm_cell/Sigmoid_7]:96
	                QUANTIZE	           38.507	    0.032	    0.033	  0.031%	 36.530%	     0.000	        1	[cudnn_lstm/rnn/multi_rnn_cell/cell_0/cudnn_compatible_lstm_cell/split_2:1_int8]:97
	                    TANH	           38.541	    0.016	    0.016	  0.015%	 36.545%	     0.000	        1	[cudnn_lstm/rnn/multi_rnn_cell/cell_0/cudnn_compatible_lstm_cell/Tanh_4]:98
	                     MUL	           38.558	    0.074	    0.076	  0.072%	 36.617%	     0.000	        1	[cudnn_lstm/rnn/multi_rnn_cell/cell_0/cudnn_compatible_lstm_cell/mul_7]:99
	                     ADD	           38.635	    0.099	    0.103	  0.098%	 36.715%	     0.000	        1	[cudnn_lstm/rnn/multi_rnn_cell/cell_0/cudnn_compatible_lstm_cell/add_5]:100
	                QUANTIZE	           38.739	    0.033	    0.033	  0.032%	 36.746%	     0.000	        1	[cudnn_lstm/rnn/multi_rnn_cell/cell_0/cudnn_compatible_lstm_cell/split_2:3_int8]:101
	                LOGISTIC	           38.773	    0.014	    0.015	  0.014%	 36.761%	     0.000	        1	[cudnn_lstm/rnn/multi_rnn_cell/cell_0/cudnn_compatible_lstm_cell/Sigmoid_8]:102
	                    TANH	           38.789	    0.015	    0.015	  0.015%	 36.775%	     0.000	        1	[cudnn_lstm/rnn/multi_rnn_cell/cell_0/cudnn_compatible_lstm_cell/Tanh_5]:103
	                     MUL	           38.805	    0.074	    0.076	  0.072%	 36.847%	     0.000	        1	[cudnn_lstm/rnn/multi_rnn_cell/cell_0/cudnn_compatible_lstm_cell/mul_8]:104
	                QUANTIZE	           38.882	    0.033	    0.036	  0.034%	 36.881%	     0.000	        1	[cudnn_lstm/rnn/multi_rnn_cell/strided_slice_3_int8]:105
	                QUANTIZE	           38.918	    0.053	    0.054	  0.051%	 36.932%	     0.000	        1	[cudnn_lstm/rnn/multi_rnn_cell/cell_0/cudnn_compatible_lstm_cell/mul_8_requantized]:106
	                QUANTIZE	           38.973	    0.051	    0.051	  0.049%	 36.981%	     0.000	        1	[cudnn_lstm/rnn/multi_rnn_cell/strided_slice_3_int8_requantized]:107
	           CONCATENATION	           39.025	    0.009	    0.012	  0.011%	 36.992%	     0.000	        1	[cudnn_lstm/rnn/multi_rnn_cell/cell_0/cudnn_compatible_lstm_cell/concat_3]:108
	         FULLY_CONNECTED	           39.038	    3.556	    3.603	  3.425%	 40.417%	     0.000	        1	[cudnn_lstm/rnn/multi_rnn_cell/cell_0/cudnn_compatible_lstm_cell/BiasAdd_3]:109
	              DEQUANTIZE	           42.645	    0.123	    0.125	  0.119%	 40.536%	     0.000	        1	[cudnn_lstm/rnn/multi_rnn_cell/cell_0/cudnn_compatible_lstm_cell/BiasAdd_3_float]:110
	                   SPLIT	           42.771	    0.017	    0.019	  0.018%	 40.554%	     0.000	        1	[cudnn_lstm/rnn/multi_rnn_cell/cell_0/cudnn_compatible_lstm_cell/split_3, cudnn_lstm/rnn/multi_rnn_cell/cell_0/cudnn_compatible_lstm_cell/split_3:1, cudnn_lstm/rnn/multi_rnn_cell/cell_0/cudnn_compatible_lstm_cell/split_3:2, cudnn_lstm/rnn/multi_rnn_cell/cell_0/cudnn_compatible_lstm_cell/split_3:3]:111
	                QUANTIZE	           42.791	    0.036	    0.036	  0.034%	 40.588%	     0.000	        1	[cudnn_lstm/rnn/multi_rnn_cell/cell_0/cudnn_compatible_lstm_cell/split_3:2_int8]:112
	                LOGISTIC	           42.828	    0.016	    0.016	  0.016%	 40.604%	     0.000	        1	[cudnn_lstm/rnn/multi_rnn_cell/cell_0/cudnn_compatible_lstm_cell/Sigmoid_9]:113
	                     MUL	           42.845	    0.080	    0.081	  0.077%	 40.681%	     0.000	        1	[cudnn_lstm/rnn/multi_rnn_cell/cell_0/cudnn_compatible_lstm_cell/mul_9]:114
	                QUANTIZE	           42.927	    0.034	    0.034	  0.032%	 40.713%	     0.000	        1	[cudnn_lstm/rnn/multi_rnn_cell/cell_0/cudnn_compatible_lstm_cell/split_3_int8]:115
	                LOGISTIC	           42.962	    0.016	    0.016	  0.015%	 40.728%	     0.000	        1	[cudnn_lstm/rnn/multi_rnn_cell/cell_0/cudnn_compatible_lstm_cell/Sigmoid_10]:116
	                QUANTIZE	           42.979	    0.033	    0.033	  0.032%	 40.760%	     0.000	        1	[cudnn_lstm/rnn/multi_rnn_cell/cell_0/cudnn_compatible_lstm_cell/split_3:1_int8]:117
	                    TANH	           43.013	    0.017	    0.016	  0.015%	 40.775%	     0.000	        1	[cudnn_lstm/rnn/multi_rnn_cell/cell_0/cudnn_compatible_lstm_cell/Tanh_6]:118
	                     MUL	           43.030	    0.074	    0.077	  0.073%	 40.848%	     0.000	        1	[cudnn_lstm/rnn/multi_rnn_cell/cell_0/cudnn_compatible_lstm_cell/mul_10]:119
	                     ADD	           43.108	    0.099	    0.100	  0.095%	 40.943%	     0.000	        1	[cudnn_lstm/rnn/multi_rnn_cell/cell_0/cudnn_compatible_lstm_cell/add_7]:120
	                QUANTIZE	           43.209	    0.033	    0.033	  0.032%	 40.975%	     0.000	        1	[cudnn_lstm/rnn/multi_rnn_cell/cell_0/cudnn_compatible_lstm_cell/split_3:3_int8]:121
	                LOGISTIC	           43.243	    0.016	    0.015	  0.015%	 40.989%	     0.000	        1	[cudnn_lstm/rnn/multi_rnn_cell/cell_0/cudnn_compatible_lstm_cell/Sigmoid_11]:122
	                    TANH	           43.259	    0.015	    0.016	  0.015%	 41.005%	     0.000	        1	[cudnn_lstm/rnn/multi_rnn_cell/cell_0/cudnn_compatible_lstm_cell/Tanh_7]:123
	                     MUL	           43.277	    0.074	    0.075	  0.072%	 41.077%	     0.000	        1	[cudnn_lstm/rnn/multi_rnn_cell/cell_0/cudnn_compatible_lstm_cell/mul_11]:124
	                QUANTIZE	           43.353	    0.033	    0.034	  0.032%	 41.109%	     0.000	        1	[cudnn_lstm/rnn/multi_rnn_cell/strided_slice_4_int8]:125
	                QUANTIZE	           43.388	    0.053	    0.054	  0.052%	 41.161%	     0.000	        1	[cudnn_lstm/rnn/multi_rnn_cell/cell_0/cudnn_compatible_lstm_cell/mul_11_requantized]:126
	                QUANTIZE	           43.443	    0.051	    0.051	  0.049%	 41.210%	     0.000	        1	[cudnn_lstm/rnn/multi_rnn_cell/strided_slice_4_int8_requantized]:127
	           CONCATENATION	           43.495	    0.010	    0.011	  0.010%	 41.220%	     0.000	        1	[cudnn_lstm/rnn/multi_rnn_cell/cell_0/cudnn_compatible_lstm_cell/concat_4]:128
	         FULLY_CONNECTED	           43.506	    3.546	    3.606	  3.428%	 44.648%	     0.000	        1	[cudnn_lstm/rnn/multi_rnn_cell/cell_0/cudnn_compatible_lstm_cell/BiasAdd_4]:129
	              DEQUANTIZE	           47.117	    0.122	    0.124	  0.118%	 44.766%	     0.000	        1	[cudnn_lstm/rnn/multi_rnn_cell/cell_0/cudnn_compatible_lstm_cell/BiasAdd_4_float]:130
	                   SPLIT	           47.242	    0.017	    0.019	  0.018%	 44.784%	     0.000	        1	[cudnn_lstm/rnn/multi_rnn_cell/cell_0/cudnn_compatible_lstm_cell/split_4, cudnn_lstm/rnn/multi_rnn_cell/cell_0/cudnn_compatible_lstm_cell/split_4:1, cudnn_lstm/rnn/multi_rnn_cell/cell_0/cudnn_compatible_lstm_cell/split_4:2, cudnn_lstm/rnn/multi_rnn_cell/cell_0/cudnn_compatible_lstm_cell/split_4:3]:131
	                QUANTIZE	           47.262	    0.035	    0.036	  0.034%	 44.819%	     0.000	        1	[cudnn_lstm/rnn/multi_rnn_cell/cell_0/cudnn_compatible_lstm_cell/split_4:2_int8]:132
	                LOGISTIC	           47.299	    0.017	    0.016	  0.015%	 44.834%	     0.000	        1	[cudnn_lstm/rnn/multi_rnn_cell/cell_0/cudnn_compatible_lstm_cell/Sigmoid_12]:133
	                     MUL	           47.317	    0.078	    0.081	  0.077%	 44.911%	     0.000	        1	[cudnn_lstm/rnn/multi_rnn_cell/cell_0/cudnn_compatible_lstm_cell/mul_12]:134
	                QUANTIZE	           47.399	    0.033	    0.033	  0.032%	 44.943%	     0.000	        1	[cudnn_lstm/rnn/multi_rnn_cell/cell_0/cudnn_compatible_lstm_cell/split_4_int8]:135
	                LOGISTIC	           47.434	    0.016	    0.015	  0.014%	 44.957%	     0.000	        1	[cudnn_lstm/rnn/multi_rnn_cell/cell_0/cudnn_compatible_lstm_cell/Sigmoid_13]:136
	                QUANTIZE	           47.450	    0.033	    0.033	  0.032%	 44.989%	     0.000	        1	[cudnn_lstm/rnn/multi_rnn_cell/cell_0/cudnn_compatible_lstm_cell/split_4:1_int8]:137
	                    TANH	           47.484	    0.016	    0.016	  0.016%	 45.004%	     0.000	        1	[cudnn_lstm/rnn/multi_rnn_cell/cell_0/cudnn_compatible_lstm_cell/Tanh_8]:138
	                     MUL	           47.501	    0.074	    0.075	  0.072%	 45.076%	     0.000	        1	[cudnn_lstm/rnn/multi_rnn_cell/cell_0/cudnn_compatible_lstm_cell/mul_13]:139
	                     ADD	           47.578	    0.098	    0.101	  0.096%	 45.172%	     0.000	        1	[cudnn_lstm/rnn/multi_rnn_cell/cell_0/cudnn_compatible_lstm_cell/add_9]:140
	                QUANTIZE	           47.680	    0.034	    0.033	  0.031%	 45.203%	     0.000	        1	[cudnn_lstm/rnn/multi_rnn_cell/cell_0/cudnn_compatible_lstm_cell/split_4:3_int8]:141
	                LOGISTIC	           47.714	    0.015	    0.015	  0.014%	 45.218%	     0.000	        1	[cudnn_lstm/rnn/multi_rnn_cell/cell_0/cudnn_compatible_lstm_cell/Sigmoid_14]:142
	                    TANH	           47.730	    0.016	    0.016	  0.015%	 45.233%	     0.000	        1	[cudnn_lstm/rnn/multi_rnn_cell/cell_0/cudnn_compatible_lstm_cell/Tanh_9]:143
	                     MUL	           47.747	    0.074	    0.077	  0.073%	 45.306%	     0.000	        1	[cudnn_lstm/rnn/multi_rnn_cell/cell_0/cudnn_compatible_lstm_cell/mul_14]:144
	                QUANTIZE	           47.825	    0.034	    0.035	  0.034%	 45.339%	     0.000	        1	[cudnn_lstm/rnn/multi_rnn_cell/strided_slice_5_int8]:145
	                QUANTIZE	           47.861	    0.054	    0.054	  0.051%	 45.391%	     0.000	        1	[cudnn_lstm/rnn/multi_rnn_cell/cell_0/cudnn_compatible_lstm_cell/mul_14_requantized]:146
	                QUANTIZE	           47.915	    0.052	    0.052	  0.050%	 45.440%	     0.000	        1	[cudnn_lstm/rnn/multi_rnn_cell/strided_slice_5_int8_requantized]:147
	           CONCATENATION	           47.969	    0.010	    0.010	  0.009%	 45.450%	     0.000	        1	[cudnn_lstm/rnn/multi_rnn_cell/cell_0/cudnn_compatible_lstm_cell/concat_5]:148
	         FULLY_CONNECTED	           47.980	    3.677	    3.592	  3.415%	 48.865%	     0.000	        1	[cudnn_lstm/rnn/multi_rnn_cell/cell_0/cudnn_compatible_lstm_cell/BiasAdd_5]:149
	              DEQUANTIZE	           51.576	    0.125	    0.124	  0.118%	 48.983%	     0.000	        1	[cudnn_lstm/rnn/multi_rnn_cell/cell_0/cudnn_compatible_lstm_cell/BiasAdd_5_float]:150
	                   SPLIT	           51.701	    0.021	    0.019	  0.018%	 49.001%	     0.000	        1	[cudnn_lstm/rnn/multi_rnn_cell/cell_0/cudnn_compatible_lstm_cell/split_5, cudnn_lstm/rnn/multi_rnn_cell/cell_0/cudnn_compatible_lstm_cell/split_5:1, cudnn_lstm/rnn/multi_rnn_cell/cell_0/cudnn_compatible_lstm_cell/split_5:2, cudnn_lstm/rnn/multi_rnn_cell/cell_0/cudnn_compatible_lstm_cell/split_5:3]:151
	                QUANTIZE	           51.721	    0.036	    0.035	  0.033%	 49.034%	     0.000	        1	[cudnn_lstm/rnn/multi_rnn_cell/cell_0/cudnn_compatible_lstm_cell/split_5:2_int8]:152
	                LOGISTIC	           51.758	    0.016	    0.016	  0.015%	 49.050%	     0.000	        1	[cudnn_lstm/rnn/multi_rnn_cell/cell_0/cudnn_compatible_lstm_cell/Sigmoid_15]:153
	                     MUL	           51.775	    0.081	    0.080	  0.076%	 49.126%	     0.000	        1	[cudnn_lstm/rnn/multi_rnn_cell/cell_0/cudnn_compatible_lstm_cell/mul_15]:154
	                QUANTIZE	           51.856	    0.033	    0.035	  0.033%	 49.159%	     0.000	        1	[cudnn_lstm/rnn/multi_rnn_cell/cell_0/cudnn_compatible_lstm_cell/split_5_int8]:155
	                LOGISTIC	           51.892	    0.015	    0.015	  0.015%	 49.174%	     0.000	        1	[cudnn_lstm/rnn/multi_rnn_cell/cell_0/cudnn_compatible_lstm_cell/Sigmoid_16]:156
	                QUANTIZE	           51.908	    0.033	    0.033	  0.031%	 49.205%	     0.000	        1	[cudnn_lstm/rnn/multi_rnn_cell/cell_0/cudnn_compatible_lstm_cell/split_5:1_int8]:157
	                    TANH	           51.943	    0.015	    0.016	  0.015%	 49.220%	     0.000	        1	[cudnn_lstm/rnn/multi_rnn_cell/cell_0/cudnn_compatible_lstm_cell/Tanh_10]:158
	                     MUL	           51.959	    0.074	    0.074	  0.071%	 49.291%	     0.000	        1	[cudnn_lstm/rnn/multi_rnn_cell/cell_0/cudnn_compatible_lstm_cell/mul_16]:159
	                     ADD	           52.035	    0.100	    0.101	  0.096%	 49.387%	     0.000	        1	[cudnn_lstm/rnn/multi_rnn_cell/cell_0/cudnn_compatible_lstm_cell/add_11]:160
	                QUANTIZE	           52.136	    0.032	    0.035	  0.033%	 49.420%	     0.000	        1	[cudnn_lstm/rnn/multi_rnn_cell/cell_0/cudnn_compatible_lstm_cell/split_5:3_int8]:161
	                LOGISTIC	           52.172	    0.016	    0.015	  0.014%	 49.434%	     0.000	        1	[cudnn_lstm/rnn/multi_rnn_cell/cell_0/cudnn_compatible_lstm_cell/Sigmoid_17]:162
	                    TANH	           52.188	    0.016	    0.016	  0.015%	 49.450%	     0.000	        1	[cudnn_lstm/rnn/multi_rnn_cell/cell_0/cudnn_compatible_lstm_cell/Tanh_11]:163
	                     MUL	           52.205	    0.075	    0.075	  0.071%	 49.521%	     0.000	        1	[cudnn_lstm/rnn/multi_rnn_cell/cell_0/cudnn_compatible_lstm_cell/mul_17]:164
	                QUANTIZE	           52.281	    0.033	    0.035	  0.033%	 49.554%	     0.000	        1	[cudnn_lstm/rnn/multi_rnn_cell/strided_slice_6_int8]:165
	                QUANTIZE	           52.317	    0.053	    0.054	  0.051%	 49.605%	     0.000	        1	[cudnn_lstm/rnn/multi_rnn_cell/cell_0/cudnn_compatible_lstm_cell/mul_17_requantized]:166
	                QUANTIZE	           52.371	    0.051	    0.053	  0.050%	 49.655%	     0.000	        1	[cudnn_lstm/rnn/multi_rnn_cell/strided_slice_6_int8_requantized]:167
	           CONCATENATION	           52.426	    0.009	    0.010	  0.010%	 49.664%	     0.000	        1	[cudnn_lstm/rnn/multi_rnn_cell/cell_0/cudnn_compatible_lstm_cell/concat_6]:168
	         FULLY_CONNECTED	           52.436	    3.519	    3.595	  3.418%	 53.082%	     0.000	        1	[cudnn_lstm/rnn/multi_rnn_cell/cell_0/cudnn_compatible_lstm_cell/BiasAdd_6]:169
	              DEQUANTIZE	           56.035	    0.124	    0.125	  0.119%	 53.201%	     0.000	        1	[cudnn_lstm/rnn/multi_rnn_cell/cell_0/cudnn_compatible_lstm_cell/BiasAdd_6_float]:170
	                   SPLIT	           56.161	    0.018	    0.019	  0.018%	 53.219%	     0.000	        1	[cudnn_lstm/rnn/multi_rnn_cell/cell_0/cudnn_compatible_lstm_cell/split_6, cudnn_lstm/rnn/multi_rnn_cell/cell_0/cudnn_compatible_lstm_cell/split_6:1, cudnn_lstm/rnn/multi_rnn_cell/cell_0/cudnn_compatible_lstm_cell/split_6:2, cudnn_lstm/rnn/multi_rnn_cell/cell_0/cudnn_compatible_lstm_cell/split_6:3]:171
	                QUANTIZE	           56.182	    0.035	    0.036	  0.034%	 53.253%	     0.000	        1	[cudnn_lstm/rnn/multi_rnn_cell/cell_0/cudnn_compatible_lstm_cell/split_6:2_int8]:172
	                LOGISTIC	           56.218	    0.016	    0.016	  0.015%	 53.268%	     0.000	        1	[cudnn_lstm/rnn/multi_rnn_cell/cell_0/cudnn_compatible_lstm_cell/Sigmoid_18]:173
	                     MUL	           56.235	    0.079	    0.080	  0.076%	 53.344%	     0.000	        1	[cudnn_lstm/rnn/multi_rnn_cell/cell_0/cudnn_compatible_lstm_cell/mul_18]:174
	                QUANTIZE	           56.316	    0.033	    0.033	  0.031%	 53.375%	     0.000	        1	[cudnn_lstm/rnn/multi_rnn_cell/cell_0/cudnn_compatible_lstm_cell/split_6_int8]:175
	                LOGISTIC	           56.350	    0.015	    0.015	  0.014%	 53.390%	     0.000	        1	[cudnn_lstm/rnn/multi_rnn_cell/cell_0/cudnn_compatible_lstm_cell/Sigmoid_19]:176
	                QUANTIZE	           56.366	    0.032	    0.033	  0.031%	 53.421%	     0.000	        1	[cudnn_lstm/rnn/multi_rnn_cell/cell_0/cudnn_compatible_lstm_cell/split_6:1_int8]:177
	                    TANH	           56.400	    0.016	    0.016	  0.015%	 53.436%	     0.000	        1	[cudnn_lstm/rnn/multi_rnn_cell/cell_0/cudnn_compatible_lstm_cell/Tanh_12]:178
	                     MUL	           56.417	    0.074	    0.076	  0.072%	 53.509%	     0.000	        1	[cudnn_lstm/rnn/multi_rnn_cell/cell_0/cudnn_compatible_lstm_cell/mul_19]:179
	                     ADD	           56.495	    0.098	    0.101	  0.096%	 53.604%	     0.000	        1	[cudnn_lstm/rnn/multi_rnn_cell/cell_0/cudnn_compatible_lstm_cell/add_13]:180
	                QUANTIZE	           56.596	    0.033	    0.033	  0.032%	 53.636%	     0.000	        1	[cudnn_lstm/rnn/multi_rnn_cell/cell_0/cudnn_compatible_lstm_cell/split_6:3_int8]:181
	                LOGISTIC	           56.630	    0.015	    0.015	  0.015%	 53.651%	     0.000	        1	[cudnn_lstm/rnn/multi_rnn_cell/cell_0/cudnn_compatible_lstm_cell/Sigmoid_20]:182
	                    TANH	           56.647	    0.018	    0.016	  0.015%	 53.665%	     0.000	        1	[cudnn_lstm/rnn/multi_rnn_cell/cell_0/cudnn_compatible_lstm_cell/Tanh_13]:183
	                     MUL	           56.664	    0.074	    0.074	  0.070%	 53.736%	     0.000	        1	[cudnn_lstm/rnn/multi_rnn_cell/cell_0/cudnn_compatible_lstm_cell/mul_20]:184
	                QUANTIZE	           56.739	    0.033	    0.033	  0.032%	 53.768%	     0.000	        1	[cudnn_lstm/rnn/multi_rnn_cell/strided_slice_7_int8]:185
	                QUANTIZE	           56.773	    0.052	    0.054	  0.051%	 53.819%	     0.000	        1	[cudnn_lstm/rnn/multi_rnn_cell/cell_0/cudnn_compatible_lstm_cell/mul_20_requantized]:186
	                QUANTIZE	           56.827	    0.051	    0.053	  0.050%	 53.869%	     0.000	        1	[cudnn_lstm/rnn/multi_rnn_cell/strided_slice_7_int8_requantized]:187
	           CONCATENATION	           56.883	    0.009	    0.010	  0.010%	 53.879%	     0.000	        1	[cudnn_lstm/rnn/multi_rnn_cell/cell_0/cudnn_compatible_lstm_cell/concat_7]:188
	         FULLY_CONNECTED	           56.894	    3.662	    3.597	  3.420%	 57.299%	     0.000	        1	[cudnn_lstm/rnn/multi_rnn_cell/cell_0/cudnn_compatible_lstm_cell/BiasAdd_7]:189
	              DEQUANTIZE	           60.495	    0.126	    0.125	  0.119%	 57.418%	     0.000	        1	[cudnn_lstm/rnn/multi_rnn_cell/cell_0/cudnn_compatible_lstm_cell/BiasAdd_7_float]:190
	                   SPLIT	           60.621	    0.023	    0.019	  0.018%	 57.436%	     0.000	        1	[cudnn_lstm/rnn/multi_rnn_cell/cell_0/cudnn_compatible_lstm_cell/split_7, cudnn_lstm/rnn/multi_rnn_cell/cell_0/cudnn_compatible_lstm_cell/split_7:1, cudnn_lstm/rnn/multi_rnn_cell/cell_0/cudnn_compatible_lstm_cell/split_7:2, cudnn_lstm/rnn/multi_rnn_cell/cell_0/cudnn_compatible_lstm_cell/split_7:3]:191
	                QUANTIZE	           60.642	    0.036	    0.035	  0.034%	 57.470%	     0.000	        1	[cudnn_lstm/rnn/multi_rnn_cell/cell_0/cudnn_compatible_lstm_cell/split_7:2_int8]:192
	                LOGISTIC	           60.679	    0.017	    0.016	  0.015%	 57.485%	     0.000	        1	[cudnn_lstm/rnn/multi_rnn_cell/cell_0/cudnn_compatible_lstm_cell/Sigmoid_21]:193
	                     MUL	           60.696	    0.080	    0.082	  0.078%	 57.564%	     0.000	        1	[cudnn_lstm/rnn/multi_rnn_cell/cell_0/cudnn_compatible_lstm_cell/mul_21]:194
	                QUANTIZE	           60.779	    0.033	    0.033	  0.031%	 57.595%	     0.000	        1	[cudnn_lstm/rnn/multi_rnn_cell/cell_0/cudnn_compatible_lstm_cell/split_7_int8]:195
	                LOGISTIC	           60.813	    0.015	    0.015	  0.014%	 57.609%	     0.000	        1	[cudnn_lstm/rnn/multi_rnn_cell/cell_0/cudnn_compatible_lstm_cell/Sigmoid_22]:196
	                QUANTIZE	           60.829	    0.033	    0.033	  0.032%	 57.641%	     0.000	        1	[cudnn_lstm/rnn/multi_rnn_cell/cell_0/cudnn_compatible_lstm_cell/split_7:1_int8]:197
	                    TANH	           60.864	    0.016	    0.016	  0.015%	 57.656%	     0.000	        1	[cudnn_lstm/rnn/multi_rnn_cell/cell_0/cudnn_compatible_lstm_cell/Tanh_14]:198
	                     MUL	           60.880	    0.073	    0.077	  0.073%	 57.729%	     0.000	        1	[cudnn_lstm/rnn/multi_rnn_cell/cell_0/cudnn_compatible_lstm_cell/mul_22]:199
	                     ADD	           60.958	    0.099	    0.102	  0.097%	 57.825%	     0.000	        1	[cudnn_lstm/rnn/multi_rnn_cell/cell_0/cudnn_compatible_lstm_cell/add_15]:200
	                QUANTIZE	           61.061	    0.034	    0.033	  0.032%	 57.857%	     0.000	        1	[cudnn_lstm/rnn/multi_rnn_cell/cell_0/cudnn_compatible_lstm_cell/split_7:3_int8]:201
	                LOGISTIC	           61.095	    0.016	    0.016	  0.015%	 57.872%	     0.000	        1	[cudnn_lstm/rnn/multi_rnn_cell/cell_0/cudnn_compatible_lstm_cell/Sigmoid_23]:202
	                    TANH	           61.111	    0.016	    0.016	  0.015%	 57.887%	     0.000	        1	[cudnn_lstm/rnn/multi_rnn_cell/cell_0/cudnn_compatible_lstm_cell/Tanh_15]:203
	                     MUL	           61.128	    0.074	    0.075	  0.071%	 57.958%	     0.000	        1	[cudnn_lstm/rnn/multi_rnn_cell/cell_0/cudnn_compatible_lstm_cell/mul_23]:204
	                QUANTIZE	           61.204	    0.033	    0.034	  0.032%	 57.990%	     0.000	        1	[cudnn_lstm/rnn/multi_rnn_cell/strided_slice_8_int8]:205
	                QUANTIZE	           61.238	    0.054	    0.055	  0.052%	 58.042%	     0.000	        1	[cudnn_lstm/rnn/multi_rnn_cell/cell_0/cudnn_compatible_lstm_cell/mul_23_requantized]:206
	                QUANTIZE	           61.294	    0.051	    0.053	  0.050%	 58.092%	     0.000	        1	[cudnn_lstm/rnn/multi_rnn_cell/strided_slice_8_int8_requantized]:207
	           CONCATENATION	           61.347	    0.010	    0.010	  0.010%	 58.102%	     0.000	        1	[cudnn_lstm/rnn/multi_rnn_cell/cell_0/cudnn_compatible_lstm_cell/concat_8]:208
	         FULLY_CONNECTED	           61.358	    3.536	    3.592	  3.415%	 61.516%	     0.000	        1	[cudnn_lstm/rnn/multi_rnn_cell/cell_0/cudnn_compatible_lstm_cell/BiasAdd_8]:209
	              DEQUANTIZE	           64.954	    0.123	    0.124	  0.118%	 61.635%	     0.000	        1	[cudnn_lstm/rnn/multi_rnn_cell/cell_0/cudnn_compatible_lstm_cell/BiasAdd_8_float]:210
	                   SPLIT	           65.080	    0.019	    0.021	  0.020%	 61.654%	     0.000	        1	[cudnn_lstm/rnn/multi_rnn_cell/cell_0/cudnn_compatible_lstm_cell/split_8, cudnn_lstm/rnn/multi_rnn_cell/cell_0/cudnn_compatible_lstm_cell/split_8:1, cudnn_lstm/rnn/multi_rnn_cell/cell_0/cudnn_compatible_lstm_cell/split_8:2, cudnn_lstm/rnn/multi_rnn_cell/cell_0/cudnn_compatible_lstm_cell/split_8:3]:211
	                QUANTIZE	           65.101	    0.035	    0.036	  0.034%	 61.688%	     0.000	        1	[cudnn_lstm/rnn/multi_rnn_cell/cell_0/cudnn_compatible_lstm_cell/split_8:2_int8]:212
	                LOGISTIC	           65.138	    0.016	    0.016	  0.015%	 61.703%	     0.000	        1	[cudnn_lstm/rnn/multi_rnn_cell/cell_0/cudnn_compatible_lstm_cell/Sigmoid_24]:213
	                     MUL	           65.155	    0.080	    0.080	  0.076%	 61.779%	     0.000	        1	[cudnn_lstm/rnn/multi_rnn_cell/cell_0/cudnn_compatible_lstm_cell/mul_24]:214
	                QUANTIZE	           65.236	    0.033	    0.033	  0.032%	 61.810%	     0.000	        1	[cudnn_lstm/rnn/multi_rnn_cell/cell_0/cudnn_compatible_lstm_cell/split_8_int8]:215
	                LOGISTIC	           65.270	    0.015	    0.015	  0.014%	 61.825%	     0.000	        1	[cudnn_lstm/rnn/multi_rnn_cell/cell_0/cudnn_compatible_lstm_cell/Sigmoid_25]:216
	                QUANTIZE	           65.286	    0.033	    0.035	  0.033%	 61.858%	     0.000	        1	[cudnn_lstm/rnn/multi_rnn_cell/cell_0/cudnn_compatible_lstm_cell/split_8:1_int8]:217
	                    TANH	           65.322	    0.016	    0.016	  0.015%	 61.873%	     0.000	        1	[cudnn_lstm/rnn/multi_rnn_cell/cell_0/cudnn_compatible_lstm_cell/Tanh_16]:218
	                     MUL	           65.339	    0.074	    0.074	  0.071%	 61.944%	     0.000	        1	[cudnn_lstm/rnn/multi_rnn_cell/cell_0/cudnn_compatible_lstm_cell/mul_25]:219
	                     ADD	           65.415	    0.099	    0.101	  0.096%	 62.040%	     0.000	        1	[cudnn_lstm/rnn/multi_rnn_cell/cell_0/cudnn_compatible_lstm_cell/add_17]:220
	                QUANTIZE	           65.517	    0.033	    0.034	  0.032%	 62.072%	     0.000	        1	[cudnn_lstm/rnn/multi_rnn_cell/cell_0/cudnn_compatible_lstm_cell/split_8:3_int8]:221
	                LOGISTIC	           65.551	    0.015	    0.015	  0.014%	 62.086%	     0.000	        1	[cudnn_lstm/rnn/multi_rnn_cell/cell_0/cudnn_compatible_lstm_cell/Sigmoid_26]:222
	                    TANH	           65.568	    0.016	    0.016	  0.015%	 62.101%	     0.000	        1	[cudnn_lstm/rnn/multi_rnn_cell/cell_0/cudnn_compatible_lstm_cell/Tanh_17]:223
	                     MUL	           65.584	    0.075	    0.076	  0.072%	 62.173%	     0.000	        1	[cudnn_lstm/rnn/multi_rnn_cell/cell_0/cudnn_compatible_lstm_cell/mul_26]:224
	                QUANTIZE	           65.661	    0.034	    0.034	  0.032%	 62.205%	     0.000	        1	[cudnn_lstm/rnn/multi_rnn_cell/strided_slice_9_int8]:225
	                QUANTIZE	           65.696	    0.055	    0.054	  0.051%	 62.257%	     0.000	        1	[cudnn_lstm/rnn/multi_rnn_cell/cell_0/cudnn_compatible_lstm_cell/mul_26_requantized]:226
	                QUANTIZE	           65.751	    0.052	    0.053	  0.051%	 62.307%	     0.000	        1	[cudnn_lstm/rnn/multi_rnn_cell/strided_slice_9_int8_requantized]:227
	           CONCATENATION	           65.805	    0.009	    0.010	  0.010%	 62.317%	     0.000	        1	[cudnn_lstm/rnn/multi_rnn_cell/cell_0/cudnn_compatible_lstm_cell/concat_9]:228
	         FULLY_CONNECTED	           65.816	    3.673	    3.593	  3.416%	 65.733%	     0.000	        1	[cudnn_lstm/rnn/multi_rnn_cell/cell_0/cudnn_compatible_lstm_cell/BiasAdd_9]:229
	              DEQUANTIZE	           69.412	    0.125	    0.129	  0.122%	 65.855%	     0.000	        1	[cudnn_lstm/rnn/multi_rnn_cell/cell_0/cudnn_compatible_lstm_cell/BiasAdd_9_float]:230
	                   SPLIT	           69.542	    0.020	    0.019	  0.018%	 65.873%	     0.000	        1	[cudnn_lstm/rnn/multi_rnn_cell/cell_0/cudnn_compatible_lstm_cell/split_9, cudnn_lstm/rnn/multi_rnn_cell/cell_0/cudnn_compatible_lstm_cell/split_9:1, cudnn_lstm/rnn/multi_rnn_cell/cell_0/cudnn_compatible_lstm_cell/split_9:2, cudnn_lstm/rnn/multi_rnn_cell/cell_0/cudnn_compatible_lstm_cell/split_9:3]:231
	                QUANTIZE	           69.563	    0.036	    0.036	  0.034%	 65.907%	     0.000	        1	[cudnn_lstm/rnn/multi_rnn_cell/cell_0/cudnn_compatible_lstm_cell/split_9:2_int8]:232
	                LOGISTIC	           69.599	    0.016	    0.016	  0.016%	 65.922%	     0.000	        1	[cudnn_lstm/rnn/multi_rnn_cell/cell_0/cudnn_compatible_lstm_cell/Sigmoid_27]:233
	                     MUL	           69.616	    0.080	    0.080	  0.076%	 65.998%	     0.000	        1	[cudnn_lstm/rnn/multi_rnn_cell/cell_0/cudnn_compatible_lstm_cell/mul_27]:234
	                QUANTIZE	           69.697	    0.033	    0.033	  0.032%	 66.030%	     0.000	        1	[cudnn_lstm/rnn/multi_rnn_cell/cell_0/cudnn_compatible_lstm_cell/split_9_int8]:235
	                LOGISTIC	           69.732	    0.016	    0.015	  0.014%	 66.044%	     0.000	        1	[cudnn_lstm/rnn/multi_rnn_cell/cell_0/cudnn_compatible_lstm_cell/Sigmoid_28]:236
	                QUANTIZE	           69.748	    0.034	    0.033	  0.032%	 66.076%	     0.000	        1	[cudnn_lstm/rnn/multi_rnn_cell/cell_0/cudnn_compatible_lstm_cell/split_9:1_int8]:237
	                    TANH	           69.782	    0.017	    0.016	  0.015%	 66.092%	     0.000	        1	[cudnn_lstm/rnn/multi_rnn_cell/cell_0/cudnn_compatible_lstm_cell/Tanh_18]:238
	                     MUL	           69.799	    0.074	    0.075	  0.072%	 66.163%	     0.000	        1	[cudnn_lstm/rnn/multi_rnn_cell/cell_0/cudnn_compatible_lstm_cell/mul_28]:239
	                     ADD	           69.876	    0.100	    0.102	  0.097%	 66.260%	     0.000	        1	[cudnn_lstm/rnn/multi_rnn_cell/cell_0/cudnn_compatible_lstm_cell/add_19]:240
	                QUANTIZE	           69.979	    0.033	    0.034	  0.033%	 66.293%	     0.000	        1	[cudnn_lstm/rnn/multi_rnn_cell/cell_0/cudnn_compatible_lstm_cell/split_9:3_int8]:241
	                LOGISTIC	           70.014	    0.015	    0.015	  0.014%	 66.308%	     0.000	        1	[cudnn_lstm/rnn/multi_rnn_cell/cell_0/cudnn_compatible_lstm_cell/Sigmoid_29]:242
	                    TANH	           70.030	    0.016	    0.016	  0.015%	 66.323%	     0.000	        1	[cudnn_lstm/rnn/multi_rnn_cell/cell_0/cudnn_compatible_lstm_cell/Tanh_19]:243
	                     MUL	           70.047	    0.075	    0.076	  0.072%	 66.395%	     0.000	        1	[cudnn_lstm/rnn/multi_rnn_cell/cell_0/cudnn_compatible_lstm_cell/mul_29]:244
	                QUANTIZE	           70.125	    0.034	    0.034	  0.032%	 66.427%	     0.000	        1	[cudnn_lstm/rnn/multi_rnn_cell/strided_slice_10_int8]:245
	                QUANTIZE	           70.159	    0.055	    0.054	  0.051%	 66.478%	     0.000	        1	[cudnn_lstm/rnn/multi_rnn_cell/cell_0/cudnn_compatible_lstm_cell/mul_29_requantized]:246
	                QUANTIZE	           70.214	    0.051	    0.051	  0.049%	 66.527%	     0.000	        1	[cudnn_lstm/rnn/multi_rnn_cell/strided_slice_10_int8_requantized]:247
	           CONCATENATION	           70.266	    0.009	    0.010	  0.009%	 66.536%	     0.000	        1	[cudnn_lstm/rnn/multi_rnn_cell/cell_0/cudnn_compatible_lstm_cell/concat_10]:248
	         FULLY_CONNECTED	           70.277	    3.538	    3.598	  3.421%	 69.957%	     0.000	        1	[cudnn_lstm/rnn/multi_rnn_cell/cell_0/cudnn_compatible_lstm_cell/BiasAdd_10]:249
	              DEQUANTIZE	           73.879	    0.124	    0.125	  0.119%	 70.076%	     0.000	        1	[cudnn_lstm/rnn/multi_rnn_cell/cell_0/cudnn_compatible_lstm_cell/BiasAdd_10_float]:250
	                   SPLIT	           74.006	    0.018	    0.020	  0.019%	 70.094%	     0.000	        1	[cudnn_lstm/rnn/multi_rnn_cell/cell_0/cudnn_compatible_lstm_cell/split_10, cudnn_lstm/rnn/multi_rnn_cell/cell_0/cudnn_compatible_lstm_cell/split_10:1, cudnn_lstm/rnn/multi_rnn_cell/cell_0/cudnn_compatible_lstm_cell/split_10:2, cudnn_lstm/rnn/multi_rnn_cell/cell_0/cudnn_compatible_lstm_cell/split_10:3]:251
	                QUANTIZE	           74.027	    0.036	    0.036	  0.034%	 70.129%	     0.000	        1	[cudnn_lstm/rnn/multi_rnn_cell/cell_0/cudnn_compatible_lstm_cell/split_10:2_int8]:252
	                LOGISTIC	           74.064	    0.016	    0.016	  0.016%	 70.144%	     0.000	        1	[cudnn_lstm/rnn/multi_rnn_cell/cell_0/cudnn_compatible_lstm_cell/Sigmoid_30]:253
	                     MUL	           74.081	    0.080	    0.081	  0.077%	 70.222%	     0.000	        1	[cudnn_lstm/rnn/multi_rnn_cell/cell_0/cudnn_compatible_lstm_cell/mul_30]:254
	                QUANTIZE	           74.164	    0.033	    0.033	  0.032%	 70.253%	     0.000	        1	[cudnn_lstm/rnn/multi_rnn_cell/cell_0/cudnn_compatible_lstm_cell/split_10_int8]:255
	                LOGISTIC	           74.197	    0.014	    0.015	  0.014%	 70.267%	     0.000	        1	[cudnn_lstm/rnn/multi_rnn_cell/cell_0/cudnn_compatible_lstm_cell/Sigmoid_31]:256
	                QUANTIZE	           74.214	    0.033	    0.034	  0.033%	 70.300%	     0.000	        1	[cudnn_lstm/rnn/multi_rnn_cell/cell_0/cudnn_compatible_lstm_cell/split_10:1_int8]:257
	                    TANH	           74.249	    0.017	    0.016	  0.015%	 70.315%	     0.000	        1	[cudnn_lstm/rnn/multi_rnn_cell/cell_0/cudnn_compatible_lstm_cell/Tanh_20]:258
	                     MUL	           74.266	    0.075	    0.077	  0.073%	 70.388%	     0.000	        1	[cudnn_lstm/rnn/multi_rnn_cell/cell_0/cudnn_compatible_lstm_cell/mul_31]:259
	                     ADD	           74.344	    0.100	    0.100	  0.095%	 70.483%	     0.000	        1	[cudnn_lstm/rnn/multi_rnn_cell/cell_0/cudnn_compatible_lstm_cell/add_21]:260
	                QUANTIZE	           74.445	    0.033	    0.033	  0.032%	 70.515%	     0.000	        1	[cudnn_lstm/rnn/multi_rnn_cell/cell_0/cudnn_compatible_lstm_cell/split_10:3_int8]:261
	                LOGISTIC	           74.479	    0.016	    0.015	  0.014%	 70.529%	     0.000	        1	[cudnn_lstm/rnn/multi_rnn_cell/cell_0/cudnn_compatible_lstm_cell/Sigmoid_32]:262
	                    TANH	           74.495	    0.017	    0.016	  0.015%	 70.544%	     0.000	        1	[cudnn_lstm/rnn/multi_rnn_cell/cell_0/cudnn_compatible_lstm_cell/Tanh_21]:263
	                     MUL	           74.511	    0.074	    0.076	  0.072%	 70.616%	     0.000	        1	[cudnn_lstm/rnn/multi_rnn_cell/cell_0/cudnn_compatible_lstm_cell/mul_32]:264
	                QUANTIZE	           74.588	    0.033	    0.034	  0.032%	 70.648%	     0.000	        1	[cudnn_lstm/rnn/multi_rnn_cell/strided_slice_11_int8]:265
	                QUANTIZE	           74.623	    0.054	    0.055	  0.052%	 70.700%	     0.000	        1	[cudnn_lstm/rnn/multi_rnn_cell/cell_0/cudnn_compatible_lstm_cell/mul_32_requantized]:266
	                QUANTIZE	           74.679	    0.052	    0.052	  0.049%	 70.749%	     0.000	        1	[cudnn_lstm/rnn/multi_rnn_cell/strided_slice_11_int8_requantized]:267
	           CONCATENATION	           74.731	    0.010	    0.010	  0.010%	 70.759%	     0.000	        1	[cudnn_lstm/rnn/multi_rnn_cell/cell_0/cudnn_compatible_lstm_cell/concat_11]:268
	         FULLY_CONNECTED	           74.742	    3.622	    3.603	  3.425%	 74.184%	     0.000	        1	[cudnn_lstm/rnn/multi_rnn_cell/cell_0/cudnn_compatible_lstm_cell/BiasAdd_11]:269
	              DEQUANTIZE	           78.349	    0.126	    0.124	  0.118%	 74.302%	     0.000	        1	[cudnn_lstm/rnn/multi_rnn_cell/cell_0/cudnn_compatible_lstm_cell/BiasAdd_11_float]:270
	                   SPLIT	           78.474	    0.021	    0.020	  0.019%	 74.321%	     0.000	        1	[cudnn_lstm/rnn/multi_rnn_cell/cell_0/cudnn_compatible_lstm_cell/split_11, cudnn_lstm/rnn/multi_rnn_cell/cell_0/cudnn_compatible_lstm_cell/split_11:1, cudnn_lstm/rnn/multi_rnn_cell/cell_0/cudnn_compatible_lstm_cell/split_11:2, cudnn_lstm/rnn/multi_rnn_cell/cell_0/cudnn_compatible_lstm_cell/split_11:3]:271
	                QUANTIZE	           78.495	    0.037	    0.035	  0.034%	 74.355%	     0.000	        1	[cudnn_lstm/rnn/multi_rnn_cell/cell_0/cudnn_compatible_lstm_cell/split_11:2_int8]:272
	                LOGISTIC	           78.531	    0.017	    0.016	  0.015%	 74.370%	     0.000	        1	[cudnn_lstm/rnn/multi_rnn_cell/cell_0/cudnn_compatible_lstm_cell/Sigmoid_33]:273
	                     MUL	           78.549	    0.080	    0.081	  0.077%	 74.447%	     0.000	        1	[cudnn_lstm/rnn/multi_rnn_cell/cell_0/cudnn_compatible_lstm_cell/mul_33]:274
	                QUANTIZE	           78.631	    0.033	    0.033	  0.032%	 74.479%	     0.000	        1	[cudnn_lstm/rnn/multi_rnn_cell/cell_0/cudnn_compatible_lstm_cell/split_11_int8]:275
	                LOGISTIC	           78.665	    0.015	    0.015	  0.015%	 74.493%	     0.000	        1	[cudnn_lstm/rnn/multi_rnn_cell/cell_0/cudnn_compatible_lstm_cell/Sigmoid_34]:276
	                QUANTIZE	           78.681	    0.033	    0.033	  0.031%	 74.524%	     0.000	        1	[cudnn_lstm/rnn/multi_rnn_cell/cell_0/cudnn_compatible_lstm_cell/split_11:1_int8]:277
	                    TANH	           78.715	    0.016	    0.017	  0.016%	 74.540%	     0.000	        1	[cudnn_lstm/rnn/multi_rnn_cell/cell_0/cudnn_compatible_lstm_cell/Tanh_22]:278
	                     MUL	           78.733	    0.074	    0.074	  0.071%	 74.611%	     0.000	        1	[cudnn_lstm/rnn/multi_rnn_cell/cell_0/cudnn_compatible_lstm_cell/mul_34]:279
	                     ADD	           78.809	    0.099	    0.102	  0.096%	 74.707%	     0.000	        1	[cudnn_lstm/rnn/multi_rnn_cell/cell_0/cudnn_compatible_lstm_cell/add_23]:280
	                QUANTIZE	           78.911	    0.033	    0.033	  0.032%	 74.739%	     0.000	        1	[cudnn_lstm/rnn/multi_rnn_cell/cell_0/cudnn_compatible_lstm_cell/split_11:3_int8]:281
	                LOGISTIC	           78.945	    0.015	    0.015	  0.014%	 74.753%	     0.000	        1	[cudnn_lstm/rnn/multi_rnn_cell/cell_0/cudnn_compatible_lstm_cell/Sigmoid_35]:282
	                    TANH	           78.962	    0.015	    0.016	  0.015%	 74.768%	     0.000	        1	[cudnn_lstm/rnn/multi_rnn_cell/cell_0/cudnn_compatible_lstm_cell/Tanh_23]:283
	                     MUL	           78.979	    0.074	    0.076	  0.072%	 74.841%	     0.000	        1	[cudnn_lstm/rnn/multi_rnn_cell/cell_0/cudnn_compatible_lstm_cell/mul_35]:284
	                QUANTIZE	           79.056	    0.033	    0.033	  0.032%	 74.873%	     0.000	        1	[cudnn_lstm/rnn/multi_rnn_cell/strided_slice_12_int8]:285
	                QUANTIZE	           79.090	    0.062	    0.054	  0.051%	 74.924%	     0.000	        1	[cudnn_lstm/rnn/multi_rnn_cell/cell_0/cudnn_compatible_lstm_cell/mul_35_requantized]:286
	                QUANTIZE	           79.145	    0.051	    0.051	  0.049%	 74.972%	     0.000	        1	[cudnn_lstm/rnn/multi_rnn_cell/strided_slice_12_int8_requantized]:287
	           CONCATENATION	           79.197	    0.009	    0.010	  0.009%	 74.982%	     0.000	        1	[cudnn_lstm/rnn/multi_rnn_cell/cell_0/cudnn_compatible_lstm_cell/concat_12]:288
	         FULLY_CONNECTED	           79.208	    3.518	    3.594	  3.417%	 78.399%	     0.000	        1	[cudnn_lstm/rnn/multi_rnn_cell/cell_0/cudnn_compatible_lstm_cell/BiasAdd_12]:289
	              DEQUANTIZE	           82.807	    0.123	    0.125	  0.119%	 78.517%	     0.000	        1	[cudnn_lstm/rnn/multi_rnn_cell/cell_0/cudnn_compatible_lstm_cell/BiasAdd_12_float]:290
	                   SPLIT	           82.933	    0.020	    0.020	  0.019%	 78.536%	     0.000	        1	[cudnn_lstm/rnn/multi_rnn_cell/cell_0/cudnn_compatible_lstm_cell/split_12, cudnn_lstm/rnn/multi_rnn_cell/cell_0/cudnn_compatible_lstm_cell/split_12:1, cudnn_lstm/rnn/multi_rnn_cell/cell_0/cudnn_compatible_lstm_cell/split_12:2, cudnn_lstm/rnn/multi_rnn_cell/cell_0/cudnn_compatible_lstm_cell/split_12:3]:291
	                QUANTIZE	           82.954	    0.035	    0.035	  0.034%	 78.570%	     0.000	        1	[cudnn_lstm/rnn/multi_rnn_cell/cell_0/cudnn_compatible_lstm_cell/split_12:2_int8]:292
	                LOGISTIC	           82.991	    0.017	    0.017	  0.016%	 78.586%	     0.000	        1	[cudnn_lstm/rnn/multi_rnn_cell/cell_0/cudnn_compatible_lstm_cell/Sigmoid_36]:293
	                     MUL	           83.009	    0.080	    0.082	  0.078%	 78.664%	     0.000	        1	[cudnn_lstm/rnn/multi_rnn_cell/cell_0/cudnn_compatible_lstm_cell/mul_36]:294
	                QUANTIZE	           83.091	    0.033	    0.033	  0.031%	 78.695%	     0.000	        1	[cudnn_lstm/rnn/multi_rnn_cell/cell_0/cudnn_compatible_lstm_cell/split_12_int8]:295
	                LOGISTIC	           83.126	    0.015	    0.015	  0.014%	 78.710%	     0.000	        1	[cudnn_lstm/rnn/multi_rnn_cell/cell_0/cudnn_compatible_lstm_cell/Sigmoid_37]:296
	                QUANTIZE	           83.142	    0.033	    0.033	  0.032%	 78.741%	     0.000	        1	[cudnn_lstm/rnn/multi_rnn_cell/cell_0/cudnn_compatible_lstm_cell/split_12:1_int8]:297
	                    TANH	           83.176	    0.017	    0.017	  0.016%	 78.758%	     0.000	        1	[cudnn_lstm/rnn/multi_rnn_cell/cell_0/cudnn_compatible_lstm_cell/Tanh_24]:298
	                     MUL	           83.194	    0.074	    0.074	  0.071%	 78.828%	     0.000	        1	[cudnn_lstm/rnn/multi_rnn_cell/cell_0/cudnn_compatible_lstm_cell/mul_37]:299
	                     ADD	           83.269	    0.099	    0.100	  0.095%	 78.923%	     0.000	        1	[cudnn_lstm/rnn/multi_rnn_cell/cell_0/cudnn_compatible_lstm_cell/add_25]:300
	                QUANTIZE	           83.370	    0.033	    0.035	  0.033%	 78.957%	     0.000	        1	[cudnn_lstm/rnn/multi_rnn_cell/cell_0/cudnn_compatible_lstm_cell/split_12:3_int8]:301
	                LOGISTIC	           83.406	    0.015	    0.015	  0.014%	 78.971%	     0.000	        1	[cudnn_lstm/rnn/multi_rnn_cell/cell_0/cudnn_compatible_lstm_cell/Sigmoid_38]:302
	                    TANH	           83.422	    0.015	    0.015	  0.015%	 78.986%	     0.000	        1	[cudnn_lstm/rnn/multi_rnn_cell/cell_0/cudnn_compatible_lstm_cell/Tanh_25]:303
	                     MUL	           83.439	    0.075	    0.075	  0.071%	 79.056%	     0.000	        1	[cudnn_lstm/rnn/multi_rnn_cell/cell_0/cudnn_compatible_lstm_cell/mul_38]:304
	                QUANTIZE	           83.514	    0.034	    0.034	  0.032%	 79.088%	     0.000	        1	[cudnn_lstm/rnn/multi_rnn_cell/strided_slice_13_int8]:305
	                QUANTIZE	           83.549	    0.054	    0.055	  0.052%	 79.140%	     0.000	        1	[cudnn_lstm/rnn/multi_rnn_cell/cell_0/cudnn_compatible_lstm_cell/mul_38_requantized]:306
	                QUANTIZE	           83.604	    0.052	    0.051	  0.049%	 79.189%	     0.000	        1	[cudnn_lstm/rnn/multi_rnn_cell/strided_slice_13_int8_requantized]:307
	           CONCATENATION	           83.656	    0.011	    0.010	  0.009%	 79.198%	     0.000	        1	[cudnn_lstm/rnn/multi_rnn_cell/cell_0/cudnn_compatible_lstm_cell/concat_13]:308
	         FULLY_CONNECTED	           83.667	    3.490	    3.600	  3.423%	 82.621%	     0.000	        1	[cudnn_lstm/rnn/multi_rnn_cell/cell_0/cudnn_compatible_lstm_cell/BiasAdd_13]:309
	              DEQUANTIZE	           87.271	    0.122	    0.126	  0.120%	 82.741%	     0.000	        1	[cudnn_lstm/rnn/multi_rnn_cell/cell_0/cudnn_compatible_lstm_cell/BiasAdd_13_float]:310
	                   SPLIT	           87.399	    0.018	    0.019	  0.018%	 82.759%	     0.000	        1	[cudnn_lstm/rnn/multi_rnn_cell/cell_0/cudnn_compatible_lstm_cell/split_13, cudnn_lstm/rnn/multi_rnn_cell/cell_0/cudnn_compatible_lstm_cell/split_13:1, cudnn_lstm/rnn/multi_rnn_cell/cell_0/cudnn_compatible_lstm_cell/split_13:2, cudnn_lstm/rnn/multi_rnn_cell/cell_0/cudnn_compatible_lstm_cell/split_13:3]:311
	                QUANTIZE	           87.420	    0.035	    0.036	  0.035%	 82.794%	     0.000	        1	[cudnn_lstm/rnn/multi_rnn_cell/cell_0/cudnn_compatible_lstm_cell/split_13:2_int8]:312
	                LOGISTIC	           87.457	    0.016	    0.016	  0.015%	 82.810%	     0.000	        1	[cudnn_lstm/rnn/multi_rnn_cell/cell_0/cudnn_compatible_lstm_cell/Sigmoid_39]:313
	                     MUL	           87.474	    0.079	    0.082	  0.078%	 82.888%	     0.000	        1	[cudnn_lstm/rnn/multi_rnn_cell/cell_0/cudnn_compatible_lstm_cell/mul_39]:314
	                QUANTIZE	           87.558	    0.033	    0.034	  0.032%	 82.920%	     0.000	        1	[cudnn_lstm/rnn/multi_rnn_cell/cell_0/cudnn_compatible_lstm_cell/split_13_int8]:315
	                LOGISTIC	           87.592	    0.015	    0.015	  0.015%	 82.934%	     0.000	        1	[cudnn_lstm/rnn/multi_rnn_cell/cell_0/cudnn_compatible_lstm_cell/Sigmoid_40]:316
	                QUANTIZE	           87.609	    0.033	    0.033	  0.032%	 82.966%	     0.000	        1	[cudnn_lstm/rnn/multi_rnn_cell/cell_0/cudnn_compatible_lstm_cell/split_13:1_int8]:317
	                    TANH	           87.643	    0.016	    0.016	  0.015%	 82.981%	     0.000	        1	[cudnn_lstm/rnn/multi_rnn_cell/cell_0/cudnn_compatible_lstm_cell/Tanh_26]:318
	                     MUL	           87.659	    0.074	    0.074	  0.070%	 83.051%	     0.000	        1	[cudnn_lstm/rnn/multi_rnn_cell/cell_0/cudnn_compatible_lstm_cell/mul_40]:319
	                     ADD	           87.735	    0.098	    0.100	  0.096%	 83.147%	     0.000	        1	[cudnn_lstm/rnn/multi_rnn_cell/cell_0/cudnn_compatible_lstm_cell/add_27]:320
	                QUANTIZE	           87.836	    0.032	    0.033	  0.031%	 83.178%	     0.000	        1	[cudnn_lstm/rnn/multi_rnn_cell/cell_0/cudnn_compatible_lstm_cell/split_13:3_int8]:321
	                LOGISTIC	           87.870	    0.015	    0.015	  0.015%	 83.193%	     0.000	        1	[cudnn_lstm/rnn/multi_rnn_cell/cell_0/cudnn_compatible_lstm_cell/Sigmoid_41]:322
	                    TANH	           87.886	    0.015	    0.016	  0.015%	 83.208%	     0.000	        1	[cudnn_lstm/rnn/multi_rnn_cell/cell_0/cudnn_compatible_lstm_cell/Tanh_27]:323
	                     MUL	           87.903	    0.074	    0.076	  0.072%	 83.279%	     0.000	        1	[cudnn_lstm/rnn/multi_rnn_cell/cell_0/cudnn_compatible_lstm_cell/mul_41]:324
	                QUANTIZE	           87.980	    0.033	    0.035	  0.033%	 83.312%	     0.000	        1	[cudnn_lstm/rnn/multi_rnn_cell/strided_slice_14_int8]:325
	                QUANTIZE	           88.015	    0.053	    0.054	  0.052%	 83.364%	     0.000	        1	[cudnn_lstm/rnn/multi_rnn_cell/cell_0/cudnn_compatible_lstm_cell/mul_41_requantized]:326
	                QUANTIZE	           88.070	    0.051	    0.051	  0.049%	 83.413%	     0.000	        1	[cudnn_lstm/rnn/multi_rnn_cell/strided_slice_14_int8_requantized]:327
	           CONCATENATION	           88.122	    0.010	    0.010	  0.010%	 83.422%	     0.000	        1	[cudnn_lstm/rnn/multi_rnn_cell/cell_0/cudnn_compatible_lstm_cell/concat_14]:328
	         FULLY_CONNECTED	           88.133	    3.665	    3.597	  3.420%	 86.842%	     0.000	        1	[cudnn_lstm/rnn/multi_rnn_cell/cell_0/cudnn_compatible_lstm_cell/BiasAdd_14]:329
	              DEQUANTIZE	           91.734	    0.125	    0.125	  0.119%	 86.961%	     0.000	        1	[cudnn_lstm/rnn/multi_rnn_cell/cell_0/cudnn_compatible_lstm_cell/BiasAdd_14_float]:330
	                   SPLIT	           91.861	    0.022	    0.020	  0.019%	 86.980%	     0.000	        1	[cudnn_lstm/rnn/multi_rnn_cell/cell_0/cudnn_compatible_lstm_cell/split_14, cudnn_lstm/rnn/multi_rnn_cell/cell_0/cudnn_compatible_lstm_cell/split_14:1, cudnn_lstm/rnn/multi_rnn_cell/cell_0/cudnn_compatible_lstm_cell/split_14:2, cudnn_lstm/rnn/multi_rnn_cell/cell_0/cudnn_compatible_lstm_cell/split_14:3]:331
	                QUANTIZE	           91.882	    0.035	    0.035	  0.033%	 87.014%	     0.000	        1	[cudnn_lstm/rnn/multi_rnn_cell/cell_0/cudnn_compatible_lstm_cell/split_14:2_int8]:332
	                LOGISTIC	           91.918	    0.016	    0.016	  0.015%	 87.029%	     0.000	        1	[cudnn_lstm/rnn/multi_rnn_cell/cell_0/cudnn_compatible_lstm_cell/Sigmoid_42]:333
	                     MUL	           91.935	    0.080	    0.081	  0.077%	 87.106%	     0.000	        1	[cudnn_lstm/rnn/multi_rnn_cell/cell_0/cudnn_compatible_lstm_cell/mul_42]:334
	                QUANTIZE	           92.017	    0.033	    0.033	  0.032%	 87.138%	     0.000	        1	[cudnn_lstm/rnn/multi_rnn_cell/cell_0/cudnn_compatible_lstm_cell/split_14_int8]:335
	                LOGISTIC	           92.052	    0.015	    0.016	  0.015%	 87.153%	     0.000	        1	[cudnn_lstm/rnn/multi_rnn_cell/cell_0/cudnn_compatible_lstm_cell/Sigmoid_43]:336
	                QUANTIZE	           92.069	    0.034	    0.033	  0.032%	 87.185%	     0.000	        1	[cudnn_lstm/rnn/multi_rnn_cell/cell_0/cudnn_compatible_lstm_cell/split_14:1_int8]:337
	                    TANH	           92.103	    0.016	    0.016	  0.015%	 87.200%	     0.000	        1	[cudnn_lstm/rnn/multi_rnn_cell/cell_0/cudnn_compatible_lstm_cell/Tanh_28]:338
	                     MUL	           92.120	    0.074	    0.076	  0.072%	 87.273%	     0.000	        1	[cudnn_lstm/rnn/multi_rnn_cell/cell_0/cudnn_compatible_lstm_cell/mul_43]:339
	                     ADD	           92.198	    0.099	    0.101	  0.096%	 87.369%	     0.000	        1	[cudnn_lstm/rnn/multi_rnn_cell/cell_0/cudnn_compatible_lstm_cell/add_29]:340
	                QUANTIZE	           92.300	    0.033	    0.035	  0.033%	 87.402%	     0.000	        1	[cudnn_lstm/rnn/multi_rnn_cell/cell_0/cudnn_compatible_lstm_cell/split_14:3_int8]:341
	                LOGISTIC	           92.335	    0.015	    0.015	  0.014%	 87.416%	     0.000	        1	[cudnn_lstm/rnn/multi_rnn_cell/cell_0/cudnn_compatible_lstm_cell/Sigmoid_44]:342
	                    TANH	           92.351	    0.016	    0.016	  0.015%	 87.431%	     0.000	        1	[cudnn_lstm/rnn/multi_rnn_cell/cell_0/cudnn_compatible_lstm_cell/Tanh_29]:343
	                     MUL	           92.369	    0.074	    0.075	  0.071%	 87.502%	     0.000	        1	[cudnn_lstm/rnn/multi_rnn_cell/cell_0/cudnn_compatible_lstm_cell/mul_44]:344
	                QUANTIZE	           92.444	    0.034	    0.033	  0.032%	 87.534%	     0.000	        1	[cudnn_lstm/rnn/multi_rnn_cell/strided_slice_15_int8]:345
	                QUANTIZE	           92.478	    0.054	    0.055	  0.052%	 87.586%	     0.000	        1	[cudnn_lstm/rnn/multi_rnn_cell/cell_0/cudnn_compatible_lstm_cell/mul_44_requantized]:346
	                QUANTIZE	           92.534	    0.052	    0.052	  0.049%	 87.635%	     0.000	        1	[cudnn_lstm/rnn/multi_rnn_cell/strided_slice_15_int8_requantized]:347
	           CONCATENATION	           92.586	    0.009	    0.011	  0.011%	 87.646%	     0.000	        1	[cudnn_lstm/rnn/multi_rnn_cell/cell_0/cudnn_compatible_lstm_cell/concat_15]:348
	         FULLY_CONNECTED	           92.599	    3.556	    3.602	  3.424%	 91.070%	     0.000	        1	[cudnn_lstm/rnn/multi_rnn_cell/cell_0/cudnn_compatible_lstm_cell/BiasAdd_15]:349
	              DEQUANTIZE	           96.204	    0.124	    0.125	  0.119%	 91.189%	     0.000	        1	[cudnn_lstm/rnn/multi_rnn_cell/cell_0/cudnn_compatible_lstm_cell/BiasAdd_15_float]:350
	                   SPLIT	           96.331	    0.020	    0.020	  0.019%	 91.208%	     0.000	        1	[cudnn_lstm/rnn/multi_rnn_cell/cell_0/cudnn_compatible_lstm_cell/split_15, cudnn_lstm/rnn/multi_rnn_cell/cell_0/cudnn_compatible_lstm_cell/split_15:1, cudnn_lstm/rnn/multi_rnn_cell/cell_0/cudnn_compatible_lstm_cell/split_15:2, cudnn_lstm/rnn/multi_rnn_cell/cell_0/cudnn_compatible_lstm_cell/split_15:3]:351
	                QUANTIZE	           96.352	    0.035	    0.036	  0.034%	 91.242%	     0.000	        1	[cudnn_lstm/rnn/multi_rnn_cell/cell_0/cudnn_compatible_lstm_cell/split_15:2_int8]:352
	                LOGISTIC	           96.388	    0.017	    0.016	  0.016%	 91.257%	     0.000	        1	[cudnn_lstm/rnn/multi_rnn_cell/cell_0/cudnn_compatible_lstm_cell/Sigmoid_45]:353
	                     MUL	           96.406	    0.080	    0.080	  0.076%	 91.334%	     0.000	        1	[cudnn_lstm/rnn/multi_rnn_cell/cell_0/cudnn_compatible_lstm_cell/mul_45]:354
	                QUANTIZE	           96.487	    0.033	    0.033	  0.031%	 91.365%	     0.000	        1	[cudnn_lstm/rnn/multi_rnn_cell/cell_0/cudnn_compatible_lstm_cell/split_15_int8]:355
	                LOGISTIC	           96.521	    0.015	    0.015	  0.014%	 91.379%	     0.000	        1	[cudnn_lstm/rnn/multi_rnn_cell/cell_0/cudnn_compatible_lstm_cell/Sigmoid_46]:356
	                QUANTIZE	           96.537	    0.033	    0.034	  0.032%	 91.411%	     0.000	        1	[cudnn_lstm/rnn/multi_rnn_cell/cell_0/cudnn_compatible_lstm_cell/split_15:1_int8]:357
	                    TANH	           96.572	    0.016	    0.018	  0.017%	 91.429%	     0.000	        1	[cudnn_lstm/rnn/multi_rnn_cell/cell_0/cudnn_compatible_lstm_cell/Tanh_30]:358
	                     MUL	           96.591	    0.074	    0.075	  0.071%	 91.500%	     0.000	        1	[cudnn_lstm/rnn/multi_rnn_cell/cell_0/cudnn_compatible_lstm_cell/mul_46]:359
	                     ADD	           96.668	    0.099	    0.100	  0.095%	 91.595%	     0.000	        1	[new_state_c_int8]:360
	                QUANTIZE	           96.768	    0.033	    0.033	  0.032%	 91.627%	     0.000	        1	[cudnn_lstm/rnn/multi_rnn_cell/cell_0/cudnn_compatible_lstm_cell/split_15:3_int8]:361
	                LOGISTIC	           96.802	    0.015	    0.015	  0.015%	 91.641%	     0.000	        1	[cudnn_lstm/rnn/multi_rnn_cell/cell_0/cudnn_compatible_lstm_cell/Sigmoid_47]:362
	                    TANH	           96.819	    0.016	    0.016	  0.015%	 91.656%	     0.000	        1	[cudnn_lstm/rnn/multi_rnn_cell/cell_0/cudnn_compatible_lstm_cell/Tanh_31]:363
	                     MUL	           96.835	    0.076	    0.074	  0.071%	 91.727%	     0.000	        1	[new_state_h_int8]:364
	                QUANTIZE	           96.911	    0.054	    0.055	  0.052%	 91.779%	     0.000	        1	[new_state_h_requantized]:365
	                QUANTIZE	           96.966	    0.051	    0.054	  0.051%	 91.830%	     0.000	        1	[cudnn_lstm/rnn/multi_rnn_cell/cell_0/cudnn_compatible_lstm_cell/mul_44_requantized]:366
	                QUANTIZE	           97.021	    0.052	    0.054	  0.051%	 91.881%	     0.000	        1	[cudnn_lstm/rnn/multi_rnn_cell/cell_0/cudnn_compatible_lstm_cell/mul_41_requantized]:367
	                QUANTIZE	           97.076	    0.052	    0.052	  0.050%	 91.931%	     0.000	        1	[cudnn_lstm/rnn/multi_rnn_cell/cell_0/cudnn_compatible_lstm_cell/mul_38_requantized]:368
	                QUANTIZE	           97.129	    0.052	    0.054	  0.052%	 91.983%	     0.000	        1	[cudnn_lstm/rnn/multi_rnn_cell/cell_0/cudnn_compatible_lstm_cell/mul_35_requantized]:369
	                QUANTIZE	           97.184	    0.052	    0.052	  0.050%	 92.032%	     0.000	        1	[cudnn_lstm/rnn/multi_rnn_cell/cell_0/cudnn_compatible_lstm_cell/mul_32_requantized]:370
	                QUANTIZE	           97.237	    0.052	    0.052	  0.049%	 92.082%	     0.000	        1	[cudnn_lstm/rnn/multi_rnn_cell/cell_0/cudnn_compatible_lstm_cell/mul_29_requantized]:371
	                QUANTIZE	           97.290	    0.052	    0.055	  0.052%	 92.134%	     0.000	        1	[cudnn_lstm/rnn/multi_rnn_cell/cell_0/cudnn_compatible_lstm_cell/mul_26_requantized]:372
	                QUANTIZE	           97.346	    0.051	    0.052	  0.050%	 92.183%	     0.000	        1	[cudnn_lstm/rnn/multi_rnn_cell/cell_0/cudnn_compatible_lstm_cell/mul_23_requantized]:373
	                QUANTIZE	           97.399	    0.052	    0.052	  0.049%	 92.232%	     0.000	        1	[cudnn_lstm/rnn/multi_rnn_cell/cell_0/cudnn_compatible_lstm_cell/mul_20_requantized]:374
	                QUANTIZE	           97.452	    0.052	    0.053	  0.051%	 92.283%	     0.000	        1	[cudnn_lstm/rnn/multi_rnn_cell/cell_0/cudnn_compatible_lstm_cell/mul_17_requantized]:375
	                QUANTIZE	           97.506	    0.052	    0.053	  0.050%	 92.333%	     0.000	        1	[cudnn_lstm/rnn/multi_rnn_cell/cell_0/cudnn_compatible_lstm_cell/mul_14_requantized]:376
	                QUANTIZE	           97.559	    0.052	    0.052	  0.049%	 92.383%	     0.000	        1	[cudnn_lstm/rnn/multi_rnn_cell/cell_0/cudnn_compatible_lstm_cell/mul_11_requantized]:377
	                QUANTIZE	           97.612	    0.053	    0.053	  0.050%	 92.433%	     0.000	        1	[cudnn_lstm/rnn/multi_rnn_cell/cell_0/cudnn_compatible_lstm_cell/mul_8_requantized]:378
	                QUANTIZE	           97.665	    0.053	    0.052	  0.049%	 92.482%	     0.000	        1	[cudnn_lstm/rnn/multi_rnn_cell/cell_0/cudnn_compatible_lstm_cell/mul_5_requantized]:379
	                QUANTIZE	           97.717	    0.051	    0.052	  0.049%	 92.531%	     0.000	        1	[cudnn_lstm/rnn/multi_rnn_cell/cell_0/cudnn_compatible_lstm_cell/mul_2_requantized]:380
	           CONCATENATION	           97.770	    0.016	    0.017	  0.016%	 92.547%	     0.000	        1	[cudnn_lstm/rnn/multi_rnn_cell/concat]:381
	         FULLY_CONNECTED	           97.787	    7.528	    7.529	  7.158%	 99.705%	     0.000	        1	[Relu6_3]:382
	         FULLY_CONNECTED	          105.321	    0.192	    0.205	  0.195%	 99.899%	     0.000	        1	[BiasAdd_4]:383
	                 SOFTMAX	          105.527	    0.028	    0.029	  0.027%	 99.927%	     0.000	        1	[logits_int8]:384
	              DEQUANTIZE	          105.557	    0.011	    0.011	  0.011%	 99.937%	     0.000	        1	[logits]:385
	              DEQUANTIZE	          105.569	    0.033	    0.032	  0.030%	 99.968%	     0.000	        1	[new_state_c]:386
	              DEQUANTIZE	          105.602	    0.031	    0.031	  0.030%	 99.998%	     0.000	        1	[new_state_h]:387
	              DEQUANTIZE	          105.634	    0.003	    0.003	  0.002%	100.000%	     0.000	        1	[mfccs]:388

============================== Top by Computation Time ==============================
	             [node type]	          [start]	  [first]	 [avg ms]	     [%]	  [cdf%]	  [mem KB]	[times called]	[Name]
	         FULLY_CONNECTED	            2.847	    7.630	    7.635	  7.258%	  7.258%	     0.000	        1	[Relu6_1]:11
	         FULLY_CONNECTED	           10.488	    7.541	    7.588	  7.213%	 14.472%	     0.000	        1	[Relu6_2]:12
	         FULLY_CONNECTED	           97.787	    7.528	    7.529	  7.158%	 21.630%	     0.000	        1	[Relu6_3]:382
	         FULLY_CONNECTED	           34.530	    3.660	    3.643	  3.463%	 25.093%	     0.000	        1	[cudnn_lstm/rnn/multi_rnn_cell/cell_0/cudnn_compatible_lstm_cell/BiasAdd_2]:89
	         FULLY_CONNECTED	           43.506	    3.546	    3.606	  3.428%	 28.522%	     0.000	        1	[cudnn_lstm/rnn/multi_rnn_cell/cell_0/cudnn_compatible_lstm_cell/BiasAdd_4]:129
	         FULLY_CONNECTED	           39.038	    3.556	    3.603	  3.425%	 31.947%	     0.000	        1	[cudnn_lstm/rnn/multi_rnn_cell/cell_0/cudnn_compatible_lstm_cell/BiasAdd_3]:109
	         FULLY_CONNECTED	           74.742	    3.622	    3.603	  3.425%	 35.372%	     0.000	        1	[cudnn_lstm/rnn/multi_rnn_cell/cell_0/cudnn_compatible_lstm_cell/BiasAdd_11]:269
	         FULLY_CONNECTED	           92.599	    3.556	    3.602	  3.424%	 38.796%	     0.000	        1	[cudnn_lstm/rnn/multi_rnn_cell/cell_0/cudnn_compatible_lstm_cell/BiasAdd_15]:349
	         FULLY_CONNECTED	           83.667	    3.490	    3.600	  3.423%	 42.218%	     0.000	        1	[cudnn_lstm/rnn/multi_rnn_cell/cell_0/cudnn_compatible_lstm_cell/BiasAdd_13]:309
	         FULLY_CONNECTED	           70.277	    3.538	    3.598	  3.421%	 45.639%	     0.000	        1	[cudnn_lstm/rnn/multi_rnn_cell/cell_0/cudnn_compatible_lstm_cell/BiasAdd_10]:249

Number of nodes executed: 389
============================== Summary by node type ==============================
	             [Node type]	  [count]	  [avg ms]	    [avg %]	    [cdf %]	  [mem KB]	[times called]
	         FULLY_CONNECTED	       21	    82.449	    78.520%	    78.520%	     0.000	       21
	              DEQUANTIZE	       37	     9.614	     9.156%	    87.676%	     0.000	       37
	                QUANTIZE	      132	     5.351	     5.096%	    92.772%	     0.000	      132
	                     MUL	       48	     3.676	     3.501%	    96.273%	     0.000	       48
	                     ADD	       16	     1.602	     1.526%	    97.798%	     0.000	       16
	                LOGISTIC	       48	     0.736	     0.701%	    98.499%	     0.000	       48
	                    TANH	       32	     0.495	     0.471%	    98.971%	     0.000	       32
	                    Mfcc	        1	     0.338	     0.322%	    99.292%	     0.000	        1
	                   SPLIT	       16	     0.284	     0.270%	    99.563%	     0.000	       16
	        AudioSpectrogram	        1	     0.190	     0.181%	    99.744%	     0.000	        1
	           CONCATENATION	       17	     0.168	     0.160%	    99.904%	     0.000	       17
	           STRIDED_SLICE	       16	     0.060	     0.057%	    99.961%	     0.000	       16
	                 SOFTMAX	        1	     0.028	     0.027%	    99.988%	     0.000	        1
	                 RESHAPE	        3	     0.013	     0.012%	   100.000%	     0.000	        3

Timings (microseconds): count=100 first=104684 curr=107565 min=104396 max=109320 avg=105186 std=778
Memory (bytes): count=0
389 nodes observed



