1-batch-64x8192
450.0
1-batch-8192x512
2275.0
1-batch-2048x256
338.0
1-batch-256x32
46.0
1-batch-128x2048
220.0
1-batch-4096x1024
2278.0
1-batch-8192x1024
4477.0
1-batch-8192x4096
17786.0
1-batch-512x128
72.0
1-batch-8192x128
625.0
1-batch-8192x64
348.0
1-batch-512x256
125.0
1-batch-2048x128
197.0
1-batch-128x512
71.0
1-batch-2048x4096
4541.0
1-batch-8192x32
210.0
1-batch-4096x128
336.0
1-batch-2048x8192
9040.0
1-batch-32x128
46.0
1-batch-512x1024
347.0
1-batch-32x8192
310.0
1-batch-512x8192
2445.0
1-batch-32x2048
88.0
1-batch-4096x256
616.0
1-batch-1024x2048
1192.0
1-batch-1024x8192
4648.0
1-batch-64x64
45.0
1-batch-128x128
48.0
1-batch-64x512
55.0
1-batch-32x4096
157.0
1-batch-64x1024
82.0
1-batch-64x4096
249.0
1-batch-4096x8192
17877.0
1-batch-1024x1024
622.0
1-batch-32x32
45.0
1-batch-256x2048
372.0
1-batch-64x128
46.0
1-batch-4096x512
1167.0
1-batch-2048x2048
2291.0
1-batch-32x512
52.0
1-batch-256x128
52.0
1-batch-64x32
45.0
1-batch-256x8192
1338.0
1-batch-128x32
46.0
1-batch-1024x4096
2350.0
1-batch-1024x256
195.0
1-batch-512x64
52.0
1-batch-256x4096
696.0
1-batch-64x256
49.0
1-batch-512x4096
1249.0
1-batch-128x256
52.0
1-batch-256x64
47.0
1-batch-512x512
202.0
1-batch-64x2048
151.0
1-batch-32x1024
59.0
1-batch-256x256
75.0
1-batch-128x1024
131.0
1-batch-1024x512
338.0
1-batch-128x8192
729.0
1-batch-2048x512
614.0
1-batch-128x4096
390.0
1-batch-256x512
132.0
1-batch-8192x2048
8913.0
1-batch-8192x256
1177.0
1-batch-2048x32
88.0
1-batch-512x2048
646.0
1-batch-1024x32
55.0
1-batch-4096x4096
8971.0
1-batch-2048x1024
1171.0
1-batch-1024x64
77.0
1-batch-512x32
47.0
1-batch-4096x32
129.0
1-batch-8192x8192
36275.0
1-batch-1024x128
124.0
1-batch-32x256
47.0
1-batch-256x1024
208.0
1-batch-128x64
47.0
1-batch-4096x2048
4489.0
1-batch-32x64
45.0
1-batch-4096x64
198.0
1-batch-2048x64
128.0
