STARTING!
Duplicate flags: num_threads
Log parameter values verbosely: [0]
Min num runs: [200]
Min runs duration (seconds): [1e-09]
Num threads: [1]
Use caching: [1]
Min warmup runs: [2]
Min warmup runs duration (seconds): [1e-09]
Graph: [/home/pi/Desktop/run-single-mul-multibatch/models/f32i8/model-256-batch-4096x1024.tflite]
Enable op profiling: [1]
#threads used for CPU inference: [1]
Use xnnpack: [0]
Loaded model /home/pi/Desktop/run-single-mul-multibatch/models/f32i8/model-256-batch-4096x1024.tflite
INFO: Initialized TensorFlow Lite runtime.
Applying FC Low-Precision for Kernel shape (4096, 1024, ), Input shape (256, 4096, ), Output shape (256, 1024, ), ID: 0, Method: BarrelShiftMulW8A8
	Allocating Filter Shape: (4096, 1024, ) DONE
	Preparing Filter With Shape: (4096, 1024, ) DONE
	Allocating An Input Temporary Tensor With Shape: (256, 4096, ) DONE
The input model file size (MB): 4.19531
Initialized session in 33.789ms.
Running benchmark for at least 2 iterations and at least 1e-09 seconds but terminate if exceeding 150 seconds.
count=2 first=131547 curr=121048 min=121048 max=131547 avg=126298 std=5249

Running benchmark for at least 200 iterations and at least 1e-09 seconds but terminate if exceeding 150 seconds.
count=200 first=121114 curr=135831 min=120582 max=135831 avg=122093 std=2242

Inference timings in us: Init: 33789, First inference: 131547, Warmup (avg): 126298, Inference (avg): 122093
Note: as the benchmark tool itself affects memory footprint, the following is only APPROXIMATE to the actual memory footprint of the model at runtime. Take the information at your discretion.
Memory footprint delta from the start of the tool (MB): init=12.0938 overall=24.5273
Profiling Info for Benchmark Initialization:
============================== Run Order ==============================
	             [node type]	          [start]	  [first]	 [avg ms]	     [%]	  [cdf%]	  [mem KB]	[times called]	[Name]
	         AllocateTensors	            0.000	   32.246	   32.246	100.000%	100.000%	  8184.000	        1	AllocateTensors/0

============================== Top by Computation Time ==============================
	             [node type]	          [start]	  [first]	 [avg ms]	     [%]	  [cdf%]	  [mem KB]	[times called]	[Name]
	         AllocateTensors	            0.000	   32.246	   32.246	100.000%	100.000%	  8184.000	        1	AllocateTensors/0

Number of nodes executed: 1
============================== Summary by node type ==============================
	             [Node type]	  [count]	  [avg ms]	    [avg %]	    [cdf %]	  [mem KB]	[times called]
	         AllocateTensors	        1	    32.246	   100.000%	   100.000%	  8184.000	        1

Timings (microseconds): count=1 curr=32246
Memory (bytes): count=0
1 nodes observed



Operator-wise Profiling Info for Regular Benchmark Runs:
============================== Run Order ==============================
	             [node type]	          [start]	  [first]	 [avg ms]	     [%]	  [cdf%]	  [mem KB]	[times called]	[Name]
	         FULLY_CONNECTED	            0.025	  121.053	  122.033	100.000%	100.000%	     0.000	        1	[StatefulPartitionedCall:0]:0

============================== Top by Computation Time ==============================
	             [node type]	          [start]	  [first]	 [avg ms]	     [%]	  [cdf%]	  [mem KB]	[times called]	[Name]
	         FULLY_CONNECTED	            0.025	  121.053	  122.033	100.000%	100.000%	     0.000	        1	[StatefulPartitionedCall:0]:0

Number of nodes executed: 1
============================== Summary by node type ==============================
	             [Node type]	  [count]	  [avg ms]	    [avg %]	    [cdf %]	  [mem KB]	[times called]
	         FULLY_CONNECTED	        1	   122.033	   100.000%	   100.000%	     0.000	        1

Timings (microseconds): count=200 first=121053 curr=135772 min=120513 max=135772 avg=122033 std=2242
Memory (bytes): count=0
1 nodes observed



[ perf record: Woken up 79 times to write data ]
[ perf record: Captured and wrote 19.662 MB /tmp/data.record (100965 samples) ]

26.541

