1-batch-8192x512
579.6
1-batch-128x2048
79.2
1-batch-8192x4096
15143.2
1-batch-512x128
15.4
1-batch-8192x128
133.4
1-batch-2048x128
39.6
1-batch-128x512
24.2
1-batch-2048x4096
1521.4
1-batch-8192x32
46.2
1-batch-4096x128
70.8
1-batch-2048x8192
4353.0
1-batch-32x128
9.0
1-batch-32x8192
216.2
1-batch-512x8192
717.4
1-batch-32x2048
58.2
1-batch-128x128
9.8
1-batch-32x4096
110.6
1-batch-4096x8192
15304.6
1-batch-32x32
5.8
1-batch-4096x512
250.4
1-batch-2048x2048
572.2
1-batch-32x512
18.8
1-batch-128x32
6.4
1-batch-512x4096
310.8
1-batch-512x512
44.2
1-batch-128x8192
301.4
1-batch-2048x512
133.8
1-batch-128x4096
153.0
1-batch-8192x2048
3972.0
1-batch-2048x32
15.6
1-batch-512x2048
158.6
1-batch-4096x4096
3917.2
1-batch-512x32
8.4
1-batch-4096x32
25.8
1-batch-8192x8192
30270.8
1-batch-4096x2048
1475.2
