16-batch-2048x64
255.8
16-batch-64x32
33.8
16-batch-32x128
87.0
16-batch-512x128
150.0
16-batch-64x128
81.6
16-batch-2048x128
455.8
16-batch-128x64
42.0
16-batch-32x2048
1084.4
16-batch-512x2048
2123.4
16-batch-64x512
276.6
16-batch-32x512
283.0
16-batch-2048x2048
6854.0
16-batch-64x2048
1053.0
16-batch-512x512
544.2
16-batch-64x64
49.8
16-batch-512x64
83.8
16-batch-2048x512
1658.2
16-batch-128x32
25.2
16-batch-128x2048
1024.4
16-batch-128x512
264.4
16-batch-32x32
37.0
16-batch-32x64
53.2
16-batch-128x128
72.8
16-batch-512x32
51.4
16-batch-2048x32
155.6
