1-batch-8192x512
672.0
1-batch-128x2048
88.4
1-batch-8192x4096
9223.8
1-batch-512x128
18.8
1-batch-8192x128
180.4
1-batch-2048x128
50.8
1-batch-128x512
26.4
1-batch-2048x4096
1387.8
1-batch-8192x32
57.0
1-batch-4096x128
94.0
1-batch-2048x8192
3671.6
1-batch-32x128
11.2
1-batch-32x8192
337.8
1-batch-512x8192
810.4
1-batch-32x2048
90.2
1-batch-128x128
10.8
1-batch-32x4096
177.4
1-batch-4096x8192
9337.0
1-batch-32x32
6.6
1-batch-4096x512
346.0
1-batch-2048x2048
696.6
1-batch-32x512
25.2
1-batch-128x32
6.4
1-batch-512x4096
408.2
1-batch-512x512
55.8
1-batch-128x8192
335.0
1-batch-2048x512
180.0
1-batch-128x4096
170.8
1-batch-8192x2048
3481.2
1-batch-2048x32
18.4
1-batch-512x2048
206.0
1-batch-4096x4096
3443.6
1-batch-512x32
9.0
1-batch-4096x32
31.4
1-batch-8192x8192
18419.8
1-batch-4096x2048
1349.2
