densenet201
265.89
efficientnetv2l
167.81
inceptionresnetv2
202.7
inceptionv3
275.3
mobilenetv2
156.1
nasnetlarge
794.13
regnety320
618.2
resnet152
275.53
resnet152v2
281.64
vgg19
16229.9
xception
359.09
densenet201
328.28
efficientnetv2l
158.6
inceptionresnetv2
193.1
inceptionv3
293.79
mobilenetv2
158.69
nasnetlarge
688.92
regnety320
631.29
resnet152
278.21
resnet152v2
286.37
vgg19
16712.2
xception
325.3
densenet201-21K
5156.14
densenet201
267.57
efficientnetv2l-21K
3280.71
efficientnetv2l
165.53
inceptionresnetv2-21K
4229.55
inceptionresnetv2
189.99
inceptionv3-21K
5540.53
inceptionv3
334.33
mobilenetv2-21K
3331.01
mobilenetv2
155.48
nasnetlarge-21K
13491.8
nasnetlarge
698.71
regnety320-21K
12147.5
regnety320
628.1
resnet152-21K
5527.72
resnet152
278.9
resnet152v2-21K
5883.92
resnet152v2
286.29
vgg19-21K
29452
