STARTING!
Duplicate flags: num_threads
Log parameter values verbosely: [0]
Min num runs: [200]
Min runs duration (seconds): [1e-09]
Num threads: [1]
Use caching: [1]
Min warmup runs: [2]
Min warmup runs duration (seconds): [1e-09]
Graph: [/home/pi/Desktop/run-single-mul-multibatch/models/f32f32/model-16-batch-2048x4096.tflite]
Enable op profiling: [1]
#threads used for CPU inference: [1]
Use xnnpack: [0]
Loaded model /home/pi/Desktop/run-single-mul-multibatch/models/f32f32/model-16-batch-2048x4096.tflite
INFO: Initialized TensorFlow Lite runtime.
NOT Applying FC Low-Precision for Kernel shape (2048, 4096, ), Input shape (16, 2048, ), Output shape (16, 4096, ), ID: 0, Method: NoOptimization
The input model file size (MB): 33.5554
Initialized session in 1.736ms.
Running benchmark for at least 2 iterations and at least 1e-09 seconds but terminate if exceeding 150 seconds.
count=2 first=148955 curr=130476 min=130476 max=148955 avg=139716 std=9239

Running benchmark for at least 200 iterations and at least 1e-09 seconds but terminate if exceeding 150 seconds.
count=200 first=72665 curr=72568 min=67607 max=92092 avg=70997.4 std=4294

Inference timings in us: Init: 1736, First inference: 148955, Warmup (avg): 139716, Inference (avg): 70997.4
Note: as the benchmark tool itself affects memory footprint, the following is only APPROXIMATE to the actual memory footprint of the model at runtime. Take the information at your discretion.
Memory footprint delta from the start of the tool (MB): init=4.17578 overall=68.9805
Profiling Info for Benchmark Initialization:
============================== Run Order ==============================
	             [node type]	          [start]	  [first]	 [avg ms]	     [%]	  [cdf%]	  [mem KB]	[times called]	[Name]
	         AllocateTensors	            0.000	    0.257	    0.257	100.000%	100.000%	     0.000	        1	AllocateTensors/0

============================== Top by Computation Time ==============================
	             [node type]	          [start]	  [first]	 [avg ms]	     [%]	  [cdf%]	  [mem KB]	[times called]	[Name]
	         AllocateTensors	            0.000	    0.257	    0.257	100.000%	100.000%	     0.000	        1	AllocateTensors/0

Number of nodes executed: 1
============================== Summary by node type ==============================
	             [Node type]	  [count]	  [avg ms]	    [avg %]	    [cdf %]	  [mem KB]	[times called]
	         AllocateTensors	        1	     0.257	   100.000%	   100.000%	     0.000	        1

Timings (microseconds): count=1 curr=257
Memory (bytes): count=0
1 nodes observed



Operator-wise Profiling Info for Regular Benchmark Runs:
============================== Run Order ==============================
	             [node type]	          [start]	  [first]	 [avg ms]	     [%]	  [cdf%]	  [mem KB]	[times called]	[Name]
	         FULLY_CONNECTED	            0.012	   72.614	   70.954	100.000%	100.000%	     0.000	        1	[StatefulPartitionedCall:0]:0

============================== Top by Computation Time ==============================
	             [node type]	          [start]	  [first]	 [avg ms]	     [%]	  [cdf%]	  [mem KB]	[times called]	[Name]
	         FULLY_CONNECTED	            0.012	   72.614	   70.954	100.000%	100.000%	     0.000	        1	[StatefulPartitionedCall:0]:0

Number of nodes executed: 1
============================== Summary by node type ==============================
	             [Node type]	  [count]	  [avg ms]	    [avg %]	    [cdf %]	  [mem KB]	[times called]
	         FULLY_CONNECTED	        1	    70.953	   100.000%	   100.000%	     0.000	        1

Timings (microseconds): count=200 first=72614 curr=72530 min=67566 max=92050 avg=70953.9 std=4297
Memory (bytes): count=0
1 nodes observed



[ perf record: Woken up 44 times to write data ]
[ perf record: Captured and wrote 11.165 MB /tmp/data.record (57625 samples) ]

15.627

