STARTING!
Duplicate flags: num_threads
Log parameter values verbosely: [0]
Min num runs: [200]
Min runs duration (seconds): [1e-09]
Num threads: [1]
Use caching: [1]
Min warmup runs: [2]
Min warmup runs duration (seconds): [1e-09]
Graph: [/home/pi/Desktop/run-single-mul-multibatch/models/f32i8/model-512-batch-1024x4096.tflite]
Enable op profiling: [1]
#threads used for CPU inference: [1]
Use xnnpack: [0]
Loaded model /home/pi/Desktop/run-single-mul-multibatch/models/f32i8/model-512-batch-1024x4096.tflite
INFO: Initialized TensorFlow Lite runtime.
Applying FC Low-Precision for Kernel shape (1024, 4096, ), Input shape (512, 1024, ), Output shape (512, 4096, ), ID: 0, Method: SelfDependentW4A4
	Allocating Filter Shape: (512, 4096, ) DONE
	Preparing Filter With Shape: (1024, 4096, ) DONE
	Allocating An Input Temporary Tensor With Shape: (512, 512, ) DONE
The input model file size (MB): 4.19531
Initialized session in 143.827ms.
Running benchmark for at least 2 iterations and at least 1e-09 seconds but terminate if exceeding 150 seconds.
count=2 first=294941 curr=252304 min=252304 max=294941 avg=273622 std=21318

Running benchmark for at least 200 iterations and at least 1e-09 seconds but terminate if exceeding 150 seconds.
count=200 first=248586 curr=250423 min=247998 max=269771 avg=251391 std=4539

Inference timings in us: Init: 143827, First inference: 294941, Warmup (avg): 273622, Inference (avg): 251391
Note: as the benchmark tool itself affects memory footprint, the following is only APPROXIMATE to the actual memory footprint of the model at runtime. Take the information at your discretion.
Memory footprint delta from the start of the tool (MB): init=12.0977 overall=30.9609
Profiling Info for Benchmark Initialization:
============================== Run Order ==============================
	             [node type]	          [start]	  [first]	 [avg ms]	     [%]	  [cdf%]	  [mem KB]	[times called]	[Name]
	         AllocateTensors	            0.000	  142.198	  142.198	100.000%	100.000%	  8124.000	        1	AllocateTensors/0

============================== Top by Computation Time ==============================
	             [node type]	          [start]	  [first]	 [avg ms]	     [%]	  [cdf%]	  [mem KB]	[times called]	[Name]
	         AllocateTensors	            0.000	  142.198	  142.198	100.000%	100.000%	  8124.000	        1	AllocateTensors/0

Number of nodes executed: 1
============================== Summary by node type ==============================
	             [Node type]	  [count]	  [avg ms]	    [avg %]	    [cdf %]	  [mem KB]	[times called]
	         AllocateTensors	        1	   142.198	   100.000%	   100.000%	  8124.000	        1

Timings (microseconds): count=1 curr=142198
Memory (bytes): count=0
1 nodes observed



Operator-wise Profiling Info for Regular Benchmark Runs:
============================== Run Order ==============================
	             [node type]	          [start]	  [first]	 [avg ms]	     [%]	  [cdf%]	  [mem KB]	[times called]	[Name]
	         FULLY_CONNECTED	            0.024	  248.532	  251.332	100.000%	100.000%	     0.000	        1	[StatefulPartitionedCall:0]:0

============================== Top by Computation Time ==============================
	             [node type]	          [start]	  [first]	 [avg ms]	     [%]	  [cdf%]	  [mem KB]	[times called]	[Name]
	         FULLY_CONNECTED	            0.024	  248.532	  251.332	100.000%	100.000%	     0.000	        1	[StatefulPartitionedCall:0]:0

Number of nodes executed: 1
============================== Summary by node type ==============================
	             [Node type]	  [count]	  [avg ms]	    [avg %]	    [cdf %]	  [mem KB]	[times called]
	         FULLY_CONNECTED	        1	   251.331	   100.000%	   100.000%	     0.000	        1

Timings (microseconds): count=200 first=248532 curr=250364 min=247942 max=269718 avg=251332 std=4538
Memory (bytes): count=0
1 nodes observed



[ perf record: Woken up 153 times to write data ]
[ perf record: Captured and wrote 38.288 MB /tmp/data.record (204665 samples) ]

52.663

