1-batch-8192x512
457.2
1-batch-128x2048
79.4
1-batch-8192x4096
12273.8
1-batch-512x128
14.2
1-batch-8192x128
126.4
1-batch-2048x128
37.4
1-batch-128x512
23.4
1-batch-2048x4096
1689.4
1-batch-8192x32
43.6
1-batch-4096x128
67.4
1-batch-2048x8192
6343.0
1-batch-32x128
9.0
1-batch-32x8192
246.0
1-batch-512x8192
581.8
1-batch-32x2048
67.2
1-batch-128x128
9.2
1-batch-32x4096
127.4
1-batch-4096x8192
12416.2
1-batch-32x32
6.2
1-batch-4096x512
237.4
1-batch-2048x2048
486.0
1-batch-32x512
20.6
1-batch-128x32
6.0
1-batch-512x4096
293.8
1-batch-512x512
41.4
1-batch-128x8192
299.8
1-batch-2048x512
127.2
1-batch-128x4096
154.6
1-batch-8192x2048
6152.4
1-batch-2048x32
14.8
1-batch-512x2048
149.4
1-batch-4096x4096
6208.6
1-batch-512x32
7.6
1-batch-4096x32
24.6
1-batch-8192x8192
24519.8
1-batch-4096x2048
1580.8
1-batch-32x32
6.2
