STARTING!
Duplicate flags: num_threads
Log parameter values verbosely: [0]
Min num runs: [200]
Min runs duration (seconds): [1e-09]
Num threads: [1]
Use caching: [1]
Min warmup runs: [2]
Min warmup runs duration (seconds): [1e-09]
Graph: [/home/pi/Desktop/run-single-mul-multibatch/models/f32i8/model-512-batch-1024x2048.tflite]
Enable op profiling: [1]
#threads used for CPU inference: [1]
Use xnnpack: [0]
Loaded model /home/pi/Desktop/run-single-mul-multibatch/models/f32i8/model-512-batch-1024x2048.tflite
INFO: Initialized TensorFlow Lite runtime.
Applying FC Low-Precision for Kernel shape (1024, 2048, ), Input shape (512, 1024, ), Output shape (512, 2048, ), ID: 0, Method: SelfDependentW4A4
	Allocating Filter Shape: (512, 2048, ) DONE
	Preparing Filter With Shape: (1024, 2048, ) DONE
	Allocating An Input Temporary Tensor With Shape: (512, 512, ) DONE
The input model file size (MB): 2.09816
Initialized session in 55.723ms.
Running benchmark for at least 2 iterations and at least 1e-09 seconds but terminate if exceeding 150 seconds.
count=2 first=151613 curr=131251 min=131251 max=151613 avg=141432 std=10181

Running benchmark for at least 200 iterations and at least 1e-09 seconds but terminate if exceeding 150 seconds.
count=200 first=128543 curr=126684 min=125916 max=136390 avg=127319 std=1837

Inference timings in us: Init: 55723, First inference: 151613, Warmup (avg): 141432, Inference (avg): 127319
Note: as the benchmark tool itself affects memory footprint, the following is only APPROXIMATE to the actual memory footprint of the model at runtime. Take the information at your discretion.
Memory footprint delta from the start of the tool (MB): init=8.16797 overall=19.9766
Profiling Info for Benchmark Initialization:
============================== Run Order ==============================
	             [node type]	          [start]	  [first]	 [avg ms]	     [%]	  [cdf%]	  [mem KB]	[times called]	[Name]
	         AllocateTensors	            0.000	   54.097	   54.097	100.000%	100.000%	  4092.000	        1	AllocateTensors/0

============================== Top by Computation Time ==============================
	             [node type]	          [start]	  [first]	 [avg ms]	     [%]	  [cdf%]	  [mem KB]	[times called]	[Name]
	         AllocateTensors	            0.000	   54.097	   54.097	100.000%	100.000%	  4092.000	        1	AllocateTensors/0

Number of nodes executed: 1
============================== Summary by node type ==============================
	             [Node type]	  [count]	  [avg ms]	    [avg %]	    [cdf %]	  [mem KB]	[times called]
	         AllocateTensors	        1	    54.097	   100.000%	   100.000%	  4092.000	        1

Timings (microseconds): count=1 curr=54097
Memory (bytes): count=0
1 nodes observed



Operator-wise Profiling Info for Regular Benchmark Runs:
============================== Run Order ==============================
	             [node type]	          [start]	  [first]	 [avg ms]	     [%]	  [cdf%]	  [mem KB]	[times called]	[Name]
	         FULLY_CONNECTED	            0.024	  128.468	  127.257	100.000%	100.000%	     0.000	        1	[StatefulPartitionedCall:0]:0

============================== Top by Computation Time ==============================
	             [node type]	          [start]	  [first]	 [avg ms]	     [%]	  [cdf%]	  [mem KB]	[times called]	[Name]
	         FULLY_CONNECTED	            0.024	  128.468	  127.257	100.000%	100.000%	     0.000	        1	[StatefulPartitionedCall:0]:0

Number of nodes executed: 1
============================== Summary by node type ==============================
	             [Node type]	  [count]	  [avg ms]	    [avg %]	    [cdf %]	  [mem KB]	[times called]
	         FULLY_CONNECTED	        1	   127.257	   100.000%	   100.000%	     0.000	        1

Timings (microseconds): count=200 first=128468 curr=126623 min=125857 max=136312 avg=127257 std=1837
Memory (bytes): count=0
1 nodes observed



[ perf record: Woken up 78 times to write data ]
[ perf record: Captured and wrote 19.445 MB /tmp/data.record (104400 samples) ]

27.586

