16-batch-64x8192
3308.0
16-batch-2048x8192
28972.0
16-batch-2048x64
207.0
16-batch-128x1024
415.0
16-batch-8192x2048
26360.0
16-batch-1024x4096
6900.0
16-batch-128x4096
1834.0
16-batch-4096x2048
12082.0
16-batch-2048x1024
3123.0
16-batch-128x256
110.0
16-batch-1024x32
64.0
16-batch-2048x256
790.0
16-batch-64x32
32.0
16-batch-32x128
73.0
16-batch-64x4096
1662.0
16-batch-512x128
129.0
16-batch-64x128
69.0
16-batch-2048x128
402.0
16-batch-8192x8192
126015.0
16-batch-64x1024
424.0
16-batch-128x64
35.0
16-batch-4096x32
205.0
16-batch-32x2048
840.0
16-batch-512x256
247.0
16-batch-64x256
120.0
16-batch-1024x256
428.0
16-batch-512x2048
2013.0
16-batch-8192x512
5895.0
16-batch-64x512
221.0
16-batch-32x512
225.0
16-batch-8192x128
1496.0
16-batch-4096x512
3010.0
16-batch-2048x2048
6328.0
16-batch-4096x1024
6002.0
16-batch-64x2048
836.0
16-batch-1024x1024
1684.0
16-batch-256x2048
1187.0
16-batch-512x512
484.0
16-batch-8192x1024
11764.0
16-batch-1024x128
220.0
16-batch-8192x64
762.0
16-batch-256x256
156.0
16-batch-64x64
45.0
16-batch-4096x8192
64264.0
16-batch-1024x8192
13825.0
16-batch-2048x4096
12645.0
16-batch-8192x256
2962.0
16-batch-512x64
70.0
16-batch-4096x4096
27148.0
16-batch-256x1024
596.0
16-batch-4096x128
765.0
16-batch-128x8192
3670.0
16-batch-2048x512
1568.0
16-batch-256x4096
2560.0
16-batch-32x256
124.0
16-batch-1024x2048
3357.0
16-batch-256x32
29.0
16-batch-256x8192
5113.0
16-batch-256x64
46.0
16-batch-128x32
23.0
16-batch-128x2048
920.0
16-batch-128x512
212.0
16-batch-8192x4096
63092.0
16-batch-256x512
302.0
16-batch-1024x64
116.0
16-batch-32x4096
1667.0
16-batch-512x4096
4015.0
16-batch-512x1024
961.0
16-batch-4096x256
1513.0
16-batch-32x32
35.0
16-batch-1024x512
846.0
16-batch-32x64
48.0
16-batch-128x128
61.0
16-batch-512x32
40.0
16-batch-512x8192
8021.0
16-batch-256x128
83.0
16-batch-32x1024
428.0
16-batch-8192x32
395.0
16-batch-32x8192
3314.0
16-batch-2048x32
110.0
16-batch-4096x64
392.0
