1-batch-64x8192
4854.0
1-batch-8192x512
28271.0
1-batch-2048x256
3247.0
1-batch-256x32
95.0
1-batch-128x2048
1947.0
1-batch-4096x1024
25799.0
1-batch-8192x1024
55266.0
1-batch-8192x4096
210854.0
1-batch-512x128
467.0
1-batch-8192x128
7068.0
1-batch-8192x64
3799.0
1-batch-512x256
874.0
1-batch-2048x128
1705.0
1-batch-128x512
517.0
1-batch-2048x4096
49451.0
1-batch-8192x32
2159.0
1-batch-4096x128
3356.0
1-batch-2048x8192
98810.0
1-batch-32x128
76.0
1-batch-512x1024
3242.0
1-batch-32x8192
3443.0
1-batch-512x8192
25443.0
1-batch-32x2048
808.0
1-batch-4096x256
6429.0
1-batch-1024x2048
12552.0
1-batch-1024x8192
49984.0
1-batch-64x64
66.0
1-batch-128x128
154.0
1-batch-64x512
319.0
1-batch-32x4096
1676.0
1-batch-64x1024
611.0
1-batch-64x4096
2395.0
1-batch-4096x8192
196903.0
1-batch-1024x1024
6320.0
1-batch-32x32
40.0
1-batch-256x2048
3439.0
1-batch-64x128
103.0
1-batch-4096x512
12767.0
1-batch-2048x2048
24792.0
1-batch-32x512
219.0
1-batch-256x128
256.0
1-batch-64x32
48.0
1-batch-256x8192
13674.0
1-batch-128x32
63.0
1-batch-1024x4096
25049.0
1-batch-1024x256
1662.0
1-batch-512x64
260.0
1-batch-256x4096
6834.0
1-batch-64x256
174.0
1-batch-512x4096
12758.0
1-batch-128x256
273.0
1-batch-256x64
150.0
1-batch-512x512
1660.0
1-batch-64x2048
1203.0
1-batch-32x1024
414.0
1-batch-256x256
476.0
1-batch-128x1024
1001.0
1-batch-1024x512
3214.0
1-batch-128x8192
7780.0
1-batch-2048x512
6321.0
1-batch-128x4096
3876.0
1-batch-256x512
909.0
1-batch-8192x2048
108031.0
1-batch-8192x256
13950.0
1-batch-2048x32
553.0
1-batch-512x2048
6405.0
1-batch-1024x32
288.0
1-batch-4096x4096
98573.0
1-batch-2048x1024
12711.0
1-batch-1024x64
493.0
1-batch-512x32
159.0
1-batch-4096x32
1049.0
1-batch-8192x8192
435106.0
1-batch-1024x128
890.0
1-batch-32x256
124.0
1-batch-256x1024
1751.0
1-batch-128x64
95.0
1-batch-4096x2048
49391.0
1-batch-32x64
53.0
1-batch-4096x64
1819.0
1-batch-2048x64
938.0
