STARTING!
Duplicate flags: num_threads
Log parameter values verbosely: [0]
Min num runs: [20]
Min runs duration (seconds): [1e-09]
Num threads: [1]
Use caching: [1]
Min warmup runs: [10]
Min warmup runs duration (seconds): [1e-09]
Graph: [/home/pi/Desktop/run-CNNs/models/i8i8/VGG19.tflite]
Enable op profiling: [1]
#threads used for CPU inference: [1]
Use xnnpack: [0]
Loaded model /home/pi/Desktop/run-CNNs/models/i8i8/VGG19.tflite
INFO: Initialized TensorFlow Lite runtime.
	Changing Input Shape
NOT Applying Conv Low-Precision for Kernel shape (64, 27, ), Input shape (50176, 3, ), and Output shape (50176, 64, ), and the ID is 0
NOT Applying Conv Low-Precision for Kernel shape (64, 576, ), Input shape (50176, 64, ), and Output shape (50176, 64, ), and the ID is 1
	Changing Input Shape
	Changing Input Shape
	Changing Input Shape
NOT Applying Conv Low-Precision for Kernel shape (128, 576, ), Input shape (12544, 64, ), and Output shape (12544, 128, ), and the ID is 2
NOT Applying Conv Low-Precision for Kernel shape (128, 1152, ), Input shape (12544, 128, ), and Output shape (12544, 128, ), and the ID is 3
NOT Applying Conv Low-Precision for Kernel shape 	Changing Input Shape
	Changing Input Shape
(256, 1152, ), Input shape (3136, 128, ), and Output shape (3136, 256, ), and the ID is 4
NOT Applying Conv Low-Precision for Kernel shape (256, 2304, ), Input shape (3136, 256, ), and Output shape (3136, 256, ), and the ID is 5
NOT Applying Conv Low-Precision for Kernel shape (256, 2304, ), Input shape (3136, 256, ), and Output shape (3136, 256, ), and the ID is 6
	Changing Input Shape
	Changing Input Shape
	Changing Input Shape
	Changing Input Shape
NOT Applying Conv Low-Precision for Kernel shape (256, 2304, ), Input shape (3136, 256, ), and Output shape (3136, 256, ), and the ID is 7
NOT Applying Conv Low-Precision for Kernel shape (512, 2304, ), Input shape (784, 256, ), and Output shape (784, 512, ), and the ID is 8
NOT Applying Conv Low-Precision for Kernel shape (512, 4608, ), Input shape (784, 512, ), and Output shape (784, 512, ), and the ID is 9
	Changing Input Shape
	Changing Input Shape
	Changing Input Shape
	Changing Input Shape
	Changing Input Shape
NOT Applying Conv Low-Precision for Kernel shape (512, 4608, ), Input shape (784, 512, ), and Output shape (784, 512, ), and the ID is 10
NOT Applying Conv Low-Precision for Kernel shape (512, 4608, ), Input shape (784, 512, ), and Output shape (784, 512, ), and the ID is 11
NOT Applying Conv Low-Precision for Kernel shape (512, 4608, ), Input shape (196, 512, ), and Output shape (196, 512, ), and the ID is 12
NOT Applying Conv Low-Precision for Kernel shape (512, 4608, ), Input shape (196, 512, ), and Output shape (196, 512, ), and the ID is 13
NOT Applying Conv Low-Precision for Kernel shape (512, 4608, ), Input shape (196, 512, ), and Output shape (196, 512, ), and the ID is 14
NOT Applying Conv Low-Precision for Kernel shape (512, 4608, ), Input shape (196, 512, ), and Output shape (196, 512, ), and the ID is 15
	Changing Input Shape
The input model file size (MB): 143.801
Initialized session in 8.303ms.
NOT Applying Low-Precision for shape (4096, 25088, ) and Input shape (1, 25088, ) With 5 Number of Temp Tensors
NOT Applying Low-Precision for shape (4096, 4096, ) and Input shape (1, 4096, ) With 5 Number of Temp Tensors
NOT Applying Low-Precision for shape (1000, 4096, ) and Input shape (1, 4096, ) With 5 Number of Temp Tensors
Running benchmark for at least 10 iterations and at least 1e-09 seconds but terminate if exceeding 150 seconds.
count=10 first=3334417 curr=2833087 min=2782647 max=3334417 avg=2.86676e+06 std=157601

Running benchmark for at least 20 iterations and at least 1e-09 seconds but terminate if exceeding 150 seconds.
count=20 first=2817755 curr=2808483 min=2784297 max=2828844 avg=2.804e+06 std=13374

Inference timings in us: Init: 8303, First inference: 3334417, Warmup (avg): 2.86676e+06, Inference (avg): 2.804e+06
Note: as the benchmark tool itself affects memory footprint, the following is only APPROXIMATE to the actual memory footprint of the model at runtime. Take the information at your discretion.
Memory footprint delta from the start of the tool (MB): init=4.42969 overall=320.422
Profiling Info for Benchmark Initialization:
============================== Run Order ==============================
	             [node type]	          [start]	  [first]	 [avg ms]	     [%]	  [cdf%]	  [mem KB]	[times called]	[Name]
	         AllocateTensors	            0.000	    2.863	    2.863	100.000%	100.000%	     0.000	        1	AllocateTensors/0

============================== Top by Computation Time ==============================
	             [node type]	          [start]	  [first]	 [avg ms]	     [%]	  [cdf%]	  [mem KB]	[times called]	[Name]
	         AllocateTensors	            0.000	    2.863	    2.863	100.000%	100.000%	     0.000	        1	AllocateTensors/0

Number of nodes executed: 1
============================== Summary by node type ==============================
	             [Node type]	  [count]	  [avg ms]	    [avg %]	    [cdf %]	  [mem KB]	[times called]
	         AllocateTensors	        1	     2.863	   100.000%	   100.000%	     0.000	        1

Timings (microseconds): count=1 curr=2863
Memory (bytes): count=0
1 nodes observed



Operator-wise Profiling Info for Regular Benchmark Runs:
============================== Run Order ==============================
	             [node type]	          [start]	  [first]	 [avg ms]	     [%]	  [cdf%]	  [mem KB]	[times called]	[Name]
	                 CONV_2D	            0.019	   44.677	   44.504	  1.587%	  1.587%	     0.000	        1	[vgg19/block1_conv1/Relu;vgg19/block1_conv1/BiasAdd;vgg19/block1_conv1/BiasAdd/ReadVariableOp;vgg19/block1_conv1/Conv2D]:0
	                 CONV_2D	           44.537	  314.463	  308.976	 11.021%	 12.608%	     0.000	        1	[vgg19/block1_conv2/Relu;vgg19/block1_conv2/BiasAdd;vgg19/block1_conv1/BiasAdd/ReadVariableOp;vgg19/block1_conv2/Conv2D]:1
	             MAX_POOL_2D	          353.526	   12.380	   12.451	  0.444%	 13.052%	     0.000	        1	[vgg19/block1_pool/MaxPool]:2
	                 CONV_2D	          365.988	  139.636	  137.727	  4.912%	 17.964%	     0.000	        1	[vgg19/block2_conv1/Relu;vgg19/block2_conv1/BiasAdd;vgg19/block2_conv1/BiasAdd/ReadVariableOp;vgg19/block2_conv1/Conv2D]:3
	                 CONV_2D	          503.728	  267.434	  263.692	  9.405%	 27.370%	     0.000	        1	[vgg19/block2_conv2/Relu;vgg19/block2_conv2/BiasAdd;vgg19/block2_conv1/BiasAdd/ReadVariableOp;vgg19/block2_conv2/Conv2D]:4
	             MAX_POOL_2D	          767.432	    5.767	    5.727	  0.204%	 27.574%	     0.000	        1	[vgg19/block2_pool/MaxPool]:5
	                 CONV_2D	          773.169	  126.510	  124.408	  4.437%	 32.011%	     0.000	        1	[vgg19/block3_conv1/Relu;vgg19/block3_conv1/BiasAdd;vgg19/block3_conv1/BiasAdd/ReadVariableOp;vgg19/block3_conv1/Conv2D]:6
	                 CONV_2D	          897.590	  246.009	  249.434	  8.897%	 40.908%	     0.000	        1	[vgg19/block3_conv2/Relu;vgg19/block3_conv2/BiasAdd;vgg19/block3_conv1/BiasAdd/ReadVariableOp;vgg19/block3_conv2/Conv2D]:7
	                 CONV_2D	         1147.036	  245.747	  249.227	  8.889%	 49.798%	     0.000	        1	[vgg19/block3_conv3/Relu;vgg19/block3_conv3/BiasAdd;vgg19/block3_conv1/BiasAdd/ReadVariableOp;vgg19/block3_conv3/Conv2D]:8
	                 CONV_2D	         1396.274	  245.353	  249.416	  8.896%	 58.694%	     0.000	        1	[vgg19/block3_conv4/Relu;vgg19/block3_conv4/BiasAdd;vgg19/block3_conv1/BiasAdd/ReadVariableOp;vgg19/block3_conv4/Conv2D]:9
	             MAX_POOL_2D	         1645.702	    2.755	    2.787	  0.099%	 58.793%	     0.000	        1	[vgg19/block3_pool/MaxPool]:10
	                 CONV_2D	         1648.498	  119.551	  121.779	  4.344%	 63.137%	     0.000	        1	[vgg19/block4_conv1/Relu;vgg19/block4_conv1/BiasAdd;vgg19/block4_conv1/BiasAdd/ReadVariableOp;vgg19/block4_conv1/Conv2D]:11
	                 CONV_2D	         1770.291	  242.571	  247.078	  8.813%	 71.950%	     0.000	        1	[vgg19/block4_conv2/Relu;vgg19/block4_conv2/BiasAdd;vgg19/block4_conv1/BiasAdd/ReadVariableOp;vgg19/block4_conv2/Conv2D]:12
	                 CONV_2D	         2017.381	  243.167	  247.778	  8.838%	 80.787%	     0.000	        1	[vgg19/block4_conv3/Relu;vgg19/block4_conv3/BiasAdd;vgg19/block4_conv1/BiasAdd/ReadVariableOp;vgg19/block4_conv3/Conv2D]:13
	                 CONV_2D	         2265.174	  255.795	  247.656	  8.833%	 89.621%	     0.000	        1	[vgg19/block4_conv4/Relu;vgg19/block4_conv4/BiasAdd;vgg19/block4_conv1/BiasAdd/ReadVariableOp;vgg19/block4_conv4/Conv2D]:14
	             MAX_POOL_2D	         2512.843	    1.447	    1.475	  0.053%	 89.673%	     0.000	        1	[vgg19/block4_pool/MaxPool]:15
	                 CONV_2D	         2514.326	   66.125	   62.908	  2.244%	 91.917%	     0.000	        1	[vgg19/block5_conv1/Relu;vgg19/block5_conv1/BiasAdd;vgg19/block4_conv1/BiasAdd/ReadVariableOp;vgg19/block5_conv1/Conv2D]:16
	                 CONV_2D	         2577.246	   66.633	   63.099	  2.251%	 94.168%	     0.000	        1	[vgg19/block5_conv2/Relu;vgg19/block5_conv2/BiasAdd;vgg19/block4_conv1/BiasAdd/ReadVariableOp;vgg19/block5_conv2/Conv2D]:17
	                 CONV_2D	         2640.358	   66.505	   62.778	  2.239%	 96.407%	     0.000	        1	[vgg19/block5_conv3/Relu;vgg19/block5_conv3/BiasAdd;vgg19/block4_conv1/BiasAdd/ReadVariableOp;vgg19/block5_conv3/Conv2D]:18
	                 CONV_2D	         2703.148	   64.306	   62.482	  2.229%	 98.636%	     0.000	        1	[vgg19/block5_conv4/Relu;vgg19/block5_conv4/BiasAdd;vgg19/block4_conv1/BiasAdd/ReadVariableOp;vgg19/block5_conv4/Conv2D]:19
	             MAX_POOL_2D	         2765.644	    0.378	    0.398	  0.014%	 98.650%	     0.000	        1	[vgg19/block5_pool/MaxPool]:20
	                 RESHAPE	         2766.050	    0.017	    0.017	  0.001%	 98.650%	     0.000	        1	[vgg19/flatten/Reshape]:21
	         FULLY_CONNECTED	         2766.073	   33.108	   31.046	  1.107%	 99.758%	     0.000	        1	[vgg19/fc1/MatMul;vgg19/fc1/Relu;vgg19/fc1/BiasAdd]:22
	         FULLY_CONNECTED	         2797.134	    5.600	    5.290	  0.189%	 99.946%	     0.000	        1	[vgg19/fc2/MatMul;vgg19/fc2/Relu;vgg19/fc2/BiasAdd]:23
	         FULLY_CONNECTED	         2802.436	    1.345	    1.407	  0.050%	 99.997%	     0.000	        1	[vgg19/predictions/MatMul;vgg19/predictions/BiasAdd]:24
	                 SOFTMAX	         2803.855	    0.105	    0.096	  0.003%	100.000%	     0.000	        1	[StatefulPartitionedCall:0]:25

============================== Top by Computation Time ==============================
	             [node type]	          [start]	  [first]	 [avg ms]	     [%]	  [cdf%]	  [mem KB]	[times called]	[Name]
	                 CONV_2D	           44.537	  314.463	  308.976	 11.021%	 11.021%	     0.000	        1	[vgg19/block1_conv2/Relu;vgg19/block1_conv2/BiasAdd;vgg19/block1_conv1/BiasAdd/ReadVariableOp;vgg19/block1_conv2/Conv2D]:1
	                 CONV_2D	          503.728	  267.434	  263.692	  9.405%	 20.426%	     0.000	        1	[vgg19/block2_conv2/Relu;vgg19/block2_conv2/BiasAdd;vgg19/block2_conv1/BiasAdd/ReadVariableOp;vgg19/block2_conv2/Conv2D]:4
	                 CONV_2D	          897.590	  246.009	  249.434	  8.897%	 29.323%	     0.000	        1	[vgg19/block3_conv2/Relu;vgg19/block3_conv2/BiasAdd;vgg19/block3_conv1/BiasAdd/ReadVariableOp;vgg19/block3_conv2/Conv2D]:7
	                 CONV_2D	         1396.274	  245.353	  249.416	  8.896%	 38.219%	     0.000	        1	[vgg19/block3_conv4/Relu;vgg19/block3_conv4/BiasAdd;vgg19/block3_conv1/BiasAdd/ReadVariableOp;vgg19/block3_conv4/Conv2D]:9
	                 CONV_2D	         1147.036	  245.747	  249.227	  8.889%	 47.108%	     0.000	        1	[vgg19/block3_conv3/Relu;vgg19/block3_conv3/BiasAdd;vgg19/block3_conv1/BiasAdd/ReadVariableOp;vgg19/block3_conv3/Conv2D]:8
	                 CONV_2D	         2017.381	  243.167	  247.778	  8.838%	 55.946%	     0.000	        1	[vgg19/block4_conv3/Relu;vgg19/block4_conv3/BiasAdd;vgg19/block4_conv1/BiasAdd/ReadVariableOp;vgg19/block4_conv3/Conv2D]:13
	                 CONV_2D	         2265.174	  255.795	  247.656	  8.833%	 64.779%	     0.000	        1	[vgg19/block4_conv4/Relu;vgg19/block4_conv4/BiasAdd;vgg19/block4_conv1/BiasAdd/ReadVariableOp;vgg19/block4_conv4/Conv2D]:14
	                 CONV_2D	         1770.291	  242.571	  247.078	  8.813%	 73.592%	     0.000	        1	[vgg19/block4_conv2/Relu;vgg19/block4_conv2/BiasAdd;vgg19/block4_conv1/BiasAdd/ReadVariableOp;vgg19/block4_conv2/Conv2D]:12
	                 CONV_2D	          365.988	  139.636	  137.727	  4.912%	 78.505%	     0.000	        1	[vgg19/block2_conv1/Relu;vgg19/block2_conv1/BiasAdd;vgg19/block2_conv1/BiasAdd/ReadVariableOp;vgg19/block2_conv1/Conv2D]:3
	                 CONV_2D	          773.169	  126.510	  124.408	  4.437%	 82.942%	     0.000	        1	[vgg19/block3_conv1/Relu;vgg19/block3_conv1/BiasAdd;vgg19/block3_conv1/BiasAdd/ReadVariableOp;vgg19/block3_conv1/Conv2D]:6

Number of nodes executed: 26
============================== Summary by node type ==============================
	             [Node type]	  [count]	  [avg ms]	    [avg %]	    [cdf %]	  [mem KB]	[times called]
	                 CONV_2D	       16	  2742.936	    97.835%	    97.835%	     0.000	       16
	         FULLY_CONNECTED	        3	    37.742	     1.346%	    99.182%	     0.000	        3
	             MAX_POOL_2D	        5	    22.835	     0.814%	    99.996%	     0.000	        5
	                 SOFTMAX	        1	     0.096	     0.003%	    99.999%	     0.000	        1
	                 RESHAPE	        1	     0.016	     0.001%	   100.000%	     0.000	        1

Timings (microseconds): count=20 first=2817384 curr=2808129 min=2783916 max=2828458 avg=2.80364e+06 std=13373
Memory (bytes): count=0
26 nodes observed



[ perf record: Woken up 361 times to write data ]
Warning:
Processed 335839 events and lost 1 chunks!

Check IO/CPU overload!

[ perf record: Captured and wrote 90.383 MB /tmp/data.record (335000 samples) ]

86.791

