1-batch-8192x512
927.4
1-batch-128x2048
80.6
1-batch-8192x4096
13172.8
1-batch-512x128
15.0
1-batch-8192x128
136.2
1-batch-2048x128
39.8
1-batch-128x512
24.0
1-batch-2048x4096
3402.0
1-batch-8192x32
46.0
1-batch-4096x128
72.0
1-batch-2048x8192
6816.2
1-batch-32x128
7.8
1-batch-32x8192
221.8
1-batch-512x8192
1192.8
1-batch-32x2048
58.4
1-batch-128x128
9.4
1-batch-32x4096
112.8
1-batch-4096x8192
13337.6
1-batch-32x32
5.6
1-batch-4096x512
257.4
1-batch-2048x2048
824.0
1-batch-32x512
18.2
1-batch-128x32
5.8
1-batch-512x4096
319.0
1-batch-512x512
44.6
1-batch-128x8192
310.6
1-batch-2048x512
137.2
1-batch-128x4096
160.2
1-batch-8192x2048
6593.2
1-batch-2048x32
15.4
1-batch-512x2048
162.2
1-batch-4096x4096
6657.2
1-batch-512x32
7.6
1-batch-4096x32
25.4
1-batch-8192x8192
26328.0
1-batch-4096x2048
3340.6
1-batch-32x32
5.6
