STARTING!
Duplicate flags: num_threads
Log parameter values verbosely: [0]
Min num runs: [200]
Min runs duration (seconds): [1e-09]
Num threads: [1]
Use caching: [0]
Min warmup runs: [2]
Min warmup runs duration (seconds): [1e-09]
Graph: [/home/pi/Desktop/run-single-mul-multibatch/models/f32f32/model-128-batch-1024x2048.tflite]
Enable op profiling: [1]
#threads used for CPU inference: [1]
Use xnnpack: [0]
Loaded model /home/pi/Desktop/run-single-mul-multibatch/models/f32f32/model-128-batch-1024x2048.tflite
INFO: Initialized TensorFlow Lite runtime.
NOT Applying FC Low-Precision for Kernel shape (1024, 2048, ), Input shape (128, 1024, ), Output shape (128, 2048, ), ID: 0, Method: NoOptimization
The input model file size (MB): 8.38953
Initialized session in 2.114ms.
Running benchmark for at least 2 iterations and at least 1e-09 seconds but terminate if exceeding 150 seconds.
count=2 first=92659 curr=86953 min=86953 max=92659 avg=89806 std=2853

Running benchmark for at least 200 iterations and at least 1e-09 seconds but terminate if exceeding 150 seconds.
count=200 first=70953 curr=63960 min=63576 max=75633 avg=65190.2 std=2297

Inference timings in us: Init: 2114, First inference: 92659, Warmup (avg): 89806, Inference (avg): 65190.2
Note: as the benchmark tool itself affects memory footprint, the following is only APPROXIMATE to the actual memory footprint of the model at runtime. Take the information at your discretion.
Memory footprint delta from the start of the tool (MB): init=4.17188 overall=22.8711
Profiling Info for Benchmark Initialization:
============================== Run Order ==============================
	             [node type]	          [start]	  [first]	 [avg ms]	     [%]	  [cdf%]	  [mem KB]	[times called]	[Name]
	         AllocateTensors	            0.000	    0.504	    0.504	100.000%	100.000%	     0.000	        1	AllocateTensors/0

============================== Top by Computation Time ==============================
	             [node type]	          [start]	  [first]	 [avg ms]	     [%]	  [cdf%]	  [mem KB]	[times called]	[Name]
	         AllocateTensors	            0.000	    0.504	    0.504	100.000%	100.000%	     0.000	        1	AllocateTensors/0

Number of nodes executed: 1
============================== Summary by node type ==============================
	             [Node type]	  [count]	  [avg ms]	    [avg %]	    [cdf %]	  [mem KB]	[times called]
	         AllocateTensors	        1	     0.504	   100.000%	   100.000%	     0.000	        1

Timings (microseconds): count=1 curr=504
Memory (bytes): count=0
1 nodes observed



Operator-wise Profiling Info for Regular Benchmark Runs:
============================== Run Order ==============================
	             [node type]	          [start]	  [first]	 [avg ms]	     [%]	  [cdf%]	  [mem KB]	[times called]	[Name]
	         FULLY_CONNECTED	            0.015	   70.902	   65.146	100.000%	100.000%	     0.000	        1	[StatefulPartitionedCall:0]:0

============================== Top by Computation Time ==============================
	             [node type]	          [start]	  [first]	 [avg ms]	     [%]	  [cdf%]	  [mem KB]	[times called]	[Name]
	         FULLY_CONNECTED	            0.015	   70.902	   65.146	100.000%	100.000%	     0.000	        1	[StatefulPartitionedCall:0]:0

Number of nodes executed: 1
============================== Summary by node type ==============================
	             [Node type]	  [count]	  [avg ms]	    [avg %]	    [cdf %]	  [mem KB]	[times called]
	         FULLY_CONNECTED	        1	    65.145	   100.000%	   100.000%	     0.000	        1

Timings (microseconds): count=200 first=70902 curr=63906 min=63533 max=75570 avg=65145.7 std=2295
Memory (bytes): count=0
1 nodes observed



[ perf record: Woken up 42 times to write data ]
[ perf record: Captured and wrote 10.430 MB /tmp/data.record (53011 samples) ]

14.603

