1-batch-8192x512
589.4
1-batch-128x2048
79.8
1-batch-8192x4096
15376.6
1-batch-512x128
15.6
1-batch-8192x128
136.6
1-batch-2048x128
40.2
1-batch-128x512
24.6
1-batch-2048x4096
1557.6
1-batch-8192x32
46.2
1-batch-4096x128
72.2
1-batch-2048x8192
4411.8
1-batch-32x128
8.6
1-batch-32x8192
218.0
1-batch-512x8192
745.4
1-batch-32x2048
58.6
1-batch-128x128
10.0
1-batch-32x4096
111.4
1-batch-4096x8192
15545.8
1-batch-32x32
5.8
1-batch-4096x512
256.8
1-batch-2048x2048
586.2
1-batch-32x512
19.0
1-batch-128x32
6.2
1-batch-512x4096
317.8
1-batch-512x512
45.0
1-batch-128x8192
305.4
1-batch-2048x512
137.0
1-batch-128x4096
154.8
1-batch-8192x2048
3974.8
1-batch-2048x32
16.2
1-batch-512x2048
161.6
1-batch-4096x4096
3959.4
1-batch-512x32
8.4
1-batch-4096x32
26.0
1-batch-8192x8192
30764.0
1-batch-4096x2048
1511.2
