STARTING!
Duplicate flags: num_threads
Log parameter values verbosely: [0]
Min num runs: [200]
Min runs duration (seconds): [1e-09]
Num threads: [1]
Use caching: [1]
Min warmup runs: [2]
Min warmup runs duration (seconds): [1e-09]
Graph: [/home/pi/Desktop/run-single-mul-multibatch/models/f32i8/model-256-batch-4096x4096.tflite]
Enable op profiling: [1]
#threads used for CPU inference: [1]
Use xnnpack: [0]
Loaded model /home/pi/Desktop/run-single-mul-multibatch/models/f32i8/model-256-batch-4096x4096.tflite
INFO: Initialized TensorFlow Lite runtime.
Applying FC Low-Precision for Kernel shape (4096, 4096, ), Input shape (256, 4096, ), Output shape (256, 4096, ), ID: 0, Method: SelfDependentW4A4
	Allocating Filter Shape: (2048, 4096, ) DONE
	Preparing Filter With Shape: (4096, 4096, ) DONE
	Allocating An Input Temporary Tensor With Shape: (256, 2048, ) DONE
The input model file size (MB): 16.7782
Initialized session in 450.42ms.
Running benchmark for at least 2 iterations and at least 1e-09 seconds but terminate if exceeding 150 seconds.
count=2 first=488889 curr=464275 min=464275 max=488889 avg=476582 std=12307

Running benchmark for at least 200 iterations and at least 1e-09 seconds but terminate if exceeding 150 seconds.
count=200 first=464807 curr=463544 min=463387 max=490413 avg=468247 std=5987

Inference timings in us: Init: 450420, First inference: 488889, Warmup (avg): 476582, Inference (avg): 468247
Note: as the benchmark tool itself affects memory footprint, the following is only APPROXIMATE to the actual memory footprint of the model at runtime. Take the information at your discretion.
Memory footprint delta from the start of the tool (MB): init=36.25 overall=45.5859
Profiling Info for Benchmark Initialization:
============================== Run Order ==============================
	             [node type]	          [start]	  [first]	 [avg ms]	     [%]	  [cdf%]	  [mem KB]	[times called]	[Name]
	         AllocateTensors	            0.000	  448.792	  448.792	100.000%	100.000%	 32844.000	        1	AllocateTensors/0

============================== Top by Computation Time ==============================
	             [node type]	          [start]	  [first]	 [avg ms]	     [%]	  [cdf%]	  [mem KB]	[times called]	[Name]
	         AllocateTensors	            0.000	  448.792	  448.792	100.000%	100.000%	 32844.000	        1	AllocateTensors/0

Number of nodes executed: 1
============================== Summary by node type ==============================
	             [Node type]	  [count]	  [avg ms]	    [avg %]	    [cdf %]	  [mem KB]	[times called]
	         AllocateTensors	        1	   448.792	   100.000%	   100.000%	 32844.000	        1

Timings (microseconds): count=1 curr=448792
Memory (bytes): count=0
1 nodes observed



Operator-wise Profiling Info for Regular Benchmark Runs:
============================== Run Order ==============================
	             [node type]	          [start]	  [first]	 [avg ms]	     [%]	  [cdf%]	  [mem KB]	[times called]	[Name]
	         FULLY_CONNECTED	            0.025	  464.747	  468.186	100.000%	100.000%	     0.000	        1	[StatefulPartitionedCall:0]:0

============================== Top by Computation Time ==============================
	             [node type]	          [start]	  [first]	 [avg ms]	     [%]	  [cdf%]	  [mem KB]	[times called]	[Name]
	         FULLY_CONNECTED	            0.025	  464.747	  468.186	100.000%	100.000%	     0.000	        1	[StatefulPartitionedCall:0]:0

Number of nodes executed: 1
============================== Summary by node type ==============================
	             [Node type]	  [count]	  [avg ms]	    [avg %]	    [cdf %]	  [mem KB]	[times called]
	         FULLY_CONNECTED	        1	   468.185	   100.000%	   100.000%	     0.000	        1

Timings (microseconds): count=200 first=464747 curr=463485 min=463331 max=490331 avg=468186 std=5987
Memory (bytes): count=0
1 nodes observed



[ perf record: Woken up 283 times to write data ]
Warning:
Processed 374335 events and lost 2 chunks!

Check IO/CPU overload!

[ perf record: Captured and wrote 70.741 MB /tmp/data.record (373665 samples) ]

96.744

