1-batch-64x8192
642.0
1-batch-8192x512
1937.0
1-batch-2048x256
271.0
1-batch-256x32
23.0
1-batch-128x2048
179.0
1-batch-4096x1024
1944.0
1-batch-8192x1024
3839.0
1-batch-8192x4096
15247.0
1-batch-512x128
33.0
1-batch-8192x128
507.0
1-batch-8192x64
269.0
1-batch-512x256
64.0
1-batch-2048x128
150.0
1-batch-128x512
37.0
1-batch-2048x4096
3887.0
1-batch-8192x32
150.0
1-batch-4096x128
268.0
1-batch-2048x8192
7742.0
1-batch-32x128
25.0
1-batch-512x1024
286.0
1-batch-32x8192
644.0
1-batch-512x8192
2084.0
1-batch-32x2048
181.0
1-batch-4096x256
508.0
1-batch-1024x2048
1015.0
1-batch-1024x8192
3964.0
1-batch-64x64
23.0
1-batch-128x128
25.0
1-batch-64x512
37.0
1-batch-32x4096
336.0
1-batch-64x1024
76.0
1-batch-64x4096
334.0
1-batch-4096x8192
15326.0
1-batch-1024x1024
522.0
1-batch-32x32
22.0
1-batch-256x2048
301.0
1-batch-64x128
26.0
1-batch-4096x512
987.0
1-batch-2048x2048
1964.0
1-batch-32x512
38.0
1-batch-256x128
26.0
1-batch-64x32
22.0
1-batch-256x8192
1119.0
1-batch-128x32
22.0
1-batch-1024x4096
2000.0
1-batch-1024x256
153.0
1-batch-512x64
26.0
1-batch-256x4096
572.0
1-batch-64x256
29.0
1-batch-512x4096
1057.0
1-batch-128x256
28.0
1-batch-256x64
25.0
1-batch-512x512
159.0
1-batch-64x2048
181.0
1-batch-32x1024
77.0
1-batch-256x256
32.0
1-batch-128x1024
75.0
1-batch-1024x512
277.0
1-batch-128x8192
641.0
1-batch-2048x512
514.0
1-batch-128x4096
334.0
1-batch-256x512
70.0
1-batch-8192x2048
7639.0
1-batch-8192x256
982.0
1-batch-2048x32
32.0
1-batch-512x2048
542.0
1-batch-1024x32
26.0
1-batch-4096x4096
7684.0
1-batch-2048x1024
997.0
1-batch-1024x64
32.0
1-batch-512x32
23.0
1-batch-4096x32
68.0
1-batch-8192x8192
30492.0
1-batch-1024x128
64.0
1-batch-32x256
30.0
1-batch-256x1024
165.0
1-batch-128x64
22.0
1-batch-4096x2048
3857.0
1-batch-32x64
23.0
1-batch-4096x64
149.0
1-batch-2048x64
65.0
