densenet201-21K
1.41444e+06
densenet201
64730.8
efficientnetv2l-21K
943724
efficientnetv2l
43335.9
inceptionresnetv2-21K
1.13008e+06
inceptionresnetv2
51821.3
inceptionv3-21K
1.50706e+06
inceptionv3
69173.6
mobilenetv2-21K
943825
mobilenetv2
43355.1
nasnetlarge-21K
2.96943e+06
nasnetlarge
135607
regnety320-21K
2.73096e+06
regnety320
124859
resnet152-21K
1.50703e+06
resnet152
69175.9
resnet152v2-21K
1.50938e+06
resnet152v2
69023.3
vgg19-21K
7.03415e+06
vgg19
4.14778e+06
xception-21K
1.50754e+06
xception
69087.3
