16-batch-64x8192
2940.0
16-batch-2048x8192
96527.0
16-batch-2048x64
203.0
16-batch-128x1024
418.0
16-batch-8192x2048
94456.0
16-batch-1024x4096
24831.0
16-batch-128x4096
1831.0
16-batch-4096x2048
47596.0
16-batch-2048x1024
5083.0
16-batch-128x256
110.0
16-batch-1024x32
61.0
16-batch-2048x256
779.0
16-batch-64x32
20.0
16-batch-32x128
54.0
16-batch-64x4096
1476.0
16-batch-512x128
127.0
16-batch-64x128
49.0
16-batch-2048x128
395.0
16-batch-8192x8192
377671.0
16-batch-64x1024
326.0
16-batch-128x64
35.0
16-batch-4096x32
197.0
16-batch-32x2048
654.0
16-batch-512x256
246.0
16-batch-64x256
88.0
16-batch-1024x256
424.0
16-batch-512x2048
1994.0
16-batch-8192x512
23678.0
16-batch-64x512
167.0
16-batch-32x512
172.0
16-batch-8192x128
1462.0
16-batch-4096x512
5398.0
16-batch-2048x2048
24150.0
16-batch-4096x1024
23820.0
16-batch-64x2048
743.0
16-batch-1024x1024
1664.0
16-batch-256x2048
1294.0
16-batch-512x512
483.0
16-batch-8192x1024
47267.0
16-batch-1024x128
217.0
16-batch-8192x64
739.0
16-batch-256x256
158.0
16-batch-64x64
29.0
16-batch-4096x8192
190179.0
16-batch-1024x8192
49626.0
16-batch-2048x4096
48283.0
16-batch-8192x256
6302.0
16-batch-512x64
69.0
16-batch-4096x4096
95066.0
16-batch-256x1024
605.0
16-batch-4096x128
751.0
16-batch-128x8192
3694.0
16-batch-2048x512
1546.0
16-batch-256x4096
2577.0
16-batch-32x256
93.0
16-batch-1024x2048
6052.0
16-batch-256x32
28.0
16-batch-256x8192
9301.0
16-batch-256x64
47.0
16-batch-128x32
23.0
16-batch-128x2048
920.0
16-batch-128x512
211.0
16-batch-8192x4096
188837.0
16-batch-256x512
308.0
16-batch-1024x64
114.0
16-batch-32x4096
1296.0
16-batch-512x4096
7279.0
16-batch-512x1024
955.0
16-batch-4096x256
1488.0
16-batch-32x32
24.0
16-batch-1024x512
837.0
16-batch-32x64
35.0
16-batch-128x128
61.0
16-batch-512x32
39.0
16-batch-512x8192
26248.0
16-batch-256x128
84.0
16-batch-32x1024
331.0
16-batch-8192x32
377.0
16-batch-32x8192
2579.0
16-batch-2048x32
106.0
16-batch-4096x64
382.0
