1-batch-64x8192
172.0
1-batch-8192x512
2834.0
1-batch-2048x256
312.0
1-batch-256x32
16.0
1-batch-128x2048
70.0
1-batch-4096x1024
2833.0
1-batch-8192x1024
5610.0
1-batch-8192x4096
22303.0
1-batch-512x128
25.0
1-batch-8192x128
752.0
1-batch-8192x64
415.0
1-batch-512x256
34.0
1-batch-2048x128
58.0
1-batch-128x512
28.0
1-batch-2048x4096
5688.0
1-batch-8192x32
75.0
1-batch-4096x128
361.0
1-batch-2048x8192
11337.0
1-batch-32x128
16.0
1-batch-512x1024
293.0
1-batch-32x8192
129.0
1-batch-512x8192
3025.0
1-batch-32x2048
43.0
1-batch-4096x256
740.0
1-batch-1024x2048
1468.0
1-batch-1024x8192
5815.0
1-batch-64x64
16.0
1-batch-128x128
18.0
1-batch-64x512
24.0
1-batch-32x4096
71.0
1-batch-64x1024
33.0
1-batch-64x4096
88.0
1-batch-4096x8192
22402.0
1-batch-1024x1024
750.0
1-batch-32x32
15.0
1-batch-256x2048
326.0
1-batch-64x128
17.0
1-batch-4096x512
1439.0
1-batch-2048x2048
2852.0
1-batch-32x512
22.0
1-batch-256x128
20.0
1-batch-64x32
16.0
1-batch-256x8192
1634.0
1-batch-128x32
15.0
1-batch-1024x4096
2926.0
1-batch-1024x256
55.0
1-batch-512x64
20.0
1-batch-256x4096
628.0
1-batch-64x256
19.0
1-batch-512x4096
1530.0
1-batch-128x256
22.0
1-batch-256x64
18.0
1-batch-512x512
56.0
1-batch-64x2048
51.0
1-batch-32x1024
29.0
1-batch-256x256
26.0
1-batch-128x1024
41.0
1-batch-1024x512
302.0
1-batch-128x8192
667.0
1-batch-2048x512
741.0
1-batch-128x4096
131.0
1-batch-256x512
37.0
1-batch-8192x2048
11178.0
1-batch-8192x256
1447.0
1-batch-2048x32
30.0
1-batch-512x2048
776.0
1-batch-1024x32
20.0
1-batch-4096x4096
11226.0
1-batch-2048x1024
1443.0
1-batch-1024x64
25.0
1-batch-512x32
18.0
1-batch-4096x32
43.0
1-batch-8192x8192
44539.0
1-batch-1024x128
33.0
1-batch-32x256
18.0
1-batch-256x1024
61.0
1-batch-128x64
17.0
1-batch-4096x2048
5621.0
1-batch-32x64
16.0
1-batch-4096x64
62.0
1-batch-2048x64
38.0
