1-batch-128x128
10.5015
1-batch-128x2048
100.041
1-batch-128x32
6.2465
1-batch-128x4096
195.418
1-batch-128x512
28.4805
1-batch-128x8192
418.998
1-batch-2048x128
40.236
1-batch-2048x2048
533.597
1-batch-2048x32
15.4975
1-batch-2048x4096
1060.06
1-batch-2048x512
139.152
1-batch-2048x8192
2152.49
1-batch-32x128
11.0085
1-batch-32x2048
100.571
1-batch-32x32
6.643
1-batch-32x4096
196.413
1-batch-32x512
28.7405
1-batch-32x8192
385.636
1-batch-4096x128
72.2325
1-batch-4096x2048
1013.39
1-batch-4096x32
25.479
1-batch-4096x4096
2026.42
1-batch-4096x512
261.139
1-batch-4096x8192
4034.4
1-batch-512x128
16.0575
1-batch-512x2048
188.218
1-batch-512x32
7.962
1-batch-512x4096
349.96
1-batch-512x512
48.4045
1-batch-512x8192
736.438
1-batch-8192x128
135.944
1-batch-8192x2048
1961.44
1-batch-8192x32
45.198
1-batch-8192x4096
3887.56
1-batch-8192x512
501.642
1-batch-8192x8192
8771.61
