1-batch-128x128
11.624
1-batch-128x2048
110.77
1-batch-128x32
7.05
1-batch-128x4096
216.295
1-batch-128x512
31.9795
1-batch-128x8192
430.354
1-batch-2048x128
50.373
1-batch-2048x2048
685.209
1-batch-2048x32
18.2495
1-batch-2048x4096
1294.52
1-batch-2048x512
177.422
1-batch-2048x8192
2589.12
1-batch-32x128
9.925
1-batch-32x2048
82.828
1-batch-32x32
6.087
1-batch-32x4096
160.532
1-batch-32x512
23.869
1-batch-32x8192
328.418
1-batch-4096x128
92.9745
1-batch-4096x2048
1326.4
1-batch-4096x32
30.3335
1-batch-4096x4096
2644.57
1-batch-4096x512
338.405
1-batch-4096x8192
4987.35
1-batch-512x128
18.3695
1-batch-512x2048
200.389
1-batch-512x32
9.3175
1-batch-512x4096
395.213
1-batch-512x512
63.5795
1-batch-512x8192
873.842
1-batch-8192x128
177.778
1-batch-8192x2048
2599.69
1-batch-8192x32
55.664
1-batch-8192x4096
5192.73
1-batch-8192x512
667.332
1-batch-8192x8192
10466
