16-batch-2048x64
250.2
16-batch-64x32
20.6
16-batch-32x128
67.2
16-batch-512x128
146.4
16-batch-64x128
61.4
16-batch-2048x128
445.2
16-batch-128x64
41.4
16-batch-32x2048
892.2
16-batch-512x2048
2075.0
16-batch-64x512
224.6
16-batch-32x512
228.8
16-batch-2048x2048
6297.4
16-batch-64x2048
856.0
16-batch-512x512
532.0
16-batch-64x64
34.6
16-batch-512x64
83.0
16-batch-2048x512
1615.4
16-batch-128x32
25.2
16-batch-128x2048
1016.4
16-batch-128x512
258.4
16-batch-32x32
25.4
16-batch-32x64
39.0
16-batch-128x128
72.8
16-batch-512x32
50.8
16-batch-2048x32
152.4
