16-batch-2048x64
242.2
16-batch-64x32
20.0
16-batch-32x128
66.6
16-batch-512x128
143.4
16-batch-64x128
59.0
16-batch-2048x128
438.2
16-batch-128x64
40.0
16-batch-32x2048
892.4
16-batch-512x2048
2050.6
16-batch-64x512
221.6
16-batch-32x512
225.2
16-batch-2048x2048
6168.8
16-batch-64x2048
855.6
16-batch-512x512
522.4
16-batch-64x64
33.0
16-batch-512x64
80.2
16-batch-2048x512
1580.0
16-batch-128x32
23.8
16-batch-128x2048
1012.4
16-batch-128x512
256.8
16-batch-32x32
24.6
16-batch-32x64
38.4
16-batch-128x128
70.4
16-batch-512x32
49.0
16-batch-2048x32
147.2
16-batch-2048x2048
6168.8
16-batch-2048x512
1580.0
