16-batch-64x8192
2652.0
16-batch-2048x8192
55567.0
16-batch-2048x64
185.0
16-batch-128x1024
395.0
16-batch-8192x2048
53237.0
16-batch-1024x4096
10176.0
16-batch-128x4096
1664.0
16-batch-4096x2048
26993.0
16-batch-2048x1024
2765.0
16-batch-128x256
105.0
16-batch-1024x32
58.0
16-batch-2048x256
700.0
16-batch-64x32
19.0
16-batch-32x128
43.0
16-batch-64x4096
1333.0
16-batch-512x128
118.0
16-batch-64x128
48.0
16-batch-2048x128
357.0
16-batch-8192x8192
212458.0
16-batch-64x1024
316.0
16-batch-128x64
34.0
16-batch-4096x32
182.0
16-batch-32x2048
586.0
16-batch-512x256
225.0
16-batch-64x256
86.0
16-batch-1024x256
384.0
16-batch-512x2048
1787.0
16-batch-8192x512
8125.0
16-batch-64x512
163.0
16-batch-32x512
143.0
16-batch-8192x128
1315.0
16-batch-4096x512
2651.0
16-batch-2048x2048
8747.0
16-batch-4096x1024
8010.0
16-batch-64x2048
634.0
16-batch-1024x1024
1507.0
16-batch-256x2048
1144.0
16-batch-512x512
443.0
16-batch-8192x1024
26690.0
16-batch-1024x128
197.0
16-batch-8192x64
672.0
16-batch-256x256
146.0
16-batch-64x64
29.0
16-batch-4096x8192
107733.0
16-batch-1024x8192
29213.0
16-batch-2048x4096
27816.0
16-batch-8192x256
2604.0
16-batch-512x64
65.0
16-batch-4096x4096
53924.0
16-batch-256x1024
557.0
16-batch-4096x128
676.0
16-batch-128x8192
3311.0
16-batch-2048x512
1389.0
16-batch-256x4096
2279.0
16-batch-32x256
76.0
16-batch-1024x2048
3003.0
16-batch-256x32
27.0
16-batch-256x8192
4578.0
16-batch-256x64
44.0
16-batch-128x32
22.0
16-batch-128x2048
836.0
16-batch-128x512
202.0
16-batch-8192x4096
106338.0
16-batch-256x512
281.0
16-batch-1024x64
104.0
16-batch-32x4096
1178.0
16-batch-512x4096
3565.0
16-batch-512x1024
877.0
16-batch-4096x256
1334.0
16-batch-32x32
18.0
16-batch-1024x512
759.0
16-batch-32x64
26.0
16-batch-128x128
58.0
16-batch-512x32
37.0
16-batch-512x8192
13100.0
16-batch-256x128
77.0
16-batch-32x1024
276.0
16-batch-8192x32
350.0
16-batch-32x8192
2345.0
16-batch-2048x32
99.0
16-batch-4096x64
346.0
