16-batch-128x128
94.661
16-batch-128x2048
1347.68
16-batch-128x32
31.39
16-batch-128x512
354.056
16-batch-128x64
52.23
16-batch-2048x128
509.497
16-batch-2048x2048
6702.91
16-batch-2048x32
197.724
16-batch-2048x512
1900.19
16-batch-2048x64
300.358
16-batch-32x128
88.693
16-batch-32x2048
1213.41
16-batch-32x32
30.832
16-batch-32x512
317.797
16-batch-32x64
48.867
16-batch-512x128
175.471
16-batch-512x2048
2397.2
16-batch-512x32
65.145
16-batch-512x512
628.64
16-batch-512x64
101.942
16-batch-64x128
81.867
16-batch-64x2048
1225.3
16-batch-64x32
27.137
16-batch-64x512
303.313
16-batch-64x64
43.603
