16-batch-128x128
94.757
16-batch-128x2048
1355.99
16-batch-128x32
31.32
16-batch-128x512
351.284
16-batch-128x64
54.13
16-batch-2048x128
530.842
16-batch-2048x2048
6894.18
16-batch-2048x32
194.464
16-batch-2048x512
1698.29
16-batch-2048x64
294.209
16-batch-32x128
90.228
16-batch-32x2048
1236.38
16-batch-32x32
30.842
16-batch-32x512
316.665
16-batch-32x64
49.463
16-batch-512x128
172.724
16-batch-512x2048
2312.65
16-batch-512x32
64.242
16-batch-512x512
618.189
16-batch-512x64
100.55
16-batch-64x128
83.111
16-batch-64x2048
1210.79
16-batch-64x32
26.05
16-batch-64x512
310.765
16-batch-64x64
44.016
