1-batch-128x128
15.5765
1-batch-128x2048
99.252
1-batch-128x32
11.61
1-batch-128x4096
181.72
1-batch-128x512
30.9505
1-batch-128x8192
386.46
1-batch-2048x128
34.8625
1-batch-2048x2048
458.389
1-batch-2048x32
19.2095
1-batch-2048x4096
930.359
1-batch-2048x512
121.371
1-batch-2048x8192
1837.07
1-batch-32x128
14.647
1-batch-32x2048
83.346
1-batch-32x32
11.2255
1-batch-32x4096
155.843
1-batch-32x512
28.9895
1-batch-32x8192
306.457
1-batch-4096x128
56.031
1-batch-4096x2048
856.93
1-batch-4096x32
27.7185
1-batch-4096x4096
1661.27
1-batch-4096x512
224.492
1-batch-4096x8192
3475.57
1-batch-512x128
19.086
1-batch-512x2048
170.978
1-batch-512x32
12.6575
1-batch-512x4096
341.734
1-batch-512x512
44.1195
1-batch-512x8192
656.116
1-batch-8192x128
139.869
1-batch-8192x2048
1678.52
1-batch-8192x32
48.3975
1-batch-8192x4096
3325.47
1-batch-8192x512
470.813
1-batch-8192x8192
6923.65
