1-batch-64x8192
144.0
1-batch-8192x512
2363.0
1-batch-2048x256
77.0
1-batch-256x32
11.0
1-batch-128x2048
60.0
1-batch-4096x1024
2374.0
1-batch-8192x1024
4705.0
1-batch-8192x4096
18786.0
1-batch-512x128
18.0
1-batch-8192x128
390.0
1-batch-8192x64
76.0
1-batch-512x256
28.0
1-batch-2048x128
44.0
1-batch-128x512
21.0
1-batch-2048x4096
4807.0
1-batch-8192x32
42.0
1-batch-4096x128
76.0
1-batch-2048x8192
9601.0
1-batch-32x128
11.0
1-batch-512x1024
85.0
1-batch-32x8192
146.0
1-batch-512x8192
2520.0
1-batch-32x2048
43.0
1-batch-4096x256
363.0
1-batch-1024x2048
1231.0
1-batch-1024x8192
4895.0
1-batch-64x64
10.0
1-batch-128x128
12.0
1-batch-64x512
18.0
1-batch-32x4096
77.0
1-batch-64x1024
26.0
1-batch-64x4096
77.0
1-batch-4096x8192
18902.0
1-batch-1024x1024
362.0
1-batch-32x32
10.0
1-batch-256x2048
95.0
1-batch-64x128
11.0
1-batch-4096x512
1200.0
1-batch-2048x2048
2399.0
1-batch-32x512
18.0
1-batch-256x128
14.0
1-batch-64x32
9.0
1-batch-256x8192
1336.0
1-batch-128x32
9.0
1-batch-1024x4096
2453.0
1-batch-1024x256
45.0
1-batch-512x64
13.0
1-batch-256x4096
421.0
1-batch-64x256
13.0
1-batch-512x4096
1264.0
1-batch-128x256
15.0
1-batch-256x64
12.0
1-batch-512x512
47.0
1-batch-64x2048
43.0
1-batch-32x1024
26.0
1-batch-256x256
19.0
1-batch-128x1024
34.0
1-batch-1024x512
80.0
1-batch-128x8192
525.0
1-batch-2048x512
351.0
1-batch-128x4096
110.0
1-batch-256x512
30.0
1-batch-8192x2048
9399.0
1-batch-8192x256
1192.0
1-batch-2048x32
17.0
1-batch-512x2048
377.0
1-batch-1024x32
13.0
1-batch-4096x4096
9458.0
1-batch-2048x1024
1210.0
1-batch-1024x64
18.0
1-batch-512x32
12.0
1-batch-4096x32
25.0
1-batch-8192x8192
37563.0
1-batch-1024x128
27.0
1-batch-32x256
13.0
1-batch-256x1024
52.0
1-batch-128x64
10.0
1-batch-4096x2048
4736.0
1-batch-32x64
11.0
1-batch-4096x64
43.0
1-batch-2048x64
26.0
