STARTING!
Duplicate flags: num_threads
Log parameter values verbosely: [0]
Min num runs: [100]
Min runs duration (seconds): [1e-09]
Num threads: [1]
Use caching: [1]
Min warmup runs: [2]
Min warmup runs duration (seconds): [1e-09]
Graph: [/home/pi/Desktop/CNNs-ResNet101-DenseNet201-InceptionV3/models/i8i8/InceptionV3.tflite]
Enable op profiling: [1]
#threads used for CPU inference: [1]
Use xnnpack: [0]
Loaded model /home/pi/Desktop/CNNs-ResNet101-DenseNet201-InceptionV3/models/i8i8/InceptionV3.tflite
INFO: Initialized TensorFlow Lite runtime.
Applying Conv Low-Precision for Kernel shape (27, 32, ), Input shape (89401, 3, ) (or (22201, 27, )), Output shape (22201, 32, ), ID: 0, Method: BarrelShiftMulW8A8
	Changing Input Shape
	New Input Shape: (22201, 27, )
	No Changes To Appliability.
	Reserving 5 LowPrecision Tensors In Total
	Allocating Filter Shape: (32, 32, ) DONE
	Allocating A Kernel Temporary Tensor With Shape: (32, 32, ) DONE
	Preparing Filter With Shape: (27, 32, ) DONE
	Allocating An Input Temporary Tensor With Shape: (22208, 32, ) DONE
	Allocating An Input Temporary Tensor With Shape: (22208, 32, ) DONE
	Allocating An Output Temporary Tensor With Shape: (22208, 32, ) DONE
Applying Conv Low-Precision for Kernel shape (288, 32, ), Input shape (22201, 32, ) (or (21609, 288, )), Output shape (21609, 32, ), ID: 1, Method: BarrelShiftMulW8A8
	Changing Input Shape
	New Input Shape: (21609, 288, )
	No Changes To Appliability.
	Reserving 4 LowPrecision Tensors In Total
	Allocating Filter Shape: (288, 32, ) DONE
	Preparing Filter With Shape: (288, 32, ) DONE
	Allocating An Input Temporary Tensor With Shape: (21616, 288, ) DONE
	Allocating An Input Temporary Tensor With Shape: (21616, 288, ) DONE
	Allocating An Output Temporary Tensor With Shape: (21616, 32, ) DONE
Applying Conv Low-Precision for Kernel shape (288, 64, ), Input shape (21609, 32, ) (or (21609, 288, )), Output shape (21609, 64, ), ID: 2, Method: BarrelShiftMulW8A8
	Changing Input Shape
	New Input Shape: (21609, 288, )
	No Changes To Appliability.
	Reserving 4 LowPrecision Tensors In Total
	Allocating Filter Shape: (288, 64, ) DONE
	Preparing Filter With Shape: (288, 64, ) DONE
	Allocating An Input Temporary Tensor With Shape: (21616, 288, ) DONE
	Allocating An Input Temporary Tensor With Shape: (21616, 288, ) DONE
	Allocating An Output Temporary Tensor With Shape: (21616, 64, ) DONE
Applying Conv Low-Precision for Kernel shape (64, 80, ), Input shape (5329, 64, ) (or (5329, 64, )), Output shape (5329, 80, ), ID: 3, Method: BarrelShiftMulW8A8
	Changing Input Shape
	New Input Shape: (5329, 64, )
	No Changes To Appliability.
	Reserving 4 LowPrecision Tensors In Total
	Allocating Filter Shape: (64, 80, ) DONE
	Preparing Filter With Shape: (64, 80, ) DONE
	Allocating An Input Temporary Tensor With Shape: (5336, 64, ) DONE
	Allocating An Input Temporary Tensor With Shape: (5336, 64, ) DONE
	Allocating An Output Temporary Tensor With Shape: (5336, 80, ) DONE
Applying Conv Low-Precision for Kernel shape (720, 192, ), Input shape (5329, 80, ) (or (5041, 720, )), Output shape (5041, 192, ), ID: 4, Method: BarrelShiftMulW8A8
	Changing Input Shape
	New Input Shape: (5041, 720, )
	No Changes To Appliability.
	Reserving 4 LowPrecision Tensors In Total
	Allocating Filter Shape: (720, 192, ) DONE
	Preparing Filter With Shape: (720, 192, ) DONE
	Allocating An Input Temporary Tensor With Shape: (5048, 720, ) DONE
	Allocating An Input Temporary Tensor With Shape: (5048, 720, ) DONE
	Allocating An Output Temporary Tensor With Shape: (5048, 192, ) DONE
Applying Conv Low-Precision for Kernel shape (192, 32, ), Input shape (1225, 192, ) (or (1225, 192, )), Output shape (1225, 32, ), ID: 5, Method: BarrelShiftMulW8A8
	Changing Input Shape
	New Input Shape: (1225, 192, )
	No Changes To Appliability.
	Reserving 4 LowPrecision Tensors In Total
	Allocating Filter Shape: (192, 32, ) DONE
	Preparing Filter With Shape: (192, 32, ) DONE
	Allocating An Input Temporary Tensor With Shape: (1232, 192, ) DONE
	Allocating An Input Temporary Tensor With Shape: (1232, 192, ) DONE
	Allocating An Output Temporary Tensor With Shape: (1232, 32, ) DONE
Applying Conv Low-Precision for Kernel shape (192, 64, ), Input shape (1225, 192, ) (or (1225, 192, )), Output shape (1225, 64, ), ID: 6, Method: BarrelShiftMulW8A8
	Changing Input Shape
	New Input Shape: (1225, 192, )
	No Changes To Appliability.
	Reserving 4 LowPrecision Tensors In Total
	Allocating Filter Shape: (192, 64, ) DONE
	Preparing Filter With Shape: (192, 64, ) DONE
	Allocating An Input Temporary Tensor With Shape: (1232, 192, ) DONE
	Allocating An Input Temporary Tensor With Shape: (1232, 192, ) DONE
	Allocating An Output Temporary Tensor With Shape: (1232, 64, ) DONE
Applying Conv Low-Precision for Kernel shape (192, 48, ), Input shape (1225, 192, ) (or (1225, 192, )), Output shape (1225, 48, ), ID: 7, Method: BarrelShiftMulW8A8
	Changing Input Shape
	New Input Shape: (1225, 192, )
	No Changes To Appliability.
	Reserving 4 LowPrecision Tensors In Total
	Allocating Filter Shape: (192, 48, ) DONE
	Preparing Filter With Shape: (192, 48, ) DONE
	Allocating An Input Temporary Tensor With Shape: (1232, 192, ) DONE
	Allocating An Input Temporary Tensor With Shape: (1232, 192, ) DONE
	Allocating An Output Temporary Tensor With Shape: (1232, 48, ) DONE
Applying Conv Low-Precision for Kernel shape (1200, 64, ), Input shape (1225, 48, ) (or (1225, 1200, )), Output shape (1225, 64, ), ID: 8, Method: BarrelShiftMulW8A8
	Changing Input Shape
	New Input Shape: (1225, 1200, )
	No Changes To Appliability.
	Reserving 4 LowPrecision Tensors In Total
	Allocating Filter Shape: (1200, 64, ) DONE
	Preparing Filter With Shape: (1200, 64, ) DONE
	Allocating An Input Temporary Tensor With Shape: (1232, 1200, ) DONE
	Allocating An Input Temporary Tensor With Shape: (1232, 1200, ) DONE
	Allocating An Output Temporary Tensor With Shape: (1232, 64, ) DONE
Applying Conv Low-Precision for Kernel shape (192, 64, ), Input shape (1225, 192, ) (or (1225, 192, )), Output shape (1225, 64, ), ID: 9, Method: BarrelShiftMulW8A8
	Changing Input Shape
	New Input Shape: (1225, 192, )
	No Changes To Appliability.
	Reserving 4 LowPrecision Tensors In Total
	Allocating Filter Shape: (192, 64, ) DONE
	Preparing Filter With Shape: (192, 64, ) DONE
	Allocating An Input Temporary Tensor With Shape: (1232, 192, ) DONE
	Allocating An Input Temporary Tensor With Shape: (1232, 192, ) DONE
	Allocating An Output Temporary Tensor With Shape: (1232, 64, ) DONE
Applying Conv Low-Precision for Kernel shape (576, 96, ), Input shape (1225, 64, ) (or (1225, 576, )), Output shape (1225, 96, ), ID: 10, Method: BarrelShiftMulW8A8
	Changing Input Shape
	New Input Shape: (1225, 576, )
	No Changes To Appliability.
	Reserving 4 LowPrecision Tensors In Total
	Allocating Filter Shape: (576, 96, ) DONE
	Preparing Filter With Shape: (576, 96, ) DONE
	Allocating An Input Temporary Tensor With Shape: (1232, 576, ) DONE
	Allocating An Input Temporary Tensor With Shape: (1232, 576, ) DONE
	Allocating An Output Temporary Tensor With Shape: (1232, 96, ) DONE
Applying Conv Low-Precision for Kernel shape (864, 96, ), Input shape (1225, 96, ) (or (1225, 864, )), Output shape (1225, 96, ), ID: 11, Method: BarrelShiftMulW8A8
	Changing Input Shape
	New Input Shape: (1225, 864, )
	No Changes To Appliability.
	Reserving 4 LowPrecision Tensors In Total
	Allocating Filter Shape: (864, 96, ) DONE
	Preparing Filter With Shape: (864, 96, ) DONE
	Allocating An Input Temporary Tensor With Shape: (1232, 864, ) DONE
	Allocating An Input Temporary Tensor With Shape: (1232, 864, ) DONE
	Allocating An Output Temporary Tensor With Shape: (1232, 96, ) DONE
Applying Conv Low-Precision for Kernel shape (256, 64, ), Input shape (1225, 256, ) (or (1225, 256, )), Output shape (1225, 64, ), ID: 12, Method: BarrelShiftMulW8A8
	Changing Input Shape
	New Input Shape: (1225, 256, )
	No Changes To Appliability.
	Reserving 4 LowPrecision Tensors In Total
	Allocating Filter Shape: (256, 64, ) DONE
	Preparing Filter With Shape: (256, 64, ) DONE
	Allocating An Input Temporary Tensor With Shape: (1232, 256, ) DONE
	Allocating An Input Temporary Tensor With Shape: (1232, 256, ) DONE
	Allocating An Output Temporary Tensor With Shape: (1232, 64, ) DONE
Applying Conv Low-Precision for Kernel shape (256, 64, ), Input shape (1225, 256, ) (or (1225, 256, )), Output shape (1225, 64, ), ID: 13, Method: BarrelShiftMulW8A8
	Changing Input Shape
	New Input Shape: (1225, 256, )
	No Changes To Appliability.
	Reserving 4 LowPrecision Tensors In Total
	Allocating Filter Shape: (256, 64, ) DONE
	Preparing Filter With Shape: (256, 64, ) DONE
	Allocating An Input Temporary Tensor With Shape: (1232, 256, ) DONE
	Allocating An Input Temporary Tensor With Shape: (1232, 256, ) DONE
	Allocating An Output Temporary Tensor With Shape: (1232, 64, ) DONE
Applying Conv Low-Precision for Kernel shape (256, 48, ), Input shape (1225, 256, ) (or (1225, 256, )), Output shape (1225, 48, ), ID: 14, Method: BarrelShiftMulW8A8
	Changing Input Shape
	New Input Shape: (1225, 256, )
	No Changes To Appliability.
	Reserving 4 LowPrecision Tensors In Total
	Allocating Filter Shape: (256, 48, ) DONE
	Preparing Filter With Shape: (256, 48, ) DONE
	Allocating An Input Temporary Tensor With Shape: (1232, 256, ) DONE
	Allocating An Input Temporary Tensor With Shape: (1232, 256, ) DONE
	Allocating An Output Temporary Tensor With Shape: (1232, 48, ) DONE
Applying Conv Low-Precision for Kernel shape (1200, 64, ), Input shape (1225, 48, ) (or (1225, 1200, )), Output shape (1225, 64, ), ID: 15, Method: BarrelShiftMulW8A8
	Changing Input Shape
	New Input Shape: (1225, 1200, )
	No Changes To Appliability.
	Reserving 4 LowPrecision Tensors In Total
	Allocating Filter Shape: (1200, 64, ) DONE
	Preparing Filter With Shape: (1200, 64, ) DONE
	Allocating An Input Temporary Tensor With Shape: (1232, 1200, ) DONE
	Allocating An Input Temporary Tensor With Shape: (1232, 1200, ) DONE
	Allocating An Output Temporary Tensor With Shape: (1232, 64, ) DONE
Applying Conv Low-Precision for Kernel shape (256, 64, ), Input shape (1225, 256, ) (or (1225, 256, )), Output shape (1225, 64, ), ID: 16, Method: BarrelShiftMulW8A8
	Changing Input Shape
	New Input Shape: (1225, 256, )
	No Changes To Appliability.
	Reserving 4 LowPrecision Tensors In Total
	Allocating Filter Shape: (256, 64, ) DONE
	Preparing Filter With Shape: (256, 64, ) DONE
	Allocating An Input Temporary Tensor With Shape: (1232, 256, ) DONE
	Allocating An Input Temporary Tensor With Shape: (1232, 256, ) DONE
	Allocating An Output Temporary Tensor With Shape: (1232, 64, ) DONE
Applying Conv Low-Precision for Kernel shape (576, 96, ), Input shape (1225, 64, ) (or (1225, 576, )), Output shape (1225, 96, ), ID: 17, Method: BarrelShiftMulW8A8
	Changing Input Shape
	New Input Shape: (1225, 576, )
	No Changes To Appliability.
	Reserving 4 LowPrecision Tensors In Total
	Allocating Filter Shape: (576, 96, ) DONE
	Preparing Filter With Shape: (576, 96, ) DONE
	Allocating An Input Temporary Tensor With Shape: (1232, 576, ) DONE
	Allocating An Input Temporary Tensor With Shape: (1232, 576, ) DONE
	Allocating An Output Temporary Tensor With Shape: (1232, 96, ) DONE
Applying Conv Low-Precision for Kernel shape (864, 96, ), Input shape (1225, 96, ) (or (1225, 864, )), Output shape (1225, 96, ), ID: 18, Method: BarrelShiftMulW8A8
	Changing Input Shape
	New Input Shape: (1225, 864, )
	No Changes To Appliability.
	Reserving 4 LowPrecision Tensors In Total
	Allocating Filter Shape: (864, 96, ) DONE
	Preparing Filter With Shape: (864, 96, ) DONE
	Allocating An Input Temporary Tensor With Shape: (1232, 864, ) DONE
	Allocating An Input Temporary Tensor With Shape: (1232, 864, ) DONE
	Allocating An Output Temporary Tensor With Shape: (1232, 96, ) DONE
Applying Conv Low-Precision for Kernel shape (288, 64, ), Input shape (1225, 288, ) (or (1225, 288, )), Output shape (1225, 64, ), ID: 19, Method: BarrelShiftMulW8A8
	Changing Input Shape
	New Input Shape: (1225, 288, )
	No Changes To Appliability.
	Reserving 4 LowPrecision Tensors In Total
	Allocating Filter Shape: (288, 64, ) DONE
	Preparing Filter With Shape: (288, 64, ) DONE
	Allocating An Input Temporary Tensor With Shape: (1232, 288, ) DONE
	Allocating An Input Temporary Tensor With Shape: (1232, 288, ) DONE
	Allocating An Output Temporary Tensor With Shape: (1232, 64, ) DONE
Applying Conv Low-Precision for Kernel shape (288, 64, ), Input shape (1225, 288, ) (or (1225, 288, )), Output shape (1225, 64, ), ID: 20, Method: BarrelShiftMulW8A8
	Changing Input Shape
	New Input Shape: (1225, 288, )
	No Changes To Appliability.
	Reserving 4 LowPrecision Tensors In Total
	Allocating Filter Shape: (288, 64, ) DONE
	Preparing Filter With Shape: (288, 64, ) DONE
	Allocating An Input Temporary Tensor With Shape: (1232, 288, ) DONE
	Allocating An Input Temporary Tensor With Shape: (1232, 288, ) DONE
	Allocating An Output Temporary Tensor With Shape: (1232, 64, ) DONE
Applying Conv Low-Precision for Kernel shape (288, 48, ), Input shape (1225, 288, ) (or (1225, 288, )), Output shape (1225, 48, ), ID: 21, Method: BarrelShiftMulW8A8
	Changing Input Shape
	New Input Shape: (1225, 288, )
	No Changes To Appliability.
	Reserving 4 LowPrecision Tensors In Total
	Allocating Filter Shape: (288, 48, ) DONE
	Preparing Filter With Shape: (288, 48, ) DONE
	Allocating An Input Temporary Tensor With Shape: (1232, 288, ) DONE
	Allocating An Input Temporary Tensor With Shape: (1232, 288, ) DONE
	Allocating An Output Temporary Tensor With Shape: (1232, 48, ) DONE
Applying Conv Low-Precision for Kernel shape (1200, 64, ), Input shape (1225, 48, ) (or (1225, 1200, )), Output shape (1225, 64, ), ID: 22, Method: BarrelShiftMulW8A8
	Changing Input Shape
	New Input Shape: (1225, 1200, )
	No Changes To Appliability.
	Reserving 4 LowPrecision Tensors In Total
	Allocating Filter Shape: (1200, 64, ) DONE
	Preparing Filter With Shape: (1200, 64, ) DONE
	Allocating An Input Temporary Tensor With Shape: (1232, 1200, ) DONE
	Allocating An Input Temporary Tensor With Shape: (1232, 1200, ) DONE
	Allocating An Output Temporary Tensor With Shape: (1232, 64, ) DONE
Applying Conv Low-Precision for Kernel shape (288, 64, ), Input shape (1225, 288, ) (or (1225, 288, )), Output shape (1225, 64, ), ID: 23, Method: BarrelShiftMulW8A8
	Changing Input Shape
	New Input Shape: (1225, 288, )
	No Changes To Appliability.
	Reserving 4 LowPrecision Tensors In Total
	Allocating Filter Shape: (288, 64, ) DONE
	Preparing Filter With Shape: (288, 64, ) DONE
	Allocating An Input Temporary Tensor With Shape: (1232, 288, ) DONE
	Allocating An Input Temporary Tensor With Shape: (1232, 288, ) DONE
	Allocating An Output Temporary Tensor With Shape: (1232, 64, ) DONE
Applying Conv Low-Precision for Kernel shape (576, 96, ), Input shape (1225, 64, ) (or (1225, 576, )), Output shape (1225, 96, ), ID: 24, Method: BarrelShiftMulW8A8
	Changing Input Shape
	New Input Shape: (1225, 576, )
	No Changes To Appliability.
	Reserving 4 LowPrecision Tensors In Total
	Allocating Filter Shape: (576, 96, ) DONE
	Preparing Filter With Shape: (576, 96, ) DONE
	Allocating An Input Temporary Tensor With Shape: (1232, 576, ) DONE
	Allocating An Input Temporary Tensor With Shape: (1232, 576, ) DONE
	Allocating An Output Temporary Tensor With Shape: (1232, 96, ) DONE
Applying Conv Low-Precision for Kernel shape (864, 96, ), Input shape (1225, 96, ) (or (1225, 864, )), Output shape (1225, 96, ), ID: 25, Method: BarrelShiftMulW8A8
	Changing Input Shape
	New Input Shape: (1225, 864, )
	No Changes To Appliability.
	Reserving 4 LowPrecision Tensors In Total
	Allocating Filter Shape: (864, 96, ) DONE
	Preparing Filter With Shape: (864, 96, ) DONE
	Allocating An Input Temporary Tensor With Shape: (1232, 864, ) DONE
	Allocating An Input Temporary Tensor With Shape: (1232, 864, ) DONE
	Allocating An Output Temporary Tensor With Shape: (1232, 96, ) DONE
Applying Conv Low-Precision for Kernel shape (2592, 384, ), Input shape (1225, 288, ) (or (289, 2592, )), Output shape (289, 384, ), ID: 26, Method: BarrelShiftMulW8A8
	Changing Input Shape
	New Input Shape: (289, 2592, )
	No Changes To Appliability.
	Reserving 4 LowPrecision Tensors In Total
	Allocating Filter Shape: (2592, 384, ) DONE
	Preparing Filter With Shape: (2592, 384, ) DONE
	Allocating An Input Temporary Tensor With Shape: (296, 2592, ) DONE
	Allocating An Input Temporary Tensor With Shape: (296, 2592, ) DONE
	Allocating An Output Temporary Tensor With Shape: (296, 384, ) DONE
Applying Conv Low-Precision for Kernel shape (288, 64, ), Input shape (1225, 288, ) (or (1225, 288, )), Output shape (1225, 64, ), ID: 27, Method: BarrelShiftMulW8A8
	Changing Input Shape
	New Input Shape: (1225, 288, )
	No Changes To Appliability.
	Reserving 4 LowPrecision Tensors In Total
	Allocating Filter Shape: (288, 64, ) DONE
	Preparing Filter With Shape: (288, 64, ) DONE
	Allocating An Input Temporary Tensor With Shape: (1232, 288, ) DONE
	Allocating An Input Temporary Tensor With Shape: (1232, 288, ) DONE
	Allocating An Output Temporary Tensor With Shape: (1232, 64, ) DONE
Applying Conv Low-Precision for Kernel shape (576, 96, ), Input shape (1225, 64, ) (or (1225, 576, )), Output shape (1225, 96, ), ID: 28, Method: BarrelShiftMulW8A8
	Changing Input Shape
	New Input Shape: (1225, 576, )
	No Changes To Appliability.
	Reserving 4 LowPrecision Tensors In Total
	Allocating Filter Shape: (576, 96, ) DONE
	Preparing Filter With Shape: (576, 96, ) DONE
	Allocating An Input Temporary Tensor With Shape: (1232, 576, ) DONE
	Allocating An Input Temporary Tensor With Shape: (1232, 576, ) DONE
	Allocating An Output Temporary Tensor With Shape: (1232, 96, ) DONE
Applying Conv Low-Precision for Kernel shape (864, 96, ), Input shape (1225, 96, ) (or (289, 864, )), Output shape (289, 96, ), ID: 29, Method: BarrelShiftMulW8A8
	Changing Input Shape
	New Input Shape: (289, 864, )
	No Changes To Appliability.
	Reserving 4 LowPrecision Tensors In Total
	Allocating Filter Shape: (864, 96, ) DONE
	Preparing Filter With Shape: (864, 96, ) DONE
	Allocating An Input Temporary Tensor With Shape: (296, 864, ) DONE
	Allocating An Input Temporary Tensor With Shape: (296, 864, ) DONE
	Allocating An Output Temporary Tensor With Shape: (296, 96, ) DONE
Applying Conv Low-Precision for Kernel shape (768, 192, ), Input shape (289, 768, ) (or (289, 768, )), Output shape (289, 192, ), ID: 30, Method: BarrelShiftMulW8A8
	Changing Input Shape
	New Input Shape: (289, 768, )
	No Changes To Appliability.
	Reserving 4 LowPrecision Tensors In Total
	Allocating Filter Shape: (768, 192, ) DONE
	Preparing Filter With Shape: (768, 192, ) DONE
	Allocating An Input Temporary Tensor With Shape: (296, 768, ) DONE
	Allocating An Input Temporary Tensor With Shape: (296, 768, ) DONE
	Allocating An Output Temporary Tensor With Shape: (296, 192, ) DONE
Applying Conv Low-Precision for Kernel shape (768, 192, ), Input shape (289, 768, ) (or (289, 768, )), Output shape (289, 192, ), ID: 31, Method: BarrelShiftMulW8A8
	Changing Input Shape
	New Input Shape: (289, 768, )
	No Changes To Appliability.
	Reserving 4 LowPrecision Tensors In Total
	Allocating Filter Shape: (768, 192, ) DONE
	Preparing Filter With Shape: (768, 192, ) DONE
	Allocating An Input Temporary Tensor With Shape: (296, 768, ) DONE
	Allocating An Input Temporary Tensor With Shape: (296, 768, ) DONE
	Allocating An Output Temporary Tensor With Shape: (296, 192, ) DONE
Applying Conv Low-Precision for Kernel shape (768, 128, ), Input shape (289, 768, ) (or (289, 768, )), Output shape (289, 128, ), ID: 32, Method: BarrelShiftMulW8A8
	Changing Input Shape
	New Input Shape: (289, 768, )
	No Changes To Appliability.
	Reserving 4 LowPrecision Tensors In Total
	Allocating Filter Shape: (768, 128, ) DONE
	Preparing Filter With Shape: (768, 128, ) DONE
	Allocating An Input Temporary Tensor With Shape: (296, 768, ) DONE
	Allocating An Input Temporary Tensor With Shape: (296, 768, ) DONE
	Allocating An Output Temporary Tensor With Shape: (296, 128, ) DONE
Applying Conv Low-Precision for Kernel shape (896, 128, ), Input shape (289, 128, ) (or (289, 896, )), Output shape (289, 128, ), ID: 33, Method: BarrelShiftMulW8A8
	Changing Input Shape
	New Input Shape: (289, 896, )
	No Changes To Appliability.
	Reserving 4 LowPrecision Tensors In Total
	Allocating Filter Shape: (896, 128, ) DONE
	Preparing Filter With Shape: (896, 128, ) DONE
	Allocating An Input Temporary Tensor With Shape: (296, 896, ) DONE
	Allocating An Input Temporary Tensor With Shape: (296, 896, ) DONE
	Allocating An Output Temporary Tensor With Shape: (296, 128, ) DONE
Applying Conv Low-Precision for Kernel shape (896, 192, ), Input shape (289, 128, ) (or (289, 896, )), Output shape (289, 192, ), ID: 34, Method: BarrelShiftMulW8A8
	Changing Input Shape
	New Input Shape: (289, 896, )
	No Changes To Appliability.
	Reserving 4 LowPrecision Tensors In Total
	Allocating Filter Shape: (896, 192, ) DONE
	Preparing Filter With Shape: (896, 192, ) DONE
	Allocating An Input Temporary Tensor With Shape: (296, 896, ) DONE
	Allocating An Input Temporary Tensor With Shape: (296, 896, ) DONE
	Allocating An Output Temporary Tensor With Shape: (296, 192, ) DONE
Applying Conv Low-Precision for Kernel shape (768, 128, ), Input shape (289, 768, ) (or (289, 768, )), Output shape (289, 128, ), ID: 35, Method: BarrelShiftMulW8A8
	Changing Input Shape
	New Input Shape: (289, 768, )
	No Changes To Appliability.
	Reserving 4 LowPrecision Tensors In Total
	Allocating Filter Shape: (768, 128, ) DONE
	Preparing Filter With Shape: (768, 128, ) DONE
	Allocating An Input Temporary Tensor With Shape: (296, 768, ) DONE
	Allocating An Input Temporary Tensor With Shape: (296, 768, ) DONE
	Allocating An Output Temporary Tensor With Shape: (296, 128, ) DONE
Applying Conv Low-Precision for Kernel shape (896, 128, ), Input shape (289, 128, ) (or (289, 896, )), Output shape (289, 128, ), ID: 36, Method: BarrelShiftMulW8A8
	Changing Input Shape
	New Input Shape: (289, 896, )
	No Changes To Appliability.
	Reserving 4 LowPrecision Tensors In Total
	Allocating Filter Shape: (896, 128, ) DONE
	Preparing Filter With Shape: (896, 128, ) DONE
	Allocating An Input Temporary Tensor With Shape: (296, 896, ) DONE
	Allocating An Input Temporary Tensor With Shape: (296, 896, ) DONE
	Allocating An Output Temporary Tensor With Shape: (296, 128, ) DONE
Applying Conv Low-Precision for Kernel shape (896, 128, ), Input shape (289, 128, ) (or (289, 896, )), Output shape (289, 128, ), ID: 37, Method: BarrelShiftMulW8A8
	Changing Input Shape
	New Input Shape: (289, 896, )
	No Changes To Appliability.
	Reserving 4 LowPrecision Tensors In Total
	Allocating Filter Shape: (896, 128, ) DONE
	Preparing Filter With Shape: (896, 128, ) DONE
	Allocating An Input Temporary Tensor With Shape: (296, 896, ) DONE
	Allocating An Input Temporary Tensor With Shape: (296, 896, ) DONE
	Allocating An Output Temporary Tensor With Shape: (296, 128, ) DONE
Applying Conv Low-Precision for Kernel shape (896, 128, ), Input shape (289, 128, ) (or (289, 896, )), Output shape (289, 128, ), ID: 38, Method: BarrelShiftMulW8A8
	Changing Input Shape
	New Input Shape: (289, 896, )
	No Changes To Appliability.
	Reserving 4 LowPrecision Tensors In Total
	Allocating Filter Shape: (896, 128, ) DONE
	Preparing Filter With Shape: (896, 128, ) DONE
	Allocating An Input Temporary Tensor With Shape: (296, 896, ) DONE
	Allocating An Input Temporary Tensor With Shape: (296, 896, ) DONE
	Allocating An Output Temporary Tensor With Shape: (296, 128, ) DONE
Applying Conv Low-Precision for Kernel shape (896, 192, ), Input shape (289, 128, ) (or (289, 896, )), Output shape (289, 192, ), ID: 39, Method: BarrelShiftMulW8A8
	Changing Input Shape
	New Input Shape: (289, 896, )
	No Changes To Appliability.
	Reserving 4 LowPrecision Tensors In Total
	Allocating Filter Shape: (896, 192, ) DONE
	Preparing Filter With Shape: (896, 192, ) DONE
	Allocating An Input Temporary Tensor With Shape: (296, 896, ) DONE
	Allocating An Input Temporary Tensor With Shape: (296, 896, ) DONE
	Allocating An Output Temporary Tensor With Shape: (296, 192, ) DONE
Applying Conv Low-Precision for Kernel shape (768, 192, ), Input shape (289, 768, ) (or (289, 768, )), Output shape (289, 192, ), ID: 40, Method: BarrelShiftMulW8A8
	Changing Input Shape
	New Input Shape: (289, 768, )
	No Changes To Appliability.
	Reserving 4 LowPrecision Tensors In Total
	Allocating Filter Shape: (768, 192, ) DONE
	Preparing Filter With Shape: (768, 192, ) DONE
	Allocating An Input Temporary Tensor With Shape: (296, 768, ) DONE
	Allocating An Input Temporary Tensor With Shape: (296, 768, ) DONE
	Allocating An Output Temporary Tensor With Shape: (296, 192, ) DONE
Applying Conv Low-Precision for Kernel shape (768, 192, ), Input shape (289, 768, ) (or (289, 768, )), Output shape (289, 192, ), ID: 41, Method: BarrelShiftMulW8A8
	Changing Input Shape
	New Input Shape: (289, 768, )
	No Changes To Appliability.
	Reserving 4 LowPrecision Tensors In Total
	Allocating Filter Shape: (768, 192, ) DONE
	Preparing Filter With Shape: (768, 192, ) DONE
	Allocating An Input Temporary Tensor With Shape: (296, 768, ) DONE
	Allocating An Input Temporary Tensor With Shape: (296, 768, ) DONE
	Allocating An Output Temporary Tensor With Shape: (296, 192, ) DONE
Applying Conv Low-Precision for Kernel shape (768, 160, ), Input shape (289, 768, ) (or (289, 768, )), Output shape (289, 160, ), ID: 42, Method: BarrelShiftMulW8A8
	Changing Input Shape
	New Input Shape: (289, 768, )
	No Changes To Appliability.
	Reserving 4 LowPrecision Tensors In Total
	Allocating Filter Shape: (768, 160, ) DONE
	Preparing Filter With Shape: (768, 160, ) DONE
	Allocating An Input Temporary Tensor With Shape: (296, 768, ) DONE
	Allocating An Input Temporary Tensor With Shape: (296, 768, ) DONE
	Allocating An Output Temporary Tensor With Shape: (296, 160, ) DONE
Applying Conv Low-Precision for Kernel shape (1120, 160, ), Input shape (289, 160, ) (or (289, 1120, )), Output shape (289, 160, ), ID: 43, Method: BarrelShiftMulW8A8
	Changing Input Shape
	New Input Shape: (289, 1120, )
	No Changes To Appliability.
	Reserving 4 LowPrecision Tensors In Total
	Allocating Filter Shape: (1120, 160, ) DONE
	Preparing Filter With Shape: (1120, 160, ) DONE
	Allocating An Input Temporary Tensor With Shape: (296, 1120, ) DONE
	Allocating An Input Temporary Tensor With Shape: (296, 1120, ) DONE
	Allocating An Output Temporary Tensor With Shape: (296, 160, ) DONE
Applying Conv Low-Precision for Kernel shape (1120, 192, ), Input shape (289, 160, ) (or (289, 1120, )), Output shape (289, 192, ), ID: 44, Method: BarrelShiftMulW8A8
	Changing Input Shape
	New Input Shape: (289, 1120, )
	No Changes To Appliability.
	Reserving 4 LowPrecision Tensors In Total
	Allocating Filter Shape: (1120, 192, ) DONE
	Preparing Filter With Shape: (1120, 192, ) DONE
	Allocating An Input Temporary Tensor With Shape: (296, 1120, ) DONE
	Allocating An Input Temporary Tensor With Shape: (296, 1120, ) DONE
	Allocating An Output Temporary Tensor With Shape: (296, 192, ) DONE
Applying Conv Low-Precision for Kernel shape (768, 160, ), Input shape (289, 768, ) (or (289, 768, )), Output shape (289, 160, ), ID: 45, Method: BarrelShiftMulW8A8
	Changing Input Shape
	New Input Shape: (289, 768, )
	No Changes To Appliability.
	Reserving 4 LowPrecision Tensors In Total
	Allocating Filter Shape: (768, 160, ) DONE
	Preparing Filter With Shape: (768, 160, ) DONE
	Allocating An Input Temporary Tensor With Shape: (296, 768, ) DONE
	Allocating An Input Temporary Tensor With Shape: (296, 768, ) DONE
	Allocating An Output Temporary Tensor With Shape: (296, 160, ) DONE
Applying Conv Low-Precision for Kernel shape (1120, 160, ), Input shape (289, 160, ) (or (289, 1120, )), Output shape (289, 160, ), ID: 46, Method: BarrelShiftMulW8A8
	Changing Input Shape
	New Input Shape: (289, 1120, )
	No Changes To Appliability.
	Reserving 4 LowPrecision Tensors In Total
	Allocating Filter Shape: (1120, 160, ) DONE
	Preparing Filter With Shape: (1120, 160, ) DONE
	Allocating An Input Temporary Tensor With Shape: (296, 1120, ) DONE
	Allocating An Input Temporary Tensor With Shape: (296, 1120, ) DONE
	Allocating An Output Temporary Tensor With Shape: (296, 160, ) DONE
Applying Conv Low-Precision for Kernel shape (1120, 160, ), Input shape (289, 160, ) (or (289, 1120, )), Output shape (289, 160, ), ID: 47, Method: BarrelShiftMulW8A8
	Changing Input Shape
	New Input Shape: (289, 1120, )
	No Changes To Appliability.
	Reserving 4 LowPrecision Tensors In Total
	Allocating Filter Shape: (1120, 160, ) DONE
	Preparing Filter With Shape: (1120, 160, ) DONE
	Allocating An Input Temporary Tensor With Shape: (296, 1120, ) DONE
	Allocating An Input Temporary Tensor With Shape: (296, 1120, ) DONE
	Allocating An Output Temporary Tensor With Shape: (296, 160, ) DONE
Applying Conv Low-Precision for Kernel shape (1120, 160, ), Input shape (289, 160, ) (or (289, 1120, )), Output shape (289, 160, ), ID: 48, Method: BarrelShiftMulW8A8
	Changing Input Shape
	New Input Shape: (289, 1120, )
	No Changes To Appliability.
	Reserving 4 LowPrecision Tensors In Total
	Allocating Filter Shape: (1120, 160, ) DONE
	Preparing Filter With Shape: (1120, 160, ) DONE
	Allocating An Input Temporary Tensor With Shape: (296, 1120, ) DONE
	Allocating An Input Temporary Tensor With Shape: (296, 1120, ) DONE
	Allocating An Output Temporary Tensor With Shape: (296, 160, ) DONE
Applying Conv Low-Precision for Kernel shape (1120, 192, ), Input shape (289, 160, ) (or (289, 1120, )), Output shape (289, 192, ), ID: 49, Method: BarrelShiftMulW8A8
	Changing Input Shape
	New Input Shape: (289, 1120, )
	No Changes To Appliability.
	Reserving 4 LowPrecision Tensors In Total
	Allocating Filter Shape: (1120, 192, ) DONE
	Preparing Filter With Shape: (1120, 192, ) DONE
	Allocating An Input Temporary Tensor With Shape: (296, 1120, ) DONE
	Allocating An Input Temporary Tensor With Shape: (296, 1120, ) DONE
	Allocating An Output Temporary Tensor With Shape: (296, 192, ) DONE
Applying Conv Low-Precision for Kernel shape (768, 192, ), Input shape (289, 768, ) (or (289, 768, )), Output shape (289, 192, ), ID: 50, Method: BarrelShiftMulW8A8
	Changing Input Shape
	New Input Shape: (289, 768, )
	No Changes To Appliability.
	Reserving 4 LowPrecision Tensors In Total
	Allocating Filter Shape: (768, 192, ) DONE
	Preparing Filter With Shape: (768, 192, ) DONE
	Allocating An Input Temporary Tensor With Shape: (296, 768, ) DONE
	Allocating An Input Temporary Tensor With Shape: (296, 768, ) DONE
	Allocating An Output Temporary Tensor With Shape: (296, 192, ) DONE
Applying Conv Low-Precision for Kernel shape (768, 192, ), Input shape (289, 768, ) (or (289, 768, )), Output shape (289, 192, ), ID: 51, Method: BarrelShiftMulW8A8
	Changing Input Shape
	New Input Shape: (289, 768, )
	No Changes To Appliability.
	Reserving 4 LowPrecision Tensors In Total
	Allocating Filter Shape: (768, 192, ) DONE
	Preparing Filter With Shape: (768, 192, ) DONE
	Allocating An Input Temporary Tensor With Shape: (296, 768, ) DONE
	Allocating An Input Temporary Tensor With Shape: (296, 768, ) DONE
	Allocating An Output Temporary Tensor With Shape: (296, 192, ) DONE
Applying Conv Low-Precision for Kernel shape (768, 160, ), Input shape (289, 768, ) (or (289, 768, )), Output shape (289, 160, ), ID: 52, Method: BarrelShiftMulW8A8
	Changing Input Shape
	New Input Shape: (289, 768, )
	No Changes To Appliability.
	Reserving 4 LowPrecision Tensors In Total
	Allocating Filter Shape: (768, 160, ) DONE
	Preparing Filter With Shape: (768, 160, ) DONE
	Allocating An Input Temporary Tensor With Shape: (296, 768, ) DONE
	Allocating An Input Temporary Tensor With Shape: (296, 768, ) DONE
	Allocating An Output Temporary Tensor With Shape: (296, 160, ) DONE
Applying Conv Low-Precision for Kernel shape (1120, 160, ), Input shape (289, 160, ) (or (289, 1120, )), Output shape (289, 160, ), ID: 53, Method: BarrelShiftMulW8A8
	Changing Input Shape
	New Input Shape: (289, 1120, )
	No Changes To Appliability.
	Reserving 4 LowPrecision Tensors In Total
	Allocating Filter Shape: (1120, 160, ) DONE
	Preparing Filter With Shape: (1120, 160, ) DONE
	Allocating An Input Temporary Tensor With Shape: (296, 1120, ) DONE
	Allocating An Input Temporary Tensor With Shape: (296, 1120, ) DONE
	Allocating An Output Temporary Tensor With Shape: (296, 160, ) DONE
Applying Conv Low-Precision for Kernel shape (1120, 192, ), Input shape (289, 160, ) (or (289, 1120, )), Output shape (289, 192, ), ID: 54, Method: BarrelShiftMulW8A8
	Changing Input Shape
	New Input Shape: (289, 1120, )
	No Changes To Appliability.
	Reserving 4 LowPrecision Tensors In Total
	Allocating Filter Shape: (1120, 192, ) DONE
	Preparing Filter With Shape: (1120, 192, ) DONE
	Allocating An Input Temporary Tensor With Shape: (296, 1120, ) DONE
	Allocating An Input Temporary Tensor With Shape: (296, 1120, ) DONE
	Allocating An Output Temporary Tensor With Shape: (296, 192, ) DONE
Applying Conv Low-Precision for Kernel shape (768, 160, ), Input shape (289, 768, ) (or (289, 768, )), Output shape (289, 160, ), ID: 55, Method: BarrelShiftMulW8A8
	Changing Input Shape
	New Input Shape: (289, 768, )
	No Changes To Appliability.
	Reserving 4 LowPrecision Tensors In Total
	Allocating Filter Shape: (768, 160, ) DONE
	Preparing Filter With Shape: (768, 160, ) DONE
	Allocating An Input Temporary Tensor With Shape: (296, 768, ) DONE
	Allocating An Input Temporary Tensor With Shape: (296, 768, ) DONE
	Allocating An Output Temporary Tensor With Shape: (296, 160, ) DONE
Applying Conv Low-Precision for Kernel shape (1120, 160, ), Input shape (289, 160, ) (or (289, 1120, )), Output shape (289, 160, ), ID: 56, Method: BarrelShiftMulW8A8
	Changing Input Shape
	New Input Shape: (289, 1120, )
	No Changes To Appliability.
	Reserving 4 LowPrecision Tensors In Total
	Allocating Filter Shape: (1120, 160, ) DONE
	Preparing Filter With Shape: (1120, 160, ) DONE
	Allocating An Input Temporary Tensor With Shape: (296, 1120, ) DONE
	Allocating An Input Temporary Tensor With Shape: (296, 1120, ) DONE
	Allocating An Output Temporary Tensor With Shape: (296, 160, ) DONE
Applying Conv Low-Precision for Kernel shape (1120, 160, ), Input shape (289, 160, ) (or (289, 1120, )), Output shape (289, 160, ), ID: 57, Method: BarrelShiftMulW8A8
	Changing Input Shape
	New Input Shape: (289, 1120, )
	No Changes To Appliability.
	Reserving 4 LowPrecision Tensors In Total
	Allocating Filter Shape: (1120, 160, ) DONE
	Preparing Filter With Shape: (1120, 160, ) DONE
	Allocating An Input Temporary Tensor With Shape: (296, 1120, ) DONE
	Allocating An Input Temporary Tensor With Shape: (296, 1120, ) DONE
	Allocating An Output Temporary Tensor With Shape: (296, 160, ) DONE
Applying Conv Low-Precision for Kernel shape (1120, 160, ), Input shape (289, 160, ) (or (289, 1120, )), Output shape (289, 160, ), ID: 58, Method: BarrelShiftMulW8A8
	Changing Input Shape
	New Input Shape: (289, 1120, )
	No Changes To Appliability.
	Reserving 4 LowPrecision Tensors In Total
	Allocating Filter Shape: (1120, 160, ) DONE
	Preparing Filter With Shape: (1120, 160, ) DONE
	Allocating An Input Temporary Tensor With Shape: (296, 1120, ) DONE
	Allocating An Input Temporary Tensor With Shape: (296, 1120, ) DONE
	Allocating An Output Temporary Tensor With Shape: (296, 160, ) DONE
Applying Conv Low-Precision for Kernel shape (1120, 192, ), Input shape (289, 160, ) (or (289, 1120, )), Output shape (289, 192, ), ID: 59, Method: BarrelShiftMulW8A8
	Changing Input Shape
	New Input Shape: (289, 1120, )
	No Changes To Appliability.
	Reserving 4 LowPrecision Tensors In Total
	Allocating Filter Shape: (1120, 192, ) DONE
	Preparing Filter With Shape: (1120, 192, ) DONE
	Allocating An Input Temporary Tensor With Shape: (296, 1120, ) DONE
	Allocating An Input Temporary Tensor With Shape: (296, 1120, ) DONE
	Allocating An Output Temporary Tensor With Shape: (296, 192, ) DONE
Applying Conv Low-Precision for Kernel shape (768, 192, ), Input shape (289, 768, ) (or (289, 768, )), Output shape (289, 192, ), ID: 60, Method: BarrelShiftMulW8A8
	Changing Input Shape
	New Input Shape: (289, 768, )
	No Changes To Appliability.
	Reserving 4 LowPrecision Tensors In Total
	Allocating Filter Shape: (768, 192, ) DONE
	Preparing Filter With Shape: (768, 192, ) DONE
	Allocating An Input Temporary Tensor With Shape: (296, 768, ) DONE
	Allocating An Input Temporary Tensor With Shape: (296, 768, ) DONE
	Allocating An Output Temporary Tensor With Shape: (296, 192, ) DONE
Applying Conv Low-Precision for Kernel shape (768, 192, ), Input shape (289, 768, ) (or (289, 768, )), Output shape (289, 192, ), ID: 61, Method: BarrelShiftMulW8A8
	Changing Input Shape
	New Input Shape: (289, 768, )
	No Changes To Appliability.
	Reserving 4 LowPrecision Tensors In Total
	Allocating Filter Shape: (768, 192, ) DONE
	Preparing Filter With Shape: (768, 192, ) DONE
	Allocating An Input Temporary Tensor With Shape: (296, 768, ) DONE
	Allocating An Input Temporary Tensor With Shape: (296, 768, ) DONE
	Allocating An Output Temporary Tensor With Shape: (296, 192, ) DONE
Applying Conv Low-Precision for Kernel shape (768, 192, ), Input shape (289, 768, ) (or (289, 768, )), Output shape (289, 192, ), ID: 62, Method: BarrelShiftMulW8A8
	Changing Input Shape
	New Input Shape: (289, 768, )
	No Changes To Appliability.
	Reserving 4 LowPrecision Tensors In Total
	Allocating Filter Shape: (768, 192, ) DONE
	Preparing Filter With Shape: (768, 192, ) DONE
	Allocating An Input Temporary Tensor With Shape: (296, 768, ) DONE
	Allocating An Input Temporary Tensor With Shape: (296, 768, ) DONE
	Allocating An Output Temporary Tensor With Shape: (296, 192, ) DONE
Applying Conv Low-Precision for Kernel shape (1344, 192, ), Input shape (289, 192, ) (or (289, 1344, )), Output shape (289, 192, ), ID: 63, Method: BarrelShiftMulW8A8
	Changing Input Shape
	New Input Shape: (289, 1344, )
	No Changes To Appliability.
	Reserving 4 LowPrecision Tensors In Total
	Allocating Filter Shape: (1344, 192, ) DONE
	Preparing Filter With Shape: (1344, 192, ) DONE
	Allocating An Input Temporary Tensor With Shape: (296, 1344, ) DONE
	Allocating An Input Temporary Tensor With Shape: (296, 1344, ) DONE
	Allocating An Output Temporary Tensor With Shape: (296, 192, ) DONE
Applying Conv Low-Precision for Kernel shape (1344, 192, ), Input shape (289, 192, ) (or (289, 1344, )), Output shape (289, 192, ), ID: 64, Method: BarrelShiftMulW8A8
	Changing Input Shape
	New Input Shape: (289, 1344, )
	No Changes To Appliability.
	Reserving 4 LowPrecision Tensors In Total
	Allocating Filter Shape: (1344, 192, ) DONE
	Preparing Filter With Shape: (1344, 192, ) DONE
	Allocating An Input Temporary Tensor With Shape: (296, 1344, ) DONE
	Allocating An Input Temporary Tensor With Shape: (296, 1344, ) DONE
	Allocating An Output Temporary Tensor With Shape: (296, 192, ) DONE
Applying Conv Low-Precision for Kernel shape (768, 192, ), Input shape (289, 768, ) (or (289, 768, )), Output shape (289, 192, ), ID: 65, Method: BarrelShiftMulW8A8
	Changing Input Shape
	New Input Shape: (289, 768, )
	No Changes To Appliability.
	Reserving 4 LowPrecision Tensors In Total
	Allocating Filter Shape: (768, 192, ) DONE
	Preparing Filter With Shape: (768, 192, ) DONE
	Allocating An Input Temporary Tensor With Shape: (296, 768, ) DONE
	Allocating An Input Temporary Tensor With Shape: (296, 768, ) DONE
	Allocating An Output Temporary Tensor With Shape: (296, 192, ) DONE
Applying Conv Low-Precision for Kernel shape (1344, 192, ), Input shape (289, 192, ) (or (289, 1344, )), Output shape (289, 192, ), ID: 66, Method: BarrelShiftMulW8A8
	Changing Input Shape
	New Input Shape: (289, 1344, )
	No Changes To Appliability.
	Reserving 4 LowPrecision Tensors In Total
	Allocating Filter Shape: (1344, 192, ) DONE
	Preparing Filter With Shape: (1344, 192, ) DONE
	Allocating An Input Temporary Tensor With Shape: (296, 1344, ) DONE
	Allocating An Input Temporary Tensor With Shape: (296, 1344, ) DONE
	Allocating An Output Temporary Tensor With Shape: (296, 192, ) DONE
Applying Conv Low-Precision for Kernel shape (1344, 192, ), Input shape (289, 192, ) (or (289, 1344, )), Output shape (289, 192, ), ID: 67, Method: BarrelShiftMulW8A8
	Changing Input Shape
	New Input Shape: (289, 1344, )
	No Changes To Appliability.
	Reserving 4 LowPrecision Tensors In Total
	Allocating Filter Shape: (1344, 192, ) DONE
	Preparing Filter With Shape: (1344, 192, ) DONE
	Allocating An Input Temporary Tensor With Shape: (296, 1344, ) DONE
	Allocating An Input Temporary Tensor With Shape: (296, 1344, ) DONE
	Allocating An Output Temporary Tensor With Shape: (296, 192, ) DONE
Applying Conv Low-Precision for Kernel shape (1344, 192, ), Input shape (289, 192, ) (or (289, 1344, )), Output shape (289, 192, ), ID: 68, Method: BarrelShiftMulW8A8
	Changing Input Shape
	New Input Shape: (289, 1344, )
	No Changes To Appliability.
	Reserving 4 LowPrecision Tensors In Total
	Allocating Filter Shape: (1344, 192, ) DONE
	Preparing Filter With Shape: (1344, 192, ) DONE
	Allocating An Input Temporary Tensor With Shape: (296, 1344, ) DONE
	Allocating An Input Temporary Tensor With Shape: (296, 1344, ) DONE
	Allocating An Output Temporary Tensor With Shape: (296, 192, ) DONE
Applying Conv Low-Precision for Kernel shape (1344, 192, ), Input shape (289, 192, ) (or (289, 1344, )), Output shape (289, 192, ), ID: 69, Method: BarrelShiftMulW8A8
	Changing Input Shape
	New Input Shape: (289, 1344, )
	No Changes To Appliability.
	Reserving 4 LowPrecision Tensors In Total
	Allocating Filter Shape: (1344, 192, ) DONE
	Preparing Filter With Shape: (1344, 192, ) DONE
	Allocating An Input Temporary Tensor With Shape: (296, 1344, ) DONE
	Allocating An Input Temporary Tensor With Shape: (296, 1344, ) DONE
	Allocating An Output Temporary Tensor With Shape: (296, 192, ) DONE
Applying Conv Low-Precision for Kernel shape (768, 192, ), Input shape (289, 768, ) (or (289, 768, )), Output shape (289, 192, ), ID: 70, Method: BarrelShiftMulW8A8
	Changing Input Shape
	New Input Shape: (289, 768, )
	No Changes To Appliability.
	Reserving 4 LowPrecision Tensors In Total
	Allocating Filter Shape: (768, 192, ) DONE
	Preparing Filter With Shape: (768, 192, ) DONE
	Allocating An Input Temporary Tensor With Shape: (296, 768, ) DONE
	Allocating An Input Temporary Tensor With Shape: (296, 768, ) DONE
	Allocating An Output Temporary Tensor With Shape: (296, 192, ) DONE
Applying Conv Low-Precision for Kernel shape (1728, 320, ), Input shape (289, 192, ) (or (64, 1728, )), Output shape (64, 320, ), ID: 71, Method: BarrelShiftMulW8A8
	Changing Input Shape
	New Input Shape: (64, 1728, )
	No Changes To Appliability.
	Reserving 2 LowPrecision Tensors In Total
	Allocating Filter Shape: (1728, 320, ) DONE
	Preparing Filter With Shape: (1728, 320, ) DONE
	Allocating An Input Temporary Tensor With Shape: (64, 1728, ) DONE
Applying Conv Low-Precision for Kernel shape (768, 192, ), Input shape (289, 768, ) (or (289, 768, )), Output shape (289, 192, ), ID: 72, Method: BarrelShiftMulW8A8
	Changing Input Shape
	New Input Shape: (289, 768, )
	No Changes To Appliability.
	Reserving 4 LowPrecision Tensors In Total
	Allocating Filter Shape: (768, 192, ) DONE
	Preparing Filter With Shape: (768, 192, ) DONE
	Allocating An Input Temporary Tensor With Shape: (296, 768, ) DONE
	Allocating An Input Temporary Tensor With Shape: (296, 768, ) DONE
	Allocating An Output Temporary Tensor With Shape: (296, 192, ) DONE
Applying Conv Low-Precision for Kernel shape (1344, 192, ), Input shape (289, 192, ) (or (289, 1344, )), Output shape (289, 192, ), ID: 73, Method: BarrelShiftMulW8A8
	Changing Input Shape
	New Input Shape: (289, 1344, )
	No Changes To Appliability.
	Reserving 4 LowPrecision Tensors In Total
	Allocating Filter Shape: (1344, 192, ) DONE
	Preparing Filter With Shape: (1344, 192, ) DONE
	Allocating An Input Temporary Tensor With Shape: (296, 1344, ) DONE
	Allocating An Input Temporary Tensor With Shape: (296, 1344, ) DONE
	Allocating An Output Temporary Tensor With Shape: (296, 192, ) DONE
Applying Conv Low-Precision for Kernel shape (1344, 192, ), Input shape (289, 192, ) (or (289, 1344, )), Output shape (289, 192, ), ID: 74, Method: BarrelShiftMulW8A8
	Changing Input Shape
	New Input Shape: (289, 1344, )
	No Changes To Appliability.
	Reserving 4 LowPrecision Tensors In Total
	Allocating Filter Shape: (1344, 192, ) DONE
	Preparing Filter With Shape: (1344, 192, ) DONE
	Allocating An Input Temporary Tensor With Shape: (296, 1344, ) DONE
	Allocating An Input Temporary Tensor With Shape: (296, 1344, ) DONE
	Allocating An Output Temporary Tensor With Shape: (296, 192, ) DONE
Applying Conv Low-Precision for Kernel shape (1728, 192, ), Input shape (289, 192, ) (or (64, 1728, )), Output shape (64, 192, ), ID: 75, Method: BarrelShiftMulW8A8
	Changing Input Shape
	New Input Shape: (64, 1728, )
	No Changes To Appliability.
	Reserving 2 LowPrecision Tensors In Total
	Allocating Filter Shape: (1728, 192, ) DONE
	Preparing Filter With Shape: (1728, 192, ) DONE
	Allocating An Input Temporary Tensor With Shape: (64, 1728, ) DONE
Applying Conv Low-Precision for Kernel shape (1280, 192, ), Input shape (64, 1280, ) (or (64, 1280, )), Output shape (64, 192, ), ID: 76, Method: BarrelShiftMulW8A8
	Changing Input Shape
	New Input Shape: (64, 1280, )
	No Changes To Appliability.
	Reserving 2 LowPrecision Tensors In Total
	Allocating Filter Shape: (1280, 192, ) DONE
	Preparing Filter With Shape: (1280, 192, ) DONE
	Allocating An Input Temporary Tensor With Shape: (64, 1280, ) DONE
Applying Conv Low-Precision for Kernel shape (1280, 320, ), Input shape (64, 1280, ) (or (64, 1280, )), Output shape (64, 320, ), ID: 77, Method: BarrelShiftMulW8A8
	Changing Input Shape
	New Input Shape: (64, 1280, )
	No Changes To Appliability.
	Reserving 2 LowPrecision Tensors In Total
	Allocating Filter Shape: (1280, 320, ) DONE
	Preparing Filter With Shape: (1280, 320, ) DONE
	Allocating An Input Temporary Tensor With Shape: (64, 1280, ) DONE
Applying Conv Low-Precision for Kernel shape (1280, 384, ), Input shape (64, 1280, ) (or (64, 1280, )), Output shape (64, 384, ), ID: 78, Method: BarrelShiftMulW8A8
	Changing Input Shape
	New Input Shape: (64, 1280, )
	No Changes To Appliability.
	Reserving 2 LowPrecision Tensors In Total
	Allocating Filter Shape: (1280, 384, ) DONE
	Preparing Filter With Shape: (1280, 384, ) DONE
	Allocating An Input Temporary Tensor With Shape: (64, 1280, ) DONE
Applying Conv Low-Precision for Kernel shape (1152, 384, ), Input shape (64, 384, ) (or (64, 1152, )), Output shape (64, 384, ), ID: 79, Method: BarrelShiftMulW8A8
	Changing Input Shape
	New Input Shape: (64, 1152, )
	No Changes To Appliability.
	Reserving 2 LowPrecision Tensors In Total
	Allocating Filter Shape: (1152, 384, ) DONE
	Preparing Filter With Shape: (1152, 384, ) DONE
	Allocating An Input Temporary Tensor With Shape: (64, 1152, ) DONE
Applying Conv Low-Precision for Kernel shape (1152, 384, ), Input shape (64, 384, ) (or (64, 1152, )), Output shape (64, 384, ), ID: 80, Method: BarrelShiftMulW8A8
	Changing Input Shape
	New Input Shape: (64, 1152, )
	No Changes To Appliability.
	Reserving 2 LowPrecision Tensors In Total
	Allocating Filter Shape: (1152, 384, ) DONE
	Preparing Filter With Shape: (1152, 384, ) DONE
	Allocating An Input Temporary Tensor With Shape: (64, 1152, ) DONE
Applying Conv Low-Precision for Kernel shape (1280, 448, ), Input shape (64, 1280, ) (or (64, 1280, )), Output shape (64, 448, ), ID: 81, Method: BarrelShiftMulW8A8
	Changing Input Shape
	New Input Shape: (64, 1280, )
	No Changes To Appliability.
	Reserving 2 LowPrecision Tensors In Total
	Allocating Filter Shape: (1280, 448, ) DONE
	Preparing Filter With Shape: (1280, 448, ) DONE
	Allocating An Input Temporary Tensor With Shape: (64, 1280, ) DONE
Applying Conv Low-Precision for Kernel shape (4032, 384, ), Input shape (64, 448, ) (or (64, 4032, )), Output shape (64, 384, ), ID: 82, Method: BarrelShiftMulW8A8
	Changing Input Shape
	New Input Shape: (64, 4032, )
	No Changes To Appliability.
	Reserving 2 LowPrecision Tensors In Total
	Allocating Filter Shape: (4032, 384, ) DONE
	Preparing Filter With Shape: (4032, 384, ) DONE
	Allocating An Input Temporary Tensor With Shape: (64, 4032, ) DONE
Applying Conv Low-Precision for Kernel shape (1152, 384, ), Input shape (64, 384, ) (or (64, 1152, )), Output shape (64, 384, ), ID: 83, Method: BarrelShiftMulW8A8
	Changing Input Shape
	New Input Shape: (64, 1152, )
	No Changes To Appliability.
	Reserving 2 LowPrecision Tensors In Total
	Allocating Filter Shape: (1152, 384, ) DONE
	Preparing Filter With Shape: (1152, 384, ) DONE
	Allocating An Input Temporary Tensor With Shape: (64, 1152, ) DONE
Applying Conv Low-Precision for Kernel shape (1152, 384, ), Input shape (64, 384, ) (or (64, 1152, )), Output shape (64, 384, ), ID: 84, Method: BarrelShiftMulW8A8
	Changing Input Shape
	New Input Shape: (64, 1152, )
	No Changes To Appliability.
	Reserving 2 LowPrecision Tensors In Total
	Allocating Filter Shape: (1152, 384, ) DONE
	Preparing Filter With Shape: (1152, 384, ) DONE
	Allocating An Input Temporary Tensor With Shape: (64, 1152, ) DONE
Applying Conv Low-Precision for Kernel shape (2048, 192, ), Input shape (64, 2048, ) (or (64, 2048, )), Output shape (64, 192, ), ID: 85, Method: BarrelShiftMulW8A8
	Changing Input Shape
	New Input Shape: (64, 2048, )
	No Changes To Appliability.
	Reserving 2 LowPrecision Tensors In Total
	Allocating Filter Shape: (2048, 192, ) DONE
	Preparing Filter With Shape: (2048, 192, ) DONE
	Allocating An Input Temporary Tensor With Shape: (64, 2048, ) DONE
Applying Conv Low-Precision for Kernel shape (2048, 320, ), Input shape (64, 2048, ) (or (64, 2048, )), Output shape (64, 320, ), ID: 86, Method: BarrelShiftMulW8A8
	Changing Input Shape
	New Input Shape: (64, 2048, )
	No Changes To Appliability.
	Reserving 2 LowPrecision Tensors In Total
	Allocating Filter Shape: (2048, 320, ) DONE
	Preparing Filter With Shape: (2048, 320, ) DONE
	Allocating An Input Temporary Tensor With Shape: (64, 2048, ) DONE
Applying Conv Low-Precision for Kernel shape (2048, 384, ), Input shape (64, 2048, ) (or (64, 2048, )), Output shape (64, 384, ), ID: 87, Method: BarrelShiftMulW8A8
	Changing Input Shape
	New Input Shape: (64, 2048, )
	No Changes To Appliability.
	Reserving 2 LowPrecision Tensors In Total
	Allocating Filter Shape: (2048, 384, ) DONE
	Preparing Filter With Shape: (2048, 384, ) DONE
	Allocating An Input Temporary Tensor With Shape: (64, 2048, ) DONE
Applying Conv Low-Precision for Kernel shape (1152, 384, ), Input shape (64, 384, ) (or (64, 1152, )), Output shape (64, 384, ), ID: 88, Method: BarrelShiftMulW8A8
	Changing Input Shape
	New Input Shape: (64, 1152, )
	No Changes To Appliability.
	Reserving 2 LowPrecision Tensors In Total
	Allocating Filter Shape: (1152, 384, ) DONE
	Preparing Filter With Shape: (1152, 384, ) DONE
	Allocating An Input Temporary Tensor With Shape: (64, 1152, ) DONE
Applying Conv Low-Precision for Kernel shape (1152, 384, ), Input shape (64, 384, ) (or (64, 1152, )), Output shape (64, 384, ), ID: 89, Method: BarrelShiftMulW8A8
	Changing Input Shape
	New Input Shape: (64, 1152, )
	No Changes To Appliability.
	Reserving 2 LowPrecision Tensors In Total
	Allocating Filter Shape: (1152, 384, ) DONE
	Preparing Filter With Shape: (1152, 384, ) DONE
	Allocating An Input Temporary Tensor With Shape: (64, 1152, ) DONE
Applying Conv Low-Precision for Kernel shape (2048, 448, ), Input shape (64, 2048, ) (or (64, 2048, )), Output shape (64, 448, ), ID: 90, Method: BarrelShiftMulW8A8
	Changing Input Shape
	New Input Shape: (64, 2048, )
	No Changes To Appliability.
	Reserving 2 LowPrecision Tensors In Total
	Allocating Filter Shape: (2048, 448, ) DONE
	Preparing Filter With Shape: (2048, 448, ) DONE
	Allocating An Input Temporary Tensor With Shape: (64, 2048, ) DONE
Applying Conv Low-Precision for Kernel shape (4032, 384, ), Input shape (64, 448, ) (or (64, 4032, )), Output shape (64, 384, ), ID: 91, Method: BarrelShiftMulW8A8
	Changing Input Shape
	New Input Shape: (64, 4032, )
	No Changes To Appliability.
	Reserving 2 LowPrecision Tensors In Total
	Allocating Filter Shape: (4032, 384, ) DONE
	Preparing Filter With Shape: (4032, 384, ) DONE
	Allocating An Input Temporary Tensor With Shape: (64, 4032, ) DONE
Applying Conv Low-Precision for Kernel shape (1152, 384, ), Input shape (64, 384, ) (or (64, 1152, )), Output shape (64, 384, ), ID: 92, Method: BarrelShiftMulW8A8
	Changing Input Shape
	New Input Shape: (64, 1152, )
	No Changes To Appliability.
	Reserving 2 LowPrecision Tensors In Total
	Allocating Filter Shape: (1152, 384, ) DONE
	Preparing Filter With Shape: (1152, 384, ) DONE
	Allocating An Input Temporary Tensor With Shape: (64, 1152, ) DONE
Applying Conv Low-Precision for Kernel shape (1152, 384, ), Input shape (64, 384, ) (or (64, 1152, )), Output shape (64, 384, ), ID: 93, Method: BarrelShiftMulW8A8
	Changing Input Shape
	New Input Shape: (64, 1152, )
	No Changes To Appliability.
	Reserving 2 LowPrecision Tensors In Total
	Allocating Filter Shape: (1152, 384, ) DONE
	Preparing Filter With Shape: (1152, 384, ) DONE
	Allocating An Input Temporary Tensor With Shape: (64, 1152, ) DONE
Applying FC Low-Precision for Kernel shape (2048, 1000, ), Input shape (1, 2048, ), Output shape (1, 1000, ), ID: 0, Method: BarrelShiftMulW8A8
	Allocating Filter Shape: (2048, 1000, ) DONE
	Preparing Filter With Shape: (2048, 1000, ) DONE
	Allocating An Input Temporary Tensor With Shape: (8, 2048, ) DONE
	Allocating An Input Temporary Tensor With Shape: (8, 2048, ) DONE
	Allocating An Output Temporary Tensor With Shape: (8, 1000, ) DONE
The input model file size (MB): 24.2886
Initialized session in 149.611ms.
Running benchmark for at least 2 iterations and at least 1e-09 seconds but terminate if exceeding 150 seconds.
count=2 first=843434 curr=791201 min=791201 max=843434 avg=817318 std=26116

Running benchmark for at least 100 iterations and at least 1e-09 seconds but terminate if exceeding 150 seconds.
count=100 first=791193 curr=790552 min=788580 max=792786 avg=790360 std=745

Inference timings in us: Init: 149611, First inference: 843434, Warmup (avg): 817318, Inference (avg): 790360
Note: as the benchmark tool itself affects memory footprint, the following is only APPROXIMATE to the actual memory footprint of the model at runtime. Take the information at your discretion.
Memory footprint delta from the start of the tool (MB): init=51.0156 overall=78.3984
Profiling Info for Benchmark Initialization:
============================== Run Order ==============================
	             [node type]	          [start]	  [first]	 [avg ms]	     [%]	  [cdf%]	  [mem KB]	[times called]	[Name]
	         AllocateTensors	            0.000	  145.289	  145.289	100.000%	100.000%	 42072.000	        1	AllocateTensors/0

============================== Top by Computation Time ==============================
	             [node type]	          [start]	  [first]	 [avg ms]	     [%]	  [cdf%]	  [mem KB]	[times called]	[Name]
	         AllocateTensors	            0.000	  145.289	  145.289	100.000%	100.000%	 42072.000	        1	AllocateTensors/0

Number of nodes executed: 1
============================== Summary by node type ==============================
	             [Node type]	  [count]	  [avg ms]	    [avg %]	    [cdf %]	  [mem KB]	[times called]
	         AllocateTensors	        1	   145.289	   100.000%	   100.000%	 42072.000	        1

Timings (microseconds): count=1 curr=145289
Memory (bytes): count=0
1 nodes observed



Operator-wise Profiling Info for Regular Benchmark Runs:
============================== Run Order ==============================
	             [node type]	          [start]	  [first]	 [avg ms]	     [%]	  [cdf%]	  [mem KB]	[times called]	[Name]
	                 CONV_2D	            0.016	    7.157	    7.054	  0.893%	  0.893%	     0.000	        1	[inception_v3/activation/Relu;inception_v3/batch_normalization/FusedBatchNormV3;inception_v3/batch_normalization_11/FusedBatchNormV3/ReadVariableOp;inception_v3/conv2d/Conv2D]:0
	                 CONV_2D	            7.071	   41.466	   40.935	  5.181%	  6.073%	     0.000	        1	[inception_v3/activation_1/Relu;inception_v3/batch_normalization_1/FusedBatchNormV3;inception_v3/batch_normalization_11/FusedBatchNormV3/ReadVariableOp;inception_v3/conv2d_1/Conv2D]:1
	                 CONV_2D	           48.008	   64.082	   63.937	  8.092%	 14.165%	     0.000	        1	[inception_v3/activation_2/Relu;inception_v3/batch_normalization_2/FusedBatchNormV3;inception_v3/batch_normalization_12/FusedBatchNormV3/ReadVariableOp;inception_v3/conv2d_2/Conv2D]:2
	             MAX_POOL_2D	          111.945	    0.850	    0.878	  0.111%	 14.276%	     0.000	        1	[inception_v3/max_pooling2d/MaxPool]:3
	                 CONV_2D	          112.825	    4.838	    4.796	  0.607%	 14.883%	     0.000	        1	[inception_v3/activation_3/Relu;inception_v3/batch_normalization_3/FusedBatchNormV3;inception_v3/batch_normalization_3/FusedBatchNormV3/ReadVariableOp;inception_v3/conv2d_3/Conv2D]:4
	                 CONV_2D	          117.622	   87.131	   87.103	 11.023%	 25.906%	     0.000	        1	[inception_v3/activation_4/Relu;inception_v3/batch_normalization_4/FusedBatchNormV3;inception_v3/batch_normalization_30/FusedBatchNormV3/ReadVariableOp;inception_v3/conv2d_4/Conv2D]:5
	             MAX_POOL_2D	          204.727	    0.467	    0.484	  0.061%	 25.968%	     0.000	        1	[inception_v3/max_pooling2d_1/MaxPool]:6
	         AVERAGE_POOL_2D	          205.212	    2.190	    2.190	  0.277%	 26.245%	     0.000	        1	[inception_v3/average_pooling2d/AvgPool]:7
	                 CONV_2D	          207.403	    1.243	    1.262	  0.160%	 26.404%	     0.000	        1	[inception_v3/activation_11/Relu;inception_v3/batch_normalization_11/FusedBatchNormV3;inception_v3/batch_normalization_11/FusedBatchNormV3/ReadVariableOp;inception_v3/conv2d_11/Conv2D]:8
	                 CONV_2D	          208.666	    2.067	    2.140	  0.271%	 26.675%	     0.000	        1	[inception_v3/activation_5/Relu;inception_v3/batch_normalization_5/FusedBatchNormV3;inception_v3/batch_normalization_12/FusedBatchNormV3/ReadVariableOp;inception_v3/conv2d_5/Conv2D]:9
	                 CONV_2D	          210.808	    1.807	    1.739	  0.220%	 26.895%	     0.000	        1	[inception_v3/activation_6/Relu;inception_v3/batch_normalization_6/FusedBatchNormV3;inception_v3/batch_normalization_13/FusedBatchNormV3/ReadVariableOp;inception_v3/conv2d_6/Conv2D]:10
	                 CONV_2D	          212.548	   14.705	   14.800	  1.873%	 28.768%	     0.000	        1	[inception_v3/activation_7/Relu;inception_v3/batch_normalization_7/FusedBatchNormV3;inception_v3/batch_normalization_12/FusedBatchNormV3/ReadVariableOp;inception_v3/conv2d_7/Conv2D]:11
	                 CONV_2D	          227.350	    2.161	    2.184	  0.276%	 29.045%	     0.000	        1	[inception_v3/activation_8/Relu;inception_v3/batch_normalization_8/FusedBatchNormV3;inception_v3/batch_normalization_12/FusedBatchNormV3/ReadVariableOp;inception_v3/conv2d_8/Conv2D]:12
	                 CONV_2D	          229.535	    9.145	    9.183	  1.162%	 30.207%	     0.000	        1	[inception_v3/activation_9/Relu;inception_v3/batch_normalization_9/FusedBatchNormV3;inception_v3/batch_normalization_10/FusedBatchNormV3/ReadVariableOp;inception_v3/conv2d_9/Conv2D]:13
	                 CONV_2D	          238.720	   14.250	   14.159	  1.792%	 31.999%	     0.000	        1	[inception_v3/activation_10/Relu;inception_v3/batch_normalization_10/FusedBatchNormV3;inception_v3/batch_normalization_10/FusedBatchNormV3/ReadVariableOp;inception_v3/conv2d_10/Conv2D]:14
	           CONCATENATION	          252.880	    0.189	    0.203	  0.026%	 32.025%	     0.000	        1	[inception_v3/mixed0/concat]:15
	         AVERAGE_POOL_2D	          253.083	    4.059	    4.071	  0.515%	 32.540%	     0.000	        1	[inception_v3/average_pooling2d_1/AvgPool]:16
	                 CONV_2D	          257.156	    2.797	    2.757	  0.349%	 32.889%	     0.000	        1	[inception_v3/activation_18/Relu;inception_v3/batch_normalization_18/FusedBatchNormV3;inception_v3/batch_normalization_12/FusedBatchNormV3/ReadVariableOp;inception_v3/conv2d_18/Conv2D]:17
	                 CONV_2D	          259.914	    2.819	    2.853	  0.361%	 33.250%	     0.000	        1	[inception_v3/activation_12/Relu;inception_v3/batch_normalization_12/FusedBatchNormV3;inception_v3/batch_normalization_12/FusedBatchNormV3/ReadVariableOp;inception_v3/conv2d_12/Conv2D]:18
	                 CONV_2D	          262.768	    2.257	    2.256	  0.285%	 33.535%	     0.000	        1	[inception_v3/activation_13/Relu;inception_v3/batch_normalization_13/FusedBatchNormV3;inception_v3/batch_normalization_13/FusedBatchNormV3/ReadVariableOp;inception_v3/conv2d_13/Conv2D]:19
	                 CONV_2D	          265.025	   14.767	   14.845	  1.879%	 35.414%	     0.000	        1	[inception_v3/activation_14/Relu;inception_v3/batch_normalization_14/FusedBatchNormV3;inception_v3/batch_normalization_12/FusedBatchNormV3/ReadVariableOp;inception_v3/conv2d_14/Conv2D]:20
	                 CONV_2D	          279.870	    2.847	    2.810	  0.356%	 35.769%	     0.000	        1	[inception_v3/activation_15/Relu;inception_v3/batch_normalization_15/FusedBatchNormV3;inception_v3/batch_normalization_12/FusedBatchNormV3/ReadVariableOp;inception_v3/conv2d_15/Conv2D]:21
	                 CONV_2D	          282.681	    9.457	    9.188	  1.163%	 36.932%	     0.000	        1	[inception_v3/activation_16/Relu;inception_v3/batch_normalization_16/FusedBatchNormV3;inception_v3/batch_normalization_10/FusedBatchNormV3/ReadVariableOp;inception_v3/conv2d_16/Conv2D]:22
	                 CONV_2D	          291.871	   14.017	   14.156	  1.792%	 38.724%	     0.000	        1	[inception_v3/activation_17/Relu;inception_v3/batch_normalization_17/FusedBatchNormV3;inception_v3/batch_normalization_10/FusedBatchNormV3/ReadVariableOp;inception_v3/conv2d_17/Conv2D]:23
	           CONCATENATION	          306.028	    0.231	    0.235	  0.030%	 38.754%	     0.000	        1	[inception_v3/mixed1/concat]:24
	         AVERAGE_POOL_2D	          306.264	    4.845	    4.880	  0.618%	 39.371%	     0.000	        1	[inception_v3/average_pooling2d_2/AvgPool]:25
	                 CONV_2D	          311.146	    3.244	    3.236	  0.410%	 39.781%	     0.000	        1	[inception_v3/activation_25/Relu;inception_v3/batch_normalization_25/FusedBatchNormV3;inception_v3/batch_normalization_12/FusedBatchNormV3/ReadVariableOp;inception_v3/conv2d_25/Conv2D]:26
	                 CONV_2D	          314.383	    3.429	    3.341	  0.423%	 40.204%	     0.000	        1	[inception_v3/activation_19/Relu;inception_v3/batch_normalization_19/FusedBatchNormV3;inception_v3/batch_normalization_12/FusedBatchNormV3/ReadVariableOp;inception_v3/conv2d_19/Conv2D]:27
	                 CONV_2D	          317.726	    2.654	    2.678	  0.339%	 40.542%	     0.000	        1	[inception_v3/activation_20/Relu;inception_v3/batch_normalization_20/FusedBatchNormV3;inception_v3/batch_normalization_13/FusedBatchNormV3/ReadVariableOp;inception_v3/conv2d_20/Conv2D]:28
	                 CONV_2D	          320.405	   14.638	   14.724	  1.863%	 42.406%	     0.000	        1	[inception_v3/activation_21/Relu;inception_v3/batch_normalization_21/FusedBatchNormV3;inception_v3/batch_normalization_12/FusedBatchNormV3/ReadVariableOp;inception_v3/conv2d_21/Conv2D]:29
	                 CONV_2D	          335.130	    3.254	    3.254	  0.412%	 42.818%	     0.000	        1	[inception_v3/activation_22/Relu;inception_v3/batch_normalization_22/FusedBatchNormV3;inception_v3/batch_normalization_12/FusedBatchNormV3/ReadVariableOp;inception_v3/conv2d_22/Conv2D]:30
	                 CONV_2D	          338.386	    9.204	    9.192	  1.163%	 43.981%	     0.000	        1	[inception_v3/activation_23/Relu;inception_v3/batch_normalization_23/FusedBatchNormV3;inception_v3/batch_normalization_10/FusedBatchNormV3/ReadVariableOp;inception_v3/conv2d_23/Conv2D]:31
	                 CONV_2D	          347.579	   14.110	   14.238	  1.802%	 45.783%	     0.000	        1	[inception_v3/activation_24/Relu;inception_v3/batch_normalization_24/FusedBatchNormV3;inception_v3/batch_normalization_10/FusedBatchNormV3/ReadVariableOp;inception_v3/conv2d_24/Conv2D]:32
	           CONCATENATION	          361.819	    0.218	    0.225	  0.029%	 45.811%	     0.000	        1	[inception_v3/mixed2/concat]:33
	                 CONV_2D	          362.045	   34.025	   34.138	  4.320%	 50.132%	     0.000	        1	[inception_v3/activation_26/Relu;inception_v3/batch_normalization_26/FusedBatchNormV3;inception_v3/batch_normalization_26/FusedBatchNormV3/ReadVariableOp;inception_v3/conv2d_26/Conv2D]:34
	                 CONV_2D	          396.184	    3.197	    3.277	  0.415%	 50.547%	     0.000	        1	[inception_v3/activation_27/Relu;inception_v3/batch_normalization_27/FusedBatchNormV3;inception_v3/batch_normalization_12/FusedBatchNormV3/ReadVariableOp;inception_v3/conv2d_27/Conv2D]:35
	                 CONV_2D	          399.462	    9.354	    9.244	  1.170%	 51.716%	     0.000	        1	[inception_v3/activation_28/Relu;inception_v3/batch_normalization_28/FusedBatchNormV3;inception_v3/batch_normalization_10/FusedBatchNormV3/ReadVariableOp;inception_v3/conv2d_28/Conv2D]:36
	                 CONV_2D	          408.707	    3.303	    3.306	  0.418%	 52.135%	     0.000	        1	[inception_v3/activation_29/Relu;inception_v3/batch_normalization_29/FusedBatchNormV3;inception_v3/batch_normalization_10/FusedBatchNormV3/ReadVariableOp;inception_v3/conv2d_29/Conv2D]:37
	             MAX_POOL_2D	          412.014	    0.262	    0.263	  0.033%	 52.168%	     0.000	        1	[inception_v3/max_pooling2d_2/MaxPool]:38
	           CONCATENATION	          412.278	    0.133	    0.129	  0.016%	 52.184%	     0.000	        1	[inception_v3/mixed3/concat]:39
	         AVERAGE_POOL_2D	          412.408	    2.745	    2.785	  0.352%	 52.537%	     0.000	        1	[inception_v3/average_pooling2d_3/AvgPool]:40
	                 CONV_2D	          415.194	    5.099	    5.041	  0.638%	 53.175%	     0.000	        1	[inception_v3/activation_39/Relu;inception_v3/batch_normalization_39/FusedBatchNormV3;inception_v3/batch_normalization_30/FusedBatchNormV3/ReadVariableOp;inception_v3/conv2d_39/Conv2D]:41
	                 CONV_2D	          420.237	    5.054	    5.067	  0.641%	 53.816%	     0.000	        1	[inception_v3/activation_30/Relu;inception_v3/batch_normalization_30/FusedBatchNormV3;inception_v3/batch_normalization_30/FusedBatchNormV3/ReadVariableOp;inception_v3/conv2d_30/Conv2D]:42
	                 CONV_2D	          425.305	    3.495	    3.511	  0.444%	 54.260%	     0.000	        1	[inception_v3/activation_31/Relu;inception_v3/batch_normalization_31/FusedBatchNormV3;inception_v3/batch_normalization_31/FusedBatchNormV3/ReadVariableOp;inception_v3/conv2d_31/Conv2D]:43
	                 CONV_2D	          428.817	    4.145	    4.147	  0.525%	 54.785%	     0.000	        1	[inception_v3/activation_32/Relu;inception_v3/batch_normalization_32/FusedBatchNormV3;inception_v3/batch_normalization_31/FusedBatchNormV3/ReadVariableOp;inception_v3/conv2d_32/Conv2D]:44
	                 CONV_2D	          432.966	    5.910	    5.967	  0.755%	 55.540%	     0.000	        1	[inception_v3/activation_33/Relu;inception_v3/batch_normalization_33/FusedBatchNormV3;inception_v3/batch_normalization_30/FusedBatchNormV3/ReadVariableOp;inception_v3/conv2d_33/Conv2D]:45
	                 CONV_2D	          438.935	    3.705	    3.661	  0.463%	 56.004%	     0.000	        1	[inception_v3/activation_34/Relu;inception_v3/batch_normalization_34/FusedBatchNormV3;inception_v3/batch_normalization_31/FusedBatchNormV3/ReadVariableOp;inception_v3/conv2d_34/Conv2D]:46
	                 CONV_2D	          442.598	    4.302	    4.186	  0.530%	 56.534%	     0.000	        1	[inception_v3/activation_35/Relu;inception_v3/batch_normalization_35/FusedBatchNormV3;inception_v3/batch_normalization_31/FusedBatchNormV3/ReadVariableOp;inception_v3/conv2d_35/Conv2D]:47
	                 CONV_2D	          446.785	    4.185	    4.173	  0.528%	 57.062%	     0.000	        1	[inception_v3/activation_36/Relu;inception_v3/batch_normalization_36/FusedBatchNormV3;inception_v3/batch_normalization_31/FusedBatchNormV3/ReadVariableOp;inception_v3/conv2d_36/Conv2D]:48
	                 CONV_2D	          450.959	    4.228	    4.153	  0.526%	 57.587%	     0.000	        1	[inception_v3/activation_37/Relu;inception_v3/batch_normalization_37/FusedBatchNormV3;inception_v3/batch_normalization_31/FusedBatchNormV3/ReadVariableOp;inception_v3/conv2d_37/Conv2D]:49
	                 CONV_2D	          455.114	    5.901	    5.940	  0.752%	 58.339%	     0.000	        1	[inception_v3/activation_38/Relu;inception_v3/batch_normalization_38/FusedBatchNormV3;inception_v3/batch_normalization_30/FusedBatchNormV3/ReadVariableOp;inception_v3/conv2d_38/Conv2D]:50
	           CONCATENATION	          461.055	    0.186	    0.190	  0.024%	 58.363%	     0.000	        1	[inception_v3/mixed4/concat]:51
	         AVERAGE_POOL_2D	          461.246	    3.032	    2.955	  0.374%	 58.737%	     0.000	        1	[inception_v3/average_pooling2d_4/AvgPool]:52
	                 CONV_2D	          464.202	    5.007	    5.039	  0.638%	 59.375%	     0.000	        1	[inception_v3/activation_49/Relu;inception_v3/batch_normalization_49/FusedBatchNormV3;inception_v3/batch_normalization_30/FusedBatchNormV3/ReadVariableOp;inception_v3/conv2d_49/Conv2D]:53
	                 CONV_2D	          469.242	    5.015	    5.066	  0.641%	 60.016%	     0.000	        1	[inception_v3/activation_40/Relu;inception_v3/batch_normalization_40/FusedBatchNormV3;inception_v3/batch_normalization_30/FusedBatchNormV3/ReadVariableOp;inception_v3/conv2d_40/Conv2D]:54
	                 CONV_2D	          474.310	    4.329	    4.261	  0.539%	 60.555%	     0.000	        1	[inception_v3/activation_41/Relu;inception_v3/batch_normalization_41/FusedBatchNormV3;inception_v3/batch_normalization_41/FusedBatchNormV3/ReadVariableOp;inception_v3/conv2d_41/Conv2D]:55
	                 CONV_2D	          478.572	    6.344	    6.382	  0.808%	 61.363%	     0.000	        1	[inception_v3/activation_42/Relu;inception_v3/batch_normalization_42/FusedBatchNormV3;inception_v3/batch_normalization_41/FusedBatchNormV3/ReadVariableOp;inception_v3/conv2d_42/Conv2D]:56
	                 CONV_2D	          484.956	    7.615	    7.558	  0.957%	 62.319%	     0.000	        1	[inception_v3/activation_43/Relu;inception_v3/batch_normalization_43/FusedBatchNormV3;inception_v3/batch_normalization_30/FusedBatchNormV3/ReadVariableOp;inception_v3/conv2d_43/Conv2D]:57
	                 CONV_2D	          492.516	    4.325	    4.368	  0.553%	 62.872%	     0.000	        1	[inception_v3/activation_44/Relu;inception_v3/batch_normalization_44/FusedBatchNormV3;inception_v3/batch_normalization_41/FusedBatchNormV3/ReadVariableOp;inception_v3/conv2d_44/Conv2D]:58
	                 CONV_2D	          496.885	    6.487	    6.422	  0.813%	 63.685%	     0.000	        1	[inception_v3/activation_45/Relu;inception_v3/batch_normalization_45/FusedBatchNormV3;inception_v3/batch_normalization_41/FusedBatchNormV3/ReadVariableOp;inception_v3/conv2d_45/Conv2D]:59
	                 CONV_2D	          503.308	    6.372	    6.423	  0.813%	 64.498%	     0.000	        1	[inception_v3/activation_46/Relu;inception_v3/batch_normalization_46/FusedBatchNormV3;inception_v3/batch_normalization_41/FusedBatchNormV3/ReadVariableOp;inception_v3/conv2d_46/Conv2D]:60
	                 CONV_2D	          509.732	    6.426	    6.401	  0.810%	 65.308%	     0.000	        1	[inception_v3/activation_47/Relu;inception_v3/batch_normalization_47/FusedBatchNormV3;inception_v3/batch_normalization_41/FusedBatchNormV3/ReadVariableOp;inception_v3/conv2d_47/Conv2D]:61
	                 CONV_2D	          516.134	    7.559	    7.496	  0.949%	 66.256%	     0.000	        1	[inception_v3/activation_48/Relu;inception_v3/batch_normalization_48/FusedBatchNormV3;inception_v3/batch_normalization_30/FusedBatchNormV3/ReadVariableOp;inception_v3/conv2d_48/Conv2D]:62
	           CONCATENATION	          523.632	    0.181	    0.170	  0.022%	 66.278%	     0.000	        1	[inception_v3/mixed5/concat]:63
	         AVERAGE_POOL_2D	          523.803	    2.915	    2.954	  0.374%	 66.652%	     0.000	        1	[inception_v3/average_pooling2d_5/AvgPool]:64
	                 CONV_2D	          526.758	    5.062	    5.042	  0.638%	 67.290%	     0.000	        1	[inception_v3/activation_59/Relu;inception_v3/batch_normalization_59/FusedBatchNormV3;inception_v3/batch_normalization_30/FusedBatchNormV3/ReadVariableOp;inception_v3/conv2d_59/Conv2D]:65
	                 CONV_2D	          531.801	    5.111	    5.068	  0.641%	 67.931%	     0.000	        1	[inception_v3/activation_50/Relu;inception_v3/batch_normalization_50/FusedBatchNormV3;inception_v3/batch_normalization_30/FusedBatchNormV3/ReadVariableOp;inception_v3/conv2d_50/Conv2D]:66
	                 CONV_2D	          536.871	    4.215	    4.268	  0.540%	 68.472%	     0.000	        1	[inception_v3/activation_51/Relu;inception_v3/batch_normalization_51/FusedBatchNormV3;inception_v3/batch_normalization_41/FusedBatchNormV3/ReadVariableOp;inception_v3/conv2d_51/Conv2D]:67
	                 CONV_2D	          541.140	    6.506	    6.409	  0.811%	 69.283%	     0.000	        1	[inception_v3/activation_52/Relu;inception_v3/batch_normalization_52/FusedBatchNormV3;inception_v3/batch_normalization_41/FusedBatchNormV3/ReadVariableOp;inception_v3/conv2d_52/Conv2D]:68
	                 CONV_2D	          547.551	    7.495	    7.543	  0.955%	 70.237%	     0.000	        1	[inception_v3/activation_53/Relu;inception_v3/batch_normalization_53/FusedBatchNormV3;inception_v3/batch_normalization_30/FusedBatchNormV3/ReadVariableOp;inception_v3/conv2d_53/Conv2D]:69
	                 CONV_2D	          555.095	    4.369	    4.362	  0.552%	 70.789%	     0.000	        1	[inception_v3/activation_54/Relu;inception_v3/batch_normalization_54/FusedBatchNormV3;inception_v3/batch_normalization_41/FusedBatchNormV3/ReadVariableOp;inception_v3/conv2d_54/Conv2D]:70
	                 CONV_2D	          559.458	    6.326	    6.346	  0.803%	 71.592%	     0.000	        1	[inception_v3/activation_55/Relu;inception_v3/batch_normalization_55/FusedBatchNormV3;inception_v3/batch_normalization_41/FusedBatchNormV3/ReadVariableOp;inception_v3/conv2d_55/Conv2D]:71
	                 CONV_2D	          565.806	    6.437	    6.414	  0.812%	 72.404%	     0.000	        1	[inception_v3/activation_56/Relu;inception_v3/batch_normalization_56/FusedBatchNormV3;inception_v3/batch_normalization_41/FusedBatchNormV3/ReadVariableOp;inception_v3/conv2d_56/Conv2D]:72
	                 CONV_2D	          572.221	    6.392	    6.354	  0.804%	 73.208%	     0.000	        1	[inception_v3/activation_57/Relu;inception_v3/batch_normalization_57/FusedBatchNormV3;inception_v3/batch_normalization_41/FusedBatchNormV3/ReadVariableOp;inception_v3/conv2d_57/Conv2D]:73
	                 CONV_2D	          578.577	    7.416	    7.498	  0.949%	 74.157%	     0.000	        1	[inception_v3/activation_58/Relu;inception_v3/batch_normalization_58/FusedBatchNormV3;inception_v3/batch_normalization_30/FusedBatchNormV3/ReadVariableOp;inception_v3/conv2d_58/Conv2D]:74
	           CONCATENATION	          586.075	    0.168	    0.175	  0.022%	 74.179%	     0.000	        1	[inception_v3/mixed6/concat]:75
	         AVERAGE_POOL_2D	          586.251	    2.843	    2.866	  0.363%	 74.542%	     0.000	        1	[inception_v3/average_pooling2d_6/AvgPool]:76
	                 CONV_2D	          589.118	    5.004	    5.043	  0.638%	 75.180%	     0.000	        1	[inception_v3/activation_69/Relu;inception_v3/batch_normalization_69/FusedBatchNormV3;inception_v3/batch_normalization_30/FusedBatchNormV3/ReadVariableOp;inception_v3/conv2d_69/Conv2D]:77
	                 CONV_2D	          594.162	    5.011	    5.040	  0.638%	 75.818%	     0.000	        1	[inception_v3/activation_60/Relu;inception_v3/batch_normalization_60/FusedBatchNormV3;inception_v3/batch_normalization_30/FusedBatchNormV3/ReadVariableOp;inception_v3/conv2d_60/Conv2D]:78
	                 CONV_2D	          599.204	    5.063	    5.040	  0.638%	 76.456%	     0.000	        1	[inception_v3/activation_61/Relu;inception_v3/batch_normalization_61/FusedBatchNormV3;inception_v3/batch_normalization_30/FusedBatchNormV3/ReadVariableOp;inception_v3/conv2d_61/Conv2D]:79
	                 CONV_2D	          604.245	    9.021	    9.029	  1.143%	 77.599%	     0.000	        1	[inception_v3/activation_62/Relu;inception_v3/batch_normalization_62/FusedBatchNormV3;inception_v3/batch_normalization_30/FusedBatchNormV3/ReadVariableOp;inception_v3/conv2d_62/Conv2D]:80
	                 CONV_2D	          613.275	    9.219	    9.061	  1.147%	 78.745%	     0.000	        1	[inception_v3/activation_63/Relu;inception_v3/batch_normalization_63/FusedBatchNormV3;inception_v3/batch_normalization_30/FusedBatchNormV3/ReadVariableOp;inception_v3/conv2d_63/Conv2D]:81
	                 CONV_2D	          622.338	    5.152	    5.128	  0.649%	 79.394%	     0.000	        1	[inception_v3/activation_64/Relu;inception_v3/batch_normalization_64/FusedBatchNormV3;inception_v3/batch_normalization_30/FusedBatchNormV3/ReadVariableOp;inception_v3/conv2d_64/Conv2D]:82
	                 CONV_2D	          627.467	    8.928	    8.995	  1.138%	 80.533%	     0.000	        1	[inception_v3/activation_65/Relu;inception_v3/batch_normalization_65/FusedBatchNormV3;inception_v3/batch_normalization_30/FusedBatchNormV3/ReadVariableOp;inception_v3/conv2d_65/Conv2D]:83
	                 CONV_2D	          636.464	    9.087	    9.035	  1.143%	 81.676%	     0.000	        1	[inception_v3/activation_66/Relu;inception_v3/batch_normalization_66/FusedBatchNormV3;inception_v3/batch_normalization_30/FusedBatchNormV3/ReadVariableOp;inception_v3/conv2d_66/Conv2D]:84
	                 CONV_2D	          645.500	    9.119	    9.053	  1.146%	 82.822%	     0.000	        1	[inception_v3/activation_67/Relu;inception_v3/batch_normalization_67/FusedBatchNormV3;inception_v3/batch_normalization_30/FusedBatchNormV3/ReadVariableOp;inception_v3/conv2d_67/Conv2D]:85
	                 CONV_2D	          654.555	    9.033	    9.027	  1.142%	 83.964%	     0.000	        1	[inception_v3/activation_68/Relu;inception_v3/batch_normalization_68/FusedBatchNormV3;inception_v3/batch_normalization_30/FusedBatchNormV3/ReadVariableOp;inception_v3/conv2d_68/Conv2D]:86
	           CONCATENATION	          663.584	    0.129	    0.136	  0.017%	 83.981%	     0.000	        1	[inception_v3/mixed7/concat]:87
	                 CONV_2D	          663.720	    5.070	    5.119	  0.648%	 84.629%	     0.000	        1	[inception_v3/activation_70/Relu;inception_v3/batch_normalization_70/FusedBatchNormV3;inception_v3/batch_normalization_30/FusedBatchNormV3/ReadVariableOp;inception_v3/conv2d_70/Conv2D]:88
	                 CONV_2D	          668.841	    3.939	    3.974	  0.503%	 85.132%	     0.000	        1	[inception_v3/activation_71/Relu;inception_v3/batch_normalization_71/FusedBatchNormV3;inception_v3/batch_normalization_71/FusedBatchNormV3/ReadVariableOp;inception_v3/conv2d_71/Conv2D]:89
	                 CONV_2D	          672.816	    5.159	    5.093	  0.645%	 85.777%	     0.000	        1	[inception_v3/activation_72/Relu;inception_v3/batch_normalization_72/FusedBatchNormV3;inception_v3/batch_normalization_30/FusedBatchNormV3/ReadVariableOp;inception_v3/conv2d_72/Conv2D]:90
	                 CONV_2D	          677.911	    8.943	    8.992	  1.138%	 86.915%	     0.000	        1	[inception_v3/activation_73/Relu;inception_v3/batch_normalization_73/FusedBatchNormV3;inception_v3/batch_normalization_30/FusedBatchNormV3/ReadVariableOp;inception_v3/conv2d_73/Conv2D]:91
	                 CONV_2D	          686.904	    9.128	    9.046	  1.145%	 88.060%	     0.000	        1	[inception_v3/activation_74/Relu;inception_v3/batch_normalization_74/FusedBatchNormV3;inception_v3/batch_normalization_30/FusedBatchNormV3/ReadVariableOp;inception_v3/conv2d_74/Conv2D]:92
	                 CONV_2D	          695.952	    2.472	    2.502	  0.317%	 88.376%	     0.000	        1	[inception_v3/activation_75/Relu;inception_v3/batch_normalization_75/FusedBatchNormV3;inception_v3/batch_normalization_30/FusedBatchNormV3/ReadVariableOp;inception_v3/conv2d_75/Conv2D]:93
	             MAX_POOL_2D	          698.455	    0.170	    0.173	  0.022%	 88.398%	     0.000	        1	[inception_v3/max_pooling2d_3/MaxPool]:94
	           CONCATENATION	          698.629	    0.028	    0.031	  0.004%	 88.402%	     0.000	        1	[inception_v3/mixed8/concat]:95
	         AVERAGE_POOL_2D	          698.661	    0.953	    0.856	  0.108%	 88.511%	     0.000	        1	[inception_v3/average_pooling2d_7/AvgPool]:96
	                 CONV_2D	          699.518	    1.753	    1.779	  0.225%	 88.736%	     0.000	        1	[inception_v3/activation_84/Relu;inception_v3/batch_normalization_84/FusedBatchNormV3;inception_v3/batch_normalization_30/FusedBatchNormV3/ReadVariableOp;inception_v3/conv2d_84/Conv2D]:97
	                 CONV_2D	          701.298	    2.890	    2.905	  0.368%	 89.103%	     0.000	        1	[inception_v3/activation_76/Relu;inception_v3/batch_normalization_76/FusedBatchNormV3;inception_v3/batch_normalization_71/FusedBatchNormV3/ReadVariableOp;inception_v3/conv2d_76/Conv2D]:98
	                 CONV_2D	          704.203	    3.467	    3.475	  0.440%	 89.543%	     0.000	        1	[inception_v3/activation_77/Relu;inception_v3/batch_normalization_77/FusedBatchNormV3;inception_v3/batch_normalization_26/FusedBatchNormV3/ReadVariableOp;inception_v3/conv2d_77/Conv2D]:99
	                 CONV_2D	          707.680	    3.084	    3.152	  0.399%	 89.942%	     0.000	        1	[inception_v3/activation_78/Relu;inception_v3/batch_normalization_78/FusedBatchNormV3;inception_v3/batch_normalization_26/FusedBatchNormV3/ReadVariableOp;inception_v3/conv2d_78/Conv2D]:100
	                 CONV_2D	          710.833	    3.192	    3.135	  0.397%	 90.339%	     0.000	        1	[inception_v3/activation_79/Relu;inception_v3/batch_normalization_79/FusedBatchNormV3;inception_v3/batch_normalization_26/FusedBatchNormV3/ReadVariableOp;inception_v3/conv2d_79/Conv2D]:101
	           CONCATENATION	          713.970	    0.058	    0.031	  0.004%	 90.343%	     0.000	        1	[inception_v3/mixed9_0/concat]:102
	                 CONV_2D	          714.002	    4.015	    4.039	  0.511%	 90.854%	     0.000	        1	[inception_v3/activation_80/Relu;inception_v3/batch_normalization_80/FusedBatchNormV3;inception_v3/batch_normalization_80/FusedBatchNormV3/ReadVariableOp;inception_v3/conv2d_80/Conv2D]:103
	                 CONV_2D	          718.042	   11.264	   11.221	  1.420%	 92.274%	     0.000	        1	[inception_v3/activation_81/Relu;inception_v3/batch_normalization_81/FusedBatchNormV3;inception_v3/batch_normalization_26/FusedBatchNormV3/ReadVariableOp;inception_v3/conv2d_81/Conv2D]:104
	                 CONV_2D	          729.264	    3.147	    3.165	  0.401%	 92.675%	     0.000	        1	[inception_v3/activation_82/Relu;inception_v3/batch_normalization_82/FusedBatchNormV3;inception_v3/batch_normalization_26/FusedBatchNormV3/ReadVariableOp;inception_v3/conv2d_82/Conv2D]:105
	                 CONV_2D	          732.429	    3.196	    3.143	  0.398%	 93.072%	     0.000	        1	[inception_v3/activation_83/Relu;inception_v3/batch_normalization_83/FusedBatchNormV3;inception_v3/batch_normalization_26/FusedBatchNormV3/ReadVariableOp;inception_v3/conv2d_83/Conv2D]:106
	           CONCATENATION	          735.574	    0.033	    0.036	  0.005%	 93.077%	     0.000	        1	[inception_v3/concatenate/concat]:107
	           CONCATENATION	          735.611	    0.053	    0.056	  0.007%	 93.084%	     0.000	        1	[inception_v3/mixed9/concat]:108
	         AVERAGE_POOL_2D	          735.667	    1.852	    1.852	  0.234%	 93.318%	     0.000	        1	[inception_v3/average_pooling2d_8/AvgPool]:109
	                 CONV_2D	          737.520	    2.823	    2.842	  0.360%	 93.678%	     0.000	        1	[inception_v3/activation_93/Relu;inception_v3/batch_normalization_93/FusedBatchNormV3;inception_v3/batch_normalization_30/FusedBatchNormV3/ReadVariableOp;inception_v3/conv2d_93/Conv2D]:110
	                 CONV_2D	          740.362	    4.760	    4.770	  0.604%	 94.282%	     0.000	        1	[inception_v3/activation_85/Relu;inception_v3/batch_normalization_85/FusedBatchNormV3;inception_v3/batch_normalization_71/FusedBatchNormV3/ReadVariableOp;inception_v3/conv2d_85/Conv2D]:111
	                 CONV_2D	          745.134	    5.604	    5.659	  0.716%	 94.998%	     0.000	        1	[inception_v3/activation_86/Relu;inception_v3/batch_normalization_86/FusedBatchNormV3;inception_v3/batch_normalization_26/FusedBatchNormV3/ReadVariableOp;inception_v3/conv2d_86/Conv2D]:112
	                 CONV_2D	          750.793	    3.169	    3.162	  0.400%	 95.398%	     0.000	        1	[inception_v3/activation_87/Relu;inception_v3/batch_normalization_87/FusedBatchNormV3;inception_v3/batch_normalization_26/FusedBatchNormV3/ReadVariableOp;inception_v3/conv2d_87/Conv2D]:113
	                 CONV_2D	          753.957	    3.160	    3.123	  0.395%	 95.793%	     0.000	        1	[inception_v3/activation_88/Relu;inception_v3/batch_normalization_88/FusedBatchNormV3;inception_v3/batch_normalization_26/FusedBatchNormV3/ReadVariableOp;inception_v3/conv2d_88/Conv2D]:114
	           CONCATENATION	          757.082	    0.031	    0.036	  0.005%	 95.798%	     0.000	        1	[inception_v3/mixed9_1/concat]:115
	                 CONV_2D	          757.118	    6.525	    6.555	  0.830%	 96.627%	     0.000	        1	[inception_v3/activation_89/Relu;inception_v3/batch_normalization_89/FusedBatchNormV3;inception_v3/batch_normalization_80/FusedBatchNormV3/ReadVariableOp;inception_v3/conv2d_89/Conv2D]:116
	                 CONV_2D	          763.674	   11.123	   11.236	  1.422%	 98.049%	     0.000	        1	[inception_v3/activation_90/Relu;inception_v3/batch_normalization_90/FusedBatchNormV3;inception_v3/batch_normalization_26/FusedBatchNormV3/ReadVariableOp;inception_v3/conv2d_90/Conv2D]:117
	                 CONV_2D	          774.912	    3.132	    3.158	  0.400%	 98.449%	     0.000	        1	[inception_v3/activation_91/Relu;inception_v3/batch_normalization_91/FusedBatchNormV3;inception_v3/batch_normalization_26/FusedBatchNormV3/ReadVariableOp;inception_v3/conv2d_91/Conv2D]:118
	                 CONV_2D	          778.070	    3.131	    3.121	  0.395%	 98.844%	     0.000	        1	[inception_v3/activation_92/Relu;inception_v3/batch_normalization_92/FusedBatchNormV3;inception_v3/batch_normalization_26/FusedBatchNormV3/ReadVariableOp;inception_v3/conv2d_92/Conv2D]:119
	           CONCATENATION	          781.192	    0.031	    0.034	  0.004%	 98.848%	     0.000	        1	[inception_v3/concatenate_1/concat]:120
	           CONCATENATION	          781.227	    0.056	    0.058	  0.007%	 98.855%	     0.000	        1	[inception_v3/mixed10/concat]:121
	                    MEAN	          781.286	    7.247	    7.213	  0.913%	 99.768%	     0.000	        1	[inception_v3/avg_pool/Mean]:122
	         FULLY_CONNECTED	          788.500	    1.767	    1.815	  0.230%	 99.998%	     0.000	        1	[inception_v3/predictions/MatMul;inception_v3/predictions/BiasAdd]:123
	                 SOFTMAX	          790.316	    0.015	    0.016	  0.002%	100.000%	     0.000	        1	[StatefulPartitionedCall:0]:124

============================== Top by Computation Time ==============================
	             [node type]	          [start]	  [first]	 [avg ms]	     [%]	  [cdf%]	  [mem KB]	[times called]	[Name]
	                 CONV_2D	          117.622	   87.131	   87.103	 11.023%	 11.023%	     0.000	        1	[inception_v3/activation_4/Relu;inception_v3/batch_normalization_4/FusedBatchNormV3;inception_v3/batch_normalization_30/FusedBatchNormV3/ReadVariableOp;inception_v3/conv2d_4/Conv2D]:5
	                 CONV_2D	           48.008	   64.082	   63.937	  8.092%	 19.115%	     0.000	        1	[inception_v3/activation_2/Relu;inception_v3/batch_normalization_2/FusedBatchNormV3;inception_v3/batch_normalization_12/FusedBatchNormV3/ReadVariableOp;inception_v3/conv2d_2/Conv2D]:2
	                 CONV_2D	            7.071	   41.466	   40.935	  5.181%	 24.295%	     0.000	        1	[inception_v3/activation_1/Relu;inception_v3/batch_normalization_1/FusedBatchNormV3;inception_v3/batch_normalization_11/FusedBatchNormV3/ReadVariableOp;inception_v3/conv2d_1/Conv2D]:1
	                 CONV_2D	          362.045	   34.025	   34.138	  4.320%	 28.616%	     0.000	        1	[inception_v3/activation_26/Relu;inception_v3/batch_normalization_26/FusedBatchNormV3;inception_v3/batch_normalization_26/FusedBatchNormV3/ReadVariableOp;inception_v3/conv2d_26/Conv2D]:34
	                 CONV_2D	          265.025	   14.767	   14.845	  1.879%	 30.494%	     0.000	        1	[inception_v3/activation_14/Relu;inception_v3/batch_normalization_14/FusedBatchNormV3;inception_v3/batch_normalization_12/FusedBatchNormV3/ReadVariableOp;inception_v3/conv2d_14/Conv2D]:20
	                 CONV_2D	          212.548	   14.705	   14.800	  1.873%	 32.367%	     0.000	        1	[inception_v3/activation_7/Relu;inception_v3/batch_normalization_7/FusedBatchNormV3;inception_v3/batch_normalization_12/FusedBatchNormV3/ReadVariableOp;inception_v3/conv2d_7/Conv2D]:11
	                 CONV_2D	          320.405	   14.638	   14.724	  1.863%	 34.231%	     0.000	        1	[inception_v3/activation_21/Relu;inception_v3/batch_normalization_21/FusedBatchNormV3;inception_v3/batch_normalization_12/FusedBatchNormV3/ReadVariableOp;inception_v3/conv2d_21/Conv2D]:29
	                 CONV_2D	          347.579	   14.110	   14.238	  1.802%	 36.033%	     0.000	        1	[inception_v3/activation_24/Relu;inception_v3/batch_normalization_24/FusedBatchNormV3;inception_v3/batch_normalization_10/FusedBatchNormV3/ReadVariableOp;inception_v3/conv2d_24/Conv2D]:32
	                 CONV_2D	          238.720	   14.250	   14.159	  1.792%	 37.825%	     0.000	        1	[inception_v3/activation_10/Relu;inception_v3/batch_normalization_10/FusedBatchNormV3;inception_v3/batch_normalization_10/FusedBatchNormV3/ReadVariableOp;inception_v3/conv2d_10/Conv2D]:14
	                 CONV_2D	          291.871	   14.017	   14.156	  1.792%	 39.616%	     0.000	        1	[inception_v3/activation_17/Relu;inception_v3/batch_normalization_17/FusedBatchNormV3;inception_v3/batch_normalization_10/FusedBatchNormV3/ReadVariableOp;inception_v3/conv2d_17/Conv2D]:23

Number of nodes executed: 125
============================== Summary by node type ==============================
	             [Node type]	  [count]	  [avg ms]	    [avg %]	    [cdf %]	  [mem KB]	[times called]
	                 CONV_2D	       94	   752.130	    95.193%	    95.193%	     0.000	       94
	         AVERAGE_POOL_2D	        9	    25.405	     3.215%	    98.408%	     0.000	        9
	                    MEAN	        1	     7.213	     0.913%	    99.321%	     0.000	        1
	         FULLY_CONNECTED	        1	     1.814	     0.230%	    99.551%	     0.000	        1
	             MAX_POOL_2D	        4	     1.796	     0.227%	    99.778%	     0.000	        4
	           CONCATENATION	       15	     1.739	     0.220%	    99.998%	     0.000	       15
	                 SOFTMAX	        1	     0.016	     0.002%	   100.000%	     0.000	        1

Timings (microseconds): count=100 first=790977 curr=790345 min=788414 max=792603 avg=790169 std=747
Memory (bytes): count=0
125 nodes observed



[ perf record: Woken up 232 times to write data ]
Warning:
Processed 314811 events and lost 2 chunks!

Check IO/CPU overload!

[ perf record: Captured and wrote 57.867 MB /tmp/data.record (314263 samples) ]

82.968

