1-batch-64x8192
4933.0
1-batch-8192x512
28847.0
1-batch-2048x256
3565.0
1-batch-256x32
90.0
1-batch-128x2048
2039.0
1-batch-4096x1024
28436.0
1-batch-8192x1024
60954.0
1-batch-8192x4096
241735.0
1-batch-512x128
509.0
1-batch-8192x128
7366.0
1-batch-8192x64
3902.0
1-batch-512x256
940.0
1-batch-2048x128
1862.0
1-batch-128x512
553.0
1-batch-2048x4096
58583.0
1-batch-8192x32
2195.0
1-batch-4096x128
3676.0
1-batch-2048x8192
117074.0
1-batch-32x128
66.0
1-batch-512x1024
3529.0
1-batch-32x8192
3286.0
1-batch-512x8192
29788.0
1-batch-32x2048
806.0
1-batch-4096x256
7135.0
1-batch-1024x2048
13941.0
1-batch-1024x8192
59182.0
1-batch-64x64
56.0
1-batch-128x128
158.0
1-batch-64x512
338.0
1-batch-32x4096
1663.0
1-batch-64x1024
634.0
1-batch-64x4096
2489.0
1-batch-4096x8192
233709.0
1-batch-1024x1024
6998.0
1-batch-32x32
27.0
1-batch-256x2048
3679.0
1-batch-64x128
96.0
1-batch-4096x512
14071.0
1-batch-2048x2048
28289.0
1-batch-32x512
221.0
1-batch-256x128
281.0
1-batch-64x32
36.0
1-batch-256x8192
14927.0
1-batch-128x32
54.0
1-batch-1024x4096
28938.0
1-batch-1024x256
1815.0
1-batch-512x64
284.0
1-batch-256x4096
7480.0
1-batch-64x256
177.0
1-batch-512x4096
14177.0
1-batch-128x256
296.0
1-batch-256x64
153.0
1-batch-512x512
1805.0
1-batch-64x2048
1219.0
1-batch-32x1024
425.0
1-batch-256x256
517.0
1-batch-128x1024
1049.0
1-batch-1024x512
3527.0
1-batch-128x8192
8303.0
1-batch-2048x512
7017.0
1-batch-128x4096
4122.0
1-batch-256x512
967.0
1-batch-8192x2048
121279.0
1-batch-8192x256
14308.0
1-batch-2048x32
585.0
1-batch-512x2048
7048.0
1-batch-1024x32
311.0
1-batch-4096x4096
116998.0
1-batch-2048x1024
13995.0
1-batch-1024x64
532.0
1-batch-512x32
163.0
1-batch-4096x32
1117.0
1-batch-8192x8192
484532.0
1-batch-1024x128
959.0
1-batch-32x256
118.0
1-batch-256x1024
1872.0
1-batch-128x64
89.0
1-batch-4096x2048
58585.0
1-batch-32x64
40.0
1-batch-4096x64
1972.0
1-batch-2048x64
1010.0
