1-batch-8192x512
614.4
1-batch-128x2048
87.4
1-batch-8192x4096
5817.8
1-batch-512x128
17.6
1-batch-8192x128
166.0
1-batch-2048x128
47.4
1-batch-128x512
26.2
1-batch-2048x4096
1273.6
1-batch-8192x32
53.8
1-batch-4096x128
87.0
1-batch-2048x8192
2539.4
1-batch-32x128
11.0
1-batch-32x8192
335.8
1-batch-512x8192
751.0
1-batch-32x2048
89.2
1-batch-128x128
10.2
1-batch-32x4096
172.0
1-batch-4096x8192
6025.4
1-batch-32x32
6.8
1-batch-4096x512
315.4
1-batch-2048x2048
641.6
1-batch-32x512
27.2
1-batch-128x32
6.4
1-batch-512x4096
378.4
1-batch-512x512
52.8
1-batch-128x8192
333.8
1-batch-2048x512
166.2
1-batch-128x4096
169.0
1-batch-8192x2048
2404.8
1-batch-2048x32
18.0
1-batch-512x2048
192.2
1-batch-4096x4096
2446.2
1-batch-512x32
9.0
1-batch-4096x32
29.8
1-batch-8192x8192
16877.2
1-batch-4096x2048
1229.0
