1-batch-1024x1024
15200.8
1-batch-1024x128
1930.77
1-batch-1024x2048
30289.2
1-batch-1024x256
3887.47
1-batch-1024x512
7752.99
1-batch-1024x8192
142270
1-batch-128x1024
1964.71
1-batch-128x128
426.985
1-batch-128x2048
3874.56
1-batch-128x256
632.53
1-batch-128x512
1041.48
1-batch-128x8192
15183.5
1-batch-2048x1024
30686.4
1-batch-2048x128
4026.8
1-batch-2048x2048
61116.9
1-batch-2048x256
7955.68
1-batch-2048x512
15567.5
1-batch-2048x8192
243313
1-batch-256x1024
3684.37
1-batch-256x128
611.9
1-batch-256x2048
7293.17
1-batch-256x256
998.775
1-batch-256x512
1878.64
1-batch-256x8192
28818.1
1-batch-512x1024
7685.44
1-batch-512x128
997.45
1-batch-512x2048
15423.4
1-batch-512x256
1886.21
1-batch-512x512
3716.99
1-batch-512x8192
61946.3
1-batch-8192x1024
108381
1-batch-8192x128
14878.8
1-batch-8192x2048
216392
1-batch-8192x256
28216.8
1-batch-8192x512
55230.2
1-batch-8192x8192
854948
1-batch-1024x4096
69325.9
1-batch-128x4096
7675.77
1-batch-2048x4096
121712
1-batch-256x4096
14482.5
1-batch-4096x1024
56754.2
1-batch-4096x128
7694.62
1-batch-4096x2048
112018
1-batch-4096x256
14661.1
1-batch-4096x4096
222528
1-batch-4096x512
28433.8
1-batch-4096x8192
445631
1-batch-512x4096
30622.5
1-batch-8192x4096
428470
