densenet201
351.69
efficientnetv2l
161.36
inceptionresnetv2
185.6
inceptionv3
284.15
mobilenetv2
148.08
nasnetlarge
685.49
regnety320
666.86
resnet152
274.54
resnet152v2
274.19
vgg19
17115
xception
321.96
densenet201-21K
5100.86
densenet201
254.08
efficientnetv2l-21K
3291.75
efficientnetv2l
158.77
inceptionresnetv2-21K
3977.75
inceptionresnetv2
189.89
inceptionv3-21K
5797.8
inceptionv3
280.84
mobilenetv2-21K
3312.55
mobilenetv2
152.2
nasnetlarge-21K
13944.8
nasnetlarge
697.58
regnety320-21K
12102.3
regnety320
628.28
resnet152-21K
5412.72
resnet152
301.9
resnet152v2-21K
5569.41
resnet152v2
381.85
vgg19-21K
30485.2
