16-batch-2048x64
233.4
16-batch-64x32
20.0
16-batch-32x128
56.0
16-batch-512x128
138.6
16-batch-64x128
60.0
16-batch-2048x128
415.2
16-batch-128x64
39.6
16-batch-32x2048
804.4
16-batch-512x2048
1977.8
16-batch-64x512
214.8
16-batch-32x512
204.0
16-batch-2048x2048
9255.4
16-batch-64x2048
851.8
16-batch-512x512
508.0
16-batch-64x64
33.4
16-batch-512x64
77.0
16-batch-2048x512
1507.4
16-batch-128x32
24.0
16-batch-128x2048
1001.2
16-batch-128x512
251.4
16-batch-32x32
18.8
16-batch-32x64
30.8
16-batch-128x128
70.2
16-batch-512x32
48.0
16-batch-2048x32
142.6
16-batch-2048x2048
9255.4
16-batch-2048x512
1507.4
