1-batch-8192x512
132.0
1-batch-128x2048
56.6
1-batch-8192x4096
3343.2
1-batch-512x128
9.8
1-batch-8192x128
45.8
1-batch-2048x128
17.2
1-batch-128x512
18.8
1-batch-2048x4096
688.0
1-batch-8192x32
23.2
1-batch-4096x128
26.0
1-batch-2048x8192
1883.0
1-batch-32x128
9.0
1-batch-32x8192
214.4
1-batch-512x8192
262.2
1-batch-32x2048
58.6
1-batch-128x128
8.6
1-batch-32x4096
111.0
1-batch-4096x8192
3447.0
1-batch-32x32
6.6
1-batch-4096x512
74.4
1-batch-2048x2048
157.6
1-batch-32x512
19.6
1-batch-128x32
5.8
1-batch-512x4096
134.2
1-batch-512x512
21.4
1-batch-128x8192
213.2
1-batch-2048x512
45.2
1-batch-128x4096
108.2
1-batch-8192x2048
1682.6
1-batch-2048x32
10.4
1-batch-512x2048
69.4
1-batch-4096x4096
1732.0
1-batch-512x32
6.6
1-batch-4096x32
14.4
1-batch-8192x8192
6638.6
1-batch-4096x2048
603.2
