1-batch-8192x512
556.8
1-batch-128x2048
85.6
1-batch-8192x4096
7905.2
1-batch-512x128
16.4
1-batch-8192x128
151.4
1-batch-2048x128
44.0
1-batch-128x512
25.0
1-batch-2048x4096
1265.4
1-batch-8192x32
50.0
1-batch-4096x128
80.0
1-batch-2048x8192
2989.0
1-batch-32x128
9.8
1-batch-32x8192
255.4
1-batch-512x8192
687.8
1-batch-32x2048
67.6
1-batch-128x128
10.0
1-batch-32x4096
129.4
1-batch-4096x8192
8350.4
1-batch-32x32
6.0
1-batch-4096x512
286.8
1-batch-2048x2048
584.0
1-batch-32x512
20.6
1-batch-128x32
6.2
1-batch-512x4096
347.2
1-batch-512x512
48.2
1-batch-128x8192
318.6
1-batch-2048x512
152.0
1-batch-128x4096
161.8
1-batch-8192x2048
2849.0
1-batch-2048x32
16.4
1-batch-512x2048
176.2
1-batch-4096x4096
2892.6
1-batch-512x32
8.4
1-batch-4096x32
27.8
1-batch-8192x8192
29370.4
1-batch-4096x2048
1210.4
