STARTING!
Duplicate flags: num_threads
Log parameter values verbosely: [0]
Min num runs: [20]
Min runs duration (seconds): [1e-09]
Num threads: [1]
Use caching: [1]
Min warmup runs: [10]
Min warmup runs duration (seconds): [1e-09]
Graph: [/home/pi/Desktop/run-CNNs/models/i8i8/Xception.tflite]
Enable op profiling: [1]
#threads used for CPU inference: [1]
Use xnnpack: [0]
Loaded model /home/pi/Desktop/run-CNNs/models/i8i8/Xception.tflite
INFO: Initialized TensorFlow Lite runtime.
NOT Applying Conv Low-Precision for Kernel shape (32, 27, ), Input shape (89401, 3, ), and Output shape (22201, 32, ), and the ID is 0
	Changing Input Shape
	Changing Input Shape
NOT Applying Conv Low-Precision for Kernel shape (64, 288, ), Input shape (22201, 32, ), and Output shape (21609, 64, ), and the ID is 1
	Changing Input Shape
NOT Applying Conv Low-Precision for Kernel shape (128, 64, ), Input shape (21609, 64, ), and Output shape (21609, 128, ), and the ID is 2
NOT Applying Conv Low-Precision for Kernel shape 	Changing Input Shape
(128, 128, ), Input shape (21609, 128, ), and Output shape (21609, 128, ), and the ID is 3
NOT Applying Conv Low-Precision for Kernel shape (128, 64, )	Changing Input Shape
, Input shape (21609, 64, ), and Output shape (5476, 128, ), and the ID is 4
	Changing Input Shape
NOT Applying Conv Low-Precision for Kernel shape (256, 128, ), Input shape (5476, 128, ), and Output shape (5476, 256, ), and the ID is 5
NOT Applying Conv Low-Precision for Kernel shape (256, 256, ), Input shape (5476, 256, ), and Output shape 	Changing Input Shape
(5476, 256, ), and the ID is 6
NOT Applying Conv Low-Precision for Kernel shape (256, 128, ), Input shape 	Changing Input Shape
(5476, 128, ), and Output shape (1369, 256, ), and the ID is 7
	Changing Input Shape
NOT Applying Conv Low-Precision for Kernel shape (728, 256, ), Input shape (1369, 256, ), and Output shape (1369, 728, ), and the ID is 8
NOT Applying Conv Low-Precision for Kernel shape (728, 728, ), Input shape (1369, 728, ), and Output shape (1369, 728, ), and the ID is 	Changing Input Shape
9
NOT Applying Conv Low-Precision for Kernel shape (728, 256, ), Input shape (1369, 256, ), and Output shape 	Changing Input Shape
(361, 728, ), and the ID is 10
NOT Applying Conv Low-Precision for Kernel shape (728, 728, ), Input shape (361, 728, ), and Output shape (361, 728, ), and the ID is 11	Changing Input Shape

NOT Applying Conv Low-Precision for Kernel shape (728, 728, ), Input shape (361, 728, ), and Output shape (361, 728, ), and the ID is 	Changing Input Shape
12
NOT Applying Conv Low-Precision for Kernel shape (728, 728, ), Input shape (361, 728, ), and Output shape (361, 728, ), and the ID is 13	Changing Input Shape

NOT Applying Conv Low-Precision for Kernel shape (728, 728, ), Input shape (361, 728, ), and Output shape (361, 728, ), and the ID is 	Changing Input Shape
14
NOT Applying Conv Low-Precision for Kernel shape (728, 728, ), Input shape (361, 728, ), and Output shape (361, 728, ), and the ID is 	Changing Input Shape
15
NOT Applying Conv Low-Precision for Kernel shape (728, 728, ), Input shape (361, 728, ), and Output shape (361, 728, ), and the ID is 	Changing Input Shape
16
NOT Applying Conv Low-Precision for Kernel shape (728, 728, ), Input shape (361, 728, ), and Output shape (361, 728, ), and the ID is 	Changing Input Shape
17
	Changing Input Shape
NOT Applying Conv Low-Precision for Kernel shape (728, 728, ), Input shape (361, 728, ), and Output shape (361, 728, ), and the ID is 18
NOT Applying Conv Low-Precision for Kernel shape (728, 728, ), Input shape (361, 728, ), and Output shape (361, 728, ), and the ID is 	Changing Input Shape
19
NOT Applying Conv Low-Precision for Kernel shape (728, 728, ), Input shape (361, 728, ), and Output shape (361, 728, ), and the ID is 	Changing Input Shape
20
NOT Applying Conv Low-Precision for Kernel shape (728, 728, ), Input shape (361, 728, ), and Output shape (361, 728, ), and the ID is 	Changing Input Shape
21
	Changing Input Shape
NOT Applying Conv Low-Precision for Kernel shape (728, 728, ), Input shape (361, 728, ), and Output shape (361, 728, ), and the ID is 22
	Changing Input Shape
NOT Applying Conv Low-Precision for Kernel shape (728, 728, ), Input shape (361, 728, ), and Output shape (361, 728, ), and the ID is 23
	Changing Input Shape
NOT Applying Conv Low-Precision for Kernel shape (728, 728, ), Input shape (361, 728, ), and Output shape (361, 728, ), and the ID is 24
	Changing Input Shape
NOT Applying Conv Low-Precision for Kernel shape (728, 728, ), Input shape (361, 728, ), and Output shape (361, 728, ), and the ID is 25
	Changing Input Shape
NOT Applying Conv Low-Precision for Kernel shape (728, 728, ), Input shape (361, 728, ), and Output shape (361, 728, ), and the ID is 26
	Changing Input Shape
NOT Applying Conv Low-Precision for Kernel shape (728, 728, ), Input shape (361, 728, ), and Output shape (361, 728, ), and the ID is 27
NOT Applying Conv Low-Precision for Kernel shape (728, 728, ), Input shape (361, 728, ), and Output shape (361, 728, ), and the ID is 	Changing Input Shape
28
	Changing Input Shape
NOT Applying Conv Low-Precision for Kernel shape (728, 728, ), Input shape (361, 728, ), and Output shape (361, 728, ), and the ID is 29
	Changing Input Shape
NOT Applying Conv Low-Precision for Kernel shape (728, 728, ), Input shape (361, 728, ), and Output shape (361, 728, ), and the ID is 30
	Changing Input Shape
NOT Applying Conv Low-Precision for Kernel shape (728, 728, ), Input shape (361, 728, ), and Output shape (361, 728, ), and the ID is 31
	Changing Input Shape
NOT Applying Conv Low-Precision for Kernel shape (728, 728, ), Input shape (361, 728, ), and Output shape (361, 728, ), and the ID is 32
	Changing Input Shape
NOT Applying Conv Low-Precision for Kernel shape (728, 728, ), Input shape (361, 728, ), and Output shape (361, 728, ), and the ID is 33
	Changing Input Shape
NOT Applying Conv Low-Precision for Kernel shape (728, 728, ), Input shape (361, 728, ), and Output shape (361, 728, ), and the ID is 34
	Changing Input Shape
NOT Applying Conv Low-Precision for Kernel shape (728, 728, ), Input shape (361, 728, ), and Output shape (361, 728, ), and the ID is 35
	Changing Input Shape
NOT Applying Conv Low-Precision for Kernel shape (1024, 728, ), Input shape (361, 728, ), and Output shape (361, 1024, ), and the ID is 36
	Changing Input Shape
NOT Applying Conv Low-Precision for Kernel shape (1024, 728, ), Input shape (361, 728, ), and Output shape (100, 1024, ), and the ID is 37
	Changing Input Shape
NOT Applying Conv Low-Precision for Kernel shape (1536, 1024, ), Input shape (100, 1024, ), and Output shape (100, 1536, ), and the ID is 38
	Changing Input Shape
NOT Applying Conv Low-Precision for Kernel shape (2048, 1536, ), Input shape (100, 1536, ), and Output shape (100, 2048, ), and the ID is 39
NOT Applying Low-Precision for shape (1000, 2048, ) and Input shape (1, 2048, ) With 5 Number of Temp Tensors
The input model file size (MB): 24.0822
Initialized session in 39.714ms.
Running benchmark for at least 10 iterations and at least 1e-09 seconds but terminate if exceeding 150 seconds.
count=10 first=2182151 curr=2118906 min=2106324 max=2182151 avg=2.13163e+06 std=19374

Running benchmark for at least 20 iterations and at least 1e-09 seconds but terminate if exceeding 150 seconds.
count=20 first=2120022 curr=2133040 min=2117594 max=2146921 avg=2.13509e+06 std=9422

Inference timings in us: Init: 39714, First inference: 2182151, Warmup (avg): 2.13163e+06, Inference (avg): 2.13509e+06
Note: as the benchmark tool itself affects memory footprint, the following is only APPROXIMATE to the actual memory footprint of the model at runtime. Take the information at your discretion.
Memory footprint delta from the start of the tool (MB): init=8.03906 overall=44.3047
Profiling Info for Benchmark Initialization:
============================== Run Order ==============================
	             [node type]	          [start]	  [first]	 [avg ms]	     [%]	  [cdf%]	  [mem KB]	[times called]	[Name]
	         AllocateTensors	            0.000	   11.504	   11.504	100.000%	100.000%	   768.000	        1	AllocateTensors/0

============================== Top by Computation Time ==============================
	             [node type]	          [start]	  [first]	 [avg ms]	     [%]	  [cdf%]	  [mem KB]	[times called]	[Name]
	         AllocateTensors	            0.000	   11.504	   11.504	100.000%	100.000%	   768.000	        1	AllocateTensors/0

Number of nodes executed: 1
============================== Summary by node type ==============================
	             [Node type]	  [count]	  [avg ms]	    [avg %]	    [cdf %]	  [mem KB]	[times called]
	         AllocateTensors	        1	    11.504	   100.000%	   100.000%	   768.000	        1

Timings (microseconds): count=1 curr=11504
Memory (bytes): count=0
1 nodes observed



Operator-wise Profiling Info for Regular Benchmark Runs:
============================== Run Order ==============================
	             [node type]	          [start]	  [first]	 [avg ms]	     [%]	  [cdf%]	  [mem KB]	[times called]	[Name]
	                 CONV_2D	            0.023	   14.413	   14.446	  0.677%	  0.677%	     0.000	        1	[xception/block1_conv1_act/Relu;xception/block1_conv1_bn/FusedBatchNormV3;xception/block1_conv1_bn/FusedBatchNormV3/ReadVariableOp;xception/block1_conv1/Conv2D]:0
	                 CONV_2D	           14.481	   71.990	   71.549	  3.353%	  4.030%	     0.000	        1	[xception/block1_conv2_act/Relu;xception/block1_conv2_bn/FusedBatchNormV3;xception/block1_conv2_bn/FusedBatchNormV3/ReadVariableOp;xception/block1_conv2/Conv2D]:1
	       DEPTHWISE_CONV_2D	           86.043	    5.771	    5.657	  0.265%	  4.295%	     0.000	        1	[xception/block2_sepconv1/separable_conv2d/depthwise1]:2
	                 CONV_2D	           91.713	   40.077	   40.128	  1.881%	  6.176%	     0.000	        1	[xception/block2_sepconv2_act/Relu;xception/block2_sepconv1_bn/FusedBatchNormV3;xception/batch_normalization_297/FusedBatchNormV3/ReadVariableOp;xception/block2_sepconv1/separable_conv2d]:3
	       DEPTHWISE_CONV_2D	          131.853	   13.954	   14.027	  0.657%	  6.833%	     0.000	        1	[xception/block2_sepconv2/separable_conv2d/depthwise1]:4
	                 CONV_2D	          145.893	   61.959	   62.247	  2.917%	  9.750%	     0.000	        1	[xception/block2_sepconv2_bn/FusedBatchNormV3;xception/batch_normalization_297/FusedBatchNormV3/ReadVariableOp;xception/block2_sepconv2/separable_conv2d]:5
	             MAX_POOL_2D	          208.153	   16.781	   16.664	  0.781%	 10.531%	     0.000	        1	[xception/block2_pool/MaxPool]:6
	                 CONV_2D	          224.828	   11.274	   11.274	  0.528%	 11.059%	     0.000	        1	[xception/batch_normalization_297/FusedBatchNormV3;xception/batch_normalization_297/FusedBatchNormV3/ReadVariableOp;xception/conv2d_297/Conv2D]:7
	                     ADD	          236.116	   67.123	   66.996	  3.140%	 14.199%	     0.000	        1	[xception/add_4/add]:8
	                    RELU	          303.124	   89.396	   89.060	  4.174%	 18.373%	     0.000	        1	[xception/block3_sepconv1_act/Relu]:9
	       DEPTHWISE_CONV_2D	          392.196	    3.570	    3.622	  0.170%	 18.543%	     0.000	        1	[xception/block3_sepconv1/separable_conv2d/depthwise1]:10
	                 CONV_2D	          395.831	   31.107	   30.865	  1.446%	 19.989%	     0.000	        1	[xception/block3_sepconv2_act/Relu;xception/block3_sepconv1_bn/FusedBatchNormV3;xception/batch_normalization_298/FusedBatchNormV3/ReadVariableOp;xception/block3_sepconv1/separable_conv2d]:11
	       DEPTHWISE_CONV_2D	          426.709	    7.381	    7.249	  0.340%	 20.329%	     0.000	        1	[xception/block3_sepconv2/separable_conv2d/depthwise1]:12
	                 CONV_2D	          433.973	   53.595	   53.526	  2.508%	 22.837%	     0.000	        1	[xception/block3_sepconv2_bn/FusedBatchNormV3;xception/batch_normalization_298/FusedBatchNormV3/ReadVariableOp;xception/block3_sepconv2/separable_conv2d]:13
	             MAX_POOL_2D	          487.512	    8.205	    8.147	  0.382%	 23.219%	     0.000	        1	[xception/block3_pool/MaxPool]:14
	                 CONV_2D	          495.671	    8.085	    8.069	  0.378%	 23.597%	     0.000	        1	[xception/batch_normalization_298/FusedBatchNormV3;xception/batch_normalization_298/FusedBatchNormV3/ReadVariableOp;xception/conv2d_298/Conv2D]:15
	                     ADD	          503.753	   33.615	   33.454	  1.568%	 25.165%	     0.000	        1	[xception/add_5/add]:16
	                    RELU	          537.217	   45.040	   44.897	  2.104%	 27.269%	     0.000	        1	[xception/block4_sepconv1_act/Relu]:17
	       DEPTHWISE_CONV_2D	          582.126	    1.790	    1.722	  0.081%	 27.350%	     0.000	        1	[xception/block4_sepconv1/separable_conv2d/depthwise1]:18
	                 CONV_2D	          583.857	   38.291	   37.910	  1.777%	 29.126%	     0.000	        1	[xception/block4_sepconv2_act/Relu;xception/block4_sepconv1_bn/FusedBatchNormV3;xception/batch_normalization_299/FusedBatchNormV3/ReadVariableOp;xception/block4_sepconv1/separable_conv2d]:19
	       DEPTHWISE_CONV_2D	          621.782	    5.551	    5.499	  0.258%	 29.384%	     0.000	        1	[xception/block4_sepconv2/separable_conv2d/depthwise1]:20
	                 CONV_2D	          627.292	   98.874	   97.558	  4.572%	 33.956%	     0.000	        1	[xception/block4_sepconv2_bn/FusedBatchNormV3;xception/batch_normalization_299/FusedBatchNormV3/ReadVariableOp;xception/block4_sepconv2/separable_conv2d]:21
	             MAX_POOL_2D	          724.863	    6.458	    6.481	  0.304%	 34.260%	     0.000	        1	[xception/block4_pool/MaxPool]:22
	                 CONV_2D	          731.356	   10.480	   10.404	  0.488%	 34.747%	     0.000	        1	[xception/batch_normalization_299/FusedBatchNormV3;xception/batch_normalization_299/FusedBatchNormV3/ReadVariableOp;xception/conv2d_299/Conv2D]:23
	                     ADD	          741.771	   25.165	   25.124	  1.177%	 35.925%	     0.000	        1	[xception/add_6/add]:24
	                    RELU	          766.907	   33.701	   33.673	  1.578%	 37.503%	     0.000	        1	[xception/block5_sepconv1_act/Relu]:25
	       DEPTHWISE_CONV_2D	          800.591	    1.512	    1.351	  0.063%	 37.566%	     0.000	        1	[xception/block5_sepconv1/separable_conv2d/depthwise1]:26
	                 CONV_2D	          801.951	   26.803	   26.659	  1.249%	 38.815%	     0.000	        1	[xception/block5_sepconv2_act/Relu;xception/block5_sepconv1_bn/FusedBatchNormV3;xception/batch_normalization_299/FusedBatchNormV3/ReadVariableOp;xception/block5_sepconv1/separable_conv2d]:27
	       DEPTHWISE_CONV_2D	          828.623	    1.508	    1.442	  0.068%	 38.883%	     0.000	        1	[xception/block5_sepconv2/separable_conv2d/depthwise1]:28
	                 CONV_2D	          830.074	   26.810	   26.622	  1.248%	 40.131%	     0.000	        1	[xception/block5_sepconv3_act/Relu;xception/block5_sepconv2_bn/FusedBatchNormV3;xception/batch_normalization_299/FusedBatchNormV3/ReadVariableOp;xception/block5_sepconv2/separable_conv2d]:29
	       DEPTHWISE_CONV_2D	          856.708	    1.615	    1.458	  0.068%	 40.199%	     0.000	        1	[xception/block5_sepconv3/separable_conv2d/depthwise1]:30
	                 CONV_2D	          858.176	   26.320	   26.544	  1.244%	 41.443%	     0.000	        1	[xception/block5_sepconv3_bn/FusedBatchNormV3;xception/batch_normalization_299/FusedBatchNormV3/ReadVariableOp;xception/block5_sepconv3/separable_conv2d]:31
	                     ADD	          884.731	   25.067	   25.186	  1.180%	 42.623%	     0.000	        1	[xception/add_7/add]:32
	                    RELU	          909.930	   33.528	   33.631	  1.576%	 44.199%	     0.000	        1	[xception/block6_sepconv1_act/Relu]:33
	       DEPTHWISE_CONV_2D	          943.571	    1.261	    1.368	  0.064%	 44.263%	     0.000	        1	[xception/block6_sepconv1/separable_conv2d/depthwise1]:34
	                 CONV_2D	          944.948	   26.111	   26.647	  1.249%	 45.512%	     0.000	        1	[xception/block6_sepconv2_act/Relu;xception/block6_sepconv1_bn/FusedBatchNormV3;xception/batch_normalization_299/FusedBatchNormV3/ReadVariableOp;xception/block6_sepconv1/separable_conv2d]:35
	       DEPTHWISE_CONV_2D	          971.607	    1.389	    1.469	  0.069%	 45.581%	     0.000	        1	[xception/block6_sepconv2/separable_conv2d/depthwise1]:36
	                 CONV_2D	          973.087	   26.075	   26.677	  1.250%	 46.831%	     0.000	        1	[xception/block6_sepconv3_act/Relu;xception/block6_sepconv2_bn/FusedBatchNormV3;xception/batch_normalization_299/FusedBatchNormV3/ReadVariableOp;xception/block6_sepconv2/separable_conv2d]:37
	       DEPTHWISE_CONV_2D	          999.777	    1.356	    1.440	  0.067%	 46.899%	     0.000	        1	[xception/block6_sepconv3/separable_conv2d/depthwise1]:38
	                 CONV_2D	         1001.226	   26.156	   26.656	  1.249%	 48.148%	     0.000	        1	[xception/block6_sepconv3_bn/FusedBatchNormV3;xception/batch_normalization_299/FusedBatchNormV3/ReadVariableOp;xception/block6_sepconv3/separable_conv2d]:39
	                     ADD	         1027.894	   24.984	   25.207	  1.181%	 49.329%	     0.000	        1	[xception/add_8/add]:40
	                    RELU	         1053.111	   33.446	   33.648	  1.577%	 50.906%	     0.000	        1	[xception/block7_sepconv1_act/Relu]:41
	       DEPTHWISE_CONV_2D	         1086.770	    1.272	    1.388	  0.065%	 50.971%	     0.000	        1	[xception/block7_sepconv1/separable_conv2d/depthwise1]:42
	                 CONV_2D	         1088.168	   26.065	   26.768	  1.254%	 52.225%	     0.000	        1	[xception/block7_sepconv2_act/Relu;xception/block7_sepconv1_bn/FusedBatchNormV3;xception/batch_normalization_299/FusedBatchNormV3/ReadVariableOp;xception/block7_sepconv1/separable_conv2d]:43
	       DEPTHWISE_CONV_2D	         1114.951	    1.326	    1.436	  0.067%	 52.293%	     0.000	        1	[xception/block7_sepconv2/separable_conv2d/depthwise1]:44
	                 CONV_2D	         1116.397	   26.186	   26.612	  1.247%	 53.540%	     0.000	        1	[xception/block7_sepconv3_act/Relu;xception/block7_sepconv2_bn/FusedBatchNormV3;xception/batch_normalization_299/FusedBatchNormV3/ReadVariableOp;xception/block7_sepconv2/separable_conv2d]:45
	       DEPTHWISE_CONV_2D	         1143.021	    1.333	    1.444	  0.068%	 53.608%	     0.000	        1	[xception/block7_sepconv3/separable_conv2d/depthwise1]:46
	                 CONV_2D	         1144.475	   26.025	   26.567	  1.245%	 54.853%	     0.000	        1	[xception/block7_sepconv3_bn/FusedBatchNormV3;xception/batch_normalization_299/FusedBatchNormV3/ReadVariableOp;xception/block7_sepconv3/separable_conv2d]:47
	                     ADD	         1171.054	   24.970	   25.216	  1.182%	 56.034%	     0.000	        1	[xception/add_9/add]:48
	                    RELU	         1196.281	   33.490	   33.779	  1.583%	 57.617%	     0.000	        1	[xception/block8_sepconv1_act/Relu]:49
	       DEPTHWISE_CONV_2D	         1230.071	    1.346	    1.456	  0.068%	 57.686%	     0.000	        1	[xception/block8_sepconv1/separable_conv2d/depthwise1]:50
	                 CONV_2D	         1231.536	   26.174	   26.692	  1.251%	 58.936%	     0.000	        1	[xception/block8_sepconv2_act/Relu;xception/block8_sepconv1_bn/FusedBatchNormV3;xception/batch_normalization_299/FusedBatchNormV3/ReadVariableOp;xception/block8_sepconv1/separable_conv2d]:51
	       DEPTHWISE_CONV_2D	         1258.242	    1.362	    1.414	  0.066%	 59.003%	     0.000	        1	[xception/block8_sepconv2/separable_conv2d/depthwise1]:52
	                 CONV_2D	         1259.666	   25.961	   26.638	  1.248%	 60.251%	     0.000	        1	[xception/block8_sepconv3_act/Relu;xception/block8_sepconv2_bn/FusedBatchNormV3;xception/batch_normalization_299/FusedBatchNormV3/ReadVariableOp;xception/block8_sepconv2/separable_conv2d]:53
	       DEPTHWISE_CONV_2D	         1286.317	    1.370	    1.410	  0.066%	 60.317%	     0.000	        1	[xception/block8_sepconv3/separable_conv2d/depthwise1]:54
	                 CONV_2D	         1287.736	   25.993	   26.608	  1.247%	 61.564%	     0.000	        1	[xception/block8_sepconv3_bn/FusedBatchNormV3;xception/batch_normalization_299/FusedBatchNormV3/ReadVariableOp;xception/block8_sepconv3/separable_conv2d]:55
	                     ADD	         1314.356	   25.033	   25.184	  1.180%	 62.744%	     0.000	        1	[xception/add_10/add]:56
	                    RELU	         1339.552	   33.453	   33.632	  1.576%	 64.320%	     0.000	        1	[xception/block9_sepconv1_act/Relu]:57
	       DEPTHWISE_CONV_2D	         1373.194	    1.260	    1.368	  0.064%	 64.385%	     0.000	        1	[xception/block9_sepconv1/separable_conv2d/depthwise1]:58
	                 CONV_2D	         1374.572	   26.196	   26.543	  1.244%	 65.628%	     0.000	        1	[xception/block9_sepconv2_act/Relu;xception/block9_sepconv1_bn/FusedBatchNormV3;xception/batch_normalization_299/FusedBatchNormV3/ReadVariableOp;xception/block9_sepconv1/separable_conv2d]:59
	       DEPTHWISE_CONV_2D	         1401.127	    1.423	    1.419	  0.067%	 65.695%	     0.000	        1	[xception/block9_sepconv2/separable_conv2d/depthwise1]:60
	                 CONV_2D	         1402.556	   26.194	   26.464	  1.240%	 66.935%	     0.000	        1	[xception/block9_sepconv3_act/Relu;xception/block9_sepconv2_bn/FusedBatchNormV3;xception/batch_normalization_299/FusedBatchNormV3/ReadVariableOp;xception/block9_sepconv2/separable_conv2d]:61
	       DEPTHWISE_CONV_2D	         1429.034	    1.426	    1.434	  0.067%	 67.002%	     0.000	        1	[xception/block9_sepconv3/separable_conv2d/depthwise1]:62
	                 CONV_2D	         1430.477	   25.991	   26.582	  1.246%	 68.248%	     0.000	        1	[xception/block9_sepconv3_bn/FusedBatchNormV3;xception/batch_normalization_299/FusedBatchNormV3/ReadVariableOp;xception/block9_sepconv3/separable_conv2d]:63
	                     ADD	         1457.071	   24.984	   25.149	  1.179%	 69.427%	     0.000	        1	[xception/add_11/add]:64
	                    RELU	         1482.232	   33.439	   33.624	  1.576%	 71.002%	     0.000	        1	[xception/block10_sepconv1_act/Relu]:65
	       DEPTHWISE_CONV_2D	         1515.867	    1.300	    1.359	  0.064%	 71.066%	     0.000	        1	[xception/block10_sepconv1/separable_conv2d/depthwise1]:66
	                 CONV_2D	         1517.235	   26.072	   26.593	  1.246%	 72.312%	     0.000	        1	[xception/block10_sepconv2_act/Relu;xception/block10_sepconv1_bn/FusedBatchNormV3;xception/batch_normalization_299/FusedBatchNormV3/ReadVariableOp;xception/block10_sepconv1/separable_conv2d]:67
	       DEPTHWISE_CONV_2D	         1543.841	    1.370	    1.426	  0.067%	 72.379%	     0.000	        1	[xception/block10_sepconv2/separable_conv2d/depthwise1]:68
	                 CONV_2D	         1545.278	   25.978	   26.645	  1.249%	 73.628%	     0.000	        1	[xception/block10_sepconv3_act/Relu;xception/block10_sepconv2_bn/FusedBatchNormV3;xception/batch_normalization_299/FusedBatchNormV3/ReadVariableOp;xception/block10_sepconv2/separable_conv2d]:69
	       DEPTHWISE_CONV_2D	         1571.937	    1.331	    1.428	  0.067%	 73.695%	     0.000	        1	[xception/block10_sepconv3/separable_conv2d/depthwise1]:70
	                 CONV_2D	         1573.377	   25.948	   26.569	  1.245%	 74.940%	     0.000	        1	[xception/block10_sepconv3_bn/FusedBatchNormV3;xception/batch_normalization_299/FusedBatchNormV3/ReadVariableOp;xception/block10_sepconv3/separable_conv2d]:71
	                     ADD	         1599.959	   24.986	   25.121	  1.177%	 76.117%	     0.000	        1	[xception/add_12/add]:72
	                    RELU	         1625.091	   33.459	   33.646	  1.577%	 77.694%	     0.000	        1	[xception/block11_sepconv1_act/Relu]:73
	       DEPTHWISE_CONV_2D	         1658.748	    1.241	    1.385	  0.065%	 77.759%	     0.000	        1	[xception/block11_sepconv1/separable_conv2d/depthwise1]:74
	                 CONV_2D	         1660.143	   26.036	   26.561	  1.245%	 79.004%	     0.000	        1	[xception/block11_sepconv2_act/Relu;xception/block11_sepconv1_bn/FusedBatchNormV3;xception/batch_normalization_299/FusedBatchNormV3/ReadVariableOp;xception/block11_sepconv1/separable_conv2d]:75
	       DEPTHWISE_CONV_2D	         1686.718	    1.323	    1.407	  0.066%	 79.070%	     0.000	        1	[xception/block11_sepconv2/separable_conv2d/depthwise1]:76
	                 CONV_2D	         1688.134	   26.026	   26.634	  1.248%	 80.318%	     0.000	        1	[xception/block11_sepconv3_act/Relu;xception/block11_sepconv2_bn/FusedBatchNormV3;xception/batch_normalization_299/FusedBatchNormV3/ReadVariableOp;xception/block11_sepconv2/separable_conv2d]:77
	       DEPTHWISE_CONV_2D	         1714.780	    1.356	    1.431	  0.067%	 80.385%	     0.000	        1	[xception/block11_sepconv3/separable_conv2d/depthwise1]:78
	                 CONV_2D	         1716.220	   25.988	   26.559	  1.245%	 81.629%	     0.000	        1	[xception/block11_sepconv3_bn/FusedBatchNormV3;xception/batch_normalization_299/FusedBatchNormV3/ReadVariableOp;xception/block11_sepconv3/separable_conv2d]:79
	                     ADD	         1742.791	   24.985	   25.154	  1.179%	 82.808%	     0.000	        1	[xception/add_13/add]:80
	                    RELU	         1767.957	   33.493	   33.635	  1.576%	 84.385%	     0.000	        1	[xception/block12_sepconv1_act/Relu]:81
	       DEPTHWISE_CONV_2D	         1801.602	    1.334	    1.383	  0.065%	 84.449%	     0.000	        1	[xception/block12_sepconv1/separable_conv2d/depthwise1]:82
	                 CONV_2D	         1802.994	   25.973	   26.504	  1.242%	 85.691%	     0.000	        1	[xception/block12_sepconv2_act/Relu;xception/block12_sepconv1_bn/FusedBatchNormV3;xception/batch_normalization_299/FusedBatchNormV3/ReadVariableOp;xception/block12_sepconv1/separable_conv2d]:83
	       DEPTHWISE_CONV_2D	         1829.510	    1.358	    1.426	  0.067%	 85.758%	     0.000	        1	[xception/block12_sepconv2/separable_conv2d/depthwise1]:84
	                 CONV_2D	         1830.945	   25.901	   26.426	  1.238%	 86.997%	     0.000	        1	[xception/block12_sepconv3_act/Relu;xception/block12_sepconv2_bn/FusedBatchNormV3;xception/batch_normalization_299/FusedBatchNormV3/ReadVariableOp;xception/block12_sepconv2/separable_conv2d]:85
	       DEPTHWISE_CONV_2D	         1857.383	    1.363	    1.373	  0.064%	 87.061%	     0.000	        1	[xception/block12_sepconv3/separable_conv2d/depthwise1]:86
	                 CONV_2D	         1858.765	   26.049	   26.447	  1.239%	 88.300%	     0.000	        1	[xception/block12_sepconv3_bn/FusedBatchNormV3;xception/batch_normalization_299/FusedBatchNormV3/ReadVariableOp;xception/block12_sepconv3/separable_conv2d]:87
	                     ADD	         1885.224	   24.995	   25.138	  1.178%	 89.478%	     0.000	        1	[xception/add_14/add]:88
	                    RELU	         1910.376	   33.498	   33.678	  1.578%	 91.057%	     0.000	        1	[xception/block13_sepconv1_act/Relu]:89
	       DEPTHWISE_CONV_2D	         1944.065	    1.296	    1.373	  0.064%	 91.121%	     0.000	        1	[xception/block13_sepconv1/separable_conv2d/depthwise1]:90
	                 CONV_2D	         1945.447	   26.217	   26.464	  1.240%	 92.361%	     0.000	        1	[xception/block13_sepconv2_act/Relu;xception/block13_sepconv1_bn/FusedBatchNormV3;xception/batch_normalization_299/FusedBatchNormV3/ReadVariableOp;xception/block13_sepconv1/separable_conv2d]:91
	       DEPTHWISE_CONV_2D	         1971.923	    1.331	    1.399	  0.066%	 92.427%	     0.000	        1	[xception/block13_sepconv2/separable_conv2d/depthwise1]:92
	                 CONV_2D	         1973.331	   36.185	   36.868	  1.728%	 94.155%	     0.000	        1	[xception/block13_sepconv2_bn/FusedBatchNormV3;xception/batch_normalization_300/FusedBatchNormV3/ReadVariableOp;xception/block13_sepconv2/separable_conv2d]:93
	             MAX_POOL_2D	         2010.212	    2.355	    2.405	  0.113%	 94.267%	     0.000	        1	[xception/block13_pool/MaxPool]:94
	                 CONV_2D	         2012.626	   10.922	   11.013	  0.516%	 94.783%	     0.000	        1	[xception/batch_normalization_300/FusedBatchNormV3;xception/batch_normalization_300/FusedBatchNormV3/ReadVariableOp;xception/conv2d_300/Conv2D]:95
	                     ADD	         2023.651	    9.756	    9.819	  0.460%	 95.244%	     0.000	        1	[xception/add_15/add]:96
	       DEPTHWISE_CONV_2D	         2033.480	    0.518	    0.551	  0.026%	 95.269%	     0.000	        1	[xception/block14_sepconv1/separable_conv2d/depthwise1]:97
	                 CONV_2D	         2034.039	   21.119	   21.724	  1.018%	 96.288%	     0.000	        1	[xception/block14_sepconv1_act/Relu;xception/block14_sepconv1_bn/FusedBatchNormV3;xception/block14_sepconv1_bn/FusedBatchNormV3/ReadVariableOp;xception/block14_sepconv1/separable_conv2d]:98
	       DEPTHWISE_CONV_2D	         2055.776	    0.853	    0.842	  0.039%	 96.327%	     0.000	        1	[xception/block14_sepconv2/separable_conv2d/depthwise1]:99
	                 CONV_2D	         2056.627	   41.318	   42.503	  1.992%	 98.319%	     0.000	        1	[xception/block14_sepconv2_act/Relu;xception/block14_sepconv2_bn/FusedBatchNormV3;xception/block14_sepconv2_bn/FusedBatchNormV3/ReadVariableOp;xception/block14_sepconv2/separable_conv2d]:100
	                    MEAN	         2099.142	   34.830	   35.008	  1.641%	 99.959%	     0.000	        1	[xception/avg_pool/Mean]:101
	         FULLY_CONNECTED	         2134.160	    0.838	    0.769	  0.036%	 99.995%	     0.000	        1	[xception/predictions/MatMul;xception/predictions/BiasAdd]:102
	                 SOFTMAX	         2134.941	    0.086	    0.097	  0.005%	100.000%	     0.000	        1	[StatefulPartitionedCall:0]:103

============================== Top by Computation Time ==============================
	             [node type]	          [start]	  [first]	 [avg ms]	     [%]	  [cdf%]	  [mem KB]	[times called]	[Name]
	                 CONV_2D	          627.292	   98.874	   97.558	  4.572%	  4.572%	     0.000	        1	[xception/block4_sepconv2_bn/FusedBatchNormV3;xception/batch_normalization_299/FusedBatchNormV3/ReadVariableOp;xception/block4_sepconv2/separable_conv2d]:21
	                    RELU	          303.124	   89.396	   89.060	  4.174%	  8.746%	     0.000	        1	[xception/block3_sepconv1_act/Relu]:9
	                 CONV_2D	           14.481	   71.990	   71.549	  3.353%	 12.099%	     0.000	        1	[xception/block1_conv2_act/Relu;xception/block1_conv2_bn/FusedBatchNormV3;xception/block1_conv2_bn/FusedBatchNormV3/ReadVariableOp;xception/block1_conv2/Conv2D]:1
	                     ADD	          236.116	   67.123	   66.996	  3.140%	 15.238%	     0.000	        1	[xception/add_4/add]:8
	                 CONV_2D	          145.893	   61.959	   62.247	  2.917%	 18.156%	     0.000	        1	[xception/block2_sepconv2_bn/FusedBatchNormV3;xception/batch_normalization_297/FusedBatchNormV3/ReadVariableOp;xception/block2_sepconv2/separable_conv2d]:5
	                 CONV_2D	          433.973	   53.595	   53.526	  2.508%	 20.664%	     0.000	        1	[xception/block3_sepconv2_bn/FusedBatchNormV3;xception/batch_normalization_298/FusedBatchNormV3/ReadVariableOp;xception/block3_sepconv2/separable_conv2d]:13
	                    RELU	          537.217	   45.040	   44.897	  2.104%	 22.768%	     0.000	        1	[xception/block4_sepconv1_act/Relu]:17
	                 CONV_2D	         2056.627	   41.318	   42.503	  1.992%	 24.760%	     0.000	        1	[xception/block14_sepconv2_act/Relu;xception/block14_sepconv2_bn/FusedBatchNormV3;xception/block14_sepconv2_bn/FusedBatchNormV3/ReadVariableOp;xception/block14_sepconv2/separable_conv2d]:100
	                 CONV_2D	           91.713	   40.077	   40.128	  1.881%	 26.640%	     0.000	        1	[xception/block2_sepconv2_act/Relu;xception/block2_sepconv1_bn/FusedBatchNormV3;xception/batch_normalization_297/FusedBatchNormV3/ReadVariableOp;xception/block2_sepconv1/separable_conv2d]:3
	                 CONV_2D	          583.857	   38.291	   37.910	  1.777%	 28.417%	     0.000	        1	[xception/block4_sepconv2_act/Relu;xception/block4_sepconv1_bn/FusedBatchNormV3;xception/batch_normalization_299/FusedBatchNormV3/ReadVariableOp;xception/block4_sepconv1/separable_conv2d]:19

Number of nodes executed: 104
============================== Summary by node type ==============================
	             [Node type]	  [count]	  [avg ms]	    [avg %]	    [cdf %]	  [mem KB]	[times called]
	                 CONV_2D	       40	  1214.743	    56.929%	    56.929%	     0.000	       40
	                    RELU	       11	   436.899	    20.475%	    77.404%	     0.000	       11
	                     ADD	       12	   336.740	    15.781%	    93.185%	     0.000	       12
	       DEPTHWISE_CONV_2D	       34	    75.840	     3.554%	    96.740%	     0.000	       34
	                    MEAN	        1	    35.007	     1.641%	    98.380%	     0.000	        1
	             MAX_POOL_2D	        4	    33.696	     1.579%	    99.959%	     0.000	        4
	         FULLY_CONNECTED	        1	     0.769	     0.036%	    99.995%	     0.000	        1
	                 SOFTMAX	        1	     0.097	     0.005%	   100.000%	     0.000	        1

Timings (microseconds): count=20 first=2118846 curr=2131815 min=2116381 max=2145686 avg=2.13384e+06 std=9399
Memory (bytes): count=0
104 nodes observed



[ perf record: Woken up 236 times to write data ]
[ perf record: Captured and wrote 59.097 MB /tmp/data.record (256217 samples) ]

65.781

