1-batch-8192x512
1641.0
1-batch-128x2048
79.2
1-batch-8192x4096
12906.0
1-batch-512x128
15.8
1-batch-8192x128
134.6
1-batch-2048x128
39.4
1-batch-128x512
24.4
1-batch-2048x4096
3340.4
1-batch-8192x32
46.0
1-batch-4096x128
70.6
1-batch-2048x8192
6704.6
1-batch-32x128
8.6
1-batch-32x8192
216.2
1-batch-512x8192
1844.6
1-batch-32x2048
58.0
1-batch-128x128
9.8
1-batch-32x4096
110.4
1-batch-4096x8192
13061.8
1-batch-32x32
5.8
1-batch-4096x512
513.0
1-batch-2048x2048
1677.6
1-batch-32x512
18.6
1-batch-128x32
6.2
1-batch-512x4096
612.8
1-batch-512x512
44.2
1-batch-128x8192
302.2
1-batch-2048x512
134.2
1-batch-128x4096
153.2
1-batch-8192x2048
6465.6
1-batch-2048x32
15.8
1-batch-512x2048
159.0
1-batch-4096x4096
6535.8
1-batch-512x32
8.2
1-batch-4096x32
25.6
1-batch-8192x8192
25760.4
1-batch-4096x2048
3280.0
