1-batch-64x8192
159.0
1-batch-8192x512
2834.0
1-batch-2048x256
88.0
1-batch-256x32
16.0
1-batch-128x2048
67.0
1-batch-4096x1024
2834.0
1-batch-8192x1024
5610.0
1-batch-8192x4096
22303.0
1-batch-512x128
25.0
1-batch-8192x128
168.0
1-batch-8192x64
103.0
1-batch-512x256
34.0
1-batch-2048x128
54.0
1-batch-128x512
28.0
1-batch-2048x4096
5688.0
1-batch-8192x32
70.0
1-batch-4096x128
92.0
1-batch-2048x8192
11337.0
1-batch-32x128
16.0
1-batch-512x1024
91.0
1-batch-32x8192
127.0
1-batch-512x8192
1481.0
1-batch-32x2048
43.0
1-batch-4096x256
158.0
1-batch-1024x2048
661.0
1-batch-1024x8192
5816.0
1-batch-64x64
16.0
1-batch-128x128
18.0
1-batch-64x512
24.0
1-batch-32x4096
71.0
1-batch-64x1024
33.0
1-batch-64x4096
87.0
1-batch-4096x8192
22400.0
1-batch-1024x1024
157.0
1-batch-32x32
15.0
1-batch-256x2048
102.0
1-batch-64x128
17.0
1-batch-4096x512
728.0
1-batch-2048x2048
2852.0
1-batch-32x512
22.0
1-batch-256x128
20.0
1-batch-64x32
16.0
1-batch-256x8192
373.0
1-batch-128x32
15.0
1-batch-1024x4096
1625.0
1-batch-1024x256
51.0
1-batch-512x64
20.0
1-batch-256x4096
189.0
1-batch-64x256
19.0
1-batch-512x4096
329.0
1-batch-128x256
22.0
1-batch-256x64
18.0
1-batch-512x512
53.0
1-batch-64x2048
51.0
1-batch-32x1024
29.0
1-batch-256x256
26.0
1-batch-128x1024
41.0
1-batch-1024x512
86.0
1-batch-128x8192
222.0
1-batch-2048x512
156.0
1-batch-128x4096
119.0
1-batch-256x512
37.0
1-batch-8192x2048
11178.0
1-batch-8192x256
818.0
1-batch-2048x32
30.0
1-batch-512x2048
167.0
1-batch-1024x32
20.0
1-batch-4096x4096
11225.0
1-batch-2048x1024
649.0
1-batch-1024x64
25.0
1-batch-512x32
18.0
1-batch-4096x32
43.0
1-batch-8192x8192
44539.0
1-batch-1024x128
33.0
1-batch-32x256
18.0
1-batch-256x1024
59.0
1-batch-128x64
17.0
1-batch-4096x2048
5622.0
1-batch-32x64
16.0
1-batch-4096x64
60.0
1-batch-2048x64
38.0
