STARTING!
Duplicate flags: num_threads
Log parameter values verbosely: [0]
Min num runs: [200]
Min runs duration (seconds): [1e-09]
Num threads: [1]
Use caching: [1]
Min warmup runs: [2]
Min warmup runs duration (seconds): [1e-09]
Graph: [/home/pi/Desktop/run-single-mul-multibatch/models/f32i8/model-512-batch-4096x1024.tflite]
Enable op profiling: [1]
#threads used for CPU inference: [1]
Use xnnpack: [0]
Loaded model /home/pi/Desktop/run-single-mul-multibatch/models/f32i8/model-512-batch-4096x1024.tflite
INFO: Initialized TensorFlow Lite runtime.
Applying FC Low-Precision for Kernel shape (4096, 1024, ), Input shape (512, 4096, ), Output shape (512, 1024, ), ID: 0, Method: BarrelShiftMulW8A8
	Allocating Filter Shape: (4096, 1024, ) DONE
	Preparing Filter With Shape: (4096, 1024, ) DONE
	Allocating An Input Temporary Tensor With Shape: (512, 4096, ) DONE
The input model file size (MB): 4.19531
Initialized session in 34.006ms.
Running benchmark for at least 2 iterations and at least 1e-09 seconds but terminate if exceeding 150 seconds.
count=2 first=264029 curr=242149 min=242149 max=264029 avg=253089 std=10940

Running benchmark for at least 200 iterations and at least 1e-09 seconds but terminate if exceeding 150 seconds.
count=200 first=242476 curr=242460 min=241892 max=263101 avg=244692 std=3877

Inference timings in us: Init: 34006, First inference: 264029, Warmup (avg): 253089, Inference (avg): 244692
Note: as the benchmark tool itself affects memory footprint, the following is only APPROXIMATE to the actual memory footprint of the model at runtime. Take the information at your discretion.
Memory footprint delta from the start of the tool (MB): init=12.1094 overall=36.707
Profiling Info for Benchmark Initialization:
============================== Run Order ==============================
	             [node type]	          [start]	  [first]	 [avg ms]	     [%]	  [cdf%]	  [mem KB]	[times called]	[Name]
	         AllocateTensors	            0.000	   32.508	   32.508	100.000%	100.000%	  8124.000	        1	AllocateTensors/0

============================== Top by Computation Time ==============================
	             [node type]	          [start]	  [first]	 [avg ms]	     [%]	  [cdf%]	  [mem KB]	[times called]	[Name]
	         AllocateTensors	            0.000	   32.508	   32.508	100.000%	100.000%	  8124.000	        1	AllocateTensors/0

Number of nodes executed: 1
============================== Summary by node type ==============================
	             [Node type]	  [count]	  [avg ms]	    [avg %]	    [cdf %]	  [mem KB]	[times called]
	         AllocateTensors	        1	    32.508	   100.000%	   100.000%	  8124.000	        1

Timings (microseconds): count=1 curr=32508
Memory (bytes): count=0
1 nodes observed



Operator-wise Profiling Info for Regular Benchmark Runs:
============================== Run Order ==============================
	             [node type]	          [start]	  [first]	 [avg ms]	     [%]	  [cdf%]	  [mem KB]	[times called]	[Name]
	         FULLY_CONNECTED	            0.025	  242.415	  244.629	100.000%	100.000%	     0.000	        1	[StatefulPartitionedCall:0]:0

============================== Top by Computation Time ==============================
	             [node type]	          [start]	  [first]	 [avg ms]	     [%]	  [cdf%]	  [mem KB]	[times called]	[Name]
	         FULLY_CONNECTED	            0.025	  242.415	  244.629	100.000%	100.000%	     0.000	        1	[StatefulPartitionedCall:0]:0

Number of nodes executed: 1
============================== Summary by node type ==============================
	             [Node type]	  [count]	  [avg ms]	    [avg %]	    [cdf %]	  [mem KB]	[times called]
	         FULLY_CONNECTED	        1	   244.629	   100.000%	   100.000%	     0.000	        1

Timings (microseconds): count=200 first=242415 curr=242399 min=241830 max=263039 avg=244629 std=3878
Memory (bytes): count=0
1 nodes observed



[ perf record: Woken up 156 times to write data ]
Warning:
Processed 200524 events and lost 1 chunks!

Check IO/CPU overload!

[ perf record: Captured and wrote 39.024 MB /tmp/data.record (200148 samples) ]

51.609

