STARTING!
Duplicate flags: num_threads
Log parameter values verbosely: [0]
Min num runs: [200]
Min runs duration (seconds): [1e-09]
Num threads: [1]
Use caching: [1]
Min warmup runs: [2]
Min warmup runs duration (seconds): [1e-09]
Graph: [/home/pi/Desktop/run-single-mul-multibatch/models/f32i8/model-256-batch-2048x4096.tflite]
Enable op profiling: [1]
#threads used for CPU inference: [1]
Use xnnpack: [0]
Loaded model /home/pi/Desktop/run-single-mul-multibatch/models/f32i8/model-256-batch-2048x4096.tflite
INFO: Initialized TensorFlow Lite runtime.
Applying FC Low-Precision for Kernel shape (2048, 4096, ), Input shape (256, 2048, ), Output shape (256, 4096, ), ID: 0, Method: ULPPACKW4A4
	Allocating Filter Shape: (2048, 4096, ) DONE
	Preparing Filter With Shape: (2048, 4096, ) DONE
	Allocating An Input Temporary Tensor With Shape: (256, 2048, ) DONE
The input model file size (MB): 8.38962
Initialized session in 114.642ms.
Running benchmark for at least 2 iterations and at least 1e-09 seconds but terminate if exceeding 150 seconds.
count=2 first=269452 curr=246090 min=246090 max=269452 avg=257771 std=11681

Running benchmark for at least 200 iterations and at least 1e-09 seconds but terminate if exceeding 150 seconds.
count=200 first=245428 curr=244606 min=243381 max=295187 avg=251377 std=12399

Inference timings in us: Init: 114642, First inference: 269452, Warmup (avg): 257771, Inference (avg): 251377
Note: as the benchmark tool itself affects memory footprint, the following is only APPROXIMATE to the actual memory footprint of the model at runtime. Take the information at your discretion.
Memory footprint delta from the start of the tool (MB): init=20.2227 overall=33.4297
Profiling Info for Benchmark Initialization:
============================== Run Order ==============================
	             [node type]	          [start]	  [first]	 [avg ms]	     [%]	  [cdf%]	  [mem KB]	[times called]	[Name]
	         AllocateTensors	            0.000	  113.081	  113.081	100.000%	100.000%	 16452.000	        1	AllocateTensors/0

============================== Top by Computation Time ==============================
	             [node type]	          [start]	  [first]	 [avg ms]	     [%]	  [cdf%]	  [mem KB]	[times called]	[Name]
	         AllocateTensors	            0.000	  113.081	  113.081	100.000%	100.000%	 16452.000	        1	AllocateTensors/0

Number of nodes executed: 1
============================== Summary by node type ==============================
	             [Node type]	  [count]	  [avg ms]	    [avg %]	    [cdf %]	  [mem KB]	[times called]
	         AllocateTensors	        1	   113.081	   100.000%	   100.000%	 16452.000	        1

Timings (microseconds): count=1 curr=113081
Memory (bytes): count=0
1 nodes observed



Operator-wise Profiling Info for Regular Benchmark Runs:
============================== Run Order ==============================
	             [node type]	          [start]	  [first]	 [avg ms]	     [%]	  [cdf%]	  [mem KB]	[times called]	[Name]
	         FULLY_CONNECTED	            0.025	  245.366	  251.317	100.000%	100.000%	     0.000	        1	[StatefulPartitionedCall:0]:0

============================== Top by Computation Time ==============================
	             [node type]	          [start]	  [first]	 [avg ms]	     [%]	  [cdf%]	  [mem KB]	[times called]	[Name]
	         FULLY_CONNECTED	            0.025	  245.366	  251.317	100.000%	100.000%	     0.000	        1	[StatefulPartitionedCall:0]:0

Number of nodes executed: 1
============================== Summary by node type ==============================
	             [Node type]	  [count]	  [avg ms]	    [avg %]	    [cdf %]	  [mem KB]	[times called]
	         FULLY_CONNECTED	        1	   251.316	   100.000%	   100.000%	     0.000	        1

Timings (microseconds): count=200 first=245366 curr=244550 min=243320 max=295128 avg=251317 std=12399
Memory (bytes): count=0
1 nodes observed



[ perf record: Woken up 153 times to write data ]
Warning:
Processed 204356 events and lost 1 chunks!

Check IO/CPU overload!

[ perf record: Captured and wrote 38.532 MB /tmp/data.record (204002 samples) ]

52.663

