STARTING!
Duplicate flags: num_threads
Log parameter values verbosely: [0]
Min num runs: [20]
Min runs duration (seconds): [1e-09]
Num threads: [1]
Use caching: [1]
Min warmup runs: [10]
Min warmup runs duration (seconds): [1e-09]
Graph: [/home/pi/Desktop/run-CNNs/models/i8i8/ResNet152.tflite]
Enable op profiling: [1]
#threads used for CPU inference: [1]
Use xnnpack: [0]
Loaded model /home/pi/Desktop/run-CNNs/models/i8i8/ResNet152.tflite
INFO: Initialized TensorFlow Lite runtime.
NOT Applying Conv Low-Precision for Kernel shape (64, 147, ), Input shape (52900, 3, ), and Output shape (12544, 64, ), and the ID is 0
	Changing Input Shape
	Changing Input Shape
NOT Applying Conv Low-Precision for Kernel shape (256, 64, ), Input shape (3136, 64, ), and Output shape (3136, 256, ), and the ID is 1
	Changing Input Shape
NOT Applying Conv Low-Precision for Kernel shape (64, 64, ), Input shape (3136, 64, ), and Output shape (3136, 64, ), and the ID is 2
NOT Applying Conv Low-Precision for Kernel shape (64, 576, ), Input shape (3136, 64, ), and Output shape (3136, 64, ), and the ID is 3
	Changing Input Shape
	Changing Input Shape
NOT Applying Conv Low-Precision for Kernel shape (256, 64, ), Input shape (3136, 64, ), and Output shape (3136, 256, ), and the ID is 4
NOT Applying Conv Low-Precision for Kernel shape (64, 256, ), Input shape (3136, 256, ), and Output shape (3136, 64, ), and the ID is 5
	Changing Input Shape
	Changing Input Shape
NOT Applying Conv Low-Precision for Kernel shape (64, 576, ), Input shape (3136, 64, ), and Output shape (3136, 64, ), and the ID is 6
NOT Applying Conv Low-Precision for Kernel shape 	Changing Input Shape
(256, 64, ), Input shape (3136, 64, ), and Output shape (3136, 256, ), and the ID is 7
NOT Applying Conv Low-Precision for Kernel shape (64, 256, ), Input shape (3136, 256, ), and Output shape (3136, 64, ), and the ID is 8
	Changing Input Shape
NOT Applying Conv Low-Precision for Kernel shape (64, 576, ), Input shape (3136, 64, ), and Output shape (3136, 64, ), and the ID is 9	Changing Input Shape
	Changing Input Shape

NOT Applying Conv Low-Precision for Kernel shape (256, 64, ), Input shape (3136, 64, ), and Output shape (3136, 256, ), and the ID is 10
NOT Applying Conv Low-Precision for Kernel shape 	Changing Input Shape
(512, 256, ), Input shape (3136, 256, ), and Output shape (784, 512, ), and the ID is 11
NOT Applying Conv Low-Precision for Kernel shape (128, 256, ), Input shape (3136, 256, )	Changing Input Shape
, and Output shape (784, 128, ), and the ID is 12
NOT Applying Conv Low-Precision for Kernel shape 	Changing Input Shape
(128, 1152, ), Input shape (784, 128, ), and Output shape (784, 128, ), and the ID is 13
	Changing Input Shape
NOT Applying Conv Low-Precision for Kernel shape (512, 128, ), Input shape (784, 128, ), and Output shape (784, 512, ), and the ID is 14
	Changing Input Shape
NOT Applying Conv Low-Precision for Kernel shape (128, 512, ), Input shape (784, 512, ), and Output shape (784, 128, ), and the ID is 15
NOT Applying Conv Low-Precision for Kernel shape (128, 1152, ), Input shape (784, 128, ), and Output shape (784, 128, ), and the ID is 16
	Changing Input Shape
	Changing Input Shape
NOT Applying Conv Low-Precision for Kernel shape (512, 128, ), Input shape (784, 128, ), and Output shape (784, 512, ), and the ID is 17
NOT Applying Conv Low-Precision for Kernel shape (128, 512, ), Input shape (784, 512, ), and Output shape (784, 128, ), and the ID is 18
	Changing Input Shape
NOT Applying Conv Low-Precision for Kernel shape (128, 1152, ), Input shape (784, 128, ), and Output shape (784, 128, ), and the ID is 19
	Changing Input Shape
	Changing Input Shape
NOT Applying Conv Low-Precision for Kernel shape (512, 128, ), Input shape (784, 128, ), and Output shape (784, 512, ), and the ID is 20
NOT Applying Conv Low-Precision for Kernel shape (128, 512, ), Input shape (784, 512, ), and Output shape (784, 128, ), and the ID is 21
	Changing Input Shape
NOT Applying Conv Low-Precision for Kernel shape (128, 1152, ), Input shape (784, 128, ), and Output shape 	Changing Input Shape
	Changing Input Shape
(784, 128, ), and the ID is 22
NOT Applying Conv Low-Precision for Kernel shape (512, 128, ), Input shape (784, 128, ), and Output shape (784, 512, ), and the ID is 23
NOT Applying Conv Low-Precision for Kernel shape (128, 512, ), Input shape (784, 512, ), and Output shape 	Changing Input Shape
(784, 128, ), and the ID is 24
NOT Applying Conv Low-Precision for Kernel shape (128, 1152, ), Input shape (784, 128, ), and Output shape (784, 128, )	Changing Input Shape
	Changing Input Shape
, and the ID is 25
NOT Applying Conv Low-Precision for Kernel shape (512, 128, ), Input shape (784, 128, ), and Output shape (784, 512, ), and the ID is 26
NOT Applying Conv Low-Precision for Kernel shape (128, 512, ), Input shape (784, 512, ), and Output shape (784, 128, ), and the ID is 27
	Changing Input Shape
NOT Applying Conv Low-Precision for Kernel shape (128, 1152, ), Input shape (784, 128, ), and Output shape (784, 128, ), and the ID is 	Changing Input Shape
28
NOT Applying Conv Low-Precision for Kernel shape (512, 128, ), Input shape (784, 128, ), and Output shape 	Changing Input Shape
(784, 512, ), and the ID is 29
NOT Applying Conv Low-Precision for Kernel shape (128, 512, ), Input shape (784, 512, ), and Output shape (784, 128, ), and the ID is 30
	Changing Input Shape
NOT Applying Conv Low-Precision for Kernel shape (128, 1152, ), Input shape (784, 128, ), and Output shape (784, 128, ), and the ID is 	Changing Input Shape
31
NOT Applying Conv Low-Precision for Kernel shape (512, 128, ), Input shape 	Changing Input Shape
(784, 128, ), and Output shape (784, 512, ), and the ID is 32
NOT Applying Conv Low-Precision for Kernel shape (128, 512, ), Input shape (784, 512, ), and Output shape (784, 128, )	Changing Input Shape
, and the ID is 33
NOT Applying Conv Low-Precision for Kernel shape 	Changing Input Shape
(128, 1152, ), Input shape (784, 128, ), and Output shape (784, 128, ), and the ID is 34
	Changing Input Shape
NOT Applying Conv Low-Precision for Kernel shape (512, 128, ), Input shape (784, 128, ), and Output shape (784, 512, ), and the ID is 35
NOT Applying Conv Low-Precision for Kernel shape (1024, 512, ), Input shape (784, 512, ), and Output shape (196, 1024, ), and the ID is 36
	Changing Input Shape
NOT Applying Conv Low-Precision for Kernel shape (256, 512, ), Input shape (784, 512, ), and Output shape (196, 256, ), and the ID is 37	Changing Input Shape

	Changing Input Shape
NOT Applying Conv Low-Precision for Kernel shape (256, 2304, ), Input shape (196, 256, ), and Output shape (196, 256, ), and the ID is 38
NOT Applying Conv Low-Precision for Kernel shape (1024, 256, ), Input shape (196, 256, ), and Output shape (196, 1024, ), and the ID is 39
	Changing Input Shape
NOT Applying Conv Low-Precision for Kernel shape (256, 1024, ), Input shape (196, 1024, ), and Output shape (196, 256, ), and the ID is 40
	Changing Input Shape
	Changing Input Shape
NOT Applying Conv Low-Precision for Kernel shape (256, 2304, ), Input shape (196, 256, ), and Output shape (196, 256, ), and the ID is 41
NOT Applying Conv Low-Precision for Kernel shape (1024, 256, ), Input shape (196, 256, ), and Output shape (196, 1024, ), and the ID is 42
	Changing Input Shape
NOT Applying Conv Low-Precision for Kernel shape (256, 1024, ), Input shape (196, 1024, ), and Output shape (196, 256, )	Changing Input Shape
, and the ID is 43
	Changing Input Shape
NOT Applying Conv Low-Precision for Kernel shape (256, 2304, ), Input shape (196, 256, ), and Output shape (196, 256, ), and the ID is 44
	Changing Input Shape
NOT Applying Conv Low-Precision for Kernel shape (1024, 256, ), Input shape (196, 256, ), and Output shape (196, 1024, ), and the ID is 45
NOT Applying Conv Low-Precision for Kernel shape (256, 1024, ), Input shape (196, 1024, ), and Output shape (196, 256, ), and the ID is 46	Changing Input Shape

NOT Applying Conv Low-Precision for Kernel shape (256, 2304, )	Changing Input Shape
, Input shape (196, 256, ), and Output shape (196, 256, ), and the ID is 47
NOT Applying Conv Low-Precision for Kernel shape (1024, 256, ), Input shape (196, 256, ), and Output shape (196, 1024, ), and the ID is 	Changing Input Shape
48
NOT Applying Conv Low-Precision for Kernel shape (256, 1024, ), Input shape (196, 1024, ), and Output shape (196, 256, ), and the ID is 49
	Changing Input Shape
NOT Applying Conv Low-Precision for Kernel shape (256, 2304, ), Input shape (196, 256, ), and Output shape (196, 256, ), and the ID is 50
	Changing Input Shape
NOT Applying Conv Low-Precision for Kernel shape (1024, 256, ), Input shape (196, 256, ), and Output shape (196, 1024, ), and the ID is 51
	Changing Input Shape
NOT Applying Conv Low-Precision for Kernel shape (256, 1024, ), Input shape (196, 1024, ), and Output shape (196, 256, ), and the ID is 52
	Changing Input Shape
NOT Applying Conv Low-Precision for Kernel shape (256, 2304, ), Input shape (196, 256, ), and Output shape (196, 256, ), and the ID is 53
	Changing Input Shape
	Changing Input Shape
NOT Applying Conv Low-Precision for Kernel shape (1024, 256, ), Input shape (196, 256, ), and Output shape (196, 1024, ), and the ID is 54
NOT Applying Conv Low-Precision for Kernel shape (256, 1024, ), Input shape (196, 1024, ), and Output shape 	Changing Input Shape
(196, 256, ), and the ID is 55
NOT Applying Conv Low-Precision for Kernel shape (256, 2304, ), Input shape (196, 256, ), and Output shape (196, 256, )	Changing Input Shape
, and the ID is 56
NOT Applying Conv Low-Precision for Kernel shape 	Changing Input Shape
(1024, 256, ), Input shape (196, 256, ), and Output shape (196, 1024, ), and the ID is 57
NOT Applying Conv Low-Precision for Kernel shape (256, 1024, ), Input shape (196, 1024, ), and Output shape (196, 256, ), and the ID is 58	Changing Input Shape

NOT Applying Conv Low-Precision for Kernel shape (256, 2304, ), Input shape (196, 256, ), and Output shape (196, 256, ), and the ID is 59
	Changing Input Shape
	Changing Input Shape
NOT Applying Conv Low-Precision for Kernel shape (1024, 256, ), Input shape (196, 256, ), and Output shape (196, 1024, ), and the ID is 60
NOT Applying Conv Low-Precision for Kernel shape (256, 1024, ), Input shape (196, 1024, ), and Output shape (196, 256, ), and the ID is 61	Changing Input Shape

NOT Applying Conv Low-Precision for Kernel shape (256, 2304, ), Input shape (196, 256, ), and Output shape (196, 256, ), and the ID is 62
	Changing Input Shape
	Changing Input Shape
NOT Applying Conv Low-Precision for Kernel shape (1024, 256, ), Input shape (196, 256, ), and Output shape (196, 1024, ), and the ID is 63
NOT Applying Conv Low-Precision for Kernel shape (256, 1024, ), Input shape (196, 1024, ), and Output shape (196, 256, )	Changing Input Shape
, and the ID is 64
	Changing Input Shape
NOT Applying Conv Low-Precision for Kernel shape (256, 2304, ), Input shape (196, 256, ), and Output shape (196, 256, ), and the ID is 65
	Changing Input Shape
NOT Applying Conv Low-Precision for Kernel shape (1024, 256, ), Input shape (196, 256, ), and Output shape (196, 1024, ), and the ID is 66
NOT Applying Conv Low-Precision for Kernel shape (256, 1024, ), Input shape (196, 1024, ), and Output shape (196, 256, ), and the ID is 67
	Changing Input Shape
NOT Applying Conv Low-Precision for Kernel shape (256, 2304, ), Input shape (196, 256, ), and Output shape (196, 256, ), and the ID is 68
	Changing Input Shape
	Changing Input Shape
NOT Applying Conv Low-Precision for Kernel shape (1024, 256, ), Input shape (196, 256, ), and Output shape (196, 1024, ), and the ID is 69
NOT Applying Conv Low-Precision for Kernel shape (256, 1024, ), Input shape (196, 1024, ), and Output shape (196, 256, ), and the ID is 70
	Changing Input Shape
NOT Applying Conv Low-Precision for Kernel shape (256, 2304, ), Input shape (196, 256, ), and Output shape (196, 256, ), and the ID is 71
	Changing Input Shape
NOT Applying Conv Low-Precision for Kernel shape (1024, 256, ), Input shape (196, 256, ), and Output shape (196, 1024, ), and the ID is 72
	Changing Input Shape
NOT Applying Conv Low-Precision for Kernel shape (256, 1024, ), Input shape (196, 1024, ), and Output shape (196, 256, ), and the ID is 	Changing Input Shape
73
NOT Applying Conv Low-Precision for Kernel shape (256, 2304, ), Input shape (196, 256, ), and Output shape (196, 256, ), and the ID is 74
	Changing Input Shape
	Changing Input Shape
NOT Applying Conv Low-Precision for Kernel shape (1024, 256, ), Input shape (196, 256, ), and Output shape (196, 1024, ), and the ID is 75
NOT Applying Conv Low-Precision for Kernel shape (256, 1024, ), Input shape (196, 1024, ), and Output shape (196, 256, ), and the ID is 76	Changing Input Shape

NOT Applying Conv Low-Precision for Kernel shape (256, 2304, ), Input shape (196, 256, ), and Output shape (196, 256, ), and the ID is 77
	Changing Input Shape
NOT Applying Conv Low-Precision for Kernel shape (1024, 256, ), Input shape (196, 256, ), and Output shape (196, 1024, ), and the ID is 78
	Changing Input Shape
	Changing Input Shape
NOT Applying Conv Low-Precision for Kernel shape (256, 1024, ), Input shape (196, 1024, ), and Output shape (196, 256, ), and the ID is 79
NOT Applying Conv Low-Precision for Kernel shape (256, 2304, ), Input shape (196, 256, )	Changing Input Shape
, and Output shape (196, 256, ), and the ID is 80
	Changing Input Shape
NOT Applying Conv Low-Precision for Kernel shape (1024, 256, ), Input shape (196, 256, ), and Output shape (196, 1024, ), and the ID is 81
NOT Applying Conv Low-Precision for Kernel shape (256, 1024, ), Input shape (196, 1024, ), and Output shape (196, 256, ), and the ID is 82	Changing Input Shape

	Changing Input Shape
NOT Applying Conv Low-Precision for Kernel shape (256, 2304, ), Input shape (196, 256, ), and Output shape (196, 256, ), and the ID is 83
	Changing Input Shape
NOT Applying Conv Low-Precision for Kernel shape (1024, 256, ), Input shape (196, 256, ), and Output shape (196, 1024, ), and the ID is 84
NOT Applying Conv Low-Precision for Kernel shape (256, 1024, ), Input shape (196, 1024, ), and Output shape (196, 256, )	Changing Input Shape
, and the ID is 85
NOT Applying Conv Low-Precision for Kernel shape (256, 2304, ), Input shape (196, 256, ), and Output shape (196, 256, ), and the ID is 86
	Changing Input Shape
	Changing Input Shape
NOT Applying Conv Low-Precision for Kernel shape (1024, 256, ), Input shape (196, 256, ), and Output shape (196, 1024, ), and the ID is 87
NOT Applying Conv Low-Precision for Kernel shape (256, 1024, ), Input shape (196, 1024, ), and Output shape (196, 256, ), and the ID is 88	Changing Input Shape

NOT Applying Conv Low-Precision for Kernel shape (256, 2304, )	Changing Input Shape
, Input shape (196, 256, ), and Output shape (196, 256, ), and the ID is 89
NOT Applying Conv Low-Precision for Kernel shape (1024, 256, ), Input shape (196, 256, )	Changing Input Shape
, and Output shape (196, 1024, ), and the ID is 90
NOT Applying Conv Low-Precision for Kernel shape (256, 1024, ), Input shape (196, 1024, ), and Output shape (196, 256, ), and the ID is 91	Changing Input Shape

NOT Applying Conv Low-Precision for Kernel shape (256, 2304, ), Input shape (196, 256, ), and Output shape (196, 256, ), and the ID is 92
	Changing Input Shape
NOT Applying Conv Low-Precision for Kernel shape (1024, 256, ), Input shape 	Changing Input Shape
(196, 256, ), and Output shape (196, 1024, ), and the ID is 93
NOT Applying Conv Low-Precision for Kernel shape (256, 1024, ), Input shape (196, 1024, ), and Output shape (196, 256, )	Changing Input Shape
, and the ID is 94
NOT Applying Conv Low-Precision for Kernel shape (256, 2304, ), Input shape (196, 256, ), and Output shape (196, 256, ), and the ID is 95
	Changing Input Shape
	Changing Input Shape
NOT Applying Conv Low-Precision for Kernel shape (1024, 256, ), Input shape (196, 256, ), and Output shape (196, 1024, ), and the ID is 96
NOT Applying Conv Low-Precision for Kernel shape (256, 1024, ), Input shape (196, 1024, ), and Output shape (196, 256, ), and the ID is 	Changing Input Shape
97
	Changing Input Shape
	Changing Input Shape
NOT Applying Conv Low-Precision for Kernel shape (256, 2304, ), Input shape (196, 256, ), and Output shape (196, 256, ), and the ID is 98
NOT Applying Conv Low-Precision for Kernel shape (1024, 256, ), Input shape (196, 256, ), and Output shape (196, 1024, ), and the ID is 99
	Changing Input Shape
NOT Applying Conv Low-Precision for Kernel shape (256, 1024, ), Input shape (196, 1024, ), and Output shape (196, 256, ), and the ID is 100
NOT Applying Conv Low-Precision for Kernel shape (256, 2304, ), Input shape (196, 256, ), and Output shape (196, 256, ), and the ID is 101
	Changing Input Shape
	Changing Input Shape
NOT Applying Conv Low-Precision for Kernel shape (1024, 256, ), Input shape (196, 256, ), and Output shape (196, 1024, ), and the ID is 102
NOT Applying Conv Low-Precision for Kernel shape (256, 1024, ), Input shape (196, 1024, ), and Output shape (196, 256, )	Changing Input Shape
, and the ID is 103
NOT Applying Conv Low-Precision for Kernel shape (256, 2304, ), Input shape (196, 256, ), and Output shape (196, 256, ), and the ID is 104
	Changing Input Shape
	Changing Input Shape
NOT Applying Conv Low-Precision for Kernel shape (1024, 256, ), Input shape (196, 256, ), and Output shape (196, 1024, ), and the ID is 105
NOT Applying Conv Low-Precision for Kernel shape (256, 1024, ), Input shape (196, 1024, ), and Output shape (196, 256, ), and the ID is 106
	Changing Input Shape
NOT Applying Conv Low-Precision for Kernel shape (256, 2304, ), Input shape (196, 256, ), and Output shape (196, 256, ), and the ID is 107
	Changing Input Shape
NOT Applying Conv Low-Precision for Kernel shape (1024, 256, ), Input shape (196, 256, ), and Output shape (196, 1024, ), and the ID is 108
	Changing Input Shape
NOT Applying Conv Low-Precision for Kernel shape (256, 1024, ), Input shape (196, 1024, ), and Output shape (196, 256, ), and the ID is 109
	Changing Input Shape
	Changing Input Shape
NOT Applying Conv Low-Precision for Kernel shape (256, 2304, ), Input shape (196, 256, ), and Output shape (196, 256, ), and the ID is 110
NOT Applying Conv Low-Precision for Kernel shape (1024, 256, ), Input shape (196, 256, ), and Output shape 	Changing Input Shape
(196, 1024, ), and the ID is 111
NOT Applying Conv Low-Precision for Kernel shape (256, 1024, ), Input shape (196, 1024, ), and Output shape (196, 256, ), and the ID is 112	Changing Input Shape

NOT Applying Conv Low-Precision for Kernel shape (256, 2304, ), Input shape (196, 256, ), and Output shape (196, 256, ), and the ID is 113
	Changing Input Shape
	Changing Input Shape
NOT Applying Conv Low-Precision for Kernel shape (1024, 256, ), Input shape (196, 256, ), and Output shape (196, 1024, ), and the ID is 114
NOT Applying Conv Low-Precision for Kernel shape (256, 1024, ), Input shape (196, 1024, )	Changing Input Shape
, and Output shape (196, 256, ), and the ID is 115
NOT Applying Conv Low-Precision for Kernel shape (256, 2304, ), Input shape (196, 256, ), and Output shape (196, 256, )	Changing Input Shape
, and the ID is 116
NOT Applying Conv Low-Precision for Kernel shape (1024, 256, ), Input shape 	Changing Input Shape
(196, 256, ), and Output shape (196, 1024, ), and the ID is 117
NOT Applying Conv Low-Precision for Kernel shape (256, 1024, ), Input shape (196, 1024, ), and Output shape (196, 256, ), and the ID is 118
	Changing Input Shape
NOT Applying Conv Low-Precision for Kernel shape (256, 2304, ), Input shape (196, 256, ), and Output shape 	Changing Input Shape
(196, 256, ), and the ID is 119
NOT Applying Conv Low-Precision for Kernel shape (1024, 256, )	Changing Input Shape
, Input shape (196, 256, ), and Output shape (196, 1024, ), and the ID is 120
NOT Applying Conv Low-Precision for Kernel shape (256, 1024, ), Input shape (196, 1024, ), and Output shape (196, 256, ), and the ID is 121	Changing Input Shape

NOT Applying Conv Low-Precision for Kernel shape (256, 2304, ), Input shape (196, 256, ), and Output shape (196, 256, ), and the ID is 122
	Changing Input Shape
NOT Applying Conv Low-Precision for Kernel shape (1024, 256, ), Input shape (196, 256, )	Changing Input Shape
, and Output shape (196, 1024, ), and the ID is 123
NOT Applying Conv Low-Precision for Kernel shape (256, 1024, ), Input shape (196, 1024, ), and Output shape (196, 256, ), and the ID is 124	Changing Input Shape

	Changing Input Shape
NOT Applying Conv Low-Precision for Kernel shape (256, 2304, ), Input shape (196, 256, ), and Output shape (196, 256, ), and the ID is 125
NOT Applying Conv Low-Precision for Kernel shape (1024, 256, ), Input shape (196, 256, ), and Output shape (196, 1024, ), and the ID is 126
	Changing Input Shape
NOT Applying Conv Low-Precision for Kernel shape (256, 1024, ), Input shape (196, 1024, ), and Output shape (196, 256, ), and the ID is 127
	Changing Input Shape
NOT Applying Conv Low-Precision for Kernel shape (256, 2304, ), Input shape (196, 256, ), and Output shape 	Changing Input Shape
(196, 256, ), and the ID is 128
NOT Applying Conv Low-Precision for Kernel shape (1024, 256, ), Input shape (196, 256, ), and Output shape (196, 1024, ), and the ID is 	Changing Input Shape
129
NOT Applying Conv Low-Precision for Kernel shape (256, 1024, ), Input shape (196, 1024, ), and Output shape (196, 256, ), and the ID is 130
	Changing Input Shape
NOT Applying Conv Low-Precision for Kernel shape (256, 2304, ), Input shape (196, 256, ), and Output shape (196, 256, ), and the ID is 131
	Changing Input Shape
	Changing Input Shape
NOT Applying Conv Low-Precision for Kernel shape (1024, 256, ), Input shape (196, 256, ), and Output shape (196, 1024, ), and the ID is 132
NOT Applying Conv Low-Precision for Kernel shape (256, 1024, ), Input shape (196, 1024, ), and Output shape (196, 256, )	Changing Input Shape
, and the ID is 133
	Changing Input Shape
NOT Applying Conv Low-Precision for Kernel shape (256, 2304, ), Input shape (196, 256, ), and Output shape (196, 256, ), and the ID is 134
	Changing Input Shape
NOT Applying Conv Low-Precision for Kernel shape (1024, 256, ), Input shape (196, 256, ), and Output shape (196, 1024, ), and the ID is 135
NOT Applying Conv Low-Precision for Kernel shape (256, 1024, ), Input shape (196, 1024, ), and Output shape (196, 256, ), and the ID is 	Changing Input Shape
136
NOT Applying Conv Low-Precision for Kernel shape (256, 2304, ), Input shape (196, 256, ), and Output shape (196, 256, ), and the ID is 137
	Changing Input Shape
	Changing Input Shape
NOT Applying Conv Low-Precision for Kernel shape (1024, 256, ), Input shape (196, 256, ), and Output shape (196, 1024, ), and the ID is 138
NOT Applying Conv Low-Precision for Kernel shape (256, 1024, ), Input shape (196, 1024, ), and Output shape (196, 256, ), and the ID is 139
	Changing Input Shape
NOT Applying Conv Low-Precision for Kernel shape (256, 2304, ), Input shape (196, 256, ), and Output shape (196, 256, )	Changing Input Shape
, and the ID is 140
NOT Applying Conv Low-Precision for Kernel shape (1024, 256, ), Input shape 	Changing Input Shape
(196, 256, ), and Output shape (196, 1024, ), and the ID is 141
NOT Applying Conv Low-Precision for Kernel shape (256, 1024, ), Input shape (196, 1024, ), and Output shape (196, 256, ), and the ID is 	Changing Input Shape
142
NOT Applying Conv Low-Precision for Kernel shape (256, 2304, ), Input shape (196, 256, ), and Output shape (196, 256, ), and the ID is 143
	Changing Input Shape
	Changing Input Shape
NOT Applying Conv Low-Precision for Kernel shape (1024, 256, ), Input shape (196, 256, ), and Output shape (196, 1024, ), and the ID is 144
NOT Applying Conv Low-Precision for Kernel shape (2048, 1024, ), Input shape (196, 1024, )	Changing Input Shape
, and Output shape (49, 2048, ), and the ID is 145
NOT Applying Conv Low-Precision for Kernel shape (512, 1024, ), Input shape (196, 1024, ), and Output shape (49, 512, ), and the ID is 146	Changing Input Shape

NOT Applying Conv Low-Precision for Kernel shape (512, 4608, ), Input shape (49, 512, ), and Output shape (49, 512, ), and the ID is 147	Changing Input Shape

	Changing Input Shape
NOT Applying Conv Low-Precision for Kernel shape (2048, 512, ), Input shape (49, 512, ), and Output shape (49, 2048, ), and the ID is 148
NOT Applying Conv Low-Precision for Kernel shape (512, 2048, ), Input shape (49, 2048, ), and Output shape (49, 512, ), and the ID is 149	Changing Input Shape

NOT Applying Conv Low-Precision for Kernel shape (512, 4608, ), Input shape (49, 512, ), and Output shape (49, 512, ), and the ID is 150
	Changing Input Shape
NOT Applying Conv Low-Precision for Kernel shape (2048, 512, ), Input shape (49, 512, ), and Output shape (49, 2048, ), and the ID is 151
	Changing Input Shape
	Changing Input Shape
NOT Applying Conv Low-Precision for Kernel shape (512, 2048, ), Input shape (49, 2048, ), and Output shape (49, 512, ), and the ID is 152
NOT Applying Conv Low-Precision for Kernel shape (512, 4608, ), Input shape (49, 512, ), and Output shape (49, 512, ), and the ID is 153
	Changing Input Shape
NOT Applying Conv Low-Precision for Kernel shape (2048, 512, ), Input shape (49, 512, ), and Output shape (49, 2048, ), and the ID is 154
	Changing Input Shape
NOT Applying Low-Precision for shape (1000, 2048, ) and Input shape (1, 2048, ) With 5 Number of Temp Tensors
The input model file size (MB): 61.9989
Initialized session in 73.8ms.
Running benchmark for at least 10 iterations and at least 1e-09 seconds but terminate if exceeding 150 seconds.
count=10 first=2970512 curr=2927863 min=2922879 max=2970512 avg=2.93895e+06 std=13170

Running benchmark for at least 20 iterations and at least 1e-09 seconds but terminate if exceeding 150 seconds.
count=20 first=2936019 curr=2933816 min=2920783 max=2948571 avg=2.93556e+06 std=6300

Inference timings in us: Init: 73800, First inference: 2970512, Warmup (avg): 2.93895e+06, Inference (avg): 2.93556e+06
Note: as the benchmark tool itself affects memory footprint, the following is only APPROXIMATE to the actual memory footprint of the model at runtime. Take the information at your discretion.
Memory footprint delta from the start of the tool (MB): init=16.3906 overall=72.6094
Profiling Info for Benchmark Initialization:
============================== Run Order ==============================
	             [node type]	          [start]	  [first]	 [avg ms]	     [%]	  [cdf%]	  [mem KB]	[times called]	[Name]
	         AllocateTensors	            0.000	   28.818	   28.818	100.000%	100.000%	   972.000	        1	AllocateTensors/0

============================== Top by Computation Time ==============================
	             [node type]	          [start]	  [first]	 [avg ms]	     [%]	  [cdf%]	  [mem KB]	[times called]	[Name]
	         AllocateTensors	            0.000	   28.818	   28.818	100.000%	100.000%	   972.000	        1	AllocateTensors/0

Number of nodes executed: 1
============================== Summary by node type ==============================
	             [Node type]	  [count]	  [avg ms]	    [avg %]	    [cdf %]	  [mem KB]	[times called]
	         AllocateTensors	        1	    28.818	   100.000%	   100.000%	   972.000	        1

Timings (microseconds): count=1 curr=28818
Memory (bytes): count=0
1 nodes observed



Operator-wise Profiling Info for Regular Benchmark Runs:
============================== Run Order ==============================
	             [node type]	          [start]	  [first]	 [avg ms]	     [%]	  [cdf%]	  [mem KB]	[times called]	[Name]
	                     PAD	            0.023	    3.740	    3.714	  0.127%	  0.127%	     0.000	        1	[resnet152/conv1_pad/Pad]:0
	                 CONV_2D	            3.746	   26.322	   26.681	  0.910%	  1.036%	     0.000	        1	[resnet152/conv1_relu/Relu;resnet152/conv1_bn/FusedBatchNormV3;resnet152/conv1_bn/FusedBatchNormV3/ReadVariableOp;resnet152/conv1_conv/BiasAdd;resnet152/conv2_block3_2_bn/FusedBatchNormV3;resnet152/conv1_conv/Conv2D]:1
	                     PAD	           30.439	   18.226	   18.200	  0.621%	  1.657%	     0.000	        1	[resnet152/pool1_pad/Pad]:2
	             MAX_POOL_2D	           48.650	    5.246	    5.239	  0.179%	  1.835%	     0.000	        1	[resnet152/pool1_pool/MaxPool]:3
	                 CONV_2D	           53.899	   11.287	   11.214	  0.382%	  2.218%	     0.000	        1	[resnet152/conv2_block1_0_bn/FusedBatchNormV3;resnet152/conv2_block1_0_bn/FusedBatchNormV3/ReadVariableOp;resnet152/conv2_block1_0_conv/BiasAdd;resnet152/conv4_block36_2_bn/FusedBatchNormV3;resnet152/conv2_block1_0_conv/Conv2D]:4
	                 CONV_2D	           65.125	    3.019	    3.038	  0.104%	  2.321%	     0.000	        1	[resnet152/conv2_block1_1_relu/Relu;resnet152/conv2_block1_1_bn/FusedBatchNormV3;resnet152/conv1_bn/FusedBatchNormV3/ReadVariableOp;resnet152/conv2_block1_1_conv/BiasAdd;resnet152/conv2_block3_2_bn/FusedBatchNormV3;resnet152/conv2_block1_1_conv/Conv2D]:5
	                 CONV_2D	           68.173	   19.501	   19.734	  0.673%	  2.994%	     0.000	        1	[resnet152/conv2_block1_2_relu/Relu;resnet152/conv2_block1_2_bn/FusedBatchNormV3;resnet152/conv1_bn/FusedBatchNormV3/ReadVariableOp;resnet152/conv2_block1_2_conv/BiasAdd;resnet152/conv2_block3_2_bn/FusedBatchNormV3;resnet152/conv2_block1_2_conv/Conv2D]:6
	                 CONV_2D	           87.921	   11.322	   11.251	  0.384%	  3.378%	     0.000	        1	[resnet152/conv2_block1_3_bn/FusedBatchNormV3;resnet152/conv2_block1_0_bn/FusedBatchNormV3/ReadVariableOp;resnet152/conv2_block1_3_conv/BiasAdd;resnet152/conv4_block36_2_bn/FusedBatchNormV3;resnet152/conv2_block1_3_conv/Conv2D]:7
	                     ADD	           99.184	   74.958	   74.694	  2.547%	  5.924%	     0.000	        1	[resnet152/conv2_block1_out/Relu;resnet152/conv2_block1_add/add]:8
	                 CONV_2D	          173.890	    8.273	    8.294	  0.283%	  6.207%	     0.000	        1	[resnet152/conv2_block2_1_relu/Relu;resnet152/conv2_block2_1_bn/FusedBatchNormV3;resnet152/conv1_bn/FusedBatchNormV3/ReadVariableOp;resnet152/conv2_block2_1_conv/BiasAdd;resnet152/conv2_block3_2_bn/FusedBatchNormV3;resnet152/conv2_block2_1_conv/Conv2D]:9
	                 CONV_2D	          182.196	   19.291	   19.494	  0.665%	  6.872%	     0.000	        1	[resnet152/conv2_block2_2_relu/Relu;resnet152/conv2_block2_2_bn/FusedBatchNormV3;resnet152/conv1_bn/FusedBatchNormV3/ReadVariableOp;resnet152/conv2_block2_2_conv/BiasAdd;resnet152/conv2_block3_2_bn/FusedBatchNormV3;resnet152/conv2_block2_2_conv/Conv2D]:10
	                 CONV_2D	          201.703	   11.287	   11.244	  0.383%	  7.255%	     0.000	        1	[resnet152/conv2_block2_3_bn/FusedBatchNormV3;resnet152/conv2_block1_0_bn/FusedBatchNormV3/ReadVariableOp;resnet152/conv2_block2_3_conv/BiasAdd;resnet152/conv4_block36_2_bn/FusedBatchNormV3;resnet152/conv2_block2_3_conv/Conv2D]:11
	                     ADD	          212.959	   74.963	   74.777	  2.549%	  9.805%	     0.000	        1	[resnet152/conv2_block2_out/Relu;resnet152/conv2_block2_add/add]:12
	                 CONV_2D	          287.750	    8.291	    8.329	  0.284%	 10.089%	     0.000	        1	[resnet152/conv2_block3_1_relu/Relu;resnet152/conv2_block3_1_bn/FusedBatchNormV3;resnet152/conv1_bn/FusedBatchNormV3/ReadVariableOp;resnet152/conv2_block3_1_conv/BiasAdd;resnet152/conv2_block3_2_bn/FusedBatchNormV3;resnet152/conv2_block3_1_conv/Conv2D]:13
	                 CONV_2D	          296.091	   19.224	   19.340	  0.659%	 10.748%	     0.000	        1	[resnet152/conv2_block3_2_relu/Relu;resnet152/conv2_block3_2_bn/FusedBatchNormV3;resnet152/conv1_bn/FusedBatchNormV3/ReadVariableOp;resnet152/conv2_block3_2_conv/BiasAdd;resnet152/conv2_block3_2_conv/Conv2D]:14
	                 CONV_2D	          315.444	   11.289	   11.181	  0.381%	 11.129%	     0.000	        1	[resnet152/conv2_block3_3_bn/FusedBatchNormV3;resnet152/conv2_block1_0_bn/FusedBatchNormV3/ReadVariableOp;resnet152/conv2_block3_3_conv/BiasAdd;resnet152/conv4_block36_2_bn/FusedBatchNormV3;resnet152/conv2_block3_3_conv/Conv2D]:15
	                     ADD	          326.638	   74.905	   74.675	  2.546%	 13.675%	     0.000	        1	[resnet152/conv2_block3_out/Relu;resnet152/conv2_block3_add/add]:16
	                 CONV_2D	          401.326	   15.663	   15.442	  0.526%	 14.202%	     0.000	        1	[resnet152/conv3_block1_0_bn/FusedBatchNormV3;resnet152/conv3_block1_0_bn/FusedBatchNormV3/ReadVariableOp;resnet152/conv3_block1_0_conv/BiasAdd;resnet152/conv5_block3_2_bn/FusedBatchNormV3;resnet152/conv3_block1_0_conv/Conv2D]:17
	                 CONV_2D	          416.781	    4.176	    4.228	  0.144%	 14.346%	     0.000	        1	[resnet152/conv3_block1_1_relu/Relu;resnet152/conv3_block1_1_bn/FusedBatchNormV3;resnet152/conv3_block1_1_bn/FusedBatchNormV3/ReadVariableOp;resnet152/conv3_block1_1_conv/BiasAdd;resnet152/conv3_block8_2_bn/FusedBatchNormV3;resnet152/conv3_block1_1_conv/Conv2D]:18
	                 CONV_2D	          421.020	   17.018	   16.712	  0.570%	 14.916%	     0.000	        1	[resnet152/conv3_block1_2_relu/Relu;resnet152/conv3_block1_2_bn/FusedBatchNormV3;resnet152/conv3_block1_1_bn/FusedBatchNormV3/ReadVariableOp;resnet152/conv3_block1_2_conv/BiasAdd;resnet152/conv3_block8_2_bn/FusedBatchNormV3;resnet152/conv3_block1_2_conv/Conv2D]:19
	                 CONV_2D	          437.744	    8.654	    8.646	  0.295%	 15.211%	     0.000	        1	[resnet152/conv3_block1_3_bn/FusedBatchNormV3;resnet152/conv3_block1_0_bn/FusedBatchNormV3/ReadVariableOp;resnet152/conv3_block1_3_conv/BiasAdd;resnet152/conv5_block3_2_bn/FusedBatchNormV3;resnet152/conv3_block1_3_conv/Conv2D]:20
	                     ADD	          446.404	   37.127	   37.279	  1.271%	 16.482%	     0.000	        1	[resnet152/conv3_block1_out/Relu;resnet152/conv3_block1_add/add]:21
	                 CONV_2D	          483.694	    7.361	    7.444	  0.254%	 16.735%	     0.000	        1	[resnet152/conv3_block2_1_relu/Relu;resnet152/conv3_block2_1_bn/FusedBatchNormV3;resnet152/conv3_block1_1_bn/FusedBatchNormV3/ReadVariableOp;resnet152/conv3_block2_1_conv/BiasAdd;resnet152/conv3_block8_2_bn/FusedBatchNormV3;resnet152/conv3_block2_1_conv/Conv2D]:22
	                 CONV_2D	          491.149	   16.410	   16.652	  0.568%	 17.303%	     0.000	        1	[resnet152/conv3_block2_2_relu/Relu;resnet152/conv3_block2_2_bn/FusedBatchNormV3;resnet152/conv3_block1_1_bn/FusedBatchNormV3/ReadVariableOp;resnet152/conv3_block2_2_conv/BiasAdd;resnet152/conv3_block8_2_bn/FusedBatchNormV3;resnet152/conv3_block2_2_conv/Conv2D]:23
	                 CONV_2D	          507.814	    8.543	    8.704	  0.297%	 17.600%	     0.000	        1	[resnet152/conv3_block2_3_bn/FusedBatchNormV3;resnet152/conv3_block1_0_bn/FusedBatchNormV3/ReadVariableOp;resnet152/conv3_block2_3_conv/BiasAdd;resnet152/conv5_block3_2_bn/FusedBatchNormV3;resnet152/conv3_block2_3_conv/Conv2D]:24
	                     ADD	          516.529	   37.117	   37.367	  1.274%	 18.874%	     0.000	        1	[resnet152/conv3_block2_out/Relu;resnet152/conv3_block2_add/add]:25
	                 CONV_2D	          553.908	    7.436	    7.583	  0.259%	 19.132%	     0.000	        1	[resnet152/conv3_block3_1_relu/Relu;resnet152/conv3_block3_1_bn/FusedBatchNormV3;resnet152/conv3_block1_1_bn/FusedBatchNormV3/ReadVariableOp;resnet152/conv3_block3_1_conv/BiasAdd;resnet152/conv3_block8_2_bn/FusedBatchNormV3;resnet152/conv3_block3_1_conv/Conv2D]:26
	                 CONV_2D	          561.503	   16.496	   16.637	  0.567%	 19.700%	     0.000	        1	[resnet152/conv3_block3_2_relu/Relu;resnet152/conv3_block3_2_bn/FusedBatchNormV3;resnet152/conv3_block1_1_bn/FusedBatchNormV3/ReadVariableOp;resnet152/conv3_block3_2_conv/BiasAdd;resnet152/conv3_block8_2_bn/FusedBatchNormV3;resnet152/conv3_block3_2_conv/Conv2D]:27
	                 CONV_2D	          578.151	    8.550	    8.639	  0.295%	 19.994%	     0.000	        1	[resnet152/conv3_block3_3_bn/FusedBatchNormV3;resnet152/conv3_block1_0_bn/FusedBatchNormV3/ReadVariableOp;resnet152/conv3_block3_3_conv/BiasAdd;resnet152/conv5_block3_2_bn/FusedBatchNormV3;resnet152/conv3_block3_3_conv/Conv2D]:28
	                     ADD	          586.802	   37.178	   37.311	  1.272%	 21.266%	     0.000	        1	[resnet152/conv3_block3_out/Relu;resnet152/conv3_block3_add/add]:29
	                 CONV_2D	          624.124	    7.406	    7.432	  0.253%	 21.520%	     0.000	        1	[resnet152/conv3_block4_1_relu/Relu;resnet152/conv3_block4_1_bn/FusedBatchNormV3;resnet152/conv3_block1_1_bn/FusedBatchNormV3/ReadVariableOp;resnet152/conv3_block4_1_conv/BiasAdd;resnet152/conv3_block8_2_bn/FusedBatchNormV3;resnet152/conv3_block4_1_conv/Conv2D]:30
	                 CONV_2D	          631.568	   16.405	   16.662	  0.568%	 22.088%	     0.000	        1	[resnet152/conv3_block4_2_relu/Relu;resnet152/conv3_block4_2_bn/FusedBatchNormV3;resnet152/conv3_block1_1_bn/FusedBatchNormV3/ReadVariableOp;resnet152/conv3_block4_2_conv/BiasAdd;resnet152/conv3_block8_2_bn/FusedBatchNormV3;resnet152/conv3_block4_2_conv/Conv2D]:31
	                 CONV_2D	          648.242	    8.628	    8.689	  0.296%	 22.384%	     0.000	        1	[resnet152/conv3_block4_3_bn/FusedBatchNormV3;resnet152/conv3_block1_0_bn/FusedBatchNormV3/ReadVariableOp;resnet152/conv3_block4_3_conv/BiasAdd;resnet152/conv5_block3_2_bn/FusedBatchNormV3;resnet152/conv3_block4_3_conv/Conv2D]:32
	                     ADD	          656.943	   37.119	   37.395	  1.275%	 23.659%	     0.000	        1	[resnet152/conv3_block4_out/Relu;resnet152/conv3_block4_add/add]:33
	                 CONV_2D	          694.349	    7.408	    7.436	  0.254%	 23.912%	     0.000	        1	[resnet152/conv3_block5_1_relu/Relu;resnet152/conv3_block5_1_bn/FusedBatchNormV3;resnet152/conv3_block1_1_bn/FusedBatchNormV3/ReadVariableOp;resnet152/conv3_block5_1_conv/BiasAdd;resnet152/conv3_block8_2_bn/FusedBatchNormV3;resnet152/conv3_block5_1_conv/Conv2D]:34
	                 CONV_2D	          701.797	   16.548	   16.624	  0.567%	 24.479%	     0.000	        1	[resnet152/conv3_block5_2_relu/Relu;resnet152/conv3_block5_2_bn/FusedBatchNormV3;resnet152/conv3_block1_1_bn/FusedBatchNormV3/ReadVariableOp;resnet152/conv3_block5_2_conv/BiasAdd;resnet152/conv3_block8_2_bn/FusedBatchNormV3;resnet152/conv3_block5_2_conv/Conv2D]:35
	                 CONV_2D	          718.434	    8.543	    8.652	  0.295%	 24.774%	     0.000	        1	[resnet152/conv3_block5_3_bn/FusedBatchNormV3;resnet152/conv3_block1_0_bn/FusedBatchNormV3/ReadVariableOp;resnet152/conv3_block5_3_conv/BiasAdd;resnet152/conv5_block3_2_bn/FusedBatchNormV3;resnet152/conv3_block5_3_conv/Conv2D]:36
	                     ADD	          727.097	   37.223	   37.267	  1.271%	 26.045%	     0.000	        1	[resnet152/conv3_block5_out/Relu;resnet152/conv3_block5_add/add]:37
	                 CONV_2D	          764.377	    7.404	    7.476	  0.255%	 26.300%	     0.000	        1	[resnet152/conv3_block6_1_relu/Relu;resnet152/conv3_block6_1_bn/FusedBatchNormV3;resnet152/conv3_block1_1_bn/FusedBatchNormV3/ReadVariableOp;resnet152/conv3_block6_1_conv/BiasAdd;resnet152/conv3_block8_2_bn/FusedBatchNormV3;resnet152/conv3_block6_1_conv/Conv2D]:38
	                 CONV_2D	          771.865	   16.368	   16.599	  0.566%	 26.866%	     0.000	        1	[resnet152/conv3_block6_2_relu/Relu;resnet152/conv3_block6_2_bn/FusedBatchNormV3;resnet152/conv3_block1_1_bn/FusedBatchNormV3/ReadVariableOp;resnet152/conv3_block6_2_conv/BiasAdd;resnet152/conv3_block8_2_bn/FusedBatchNormV3;resnet152/conv3_block6_2_conv/Conv2D]:39
	                 CONV_2D	          788.476	    8.521	    8.652	  0.295%	 27.161%	     0.000	        1	[resnet152/conv3_block6_3_bn/FusedBatchNormV3;resnet152/conv3_block1_0_bn/FusedBatchNormV3/ReadVariableOp;resnet152/conv3_block6_3_conv/BiasAdd;resnet152/conv5_block3_2_bn/FusedBatchNormV3;resnet152/conv3_block6_3_conv/Conv2D]:40
	                     ADD	          797.139	   37.173	   37.318	  1.272%	 28.433%	     0.000	        1	[resnet152/conv3_block6_out/Relu;resnet152/conv3_block6_add/add]:41
	                 CONV_2D	          834.469	    7.376	    7.455	  0.254%	 28.687%	     0.000	        1	[resnet152/conv3_block7_1_relu/Relu;resnet152/conv3_block7_1_bn/FusedBatchNormV3;resnet152/conv3_block1_1_bn/FusedBatchNormV3/ReadVariableOp;resnet152/conv3_block7_1_conv/BiasAdd;resnet152/conv3_block8_2_bn/FusedBatchNormV3;resnet152/conv3_block7_1_conv/Conv2D]:42
	                 CONV_2D	          841.935	   16.350	   16.609	  0.566%	 29.253%	     0.000	        1	[resnet152/conv3_block7_2_relu/Relu;resnet152/conv3_block7_2_bn/FusedBatchNormV3;resnet152/conv3_block1_1_bn/FusedBatchNormV3/ReadVariableOp;resnet152/conv3_block7_2_conv/BiasAdd;resnet152/conv3_block8_2_bn/FusedBatchNormV3;resnet152/conv3_block7_2_conv/Conv2D]:43
	                 CONV_2D	          858.557	    8.524	    8.645	  0.295%	 29.548%	     0.000	        1	[resnet152/conv3_block7_3_bn/FusedBatchNormV3;resnet152/conv3_block1_0_bn/FusedBatchNormV3/ReadVariableOp;resnet152/conv3_block7_3_conv/BiasAdd;resnet152/conv5_block3_2_bn/FusedBatchNormV3;resnet152/conv3_block7_3_conv/Conv2D]:44
	                     ADD	          867.213	   37.156	   37.293	  1.271%	 30.820%	     0.000	        1	[resnet152/conv3_block7_out/Relu;resnet152/conv3_block7_add/add]:45
	                 CONV_2D	          904.517	    7.382	    7.392	  0.252%	 31.072%	     0.000	        1	[resnet152/conv3_block8_1_relu/Relu;resnet152/conv3_block8_1_bn/FusedBatchNormV3;resnet152/conv3_block1_1_bn/FusedBatchNormV3/ReadVariableOp;resnet152/conv3_block8_1_conv/BiasAdd;resnet152/conv3_block8_2_bn/FusedBatchNormV3;resnet152/conv3_block8_1_conv/Conv2D]:46
	                 CONV_2D	          911.921	   16.366	   16.581	  0.565%	 31.637%	     0.000	        1	[resnet152/conv3_block8_2_relu/Relu;resnet152/conv3_block8_2_bn/FusedBatchNormV3;resnet152/conv3_block1_1_bn/FusedBatchNormV3/ReadVariableOp;resnet152/conv3_block8_2_conv/BiasAdd;resnet152/conv3_block8_2_conv/Conv2D]:47
	                 CONV_2D	          928.514	    8.584	    8.714	  0.297%	 31.934%	     0.000	        1	[resnet152/conv3_block8_3_bn/FusedBatchNormV3;resnet152/conv3_block1_0_bn/FusedBatchNormV3/ReadVariableOp;resnet152/conv3_block8_3_conv/BiasAdd;resnet152/conv5_block3_2_bn/FusedBatchNormV3;resnet152/conv3_block8_3_conv/Conv2D]:48
	                     ADD	          937.240	   37.148	   37.430	  1.276%	 33.210%	     0.000	        1	[resnet152/conv3_block8_out/Relu;resnet152/conv3_block8_add/add]:49
	                 CONV_2D	          974.682	   14.185	   14.390	  0.491%	 33.701%	     0.000	        1	[resnet152/conv4_block1_0_bn/FusedBatchNormV3;resnet152/conv4_block10_3_bn/FusedBatchNormV3/ReadVariableOp;resnet152/conv4_block1_0_conv/BiasAdd;resnet152/conv4_block36_3_bn/FusedBatchNormV3;resnet152/conv4_block1_0_conv/Conv2D]:50
	                 CONV_2D	          989.084	    3.834	    3.803	  0.130%	 33.831%	     0.000	        1	[resnet152/conv4_block1_1_relu/Relu;resnet152/conv4_block1_1_bn/FusedBatchNormV3;resnet152/conv2_block1_0_bn/FusedBatchNormV3/ReadVariableOp;resnet152/conv4_block1_1_conv/BiasAdd;resnet152/conv4_block36_2_bn/FusedBatchNormV3;resnet152/conv4_block1_1_conv/Conv2D]:51
	                 CONV_2D	          992.897	   15.723	   16.069	  0.548%	 34.378%	     0.000	        1	[resnet152/conv4_block1_2_relu/Relu;resnet152/conv4_block1_2_bn/FusedBatchNormV3;resnet152/conv2_block1_0_bn/FusedBatchNormV3/ReadVariableOp;resnet152/conv4_block1_2_conv/BiasAdd;resnet152/conv4_block36_2_bn/FusedBatchNormV3;resnet152/conv4_block1_2_conv/Conv2D]:52
	                 CONV_2D	         1008.978	    7.629	    7.807	  0.266%	 34.645%	     0.000	        1	[resnet152/conv4_block1_3_bn/FusedBatchNormV3;resnet152/conv4_block10_3_bn/FusedBatchNormV3/ReadVariableOp;resnet152/conv4_block1_3_conv/BiasAdd;resnet152/conv4_block36_3_bn/FusedBatchNormV3;resnet152/conv4_block1_3_conv/Conv2D]:53
	                     ADD	         1016.796	   18.582	   18.740	  0.639%	 35.284%	     0.000	        1	[resnet152/conv4_block1_out/Relu;resnet152/conv4_block1_add/add]:54
	                 CONV_2D	         1035.548	    6.818	    6.969	  0.238%	 35.521%	     0.000	        1	[resnet152/conv4_block2_1_relu/Relu;resnet152/conv4_block2_1_bn/FusedBatchNormV3;resnet152/conv2_block1_0_bn/FusedBatchNormV3/ReadVariableOp;resnet152/conv4_block2_1_conv/BiasAdd;resnet152/conv4_block36_2_bn/FusedBatchNormV3;resnet152/conv4_block2_1_conv/Conv2D]:55
	                 CONV_2D	         1042.529	   15.653	   16.007	  0.546%	 36.067%	     0.000	        1	[resnet152/conv4_block2_2_relu/Relu;resnet152/conv4_block2_2_bn/FusedBatchNormV3;resnet152/conv2_block1_0_bn/FusedBatchNormV3/ReadVariableOp;resnet152/conv4_block2_2_conv/BiasAdd;resnet152/conv4_block36_2_bn/FusedBatchNormV3;resnet152/conv4_block2_2_conv/Conv2D]:56
	                 CONV_2D	         1058.549	    7.695	    7.868	  0.268%	 36.335%	     0.000	        1	[resnet152/conv4_block2_3_bn/FusedBatchNormV3;resnet152/conv4_block10_3_bn/FusedBatchNormV3/ReadVariableOp;resnet152/conv4_block2_3_conv/BiasAdd;resnet152/conv4_block36_3_bn/FusedBatchNormV3;resnet152/conv4_block2_3_conv/Conv2D]:57
	                     ADD	         1066.430	   18.598	   18.773	  0.640%	 36.975%	     0.000	        1	[resnet152/conv4_block2_out/Relu;resnet152/conv4_block2_add/add]:58
	                 CONV_2D	         1085.214	    6.853	    7.037	  0.240%	 37.215%	     0.000	        1	[resnet152/conv4_block3_1_relu/Relu;resnet152/conv4_block3_1_bn/FusedBatchNormV3;resnet152/conv2_block1_0_bn/FusedBatchNormV3/ReadVariableOp;resnet152/conv4_block3_1_conv/BiasAdd;resnet152/conv4_block36_2_bn/FusedBatchNormV3;resnet152/conv4_block3_1_conv/Conv2D]:59
	                 CONV_2D	         1092.262	   15.794	   16.158	  0.551%	 37.766%	     0.000	        1	[resnet152/conv4_block3_2_relu/Relu;resnet152/conv4_block3_2_bn/FusedBatchNormV3;resnet152/conv2_block1_0_bn/FusedBatchNormV3/ReadVariableOp;resnet152/conv4_block3_2_conv/BiasAdd;resnet152/conv4_block36_2_bn/FusedBatchNormV3;resnet152/conv4_block3_2_conv/Conv2D]:60
	                 CONV_2D	         1108.435	    7.642	    7.805	  0.266%	 38.032%	     0.000	        1	[resnet152/conv4_block3_3_bn/FusedBatchNormV3;resnet152/conv4_block10_3_bn/FusedBatchNormV3/ReadVariableOp;resnet152/conv4_block3_3_conv/BiasAdd;resnet152/conv4_block36_3_bn/FusedBatchNormV3;resnet152/conv4_block3_3_conv/Conv2D]:61
	                     ADD	         1116.253	   18.569	   18.671	  0.637%	 38.669%	     0.000	        1	[resnet152/conv4_block3_out/Relu;resnet152/conv4_block3_add/add]:62
	                 CONV_2D	         1134.934	    6.846	    6.949	  0.237%	 38.906%	     0.000	        1	[resnet152/conv4_block4_1_relu/Relu;resnet152/conv4_block4_1_bn/FusedBatchNormV3;resnet152/conv2_block1_0_bn/FusedBatchNormV3/ReadVariableOp;resnet152/conv4_block4_1_conv/BiasAdd;resnet152/conv4_block36_2_bn/FusedBatchNormV3;resnet152/conv4_block4_1_conv/Conv2D]:63
	                 CONV_2D	         1141.895	   15.779	   16.173	  0.551%	 39.457%	     0.000	        1	[resnet152/conv4_block4_2_relu/Relu;resnet152/conv4_block4_2_bn/FusedBatchNormV3;resnet152/conv2_block1_0_bn/FusedBatchNormV3/ReadVariableOp;resnet152/conv4_block4_2_conv/BiasAdd;resnet152/conv4_block36_2_bn/FusedBatchNormV3;resnet152/conv4_block4_2_conv/Conv2D]:64
	                 CONV_2D	         1158.080	    7.716	    7.864	  0.268%	 39.725%	     0.000	        1	[resnet152/conv4_block4_3_bn/FusedBatchNormV3;resnet152/conv4_block10_3_bn/FusedBatchNormV3/ReadVariableOp;resnet152/conv4_block4_3_conv/BiasAdd;resnet152/conv4_block36_3_bn/FusedBatchNormV3;resnet152/conv4_block4_3_conv/Conv2D]:65
	                     ADD	         1165.955	   18.593	   18.651	  0.636%	 40.361%	     0.000	        1	[resnet152/conv4_block4_out/Relu;resnet152/conv4_block4_add/add]:66
	                 CONV_2D	         1184.618	    6.836	    6.964	  0.237%	 40.599%	     0.000	        1	[resnet152/conv4_block5_1_relu/Relu;resnet152/conv4_block5_1_bn/FusedBatchNormV3;resnet152/conv2_block1_0_bn/FusedBatchNormV3/ReadVariableOp;resnet152/conv4_block5_1_conv/BiasAdd;resnet152/conv4_block36_2_bn/FusedBatchNormV3;resnet152/conv4_block5_1_conv/Conv2D]:67
	                 CONV_2D	         1191.593	   15.753	   16.071	  0.548%	 41.146%	     0.000	        1	[resnet152/conv4_block5_2_relu/Relu;resnet152/conv4_block5_2_bn/FusedBatchNormV3;resnet152/conv2_block1_0_bn/FusedBatchNormV3/ReadVariableOp;resnet152/conv4_block5_2_conv/BiasAdd;resnet152/conv4_block36_2_bn/FusedBatchNormV3;resnet152/conv4_block5_2_conv/Conv2D]:68
	                 CONV_2D	         1207.677	    7.660	    7.845	  0.267%	 41.414%	     0.000	        1	[resnet152/conv4_block5_3_bn/FusedBatchNormV3;resnet152/conv4_block10_3_bn/FusedBatchNormV3/ReadVariableOp;resnet152/conv4_block5_3_conv/BiasAdd;resnet152/conv4_block36_3_bn/FusedBatchNormV3;resnet152/conv4_block5_3_conv/Conv2D]:69
	                     ADD	         1215.533	   18.653	   18.683	  0.637%	 42.051%	     0.000	        1	[resnet152/conv4_block5_out/Relu;resnet152/conv4_block5_add/add]:70
	                 CONV_2D	         1234.227	    6.810	    6.978	  0.238%	 42.289%	     0.000	        1	[resnet152/conv4_block6_1_relu/Relu;resnet152/conv4_block6_1_bn/FusedBatchNormV3;resnet152/conv2_block1_0_bn/FusedBatchNormV3/ReadVariableOp;resnet152/conv4_block6_1_conv/BiasAdd;resnet152/conv4_block36_2_bn/FusedBatchNormV3;resnet152/conv4_block6_1_conv/Conv2D]:71
	                 CONV_2D	         1241.217	   15.724	   16.009	  0.546%	 42.835%	     0.000	        1	[resnet152/conv4_block6_2_relu/Relu;resnet152/conv4_block6_2_bn/FusedBatchNormV3;resnet152/conv2_block1_0_bn/FusedBatchNormV3/ReadVariableOp;resnet152/conv4_block6_2_conv/BiasAdd;resnet152/conv4_block36_2_bn/FusedBatchNormV3;resnet152/conv4_block6_2_conv/Conv2D]:72
	                 CONV_2D	         1257.240	    7.776	    7.844	  0.267%	 43.102%	     0.000	        1	[resnet152/conv4_block6_3_bn/FusedBatchNormV3;resnet152/conv4_block10_3_bn/FusedBatchNormV3/ReadVariableOp;resnet152/conv4_block6_3_conv/BiasAdd;resnet152/conv4_block36_3_bn/FusedBatchNormV3;resnet152/conv4_block6_3_conv/Conv2D]:73
	                     ADD	         1265.095	   18.592	   18.673	  0.637%	 43.739%	     0.000	        1	[resnet152/conv4_block6_out/Relu;resnet152/conv4_block6_add/add]:74
	                 CONV_2D	         1283.779	    6.843	    7.021	  0.239%	 43.978%	     0.000	        1	[resnet152/conv4_block7_1_relu/Relu;resnet152/conv4_block7_1_bn/FusedBatchNormV3;resnet152/conv2_block1_0_bn/FusedBatchNormV3/ReadVariableOp;resnet152/conv4_block7_1_conv/BiasAdd;resnet152/conv4_block36_2_bn/FusedBatchNormV3;resnet152/conv4_block7_1_conv/Conv2D]:75
	                 CONV_2D	         1290.813	   15.752	   16.152	  0.551%	 44.529%	     0.000	        1	[resnet152/conv4_block7_2_relu/Relu;resnet152/conv4_block7_2_bn/FusedBatchNormV3;resnet152/conv2_block1_0_bn/FusedBatchNormV3/ReadVariableOp;resnet152/conv4_block7_2_conv/BiasAdd;resnet152/conv4_block36_2_bn/FusedBatchNormV3;resnet152/conv4_block7_2_conv/Conv2D]:76
	                 CONV_2D	         1306.977	    7.663	    7.823	  0.267%	 44.796%	     0.000	        1	[resnet152/conv4_block7_3_bn/FusedBatchNormV3;resnet152/conv4_block10_3_bn/FusedBatchNormV3/ReadVariableOp;resnet152/conv4_block7_3_conv/BiasAdd;resnet152/conv4_block36_3_bn/FusedBatchNormV3;resnet152/conv4_block7_3_conv/Conv2D]:77
	                     ADD	         1314.810	   18.590	   18.671	  0.637%	 45.432%	     0.000	        1	[resnet152/conv4_block7_out/Relu;resnet152/conv4_block7_add/add]:78
	                 CONV_2D	         1333.492	    6.823	    6.942	  0.237%	 45.669%	     0.000	        1	[resnet152/conv4_block8_1_relu/Relu;resnet152/conv4_block8_1_bn/FusedBatchNormV3;resnet152/conv2_block1_0_bn/FusedBatchNormV3/ReadVariableOp;resnet152/conv4_block8_1_conv/BiasAdd;resnet152/conv4_block36_2_bn/FusedBatchNormV3;resnet152/conv4_block8_1_conv/Conv2D]:79
	                 CONV_2D	         1340.446	   15.747	   15.974	  0.545%	 46.213%	     0.000	        1	[resnet152/conv4_block8_2_relu/Relu;resnet152/conv4_block8_2_bn/FusedBatchNormV3;resnet152/conv2_block1_0_bn/FusedBatchNormV3/ReadVariableOp;resnet152/conv4_block8_2_conv/BiasAdd;resnet152/conv4_block36_2_bn/FusedBatchNormV3;resnet152/conv4_block8_2_conv/Conv2D]:80
	                 CONV_2D	         1356.433	    7.619	    7.781	  0.265%	 46.479%	     0.000	        1	[resnet152/conv4_block8_3_bn/FusedBatchNormV3;resnet152/conv4_block10_3_bn/FusedBatchNormV3/ReadVariableOp;resnet152/conv4_block8_3_conv/BiasAdd;resnet152/conv4_block36_3_bn/FusedBatchNormV3;resnet152/conv4_block8_3_conv/Conv2D]:81
	                     ADD	         1364.225	   18.625	   18.753	  0.639%	 47.118%	     0.000	        1	[resnet152/conv4_block8_out/Relu;resnet152/conv4_block8_add/add]:82
	                 CONV_2D	         1382.988	    6.793	    7.043	  0.240%	 47.358%	     0.000	        1	[resnet152/conv4_block9_1_relu/Relu;resnet152/conv4_block9_1_bn/FusedBatchNormV3;resnet152/conv2_block1_0_bn/FusedBatchNormV3/ReadVariableOp;resnet152/conv4_block9_1_conv/BiasAdd;resnet152/conv4_block36_2_bn/FusedBatchNormV3;resnet152/conv4_block9_1_conv/Conv2D]:83
	                 CONV_2D	         1390.042	   15.801	   16.133	  0.550%	 47.908%	     0.000	        1	[resnet152/conv4_block9_2_relu/Relu;resnet152/conv4_block9_2_bn/FusedBatchNormV3;resnet152/conv2_block1_0_bn/FusedBatchNormV3/ReadVariableOp;resnet152/conv4_block9_2_conv/BiasAdd;resnet152/conv4_block36_2_bn/FusedBatchNormV3;resnet152/conv4_block9_2_conv/Conv2D]:84
	                 CONV_2D	         1406.188	    7.688	    7.897	  0.269%	 48.177%	     0.000	        1	[resnet152/conv4_block9_3_bn/FusedBatchNormV3;resnet152/conv4_block10_3_bn/FusedBatchNormV3/ReadVariableOp;resnet152/conv4_block9_3_conv/BiasAdd;resnet152/conv4_block36_3_bn/FusedBatchNormV3;resnet152/conv4_block9_3_conv/Conv2D]:85
	                     ADD	         1414.096	   18.588	   18.694	  0.637%	 48.815%	     0.000	        1	[resnet152/conv4_block9_out/Relu;resnet152/conv4_block9_add/add]:86
	                 CONV_2D	         1432.800	    6.864	    7.017	  0.239%	 49.054%	     0.000	        1	[resnet152/conv4_block10_1_relu/Relu;resnet152/conv4_block10_1_bn/FusedBatchNormV3;resnet152/conv2_block1_0_bn/FusedBatchNormV3/ReadVariableOp;resnet152/conv4_block10_1_conv/BiasAdd;resnet152/conv4_block36_2_bn/FusedBatchNormV3;resnet152/conv4_block10_1_conv/Conv2D]:87
	                 CONV_2D	         1439.831	   15.679	   16.062	  0.548%	 49.602%	     0.000	        1	[resnet152/conv4_block10_2_relu/Relu;resnet152/conv4_block10_2_bn/FusedBatchNormV3;resnet152/conv2_block1_0_bn/FusedBatchNormV3/ReadVariableOp;resnet152/conv4_block10_2_conv/BiasAdd;resnet152/conv4_block36_2_bn/FusedBatchNormV3;resnet152/conv4_block10_2_conv/Conv2D]:88
	                 CONV_2D	         1455.906	    7.668	    7.841	  0.267%	 49.869%	     0.000	        1	[resnet152/conv4_block10_3_bn/FusedBatchNormV3;resnet152/conv4_block10_3_bn/FusedBatchNormV3/ReadVariableOp;resnet152/conv4_block10_3_conv/BiasAdd;resnet152/conv4_block36_3_bn/FusedBatchNormV3;resnet152/conv4_block10_3_conv/Conv2D]:89
	                     ADD	         1463.759	   18.598	   18.721	  0.638%	 50.507%	     0.000	        1	[resnet152/conv4_block10_out/Relu;resnet152/conv4_block10_add/add]:90
	                 CONV_2D	         1482.492	    6.824	    6.955	  0.237%	 50.744%	     0.000	        1	[resnet152/conv4_block11_1_relu/Relu;resnet152/conv4_block11_1_bn/FusedBatchNormV3;resnet152/conv2_block1_0_bn/FusedBatchNormV3/ReadVariableOp;resnet152/conv4_block11_1_conv/BiasAdd;resnet152/conv4_block36_2_bn/FusedBatchNormV3;resnet152/conv4_block11_1_conv/Conv2D]:91
	                 CONV_2D	         1489.458	   15.670	   16.056	  0.547%	 51.292%	     0.000	        1	[resnet152/conv4_block11_2_relu/Relu;resnet152/conv4_block11_2_bn/FusedBatchNormV3;resnet152/conv2_block1_0_bn/FusedBatchNormV3/ReadVariableOp;resnet152/conv4_block11_2_conv/BiasAdd;resnet152/conv4_block36_2_bn/FusedBatchNormV3;resnet152/conv4_block11_2_conv/Conv2D]:92
	                 CONV_2D	         1505.527	    7.599	    7.812	  0.266%	 51.558%	     0.000	        1	[resnet152/conv4_block11_3_bn/FusedBatchNormV3;resnet152/conv4_block10_3_bn/FusedBatchNormV3/ReadVariableOp;resnet152/conv4_block11_3_conv/BiasAdd;resnet152/conv4_block36_3_bn/FusedBatchNormV3;resnet152/conv4_block11_3_conv/Conv2D]:93
	                     ADD	         1513.351	   18.562	   18.736	  0.639%	 52.197%	     0.000	        1	[resnet152/conv4_block11_out/Relu;resnet152/conv4_block11_add/add]:94
	                 CONV_2D	         1532.097	    7.010	    7.046	  0.240%	 52.437%	     0.000	        1	[resnet152/conv4_block12_1_relu/Relu;resnet152/conv4_block12_1_bn/FusedBatchNormV3;resnet152/conv2_block1_0_bn/FusedBatchNormV3/ReadVariableOp;resnet152/conv4_block12_1_conv/BiasAdd;resnet152/conv4_block36_2_bn/FusedBatchNormV3;resnet152/conv4_block12_1_conv/Conv2D]:95
	                 CONV_2D	         1539.155	   15.574	   16.143	  0.550%	 52.988%	     0.000	        1	[resnet152/conv4_block12_2_relu/Relu;resnet152/conv4_block12_2_bn/FusedBatchNormV3;resnet152/conv2_block1_0_bn/FusedBatchNormV3/ReadVariableOp;resnet152/conv4_block12_2_conv/BiasAdd;resnet152/conv4_block36_2_bn/FusedBatchNormV3;resnet152/conv4_block12_2_conv/Conv2D]:96
	                 CONV_2D	         1555.309	    7.688	    7.848	  0.268%	 53.255%	     0.000	        1	[resnet152/conv4_block12_3_bn/FusedBatchNormV3;resnet152/conv4_block10_3_bn/FusedBatchNormV3/ReadVariableOp;resnet152/conv4_block12_3_conv/BiasAdd;resnet152/conv4_block36_3_bn/FusedBatchNormV3;resnet152/conv4_block12_3_conv/Conv2D]:97
	                     ADD	         1563.168	   18.564	   18.695	  0.637%	 53.893%	     0.000	        1	[resnet152/conv4_block12_out/Relu;resnet152/conv4_block12_add/add]:98
	                 CONV_2D	         1581.873	    6.852	    6.986	  0.238%	 54.131%	     0.000	        1	[resnet152/conv4_block13_1_relu/Relu;resnet152/conv4_block13_1_bn/FusedBatchNormV3;resnet152/conv2_block1_0_bn/FusedBatchNormV3/ReadVariableOp;resnet152/conv4_block13_1_conv/BiasAdd;resnet152/conv4_block36_2_bn/FusedBatchNormV3;resnet152/conv4_block13_1_conv/Conv2D]:99
	                 CONV_2D	         1588.871	   15.756	   16.262	  0.554%	 54.685%	     0.000	        1	[resnet152/conv4_block13_2_relu/Relu;resnet152/conv4_block13_2_bn/FusedBatchNormV3;resnet152/conv2_block1_0_bn/FusedBatchNormV3/ReadVariableOp;resnet152/conv4_block13_2_conv/BiasAdd;resnet152/conv4_block36_2_bn/FusedBatchNormV3;resnet152/conv4_block13_2_conv/Conv2D]:100
	                 CONV_2D	         1605.145	    7.637	    7.817	  0.267%	 54.952%	     0.000	        1	[resnet152/conv4_block13_3_bn/FusedBatchNormV3;resnet152/conv4_block10_3_bn/FusedBatchNormV3/ReadVariableOp;resnet152/conv4_block13_3_conv/BiasAdd;resnet152/conv4_block36_3_bn/FusedBatchNormV3;resnet152/conv4_block13_3_conv/Conv2D]:101
	                     ADD	         1612.974	   18.543	   18.680	  0.637%	 55.589%	     0.000	        1	[resnet152/conv4_block13_out/Relu;resnet152/conv4_block13_add/add]:102
	                 CONV_2D	         1631.664	    6.820	    6.967	  0.238%	 55.826%	     0.000	        1	[resnet152/conv4_block14_1_relu/Relu;resnet152/conv4_block14_1_bn/FusedBatchNormV3;resnet152/conv2_block1_0_bn/FusedBatchNormV3/ReadVariableOp;resnet152/conv4_block14_1_conv/BiasAdd;resnet152/conv4_block36_2_bn/FusedBatchNormV3;resnet152/conv4_block14_1_conv/Conv2D]:103
	                 CONV_2D	         1638.642	   15.753	   16.033	  0.547%	 56.373%	     0.000	        1	[resnet152/conv4_block14_2_relu/Relu;resnet152/conv4_block14_2_bn/FusedBatchNormV3;resnet152/conv2_block1_0_bn/FusedBatchNormV3/ReadVariableOp;resnet152/conv4_block14_2_conv/BiasAdd;resnet152/conv4_block36_2_bn/FusedBatchNormV3;resnet152/conv4_block14_2_conv/Conv2D]:104
	                 CONV_2D	         1654.688	    7.696	    7.822	  0.267%	 56.640%	     0.000	        1	[resnet152/conv4_block14_3_bn/FusedBatchNormV3;resnet152/conv4_block10_3_bn/FusedBatchNormV3/ReadVariableOp;resnet152/conv4_block14_3_conv/BiasAdd;resnet152/conv4_block36_3_bn/FusedBatchNormV3;resnet152/conv4_block14_3_conv/Conv2D]:105
	                     ADD	         1662.522	   18.633	   18.685	  0.637%	 57.277%	     0.000	        1	[resnet152/conv4_block14_out/Relu;resnet152/conv4_block14_add/add]:106
	                 CONV_2D	         1681.217	    6.834	    7.015	  0.239%	 57.516%	     0.000	        1	[resnet152/conv4_block15_1_relu/Relu;resnet152/conv4_block15_1_bn/FusedBatchNormV3;resnet152/conv2_block1_0_bn/FusedBatchNormV3/ReadVariableOp;resnet152/conv4_block15_1_conv/BiasAdd;resnet152/conv4_block36_2_bn/FusedBatchNormV3;resnet152/conv4_block15_1_conv/Conv2D]:107
	                 CONV_2D	         1688.244	   15.663	   16.108	  0.549%	 58.065%	     0.000	        1	[resnet152/conv4_block15_2_relu/Relu;resnet152/conv4_block15_2_bn/FusedBatchNormV3;resnet152/conv2_block1_0_bn/FusedBatchNormV3/ReadVariableOp;resnet152/conv4_block15_2_conv/BiasAdd;resnet152/conv4_block36_2_bn/FusedBatchNormV3;resnet152/conv4_block15_2_conv/Conv2D]:108
	                 CONV_2D	         1704.364	    7.614	    7.799	  0.266%	 58.331%	     0.000	        1	[resnet152/conv4_block15_3_bn/FusedBatchNormV3;resnet152/conv4_block10_3_bn/FusedBatchNormV3/ReadVariableOp;resnet152/conv4_block15_3_conv/BiasAdd;resnet152/conv4_block36_3_bn/FusedBatchNormV3;resnet152/conv4_block15_3_conv/Conv2D]:109
	                     ADD	         1712.174	   18.580	   18.720	  0.638%	 58.969%	     0.000	        1	[resnet152/conv4_block15_out/Relu;resnet152/conv4_block15_add/add]:110
	                 CONV_2D	         1730.904	    7.098	    7.012	  0.239%	 59.208%	     0.000	        1	[resnet152/conv4_block16_1_relu/Relu;resnet152/conv4_block16_1_bn/FusedBatchNormV3;resnet152/conv2_block1_0_bn/FusedBatchNormV3/ReadVariableOp;resnet152/conv4_block16_1_conv/BiasAdd;resnet152/conv4_block36_2_bn/FusedBatchNormV3;resnet152/conv4_block16_1_conv/Conv2D]:111
	                 CONV_2D	         1737.927	   16.322	   16.148	  0.551%	 59.759%	     0.000	        1	[resnet152/conv4_block16_2_relu/Relu;resnet152/conv4_block16_2_bn/FusedBatchNormV3;resnet152/conv2_block1_0_bn/FusedBatchNormV3/ReadVariableOp;resnet152/conv4_block16_2_conv/BiasAdd;resnet152/conv4_block36_2_bn/FusedBatchNormV3;resnet152/conv4_block16_2_conv/Conv2D]:112
	                 CONV_2D	         1754.090	    7.782	    7.854	  0.268%	 60.027%	     0.000	        1	[resnet152/conv4_block16_3_bn/FusedBatchNormV3;resnet152/conv4_block10_3_bn/FusedBatchNormV3/ReadVariableOp;resnet152/conv4_block16_3_conv/BiasAdd;resnet152/conv4_block36_3_bn/FusedBatchNormV3;resnet152/conv4_block16_3_conv/Conv2D]:113
	                     ADD	         1761.955	   18.698	   18.721	  0.638%	 60.665%	     0.000	        1	[resnet152/conv4_block16_out/Relu;resnet152/conv4_block16_add/add]:114
	                 CONV_2D	         1780.687	    6.963	    7.027	  0.240%	 60.904%	     0.000	        1	[resnet152/conv4_block17_1_relu/Relu;resnet152/conv4_block17_1_bn/FusedBatchNormV3;resnet152/conv2_block1_0_bn/FusedBatchNormV3/ReadVariableOp;resnet152/conv4_block17_1_conv/BiasAdd;resnet152/conv4_block36_2_bn/FusedBatchNormV3;resnet152/conv4_block17_1_conv/Conv2D]:115
	                 CONV_2D	         1787.726	   15.826	   16.182	  0.552%	 61.456%	     0.000	        1	[resnet152/conv4_block17_2_relu/Relu;resnet152/conv4_block17_2_bn/FusedBatchNormV3;resnet152/conv2_block1_0_bn/FusedBatchNormV3/ReadVariableOp;resnet152/conv4_block17_2_conv/BiasAdd;resnet152/conv4_block36_2_bn/FusedBatchNormV3;resnet152/conv4_block17_2_conv/Conv2D]:116
	                 CONV_2D	         1803.920	    7.765	    7.813	  0.266%	 61.722%	     0.000	        1	[resnet152/conv4_block17_3_bn/FusedBatchNormV3;resnet152/conv4_block10_3_bn/FusedBatchNormV3/ReadVariableOp;resnet152/conv4_block17_3_conv/BiasAdd;resnet152/conv4_block36_3_bn/FusedBatchNormV3;resnet152/conv4_block17_3_conv/Conv2D]:117
	                     ADD	         1811.744	   18.604	   18.757	  0.640%	 62.362%	     0.000	        1	[resnet152/conv4_block17_out/Relu;resnet152/conv4_block17_add/add]:118
	                 CONV_2D	         1830.511	    6.870	    7.005	  0.239%	 62.601%	     0.000	        1	[resnet152/conv4_block18_1_relu/Relu;resnet152/conv4_block18_1_bn/FusedBatchNormV3;resnet152/conv2_block1_0_bn/FusedBatchNormV3/ReadVariableOp;resnet152/conv4_block18_1_conv/BiasAdd;resnet152/conv4_block36_2_bn/FusedBatchNormV3;resnet152/conv4_block18_1_conv/Conv2D]:119
	                 CONV_2D	         1837.530	   15.766	   16.202	  0.552%	 63.153%	     0.000	        1	[resnet152/conv4_block18_2_relu/Relu;resnet152/conv4_block18_2_bn/FusedBatchNormV3;resnet152/conv2_block1_0_bn/FusedBatchNormV3/ReadVariableOp;resnet152/conv4_block18_2_conv/BiasAdd;resnet152/conv4_block36_2_bn/FusedBatchNormV3;resnet152/conv4_block18_2_conv/Conv2D]:120
	                 CONV_2D	         1853.744	    7.608	    7.796	  0.266%	 63.419%	     0.000	        1	[resnet152/conv4_block18_3_bn/FusedBatchNormV3;resnet152/conv4_block10_3_bn/FusedBatchNormV3/ReadVariableOp;resnet152/conv4_block18_3_conv/BiasAdd;resnet152/conv4_block36_3_bn/FusedBatchNormV3;resnet152/conv4_block18_3_conv/Conv2D]:121
	                     ADD	         1861.551	   18.741	   18.695	  0.637%	 64.056%	     0.000	        1	[resnet152/conv4_block18_out/Relu;resnet152/conv4_block18_add/add]:122
	                 CONV_2D	         1880.257	    6.917	    6.989	  0.238%	 64.295%	     0.000	        1	[resnet152/conv4_block19_1_relu/Relu;resnet152/conv4_block19_1_bn/FusedBatchNormV3;resnet152/conv2_block1_0_bn/FusedBatchNormV3/ReadVariableOp;resnet152/conv4_block19_1_conv/BiasAdd;resnet152/conv4_block36_2_bn/FusedBatchNormV3;resnet152/conv4_block19_1_conv/Conv2D]:123
	                 CONV_2D	         1887.259	   15.948	   16.080	  0.548%	 64.843%	     0.000	        1	[resnet152/conv4_block19_2_relu/Relu;resnet152/conv4_block19_2_bn/FusedBatchNormV3;resnet152/conv2_block1_0_bn/FusedBatchNormV3/ReadVariableOp;resnet152/conv4_block19_2_conv/BiasAdd;resnet152/conv4_block36_2_bn/FusedBatchNormV3;resnet152/conv4_block19_2_conv/Conv2D]:124
	                 CONV_2D	         1903.351	    8.084	    7.799	  0.266%	 65.109%	     0.000	        1	[resnet152/conv4_block19_3_bn/FusedBatchNormV3;resnet152/conv4_block10_3_bn/FusedBatchNormV3/ReadVariableOp;resnet152/conv4_block19_3_conv/BiasAdd;resnet152/conv4_block36_3_bn/FusedBatchNormV3;resnet152/conv4_block19_3_conv/Conv2D]:125
	                     ADD	         1911.161	   18.799	   18.664	  0.636%	 65.745%	     0.000	        1	[resnet152/conv4_block19_out/Relu;resnet152/conv4_block19_add/add]:126
	                 CONV_2D	         1929.836	    7.428	    7.043	  0.240%	 65.985%	     0.000	        1	[resnet152/conv4_block20_1_relu/Relu;resnet152/conv4_block20_1_bn/FusedBatchNormV3;resnet152/conv2_block1_0_bn/FusedBatchNormV3/ReadVariableOp;resnet152/conv4_block20_1_conv/BiasAdd;resnet152/conv4_block36_2_bn/FusedBatchNormV3;resnet152/conv4_block20_1_conv/Conv2D]:127
	                 CONV_2D	         1936.890	   16.944	   16.166	  0.551%	 66.536%	     0.000	        1	[resnet152/conv4_block20_2_relu/Relu;resnet152/conv4_block20_2_bn/FusedBatchNormV3;resnet152/conv2_block1_0_bn/FusedBatchNormV3/ReadVariableOp;resnet152/conv4_block20_2_conv/BiasAdd;resnet152/conv4_block36_2_bn/FusedBatchNormV3;resnet152/conv4_block20_2_conv/Conv2D]:128
	                 CONV_2D	         1953.072	    8.161	    7.829	  0.267%	 66.803%	     0.000	        1	[resnet152/conv4_block20_3_bn/FusedBatchNormV3;resnet152/conv4_block10_3_bn/FusedBatchNormV3/ReadVariableOp;resnet152/conv4_block20_3_conv/BiasAdd;resnet152/conv4_block36_3_bn/FusedBatchNormV3;resnet152/conv4_block20_3_conv/Conv2D]:129
	                     ADD	         1960.912	   18.798	   18.722	  0.638%	 67.442%	     0.000	        1	[resnet152/conv4_block20_out/Relu;resnet152/conv4_block20_add/add]:130
	                 CONV_2D	         1979.645	    7.314	    7.074	  0.241%	 67.683%	     0.000	        1	[resnet152/conv4_block21_1_relu/Relu;resnet152/conv4_block21_1_bn/FusedBatchNormV3;resnet152/conv2_block1_0_bn/FusedBatchNormV3/ReadVariableOp;resnet152/conv4_block21_1_conv/BiasAdd;resnet152/conv4_block36_2_bn/FusedBatchNormV3;resnet152/conv4_block21_1_conv/Conv2D]:131
	                 CONV_2D	         1986.731	   17.872	   16.207	  0.553%	 68.236%	     0.000	        1	[resnet152/conv4_block21_2_relu/Relu;resnet152/conv4_block21_2_bn/FusedBatchNormV3;resnet152/conv2_block1_0_bn/FusedBatchNormV3/ReadVariableOp;resnet152/conv4_block21_2_conv/BiasAdd;resnet152/conv4_block36_2_bn/FusedBatchNormV3;resnet152/conv4_block21_2_conv/Conv2D]:132
	                 CONV_2D	         2002.949	    8.752	    7.887	  0.269%	 68.504%	     0.000	        1	[resnet152/conv4_block21_3_bn/FusedBatchNormV3;resnet152/conv4_block10_3_bn/FusedBatchNormV3/ReadVariableOp;resnet152/conv4_block21_3_conv/BiasAdd;resnet152/conv4_block36_3_bn/FusedBatchNormV3;resnet152/conv4_block21_3_conv/Conv2D]:133
	                     ADD	         2010.848	   18.804	   18.682	  0.637%	 69.141%	     0.000	        1	[resnet152/conv4_block21_out/Relu;resnet152/conv4_block21_add/add]:134
	                 CONV_2D	         2029.541	    7.313	    7.005	  0.239%	 69.380%	     0.000	        1	[resnet152/conv4_block22_1_relu/Relu;resnet152/conv4_block22_1_bn/FusedBatchNormV3;resnet152/conv2_block1_0_bn/FusedBatchNormV3/ReadVariableOp;resnet152/conv4_block22_1_conv/BiasAdd;resnet152/conv4_block36_2_bn/FusedBatchNormV3;resnet152/conv4_block22_1_conv/Conv2D]:135
	                 CONV_2D	         2036.559	   17.007	   16.167	  0.551%	 69.931%	     0.000	        1	[resnet152/conv4_block22_2_relu/Relu;resnet152/conv4_block22_2_bn/FusedBatchNormV3;resnet152/conv2_block1_0_bn/FusedBatchNormV3/ReadVariableOp;resnet152/conv4_block22_2_conv/BiasAdd;resnet152/conv4_block36_2_bn/FusedBatchNormV3;resnet152/conv4_block22_2_conv/Conv2D]:136
	                 CONV_2D	         2052.738	    8.220	    7.866	  0.268%	 70.200%	     0.000	        1	[resnet152/conv4_block22_3_bn/FusedBatchNormV3;resnet152/conv4_block10_3_bn/FusedBatchNormV3/ReadVariableOp;resnet152/conv4_block22_3_conv/BiasAdd;resnet152/conv4_block36_3_bn/FusedBatchNormV3;resnet152/conv4_block22_3_conv/Conv2D]:137
	                     ADD	         2060.617	   20.721	   18.762	  0.640%	 70.839%	     0.000	        1	[resnet152/conv4_block22_out/Relu;resnet152/conv4_block22_add/add]:138
	                 CONV_2D	         2079.390	    7.389	    6.985	  0.238%	 71.077%	     0.000	        1	[resnet152/conv4_block23_1_relu/Relu;resnet152/conv4_block23_1_bn/FusedBatchNormV3;resnet152/conv2_block1_0_bn/FusedBatchNormV3/ReadVariableOp;resnet152/conv4_block23_1_conv/BiasAdd;resnet152/conv4_block36_2_bn/FusedBatchNormV3;resnet152/conv4_block23_1_conv/Conv2D]:139
	                 CONV_2D	         2086.387	   16.937	   16.065	  0.548%	 71.625%	     0.000	        1	[resnet152/conv4_block23_2_relu/Relu;resnet152/conv4_block23_2_bn/FusedBatchNormV3;resnet152/conv2_block1_0_bn/FusedBatchNormV3/ReadVariableOp;resnet152/conv4_block23_2_conv/BiasAdd;resnet152/conv4_block36_2_bn/FusedBatchNormV3;resnet152/conv4_block23_2_conv/Conv2D]:140
	                 CONV_2D	         2102.466	    8.151	    7.802	  0.266%	 71.891%	     0.000	        1	[resnet152/conv4_block23_3_bn/FusedBatchNormV3;resnet152/conv4_block10_3_bn/FusedBatchNormV3/ReadVariableOp;resnet152/conv4_block23_3_conv/BiasAdd;resnet152/conv4_block36_3_bn/FusedBatchNormV3;resnet152/conv4_block23_3_conv/Conv2D]:141
	                     ADD	         2110.280	   18.853	   18.733	  0.639%	 72.530%	     0.000	        1	[resnet152/conv4_block23_out/Relu;resnet152/conv4_block23_add/add]:142
	                 CONV_2D	         2129.023	    7.047	    6.987	  0.238%	 72.768%	     0.000	        1	[resnet152/conv4_block24_1_relu/Relu;resnet152/conv4_block24_1_bn/FusedBatchNormV3;resnet152/conv2_block1_0_bn/FusedBatchNormV3/ReadVariableOp;resnet152/conv4_block24_1_conv/BiasAdd;resnet152/conv4_block36_2_bn/FusedBatchNormV3;resnet152/conv4_block24_1_conv/Conv2D]:143
	                 CONV_2D	         2136.023	   16.278	   16.091	  0.549%	 73.317%	     0.000	        1	[resnet152/conv4_block24_2_relu/Relu;resnet152/conv4_block24_2_bn/FusedBatchNormV3;resnet152/conv2_block1_0_bn/FusedBatchNormV3/ReadVariableOp;resnet152/conv4_block24_2_conv/BiasAdd;resnet152/conv4_block36_2_bn/FusedBatchNormV3;resnet152/conv4_block24_2_conv/Conv2D]:144
	                 CONV_2D	         2152.129	    7.954	    7.824	  0.267%	 73.583%	     0.000	        1	[resnet152/conv4_block24_3_bn/FusedBatchNormV3;resnet152/conv4_block10_3_bn/FusedBatchNormV3/ReadVariableOp;resnet152/conv4_block24_3_conv/BiasAdd;resnet152/conv4_block36_3_bn/FusedBatchNormV3;resnet152/conv4_block24_3_conv/Conv2D]:145
	                     ADD	         2159.965	   18.959	   18.713	  0.638%	 74.221%	     0.000	        1	[resnet152/conv4_block24_out/Relu;resnet152/conv4_block24_add/add]:146
	                 CONV_2D	         2178.688	    7.729	    7.063	  0.241%	 74.462%	     0.000	        1	[resnet152/conv4_block25_1_relu/Relu;resnet152/conv4_block25_1_bn/FusedBatchNormV3;resnet152/conv2_block1_0_bn/FusedBatchNormV3/ReadVariableOp;resnet152/conv4_block25_1_conv/BiasAdd;resnet152/conv4_block36_2_bn/FusedBatchNormV3;resnet152/conv4_block25_1_conv/Conv2D]:147
	                 CONV_2D	         2185.763	   17.193	   16.152	  0.551%	 75.013%	     0.000	        1	[resnet152/conv4_block25_2_relu/Relu;resnet152/conv4_block25_2_bn/FusedBatchNormV3;resnet152/conv2_block1_0_bn/FusedBatchNormV3/ReadVariableOp;resnet152/conv4_block25_2_conv/BiasAdd;resnet152/conv4_block36_2_bn/FusedBatchNormV3;resnet152/conv4_block25_2_conv/Conv2D]:148
	                 CONV_2D	         2201.930	    8.320	    7.872	  0.268%	 75.281%	     0.000	        1	[resnet152/conv4_block25_3_bn/FusedBatchNormV3;resnet152/conv4_block10_3_bn/FusedBatchNormV3/ReadVariableOp;resnet152/conv4_block25_3_conv/BiasAdd;resnet152/conv4_block36_3_bn/FusedBatchNormV3;resnet152/conv4_block25_3_conv/Conv2D]:149
	                     ADD	         2209.814	   18.775	   18.815	  0.641%	 75.923%	     0.000	        1	[resnet152/conv4_block25_out/Relu;resnet152/conv4_block25_add/add]:150
	                 CONV_2D	         2228.639	    7.061	    6.961	  0.237%	 76.160%	     0.000	        1	[resnet152/conv4_block26_1_relu/Relu;resnet152/conv4_block26_1_bn/FusedBatchNormV3;resnet152/conv2_block1_0_bn/FusedBatchNormV3/ReadVariableOp;resnet152/conv4_block26_1_conv/BiasAdd;resnet152/conv4_block36_2_bn/FusedBatchNormV3;resnet152/conv4_block26_1_conv/Conv2D]:151
	                 CONV_2D	         2235.611	   17.182	   16.164	  0.551%	 76.711%	     0.000	        1	[resnet152/conv4_block26_2_relu/Relu;resnet152/conv4_block26_2_bn/FusedBatchNormV3;resnet152/conv2_block1_0_bn/FusedBatchNormV3/ReadVariableOp;resnet152/conv4_block26_2_conv/BiasAdd;resnet152/conv4_block36_2_bn/FusedBatchNormV3;resnet152/conv4_block26_2_conv/Conv2D]:152
	                 CONV_2D	         2251.787	    8.226	    7.828	  0.267%	 76.978%	     0.000	        1	[resnet152/conv4_block26_3_bn/FusedBatchNormV3;resnet152/conv4_block10_3_bn/FusedBatchNormV3/ReadVariableOp;resnet152/conv4_block26_3_conv/BiasAdd;resnet152/conv4_block36_3_bn/FusedBatchNormV3;resnet152/conv4_block26_3_conv/Conv2D]:153
	                     ADD	         2259.627	   18.748	   18.703	  0.638%	 77.616%	     0.000	        1	[resnet152/conv4_block26_out/Relu;resnet152/conv4_block26_add/add]:154
	                 CONV_2D	         2278.341	    7.136	    7.050	  0.240%	 77.856%	     0.000	        1	[resnet152/conv4_block27_1_relu/Relu;resnet152/conv4_block27_1_bn/FusedBatchNormV3;resnet152/conv2_block1_0_bn/FusedBatchNormV3/ReadVariableOp;resnet152/conv4_block27_1_conv/BiasAdd;resnet152/conv4_block36_2_bn/FusedBatchNormV3;resnet152/conv4_block27_1_conv/Conv2D]:155
	                 CONV_2D	         2285.403	   16.585	   16.299	  0.556%	 78.412%	     0.000	        1	[resnet152/conv4_block27_2_relu/Relu;resnet152/conv4_block27_2_bn/FusedBatchNormV3;resnet152/conv2_block1_0_bn/FusedBatchNormV3/ReadVariableOp;resnet152/conv4_block27_2_conv/BiasAdd;resnet152/conv4_block36_2_bn/FusedBatchNormV3;resnet152/conv4_block27_2_conv/Conv2D]:156
	                 CONV_2D	         2301.715	    8.070	    7.878	  0.269%	 78.681%	     0.000	        1	[resnet152/conv4_block27_3_bn/FusedBatchNormV3;resnet152/conv4_block10_3_bn/FusedBatchNormV3/ReadVariableOp;resnet152/conv4_block27_3_conv/BiasAdd;resnet152/conv4_block36_3_bn/FusedBatchNormV3;resnet152/conv4_block27_3_conv/Conv2D]:157
	                     ADD	         2309.605	   18.753	   18.721	  0.638%	 79.319%	     0.000	        1	[resnet152/conv4_block27_out/Relu;resnet152/conv4_block27_add/add]:158
	                 CONV_2D	         2328.336	    7.199	    6.969	  0.238%	 79.556%	     0.000	        1	[resnet152/conv4_block28_1_relu/Relu;resnet152/conv4_block28_1_bn/FusedBatchNormV3;resnet152/conv2_block1_0_bn/FusedBatchNormV3/ReadVariableOp;resnet152/conv4_block28_1_conv/BiasAdd;resnet152/conv4_block36_2_bn/FusedBatchNormV3;resnet152/conv4_block28_1_conv/Conv2D]:159
	                 CONV_2D	         2335.317	   16.474	   16.108	  0.549%	 80.106%	     0.000	        1	[resnet152/conv4_block28_2_relu/Relu;resnet152/conv4_block28_2_bn/FusedBatchNormV3;resnet152/conv2_block1_0_bn/FusedBatchNormV3/ReadVariableOp;resnet152/conv4_block28_2_conv/BiasAdd;resnet152/conv4_block36_2_bn/FusedBatchNormV3;resnet152/conv4_block28_2_conv/Conv2D]:160
	                 CONV_2D	         2351.437	    7.944	    7.831	  0.267%	 80.373%	     0.000	        1	[resnet152/conv4_block28_3_bn/FusedBatchNormV3;resnet152/conv4_block10_3_bn/FusedBatchNormV3/ReadVariableOp;resnet152/conv4_block28_3_conv/BiasAdd;resnet152/conv4_block36_3_bn/FusedBatchNormV3;resnet152/conv4_block28_3_conv/Conv2D]:161
	                     ADD	         2359.279	   18.677	   18.679	  0.637%	 81.009%	     0.000	        1	[resnet152/conv4_block28_out/Relu;resnet152/conv4_block28_add/add]:162
	                 CONV_2D	         2377.968	    7.179	    7.017	  0.239%	 81.249%	     0.000	        1	[resnet152/conv4_block29_1_relu/Relu;resnet152/conv4_block29_1_bn/FusedBatchNormV3;resnet152/conv2_block1_0_bn/FusedBatchNormV3/ReadVariableOp;resnet152/conv4_block29_1_conv/BiasAdd;resnet152/conv4_block36_2_bn/FusedBatchNormV3;resnet152/conv4_block29_1_conv/Conv2D]:163
	                 CONV_2D	         2384.996	   16.420	   16.076	  0.548%	 81.797%	     0.000	        1	[resnet152/conv4_block29_2_relu/Relu;resnet152/conv4_block29_2_bn/FusedBatchNormV3;resnet152/conv2_block1_0_bn/FusedBatchNormV3/ReadVariableOp;resnet152/conv4_block29_2_conv/BiasAdd;resnet152/conv4_block36_2_bn/FusedBatchNormV3;resnet152/conv4_block29_2_conv/Conv2D]:164
	                 CONV_2D	         2401.087	    8.040	    7.899	  0.269%	 82.066%	     0.000	        1	[resnet152/conv4_block29_3_bn/FusedBatchNormV3;resnet152/conv4_block10_3_bn/FusedBatchNormV3/ReadVariableOp;resnet152/conv4_block29_3_conv/BiasAdd;resnet152/conv4_block36_3_bn/FusedBatchNormV3;resnet152/conv4_block29_3_conv/Conv2D]:165
	                     ADD	         2408.997	   18.767	   18.667	  0.636%	 82.703%	     0.000	        1	[resnet152/conv4_block29_out/Relu;resnet152/conv4_block29_add/add]:166
	                 CONV_2D	         2427.674	    7.080	    6.954	  0.237%	 82.940%	     0.000	        1	[resnet152/conv4_block30_1_relu/Relu;resnet152/conv4_block30_1_bn/FusedBatchNormV3;resnet152/conv2_block1_0_bn/FusedBatchNormV3/ReadVariableOp;resnet152/conv4_block30_1_conv/BiasAdd;resnet152/conv4_block36_2_bn/FusedBatchNormV3;resnet152/conv4_block30_1_conv/Conv2D]:167
	                 CONV_2D	         2434.640	   16.275	   16.181	  0.552%	 83.491%	     0.000	        1	[resnet152/conv4_block30_2_relu/Relu;resnet152/conv4_block30_2_bn/FusedBatchNormV3;resnet152/conv2_block1_0_bn/FusedBatchNormV3/ReadVariableOp;resnet152/conv4_block30_2_conv/BiasAdd;resnet152/conv4_block36_2_bn/FusedBatchNormV3;resnet152/conv4_block30_2_conv/Conv2D]:168
	                 CONV_2D	         2450.832	    7.956	    7.811	  0.266%	 83.758%	     0.000	        1	[resnet152/conv4_block30_3_bn/FusedBatchNormV3;resnet152/conv4_block10_3_bn/FusedBatchNormV3/ReadVariableOp;resnet152/conv4_block30_3_conv/BiasAdd;resnet152/conv4_block36_3_bn/FusedBatchNormV3;resnet152/conv4_block30_3_conv/Conv2D]:169
	                     ADD	         2458.654	   18.728	   18.653	  0.636%	 84.394%	     0.000	        1	[resnet152/conv4_block30_out/Relu;resnet152/conv4_block30_add/add]:170
	                 CONV_2D	         2477.317	    7.097	    6.948	  0.237%	 84.630%	     0.000	        1	[resnet152/conv4_block31_1_relu/Relu;resnet152/conv4_block31_1_bn/FusedBatchNormV3;resnet152/conv2_block1_0_bn/FusedBatchNormV3/ReadVariableOp;resnet152/conv4_block31_1_conv/BiasAdd;resnet152/conv4_block36_2_bn/FusedBatchNormV3;resnet152/conv4_block31_1_conv/Conv2D]:171
	                 CONV_2D	         2484.276	   16.292	   15.973	  0.545%	 85.175%	     0.000	        1	[resnet152/conv4_block31_2_relu/Relu;resnet152/conv4_block31_2_bn/FusedBatchNormV3;resnet152/conv2_block1_0_bn/FusedBatchNormV3/ReadVariableOp;resnet152/conv4_block31_2_conv/BiasAdd;resnet152/conv4_block36_2_bn/FusedBatchNormV3;resnet152/conv4_block31_2_conv/Conv2D]:172
	                 CONV_2D	         2500.262	    8.014	    7.771	  0.265%	 85.440%	     0.000	        1	[resnet152/conv4_block31_3_bn/FusedBatchNormV3;resnet152/conv4_block10_3_bn/FusedBatchNormV3/ReadVariableOp;resnet152/conv4_block31_3_conv/BiasAdd;resnet152/conv4_block36_3_bn/FusedBatchNormV3;resnet152/conv4_block31_3_conv/Conv2D]:173
	                     ADD	         2508.044	   18.735	   18.673	  0.637%	 86.077%	     0.000	        1	[resnet152/conv4_block31_out/Relu;resnet152/conv4_block31_add/add]:174
	                 CONV_2D	         2526.727	    7.008	    6.903	  0.235%	 86.312%	     0.000	        1	[resnet152/conv4_block32_1_relu/Relu;resnet152/conv4_block32_1_bn/FusedBatchNormV3;resnet152/conv2_block1_0_bn/FusedBatchNormV3/ReadVariableOp;resnet152/conv4_block32_1_conv/BiasAdd;resnet152/conv4_block36_2_bn/FusedBatchNormV3;resnet152/conv4_block32_1_conv/Conv2D]:175
	                 CONV_2D	         2533.641	   16.160	   15.999	  0.545%	 86.857%	     0.000	        1	[resnet152/conv4_block32_2_relu/Relu;resnet152/conv4_block32_2_bn/FusedBatchNormV3;resnet152/conv2_block1_0_bn/FusedBatchNormV3/ReadVariableOp;resnet152/conv4_block32_2_conv/BiasAdd;resnet152/conv4_block36_2_bn/FusedBatchNormV3;resnet152/conv4_block32_2_conv/Conv2D]:176
	                 CONV_2D	         2549.652	    7.965	    7.821	  0.267%	 87.124%	     0.000	        1	[resnet152/conv4_block32_3_bn/FusedBatchNormV3;resnet152/conv4_block10_3_bn/FusedBatchNormV3/ReadVariableOp;resnet152/conv4_block32_3_conv/BiasAdd;resnet152/conv4_block36_3_bn/FusedBatchNormV3;resnet152/conv4_block32_3_conv/Conv2D]:177
	                     ADD	         2557.485	   18.747	   18.720	  0.638%	 87.762%	     0.000	        1	[resnet152/conv4_block32_out/Relu;resnet152/conv4_block32_add/add]:178
	                 CONV_2D	         2576.216	    7.098	    6.978	  0.238%	 88.000%	     0.000	        1	[resnet152/conv4_block33_1_relu/Relu;resnet152/conv4_block33_1_bn/FusedBatchNormV3;resnet152/conv2_block1_0_bn/FusedBatchNormV3/ReadVariableOp;resnet152/conv4_block33_1_conv/BiasAdd;resnet152/conv4_block36_2_bn/FusedBatchNormV3;resnet152/conv4_block33_1_conv/Conv2D]:179
	                 CONV_2D	         2583.205	   16.476	   16.009	  0.546%	 88.546%	     0.000	        1	[resnet152/conv4_block33_2_relu/Relu;resnet152/conv4_block33_2_bn/FusedBatchNormV3;resnet152/conv2_block1_0_bn/FusedBatchNormV3/ReadVariableOp;resnet152/conv4_block33_2_conv/BiasAdd;resnet152/conv4_block36_2_bn/FusedBatchNormV3;resnet152/conv4_block33_2_conv/Conv2D]:180
	                 CONV_2D	         2599.227	    7.994	    7.796	  0.266%	 88.812%	     0.000	        1	[resnet152/conv4_block33_3_bn/FusedBatchNormV3;resnet152/conv4_block10_3_bn/FusedBatchNormV3/ReadVariableOp;resnet152/conv4_block33_3_conv/BiasAdd;resnet152/conv4_block36_3_bn/FusedBatchNormV3;resnet152/conv4_block33_3_conv/Conv2D]:181
	                     ADD	         2607.035	   18.733	   18.657	  0.636%	 89.448%	     0.000	        1	[resnet152/conv4_block33_out/Relu;resnet152/conv4_block33_add/add]:182
	                 CONV_2D	         2625.701	    7.137	    6.980	  0.238%	 89.686%	     0.000	        1	[resnet152/conv4_block34_1_relu/Relu;resnet152/conv4_block34_1_bn/FusedBatchNormV3;resnet152/conv2_block1_0_bn/FusedBatchNormV3/ReadVariableOp;resnet152/conv4_block34_1_conv/BiasAdd;resnet152/conv4_block36_2_bn/FusedBatchNormV3;resnet152/conv4_block34_1_conv/Conv2D]:183
	                 CONV_2D	         2632.693	   16.247	   15.995	  0.545%	 90.231%	     0.000	        1	[resnet152/conv4_block34_2_relu/Relu;resnet152/conv4_block34_2_bn/FusedBatchNormV3;resnet152/conv2_block1_0_bn/FusedBatchNormV3/ReadVariableOp;resnet152/conv4_block34_2_conv/BiasAdd;resnet152/conv4_block36_2_bn/FusedBatchNormV3;resnet152/conv4_block34_2_conv/Conv2D]:184
	                 CONV_2D	         2648.700	    7.975	    7.744	  0.264%	 90.495%	     0.000	        1	[resnet152/conv4_block34_3_bn/FusedBatchNormV3;resnet152/conv4_block10_3_bn/FusedBatchNormV3/ReadVariableOp;resnet152/conv4_block34_3_conv/BiasAdd;resnet152/conv4_block36_3_bn/FusedBatchNormV3;resnet152/conv4_block34_3_conv/Conv2D]:185
	                     ADD	         2656.458	   18.895	   18.681	  0.637%	 91.132%	     0.000	        1	[resnet152/conv4_block34_out/Relu;resnet152/conv4_block34_add/add]:186
	                 CONV_2D	         2675.149	    7.036	    6.973	  0.238%	 91.370%	     0.000	        1	[resnet152/conv4_block35_1_relu/Relu;resnet152/conv4_block35_1_bn/FusedBatchNormV3;resnet152/conv2_block1_0_bn/FusedBatchNormV3/ReadVariableOp;resnet152/conv4_block35_1_conv/BiasAdd;resnet152/conv4_block36_2_bn/FusedBatchNormV3;resnet152/conv4_block35_1_conv/Conv2D]:187
	                 CONV_2D	         2682.136	   16.156	   15.990	  0.545%	 91.915%	     0.000	        1	[resnet152/conv4_block35_2_relu/Relu;resnet152/conv4_block35_2_bn/FusedBatchNormV3;resnet152/conv2_block1_0_bn/FusedBatchNormV3/ReadVariableOp;resnet152/conv4_block35_2_conv/BiasAdd;resnet152/conv4_block36_2_bn/FusedBatchNormV3;resnet152/conv4_block35_2_conv/Conv2D]:188
	                 CONV_2D	         2698.137	    7.954	    7.822	  0.267%	 92.182%	     0.000	        1	[resnet152/conv4_block35_3_bn/FusedBatchNormV3;resnet152/conv4_block10_3_bn/FusedBatchNormV3/ReadVariableOp;resnet152/conv4_block35_3_conv/BiasAdd;resnet152/conv4_block36_3_bn/FusedBatchNormV3;resnet152/conv4_block35_3_conv/Conv2D]:189
	                     ADD	         2705.970	   18.732	   18.783	  0.640%	 92.822%	     0.000	        1	[resnet152/conv4_block35_out/Relu;resnet152/conv4_block35_add/add]:190
	                 CONV_2D	         2724.763	    6.792	    6.953	  0.237%	 93.059%	     0.000	        1	[resnet152/conv4_block36_1_relu/Relu;resnet152/conv4_block36_1_bn/FusedBatchNormV3;resnet152/conv2_block1_0_bn/FusedBatchNormV3/ReadVariableOp;resnet152/conv4_block36_1_conv/BiasAdd;resnet152/conv4_block36_2_bn/FusedBatchNormV3;resnet152/conv4_block36_1_conv/Conv2D]:191
	                 CONV_2D	         2731.728	   15.676	   16.063	  0.548%	 93.607%	     0.000	        1	[resnet152/conv4_block36_2_relu/Relu;resnet152/conv4_block36_2_bn/FusedBatchNormV3;resnet152/conv2_block1_0_bn/FusedBatchNormV3/ReadVariableOp;resnet152/conv4_block36_2_conv/BiasAdd;resnet152/conv4_block36_2_conv/Conv2D]:192
	                 CONV_2D	         2747.803	    7.719	    7.853	  0.268%	 93.875%	     0.000	        1	[resnet152/conv4_block36_3_bn/FusedBatchNormV3;resnet152/conv4_block10_3_bn/FusedBatchNormV3/ReadVariableOp;resnet152/conv4_block36_3_conv/BiasAdd;resnet152/conv4_block36_3_conv/Conv2D]:193
	                     ADD	         2755.668	   18.574	   18.664	  0.636%	 94.511%	     0.000	        1	[resnet152/conv4_block36_out/Relu;resnet152/conv4_block36_add/add]:194
	                 CONV_2D	         2774.342	   15.690	   15.918	  0.543%	 95.054%	     0.000	        1	[resnet152/conv5_block1_0_bn/FusedBatchNormV3;resnet152/conv5_block1_0_bn/FusedBatchNormV3/ReadVariableOp;resnet152/conv5_block1_0_conv/BiasAdd;resnet152/conv5_block3_3_bn/FusedBatchNormV3;resnet152/conv5_block1_0_conv/Conv2D]:195
	                 CONV_2D	         2790.274	    4.285	    4.164	  0.142%	 95.196%	     0.000	        1	[resnet152/conv5_block1_1_relu/Relu;resnet152/conv5_block1_1_bn/FusedBatchNormV3;resnet152/conv3_block1_0_bn/FusedBatchNormV3/ReadVariableOp;resnet152/conv5_block1_1_conv/BiasAdd;resnet152/conv5_block3_2_bn/FusedBatchNormV3;resnet152/conv5_block1_1_conv/Conv2D]:196
	                 CONV_2D	         2794.449	   17.463	   17.797	  0.607%	 95.802%	     0.000	        1	[resnet152/conv5_block1_2_relu/Relu;resnet152/conv5_block1_2_bn/FusedBatchNormV3;resnet152/conv3_block1_0_bn/FusedBatchNormV3/ReadVariableOp;resnet152/conv5_block1_2_conv/BiasAdd;resnet152/conv5_block3_2_bn/FusedBatchNormV3;resnet152/conv5_block1_2_conv/Conv2D]:197
	                 CONV_2D	         2812.259	    8.458	    8.519	  0.290%	 96.093%	     0.000	        1	[resnet152/conv5_block1_3_bn/FusedBatchNormV3;resnet152/conv5_block1_0_bn/FusedBatchNormV3/ReadVariableOp;resnet152/conv5_block1_3_conv/BiasAdd;resnet152/conv5_block3_3_bn/FusedBatchNormV3;resnet152/conv5_block1_3_conv/Conv2D]:198
	                     ADD	         2820.790	    9.335	    9.408	  0.321%	 96.414%	     0.000	        1	[resnet152/conv5_block1_out/Relu;resnet152/conv5_block1_add/add]:199
	                 CONV_2D	         2830.207	    7.675	    7.788	  0.266%	 96.679%	     0.000	        1	[resnet152/conv5_block2_1_relu/Relu;resnet152/conv5_block2_1_bn/FusedBatchNormV3;resnet152/conv3_block1_0_bn/FusedBatchNormV3/ReadVariableOp;resnet152/conv5_block2_1_conv/BiasAdd;resnet152/conv5_block3_2_bn/FusedBatchNormV3;resnet152/conv5_block2_1_conv/Conv2D]:200
	                 CONV_2D	         2838.008	   17.469	   17.833	  0.608%	 97.287%	     0.000	        1	[resnet152/conv5_block2_2_relu/Relu;resnet152/conv5_block2_2_bn/FusedBatchNormV3;resnet152/conv3_block1_0_bn/FusedBatchNormV3/ReadVariableOp;resnet152/conv5_block2_2_conv/BiasAdd;resnet152/conv5_block3_2_bn/FusedBatchNormV3;resnet152/conv5_block2_2_conv/Conv2D]:201
	                 CONV_2D	         2855.852	    8.328	    8.497	  0.290%	 97.577%	     0.000	        1	[resnet152/conv5_block2_3_bn/FusedBatchNormV3;resnet152/conv5_block1_0_bn/FusedBatchNormV3/ReadVariableOp;resnet152/conv5_block2_3_conv/BiasAdd;resnet152/conv5_block3_3_bn/FusedBatchNormV3;resnet152/conv5_block2_3_conv/Conv2D]:202
	                     ADD	         2864.361	    9.371	    9.381	  0.320%	 97.897%	     0.000	        1	[resnet152/conv5_block2_out/Relu;resnet152/conv5_block2_add/add]:203
	                 CONV_2D	         2873.751	    7.626	    7.809	  0.266%	 98.163%	     0.000	        1	[resnet152/conv5_block3_1_relu/Relu;resnet152/conv5_block3_1_bn/FusedBatchNormV3;resnet152/conv3_block1_0_bn/FusedBatchNormV3/ReadVariableOp;resnet152/conv5_block3_1_conv/BiasAdd;resnet152/conv5_block3_2_bn/FusedBatchNormV3;resnet152/conv5_block3_1_conv/Conv2D]:204
	                 CONV_2D	         2881.573	   17.509	   17.867	  0.609%	 98.772%	     0.000	        1	[resnet152/conv5_block3_2_relu/Relu;resnet152/conv5_block3_2_bn/FusedBatchNormV3;resnet152/conv3_block1_0_bn/FusedBatchNormV3/ReadVariableOp;resnet152/conv5_block3_2_conv/BiasAdd;resnet152/conv5_block3_2_conv/Conv2D]:205
	                 CONV_2D	         2899.452	    8.391	    8.476	  0.289%	 99.061%	     0.000	        1	[resnet152/conv5_block3_3_bn/FusedBatchNormV3;resnet152/conv5_block1_0_bn/FusedBatchNormV3/ReadVariableOp;resnet152/conv5_block3_3_conv/BiasAdd;resnet152/conv5_block3_3_conv/Conv2D]:206
	                     ADD	         2907.940	    9.349	    9.367	  0.319%	 99.381%	     0.000	        1	[resnet152/conv5_block3_out/Relu;resnet152/conv5_block3_add/add]:207
	                    MEAN	         2917.316	   17.168	   17.195	  0.586%	 99.967%	     0.000	        1	[resnet152/avg_pool/Mean]:208
	         FULLY_CONNECTED	         2934.520	    0.806	    0.883	  0.030%	 99.997%	     0.000	        1	[resnet152/predictions/MatMul;resnet152/predictions/BiasAdd]:209
	                 SOFTMAX	         2935.415	    0.085	    0.092	  0.003%	100.000%	     0.000	        1	[StatefulPartitionedCall:0]:210

============================== Top by Computation Time ==============================
	             [node type]	          [start]	  [first]	 [avg ms]	     [%]	  [cdf%]	  [mem KB]	[times called]	[Name]
	                     ADD	          212.959	   74.963	   74.777	  2.549%	  2.549%	     0.000	        1	[resnet152/conv2_block2_out/Relu;resnet152/conv2_block2_add/add]:12
	                     ADD	           99.184	   74.958	   74.694	  2.547%	  5.096%	     0.000	        1	[resnet152/conv2_block1_out/Relu;resnet152/conv2_block1_add/add]:8
	                     ADD	          326.638	   74.905	   74.675	  2.546%	  7.642%	     0.000	        1	[resnet152/conv2_block3_out/Relu;resnet152/conv2_block3_add/add]:16
	                     ADD	          937.240	   37.148	   37.430	  1.276%	  8.918%	     0.000	        1	[resnet152/conv3_block8_out/Relu;resnet152/conv3_block8_add/add]:49
	                     ADD	          656.943	   37.119	   37.395	  1.275%	 10.193%	     0.000	        1	[resnet152/conv3_block4_out/Relu;resnet152/conv3_block4_add/add]:33
	                     ADD	          516.529	   37.117	   37.367	  1.274%	 11.467%	     0.000	        1	[resnet152/conv3_block2_out/Relu;resnet152/conv3_block2_add/add]:25
	                     ADD	          797.139	   37.173	   37.318	  1.272%	 12.740%	     0.000	        1	[resnet152/conv3_block6_out/Relu;resnet152/conv3_block6_add/add]:41
	                     ADD	          586.802	   37.178	   37.311	  1.272%	 14.012%	     0.000	        1	[resnet152/conv3_block3_out/Relu;resnet152/conv3_block3_add/add]:29
	                     ADD	          867.213	   37.156	   37.293	  1.271%	 15.283%	     0.000	        1	[resnet152/conv3_block7_out/Relu;resnet152/conv3_block7_add/add]:45
	                     ADD	          446.404	   37.127	   37.279	  1.271%	 16.554%	     0.000	        1	[resnet152/conv3_block1_out/Relu;resnet152/conv3_block1_add/add]:21

Number of nodes executed: 211
============================== Summary by node type ==============================
	             [Node type]	  [count]	  [avg ms]	    [avg %]	    [cdf %]	  [mem KB]	[times called]
	                 CONV_2D	      155	  1663.242	    56.710%	    56.710%	     0.000	      155
	                     ADD	       50	  1224.345	    41.745%	    98.455%	     0.000	       50
	                     PAD	        2	    21.912	     0.747%	    99.202%	     0.000	        2
	                    MEAN	        1	    17.195	     0.586%	    99.788%	     0.000	        1
	             MAX_POOL_2D	        1	     5.239	     0.179%	    99.967%	     0.000	        1
	         FULLY_CONNECTED	        1	     0.882	     0.030%	    99.997%	     0.000	        1
	                 SOFTMAX	        1	     0.091	     0.003%	   100.000%	     0.000	        1

Timings (microseconds): count=20 first=2933461 curr=2931285 min=2918273 max=2946030 avg=2.93301e+06 std=6288
Memory (bytes): count=0
211 nodes observed



[ perf record: Woken up 320 times to write data ]
Warning:
Processed 353059 events and lost 1 chunks!

Check IO/CPU overload!

[ perf record: Captured and wrote 80.155 MB /tmp/data.record (352306 samples) ]

90.278

