1-batch-8192x512
2377.0
1-batch-128x2048
86.4
1-batch-8192x4096
18783.0
1-batch-512x128
15.2
1-batch-8192x128
151.8
1-batch-2048x128
44.0
1-batch-128x512
24.8
1-batch-2048x4096
4797.0
1-batch-8192x32
50.2
1-batch-4096x128
79.8
1-batch-2048x8192
9572.0
1-batch-32x128
10.4
1-batch-32x8192
327.6
1-batch-512x8192
2628.0
1-batch-32x2048
87.0
1-batch-128x128
10.0
1-batch-32x4096
167.2
1-batch-4096x8192
18859.8
1-batch-32x32
7.0
1-batch-4096x512
553.4
1-batch-2048x2048
2411.2
1-batch-32x512
24.6
1-batch-128x32
6.2
1-batch-512x4096
643.4
1-batch-512x512
49.0
1-batch-128x8192
327.0
1-batch-2048x512
153.0
1-batch-128x4096
169.0
1-batch-8192x2048
9399.4
1-batch-2048x32
15.6
1-batch-512x2048
178.4
1-batch-4096x4096
9443.0
1-batch-512x32
8.0
1-batch-4096x32
27.0
1-batch-8192x8192
37517.2
1-batch-4096x2048
4733.6
