16-batch-2048x64
242.2
16-batch-64x32
20.0
16-batch-32x128
67.0
16-batch-512x128
144.0
16-batch-64x128
58.6
16-batch-2048x128
435.6
16-batch-128x64
39.2
16-batch-32x2048
894.2
16-batch-512x2048
2068.2
16-batch-64x512
216.8
16-batch-32x512
226.2
16-batch-2048x2048
24462.8
16-batch-64x2048
859.2
16-batch-512x512
528.6
16-batch-64x64
33.0
16-batch-512x64
79.2
16-batch-2048x512
1597.8
16-batch-128x32
23.2
16-batch-128x2048
1020.2
16-batch-128x512
255.6
16-batch-32x32
25.0
16-batch-32x64
38.4
16-batch-128x128
68.4
16-batch-512x32
48.2
16-batch-2048x32
145.2
16-batch-2048x2048
24462.8
16-batch-2048x512
1597.8
