16-batch-2048x64
251.4
16-batch-64x32
21.2
16-batch-32x128
67.2
16-batch-512x128
147.8
16-batch-64x128
60.8
16-batch-2048x128
449.6
16-batch-128x64
41.6
16-batch-32x2048
892.0
16-batch-512x2048
3967.0
16-batch-64x512
219.0
16-batch-32x512
228.2
16-batch-2048x2048
24463.0
16-batch-64x2048
855.2
16-batch-512x512
537.8
16-batch-64x64
34.8
16-batch-512x64
82.4
16-batch-2048x512
3250.0
16-batch-128x32
24.6
16-batch-128x2048
1021.0
16-batch-128x512
260.0
16-batch-32x32
26.0
16-batch-32x64
38.8
16-batch-128x128
71.4
16-batch-512x32
50.8
16-batch-2048x32
151.8
