STARTING!
Duplicate flags: num_threads
Log parameter values verbosely: [0]
Min num runs: [200]
Min runs duration (seconds): [1e-09]
Num threads: [1]
Use caching: [1]
Min warmup runs: [2]
Min warmup runs duration (seconds): [1e-09]
Graph: [/home/pi/Desktop/run-single-mul-multibatch/models/f32i8/model-512-batch-256x1024.tflite]
Enable op profiling: [1]
#threads used for CPU inference: [1]
Use xnnpack: [0]
Loaded model /home/pi/Desktop/run-single-mul-multibatch/models/f32i8/model-512-batch-256x1024.tflite
INFO: Initialized TensorFlow Lite runtime.
Applying FC Low-Precision for Kernel shape (256, 1024, ), Input shape (512, 256, ), Output shape (512, 1024, ), ID: 0, Method: ULPPACKW4A4
	Allocating Filter Shape: (256, 1024, ) DONE
	Preparing Filter With Shape: (256, 1024, ) DONE
	Allocating An Input Temporary Tensor With Shape: (512, 256, ) DONE
The input model file size (MB): 0.263152
Initialized session in 3.609ms.
Running benchmark for at least 2 iterations and at least 1e-09 seconds but terminate if exceeding 150 seconds.
count=2 first=28760 curr=19187 min=19187 max=28760 avg=23973.5 std=4786

Running benchmark for at least 200 iterations and at least 1e-09 seconds but terminate if exceeding 150 seconds.
count=200 first=19256 curr=18928 min=18561 max=19343 avg=18913.1 std=164

Inference timings in us: Init: 3609, First inference: 28760, Warmup (avg): 23973.5, Inference (avg): 18913.1
Note: as the benchmark tool itself affects memory footprint, the following is only APPROXIMATE to the actual memory footprint of the model at runtime. Take the information at your discretion.
Memory footprint delta from the start of the tool (MB): init=4.72656 overall=10.1992
Profiling Info for Benchmark Initialization:
============================== Run Order ==============================
	             [node type]	          [start]	  [first]	 [avg ms]	     [%]	  [cdf%]	  [mem KB]	[times called]	[Name]
	         AllocateTensors	            0.000	    1.964	    1.964	100.000%	100.000%	   564.000	        1	AllocateTensors/0

============================== Top by Computation Time ==============================
	             [node type]	          [start]	  [first]	 [avg ms]	     [%]	  [cdf%]	  [mem KB]	[times called]	[Name]
	         AllocateTensors	            0.000	    1.964	    1.964	100.000%	100.000%	   564.000	        1	AllocateTensors/0

Number of nodes executed: 1
============================== Summary by node type ==============================
	             [Node type]	  [count]	  [avg ms]	    [avg %]	    [cdf %]	  [mem KB]	[times called]
	         AllocateTensors	        1	     1.964	   100.000%	   100.000%	   564.000	        1

Timings (microseconds): count=1 curr=1964
Memory (bytes): count=0
1 nodes observed



Operator-wise Profiling Info for Regular Benchmark Runs:
============================== Run Order ==============================
	             [node type]	          [start]	  [first]	 [avg ms]	     [%]	  [cdf%]	  [mem KB]	[times called]	[Name]
	         FULLY_CONNECTED	            0.014	   19.204	   18.866	100.000%	100.000%	     0.000	        1	[StatefulPartitionedCall:0]:0

============================== Top by Computation Time ==============================
	             [node type]	          [start]	  [first]	 [avg ms]	     [%]	  [cdf%]	  [mem KB]	[times called]	[Name]
	         FULLY_CONNECTED	            0.014	   19.204	   18.866	100.000%	100.000%	     0.000	        1	[StatefulPartitionedCall:0]:0

Number of nodes executed: 1
============================== Summary by node type ==============================
	             [Node type]	  [count]	  [avg ms]	    [avg %]	    [cdf %]	  [mem KB]	[times called]
	         FULLY_CONNECTED	        1	    18.865	   100.000%	   100.000%	     0.000	        1

Timings (microseconds): count=200 first=19204 curr=18883 min=18512 max=19296 avg=18865.8 std=165
Memory (bytes): count=0
1 nodes observed



[ perf record: Woken up 12 times to write data ]
[ perf record: Captured and wrote 2.871 MB /tmp/data.record (15977 samples) ]

5.554

