1-batch-8192x512
966.2
1-batch-128x2048
83.4
1-batch-8192x4096
18876.4
1-batch-512x128
16.2
1-batch-8192x128
148.8
1-batch-2048x128
43.2
1-batch-128x512
25.0
1-batch-2048x4096
4852.0
1-batch-8192x32
50.0
1-batch-4096x128
78.2
1-batch-2048x8192
9714.8
1-batch-32x128
9.2
1-batch-32x8192
256.4
1-batch-512x8192
1173.8
1-batch-32x2048
68.8
1-batch-128x128
10.2
1-batch-32x4096
131.2
1-batch-4096x8192
19034.4
1-batch-32x32
6.2
1-batch-4096x512
281.4
1-batch-2048x2048
848.2
1-batch-32x512
21.0
1-batch-128x32
6.2
1-batch-512x4096
339.2
1-batch-512x512
47.6
1-batch-128x8192
318.0
1-batch-2048x512
148.4
1-batch-128x4096
161.4
1-batch-8192x2048
9440.8
1-batch-2048x32
16.6
1-batch-512x2048
172.4
1-batch-4096x4096
9523.6
1-batch-512x32
8.6
1-batch-4096x32
27.6
1-batch-8192x8192
37730.4
1-batch-4096x2048
4766.6
