1-batch-1024x1024
352.07
1-batch-1024x128
154.81
1-batch-1024x2048
515.435
1-batch-1024x256
192.6
1-batch-1024x512
269.115
1-batch-1024x8192
1546.08
1-batch-128x1024
174.24
1-batch-128x128
118.135
1-batch-128x2048
204.14
1-batch-128x256
122.485
1-batch-128x512
152.97
1-batch-128x8192
499.005
1-batch-2048x1024
562.555
1-batch-2048x128
204.655
1-batch-2048x2048
931.36
1-batch-2048x256
261.735
1-batch-2048x512
364.26
1-batch-2048x8192
3329.15
1-batch-256x1024
207.24
1-batch-256x128
122.335
1-batch-256x2048
269.915
1-batch-256x256
138.055
1-batch-256x512
163.17
1-batch-256x8192
577.555
1-batch-512x1024
272.415
1-batch-512x128
133.225
1-batch-512x2048
356.295
1-batch-512x256
156.11
1-batch-512x512
200.295
1-batch-512x8192
848.775
1-batch-8192x1024
1552.94
1-batch-8192x128
354.82
1-batch-8192x2048
2980.18
1-batch-8192x256
512.085
1-batch-8192x512
850.59
1-batch-8192x8192
11393.8
1-batch-1024x4096
841.855
1-batch-128x4096
300.52
1-batch-2048x4096
1696.06
1-batch-256x4096
380.58
1-batch-4096x1024
888.725
1-batch-4096x128
269.995
1-batch-4096x2048
1629.03
1-batch-4096x256
364.795
1-batch-4096x4096
3157.03
1-batch-4096x512
534.935
1-batch-4096x8192
6175.44
1-batch-512x4096
520.78
1-batch-8192x4096
5781.74
