1-batch-8192x512
2384.0
1-batch-128x2048
83.8
1-batch-8192x4096
18879.0
1-batch-512x128
15.6
1-batch-8192x128
148.6
1-batch-2048x128
43.0
1-batch-128x512
24.4
1-batch-2048x4096
4865.4
1-batch-8192x32
49.2
1-batch-4096x128
78.2
1-batch-2048x8192
9732.8
1-batch-32x128
8.6
1-batch-32x8192
258.0
1-batch-512x8192
2605.0
1-batch-32x2048
68.0
1-batch-128x128
9.6
1-batch-32x4096
131.2
1-batch-4096x8192
19042.4
1-batch-32x32
6.4
1-batch-4096x512
548.6
1-batch-2048x2048
2434.6
1-batch-32x512
20.8
1-batch-128x32
5.8
1-batch-512x4096
623.4
1-batch-512x512
47.2
1-batch-128x8192
321.4
1-batch-2048x512
148.8
1-batch-128x4096
166.4
1-batch-8192x2048
9442.6
1-batch-2048x32
16.2
1-batch-512x2048
173.4
1-batch-4096x4096
9528.4
1-batch-512x32
7.6
1-batch-4096x32
27.2
1-batch-8192x8192
37740.0
1-batch-4096x2048
4770.0
1-batch-32x32
6.4
