STARTING!
Duplicate flags: num_threads
Log parameter values verbosely: [0]
Min num runs: [200]
Min runs duration (seconds): [1e-09]
Num threads: [1]
Use caching: [1]
Min warmup runs: [2]
Min warmup runs duration (seconds): [1e-09]
Graph: [/home/pi/Desktop/run-single-mul-multibatch/models/f32i8/model-64-batch-1024x4096.tflite]
Enable op profiling: [1]
#threads used for CPU inference: [1]
Use xnnpack: [0]
Loaded model /home/pi/Desktop/run-single-mul-multibatch/models/f32i8/model-64-batch-1024x4096.tflite
INFO: Initialized TensorFlow Lite runtime.
Applying FC Low-Precision for Kernel shape (1024, 4096, ), Input shape (64, 1024, ), Output shape (64, 4096, ), ID: 0, Method: ULPPACKW4A4
	Allocating Filter Shape: (1024, 4096, ) DONE
	Preparing Filter With Shape: (1024, 4096, ) DONE
	Allocating An Input Temporary Tensor With Shape: (64, 1024, ) DONE
The input model file size (MB): 4.19531
Initialized session in 64.811ms.
Running benchmark for at least 2 iterations and at least 1e-09 seconds but terminate if exceeding 150 seconds.
count=2 first=37773 curr=33597 min=33597 max=37773 avg=35685 std=2088

Running benchmark for at least 200 iterations and at least 1e-09 seconds but terminate if exceeding 150 seconds.
count=200 first=32942 curr=32401 min=32102 max=36976 avg=32427.9 std=449

Inference timings in us: Init: 64811, First inference: 37773, Warmup (avg): 35685, Inference (avg): 32427.9
Note: as the benchmark tool itself affects memory footprint, the following is only APPROXIMATE to the actual memory footprint of the model at runtime. Take the information at your discretion.
Memory footprint delta from the start of the tool (MB): init=12.1055 overall=15.2578
Profiling Info for Benchmark Initialization:
============================== Run Order ==============================
	             [node type]	          [start]	  [first]	 [avg ms]	     [%]	  [cdf%]	  [mem KB]	[times called]	[Name]
	         AllocateTensors	            0.000	   63.124	   63.124	100.000%	100.000%	  8124.000	        1	AllocateTensors/0

============================== Top by Computation Time ==============================
	             [node type]	          [start]	  [first]	 [avg ms]	     [%]	  [cdf%]	  [mem KB]	[times called]	[Name]
	         AllocateTensors	            0.000	   63.124	   63.124	100.000%	100.000%	  8124.000	        1	AllocateTensors/0

Number of nodes executed: 1
============================== Summary by node type ==============================
	             [Node type]	  [count]	  [avg ms]	    [avg %]	    [cdf %]	  [mem KB]	[times called]
	         AllocateTensors	        1	    63.124	   100.000%	   100.000%	  8124.000	        1

Timings (microseconds): count=1 curr=63124
Memory (bytes): count=0
1 nodes observed



Operator-wise Profiling Info for Regular Benchmark Runs:
============================== Run Order ==============================
	             [node type]	          [start]	  [first]	 [avg ms]	     [%]	  [cdf%]	  [mem KB]	[times called]	[Name]
	         FULLY_CONNECTED	            0.012	   32.837	   32.384	100.000%	100.000%	     0.000	        1	[StatefulPartitionedCall:0]:0

============================== Top by Computation Time ==============================
	             [node type]	          [start]	  [first]	 [avg ms]	     [%]	  [cdf%]	  [mem KB]	[times called]	[Name]
	         FULLY_CONNECTED	            0.012	   32.837	   32.384	100.000%	100.000%	     0.000	        1	[StatefulPartitionedCall:0]:0

Number of nodes executed: 1
============================== Summary by node type ==============================
	             [Node type]	  [count]	  [avg ms]	    [avg %]	    [cdf %]	  [mem KB]	[times called]
	         FULLY_CONNECTED	        1	    32.384	   100.000%	   100.000%	     0.000	        1

Timings (microseconds): count=200 first=32837 curr=32357 min=32056 max=36928 avg=32384.3 std=446
Memory (bytes): count=0
1 nodes observed



[ perf record: Woken up 20 times to write data ]
[ perf record: Captured and wrote 5.023 MB /tmp/data.record (26811 samples) ]

7.589

