STARTING!
Duplicate flags: num_threads
Log parameter values verbosely: [0]
Min num runs: [200]
Min runs duration (seconds): [1e-09]
Num threads: [1]
Use caching: [1]
Min warmup runs: [2]
Min warmup runs duration (seconds): [1e-09]
Graph: [/home/pi/Desktop/run-single-mul-multibatch/models/f32i8/model-32-batch-64x512.tflite]
Enable op profiling: [1]
#threads used for CPU inference: [1]
Use xnnpack: [0]
Loaded model /home/pi/Desktop/run-single-mul-multibatch/models/f32i8/model-32-batch-64x512.tflite
INFO: Initialized TensorFlow Lite runtime.
Applying FC Low-Precision for Kernel shape (64, 512, ), Input shape (32, 64, ), Output shape (32, 512, ), ID: 0, Method: ULPPACKW4A4
	Allocating Filter Shape: (64, 512, ) DONE
	Preparing Filter With Shape: (64, 512, ) DONE
	Allocating An Input Temporary Tensor With Shape: (32, 64, ) DONE
The input model file size (MB): 0.033776
Initialized session in 2.087ms.
Running benchmark for at least 2 iterations and at least 1e-09 seconds but terminate if exceeding 150 seconds.
count=2 first=603 curr=217 min=217 max=603 avg=410 std=193

Running benchmark for at least 200 iterations and at least 1e-09 seconds but terminate if exceeding 150 seconds.
count=200 first=261 curr=254 min=218 max=378 avg=247.52 std=22

Inference timings in us: Init: 2087, First inference: 603, Warmup (avg): 410, Inference (avg): 247.52
Note: as the benchmark tool itself affects memory footprint, the following is only APPROXIMATE to the actual memory footprint of the model at runtime. Take the information at your discretion.
Memory footprint delta from the start of the tool (MB): init=4.08984 overall=4.83984
Profiling Info for Benchmark Initialization:
============================== Run Order ==============================
	             [node type]	          [start]	  [first]	 [avg ms]	     [%]	  [cdf%]	  [mem KB]	[times called]	[Name]
	         AllocateTensors	            0.000	    0.504	    0.504	100.000%	100.000%	     0.000	        1	AllocateTensors/0

============================== Top by Computation Time ==============================
	             [node type]	          [start]	  [first]	 [avg ms]	     [%]	  [cdf%]	  [mem KB]	[times called]	[Name]
	         AllocateTensors	            0.000	    0.504	    0.504	100.000%	100.000%	     0.000	        1	AllocateTensors/0

Number of nodes executed: 1
============================== Summary by node type ==============================
	             [Node type]	  [count]	  [avg ms]	    [avg %]	    [cdf %]	  [mem KB]	[times called]
	         AllocateTensors	        1	     0.504	   100.000%	   100.000%	     0.000	        1

Timings (microseconds): count=1 curr=504
Memory (bytes): count=0
1 nodes observed



Operator-wise Profiling Info for Regular Benchmark Runs:
============================== Run Order ==============================
	             [node type]	          [start]	  [first]	 [avg ms]	     [%]	  [cdf%]	  [mem KB]	[times called]	[Name]
	         FULLY_CONNECTED	            0.008	    0.227	    0.230	100.000%	100.000%	     0.000	        1	[StatefulPartitionedCall:0]:0

============================== Top by Computation Time ==============================
	             [node type]	          [start]	  [first]	 [avg ms]	     [%]	  [cdf%]	  [mem KB]	[times called]	[Name]
	         FULLY_CONNECTED	            0.008	    0.227	    0.230	100.000%	100.000%	     0.000	        1	[StatefulPartitionedCall:0]:0

Number of nodes executed: 1
============================== Summary by node type ==============================
	             [Node type]	  [count]	  [avg ms]	    [avg %]	    [cdf %]	  [mem KB]	[times called]
	         FULLY_CONNECTED	        1	     0.229	   100.000%	   100.000%	     0.000	        1

Timings (microseconds): count=200 first=227 curr=236 min=202 max=358 avg=229.83 std=21
Memory (bytes): count=0
1 nodes observed



[ perf record: Woken up 1 times to write data ]
[ perf record: Captured and wrote 0.046 MB /tmp/data.record (279 samples) ]

1.575

