1-batch-128x128
11.819
1-batch-128x2048
100.585
1-batch-128x32
7.303
1-batch-128x4096
196.403
1-batch-128x512
30.076
1-batch-128x8192
388.514
1-batch-2048x128
38.6255
1-batch-2048x2048
489.216
1-batch-2048x32
15.7975
1-batch-2048x4096
978.648
1-batch-2048x512
128.294
1-batch-2048x8192
1946.54
1-batch-32x128
10.446
1-batch-32x2048
87.305
1-batch-32x32
7.116
1-batch-32x4096
173.099
1-batch-32x512
25.5185
1-batch-32x8192
335.132
1-batch-4096x128
68.7505
1-batch-4096x2048
949.309
1-batch-4096x32
25.7385
1-batch-4096x4096
1887.81
1-batch-4096x512
239.405
1-batch-4096x8192
3697.57
1-batch-512x128
16.316
1-batch-512x2048
157.958
1-batch-512x32
9.4075
1-batch-512x4096
359.262
1-batch-512x512
50.5925
1-batch-512x8192
712.965
1-batch-8192x128
129.082
1-batch-8192x2048
1798.16
1-batch-8192x32
44.439
1-batch-8192x4096
3607.07
1-batch-8192x512
466.361
1-batch-8192x8192
7325.56
