1-batch-8192x512
557.4
1-batch-128x2048
85.2
1-batch-8192x4096
12558.2
1-batch-512x128
16.0
1-batch-8192x128
151.2
1-batch-2048x128
43.2
1-batch-128x512
24.8
1-batch-2048x4096
1832.2
1-batch-8192x32
49.6
1-batch-4096x128
79.6
1-batch-2048x8192
6473.0
1-batch-32x128
9.0
1-batch-32x8192
256.6
1-batch-512x8192
691.2
1-batch-32x2048
70.0
1-batch-128x128
9.8
1-batch-32x4096
133.2
1-batch-4096x8192
12694.8
1-batch-32x32
6.2
1-batch-4096x512
287.4
1-batch-2048x2048
586.6
1-batch-32x512
20.8
1-batch-128x32
6.0
1-batch-512x4096
348.4
1-batch-512x512
48.2
1-batch-128x8192
323.8
1-batch-2048x512
152.0
1-batch-128x4096
166.8
1-batch-8192x2048
6294.0
1-batch-2048x32
16.2
1-batch-512x2048
176.2
1-batch-4096x4096
6348.6
1-batch-512x32
7.8
1-batch-4096x32
27.2
1-batch-8192x8192
25089.8
1-batch-4096x2048
1725.6
1-batch-32x32
6.2
