16-batch-2048x64
233.8
16-batch-64x32
21.2
16-batch-32x128
56.8
16-batch-512x128
138.6
16-batch-64x128
62.0
16-batch-2048x128
412.4
16-batch-128x64
41.2
16-batch-32x2048
794.4
16-batch-512x2048
1945.6
16-batch-64x512
215.2
16-batch-32x512
203.0
16-batch-2048x2048
6315.6
16-batch-64x2048
842.6
16-batch-512x512
499.4
16-batch-64x64
34.8
16-batch-512x64
77.8
16-batch-2048x512
1482.8
16-batch-128x32
25.0
16-batch-128x2048
987.2
16-batch-128x512
251.0
16-batch-32x32
19.0
16-batch-32x64
31.4
16-batch-128x128
72.2
16-batch-512x32
49.2
16-batch-2048x32
145.0
