1-batch-8192x512
821.4
1-batch-128x2048
78.0
1-batch-8192x4096
16064.2
1-batch-512x128
14.6
1-batch-8192x128
125.4
1-batch-2048x128
37.6
1-batch-128x512
23.4
1-batch-2048x4096
4117.2
1-batch-8192x32
43.8
1-batch-4096x128
66.4
1-batch-2048x8192
8230.4
1-batch-32x128
8.4
1-batch-32x8192
217.0
1-batch-512x8192
980.0
1-batch-32x2048
57.0
1-batch-128x128
10.0
1-batch-32x4096
110.4
1-batch-4096x8192
16158.6
1-batch-32x32
5.8
1-batch-4096x512
234.0
1-batch-2048x2048
725.8
1-batch-32x512
18.2
1-batch-128x32
6.2
1-batch-512x4096
294.8
1-batch-512x512
42.0
1-batch-128x8192
295.6
1-batch-2048x512
125.4
1-batch-128x4096
150.0
1-batch-8192x2048
8047.8
1-batch-2048x32
14.6
1-batch-512x2048
150.0
1-batch-4096x4096
8096.4
1-batch-512x32
8.0
1-batch-4096x32
24.4
1-batch-8192x8192
32068.6
1-batch-4096x2048
4058.6
