1-batch-8192x512
614.0
1-batch-128x2048
87.6
1-batch-8192x4096
8466.6
1-batch-512x128
17.0
1-batch-8192x128
165.6
1-batch-2048x128
47.2
1-batch-128x512
26.2
1-batch-2048x4096
1275.4
1-batch-8192x32
53.2
1-batch-4096x128
86.6
1-batch-2048x8192
3469.8
1-batch-32x128
10.4
1-batch-32x8192
336.2
1-batch-512x8192
750.6
1-batch-32x2048
88.8
1-batch-128x128
10.0
1-batch-32x4096
172.2
1-batch-4096x8192
8601.6
1-batch-32x32
7.2
1-batch-4096x512
316.0
1-batch-2048x2048
642.0
1-batch-32x512
26.2
1-batch-128x32
6.0
1-batch-512x4096
382.4
1-batch-512x512
52.2
1-batch-128x8192
339.0
1-batch-2048x512
166.6
1-batch-128x4096
171.0
1-batch-8192x2048
3233.2
1-batch-2048x32
17.0
1-batch-512x2048
193.6
1-batch-4096x4096
3222.0
1-batch-512x32
8.2
1-batch-4096x32
29.0
1-batch-8192x8192
16988.2
1-batch-4096x2048
1242.0
1-batch-32x32
7.2
