STARTING!
Duplicate flags: num_threads
Log parameter values verbosely: [0]
Min num runs: [200]
Min runs duration (seconds): [1e-09]
Num threads: [1]
Use caching: [1]
Min warmup runs: [2]
Min warmup runs duration (seconds): [1e-09]
Graph: [/home/pi/Desktop/run-single-mul-multibatch/models/f32i8/model-32-batch-512x2048.tflite]
Enable op profiling: [1]
#threads used for CPU inference: [1]
Use xnnpack: [0]
Loaded model /home/pi/Desktop/run-single-mul-multibatch/models/f32i8/model-32-batch-512x2048.tflite
INFO: Initialized TensorFlow Lite runtime.
Applying FC Low-Precision for Kernel shape (512, 2048, ), Input shape (32, 512, ), Output shape (32, 2048, ), ID: 0, Method: ULPPACKW4A4
	Allocating Filter Shape: (512, 2048, ) DONE
	Preparing Filter With Shape: (512, 2048, ) DONE
	Allocating An Input Temporary Tensor With Shape: (32, 512, ) DONE
The input model file size (MB): 1.04958
Initialized session in 12.651ms.
Running benchmark for at least 2 iterations and at least 1e-09 seconds but terminate if exceeding 150 seconds.
count=2 first=5936 curr=4836 min=4836 max=5936 avg=5386 std=550

Running benchmark for at least 200 iterations and at least 1e-09 seconds but terminate if exceeding 150 seconds.
count=200 first=4828 curr=4836 min=4697 max=4930 avg=4793.8 std=47

Inference timings in us: Init: 12651, First inference: 5936, Warmup (avg): 5386, Inference (avg): 4793.8
Note: as the benchmark tool itself affects memory footprint, the following is only APPROXIMATE to the actual memory footprint of the model at runtime. Take the information at your discretion.
Memory footprint delta from the start of the tool (MB): init=6.20312 overall=7.29297
Profiling Info for Benchmark Initialization:
============================== Run Order ==============================
	             [node type]	          [start]	  [first]	 [avg ms]	     [%]	  [cdf%]	  [mem KB]	[times called]	[Name]
	         AllocateTensors	            0.000	   11.140	   11.140	100.000%	100.000%	  2076.000	        1	AllocateTensors/0

============================== Top by Computation Time ==============================
	             [node type]	          [start]	  [first]	 [avg ms]	     [%]	  [cdf%]	  [mem KB]	[times called]	[Name]
	         AllocateTensors	            0.000	   11.140	   11.140	100.000%	100.000%	  2076.000	        1	AllocateTensors/0

Number of nodes executed: 1
============================== Summary by node type ==============================
	             [Node type]	  [count]	  [avg ms]	    [avg %]	    [cdf %]	  [mem KB]	[times called]
	         AllocateTensors	        1	    11.140	   100.000%	   100.000%	  2076.000	        1

Timings (microseconds): count=1 curr=11140
Memory (bytes): count=0
1 nodes observed



Operator-wise Profiling Info for Regular Benchmark Runs:
============================== Run Order ==============================
	             [node type]	          [start]	  [first]	 [avg ms]	     [%]	  [cdf%]	  [mem KB]	[times called]	[Name]
	         FULLY_CONNECTED	            0.010	    4.787	    4.761	100.000%	100.000%	     0.000	        1	[StatefulPartitionedCall:0]:0

============================== Top by Computation Time ==============================
	             [node type]	          [start]	  [first]	 [avg ms]	     [%]	  [cdf%]	  [mem KB]	[times called]	[Name]
	         FULLY_CONNECTED	            0.010	    4.787	    4.761	100.000%	100.000%	     0.000	        1	[StatefulPartitionedCall:0]:0

Number of nodes executed: 1
============================== Summary by node type ==============================
	             [Node type]	  [count]	  [avg ms]	    [avg %]	    [cdf %]	  [mem KB]	[times called]
	         FULLY_CONNECTED	        1	     4.760	   100.000%	   100.000%	     0.000	        1

Timings (microseconds): count=200 first=4787 curr=4803 min=4665 max=4898 avg=4760.7 std=47
Memory (bytes): count=0
1 nodes observed



[ perf record: Woken up 3 times to write data ]
[ perf record: Captured and wrote 0.748 MB /tmp/data.record (4029 samples) ]

2.583

