STARTING!
Duplicate flags: num_threads
Log parameter values verbosely: [0]
Min num runs: [200]
Min runs duration (seconds): [1e-09]
Num threads: [1]
Use caching: [1]
Min warmup runs: [2]
Min warmup runs duration (seconds): [1e-09]
Graph: [/home/pi/Desktop/run-single-mul-multibatch/models/f32i8/model-32-batch-64x1024.tflite]
Enable op profiling: [1]
#threads used for CPU inference: [1]
Use xnnpack: [0]
Loaded model /home/pi/Desktop/run-single-mul-multibatch/models/f32i8/model-32-batch-64x1024.tflite
INFO: Initialized TensorFlow Lite runtime.
Applying FC Low-Precision for Kernel shape (64, 1024, ), Input shape (32, 64, ), Output shape (32, 1024, ), ID: 0, Method: SelfDependentW4A4
	Allocating Filter Shape: (32, 1024, ) DONE
	Preparing Filter With Shape: (64, 1024, ) DONE
	Allocating An Input Temporary Tensor With Shape: (32, 32, ) DONE
The input model file size (MB): 0.066544
Initialized session in 7.777ms.
Running benchmark for at least 2 iterations and at least 1e-09 seconds but terminate if exceeding 150 seconds.
count=2 first=1330 curr=749 min=749 max=1330 avg=1039.5 std=290

Running benchmark for at least 200 iterations and at least 1e-09 seconds but terminate if exceeding 150 seconds.
count=200 first=870 curr=824 min=737 max=1086 avg=823.755 std=61

Inference timings in us: Init: 7777, First inference: 1330, Warmup (avg): 1039.5, Inference (avg): 823.755
Note: as the benchmark tool itself affects memory footprint, the following is only APPROXIMATE to the actual memory footprint of the model at runtime. Take the information at your discretion.
Memory footprint delta from the start of the tool (MB): init=4.11719 overall=4.86719
Profiling Info for Benchmark Initialization:
============================== Run Order ==============================
	             [node type]	          [start]	  [first]	 [avg ms]	     [%]	  [cdf%]	  [mem KB]	[times called]	[Name]
	         AllocateTensors	            0.000	    5.319	    5.319	100.000%	100.000%	     0.000	        1	AllocateTensors/0

============================== Top by Computation Time ==============================
	             [node type]	          [start]	  [first]	 [avg ms]	     [%]	  [cdf%]	  [mem KB]	[times called]	[Name]
	         AllocateTensors	            0.000	    5.319	    5.319	100.000%	100.000%	     0.000	        1	AllocateTensors/0

Number of nodes executed: 1
============================== Summary by node type ==============================
	             [Node type]	  [count]	  [avg ms]	    [avg %]	    [cdf %]	  [mem KB]	[times called]
	         AllocateTensors	        1	     5.319	   100.000%	   100.000%	     0.000	        1

Timings (microseconds): count=1 curr=5319
Memory (bytes): count=0
1 nodes observed



Operator-wise Profiling Info for Regular Benchmark Runs:
============================== Run Order ==============================
	             [node type]	          [start]	  [first]	 [avg ms]	     [%]	  [cdf%]	  [mem KB]	[times called]	[Name]
	         FULLY_CONNECTED	            0.009	    0.834	    0.796	100.000%	100.000%	     0.000	        1	[StatefulPartitionedCall:0]:0

============================== Top by Computation Time ==============================
	             [node type]	          [start]	  [first]	 [avg ms]	     [%]	  [cdf%]	  [mem KB]	[times called]	[Name]
	         FULLY_CONNECTED	            0.009	    0.834	    0.796	100.000%	100.000%	     0.000	        1	[StatefulPartitionedCall:0]:0

Number of nodes executed: 1
============================== Summary by node type ==============================
	             [Node type]	  [count]	  [avg ms]	    [avg %]	    [cdf %]	  [mem KB]	[times called]
	         FULLY_CONNECTED	        1	     0.795	   100.000%	   100.000%	     0.000	        1

Timings (microseconds): count=200 first=834 curr=795 min=715 max=1055 avg=795.975 std=58
Memory (bytes): count=0
1 nodes observed



[ perf record: Woken up 47 times to write data ]
[ perf record: Captured and wrote 0.127 MB /tmp/data.record (767 samples) ]

1.542

