1-batch-64x8192
135.0
1-batch-8192x512
545.0
1-batch-2048x256
69.0
1-batch-256x32
10.0
1-batch-128x2048
56.0
1-batch-4096x1024
543.0
1-batch-8192x1024
1470.0
1-batch-8192x4096
15296.0
1-batch-512x128
18.0
1-batch-8192x128
124.0
1-batch-8192x64
67.0
1-batch-512x256
26.0
1-batch-2048x128
39.0
1-batch-128x512
21.0
1-batch-2048x4096
1501.0
1-batch-8192x32
38.0
1-batch-4096x128
67.0
1-batch-2048x8192
3828.0
1-batch-32x128
10.0
1-batch-512x1024
77.0
1-batch-32x8192
107.0
1-batch-512x8192
642.0
1-batch-32x2048
34.0
1-batch-4096x256
126.0
1-batch-1024x2048
257.0
1-batch-1024x8192
1543.0
1-batch-64x64
10.0
1-batch-128x128
12.0
1-batch-64x512
17.0
1-batch-32x4096
58.0
1-batch-64x1024
25.0
1-batch-64x4096
73.0
1-batch-4096x8192
15372.0
1-batch-1024x1024
134.0
1-batch-32x32
9.0
1-batch-256x2048
84.0
1-batch-64x128
11.0
1-batch-4096x512
242.0
1-batch-2048x2048
556.0
1-batch-32x512
15.0
1-batch-256x128
13.0
1-batch-64x32
9.0
1-batch-256x8192
306.0
1-batch-128x32
9.0
1-batch-1024x4096
580.0
1-batch-1024x256
40.0
1-batch-512x64
13.0
1-batch-256x4096
158.0
1-batch-64x256
13.0
1-batch-512x4096
277.0
1-batch-128x256
14.0
1-batch-256x64
11.0
1-batch-512x512
44.0
1-batch-64x2048
41.0
1-batch-32x1024
22.0
1-batch-256x256
18.0
1-batch-128x1024
32.0
1-batch-1024x512
72.0
1-batch-128x8192
192.0
1-batch-2048x512
129.0
1-batch-128x4096
101.0
1-batch-256x512
28.0
1-batch-8192x2048
3562.0
1-batch-8192x256
239.0
1-batch-2048x32
17.0
1-batch-512x2048
143.0
1-batch-1024x32
13.0
1-batch-4096x4096
3607.0
1-batch-2048x1024
247.0
1-batch-1024x64
17.0
1-batch-512x32
11.0
1-batch-4096x32
24.0
1-batch-8192x8192
30590.0
1-batch-1024x128
25.0
1-batch-32x256
12.0
1-batch-256x1024
47.0
1-batch-128x64
10.0
1-batch-4096x2048
1481.0
1-batch-32x64
9.0
1-batch-4096x64
38.0
1-batch-2048x64
23.0
