STARTING!
Duplicate flags: num_threads
Log parameter values verbosely: [0]
Min num runs: [200]
Min runs duration (seconds): [1e-09]
Num threads: [1]
Use caching: [1]
Min warmup runs: [2]
Min warmup runs duration (seconds): [1e-09]
Graph: [/home/pi/Desktop/run-single-mul-multibatch/models/f32i8/model-64-batch-4096x2048.tflite]
Enable op profiling: [1]
#threads used for CPU inference: [1]
Use xnnpack: [0]
Loaded model /home/pi/Desktop/run-single-mul-multibatch/models/f32i8/model-64-batch-4096x2048.tflite
INFO: Initialized TensorFlow Lite runtime.
Applying FC Low-Precision for Kernel shape (4096, 2048, ), Input shape (64, 4096, ), Output shape (64, 2048, ), ID: 0, Method: BarrelShiftMulW8A8
	Allocating Filter Shape: (4096, 2048, ) DONE
	Preparing Filter With Shape: (4096, 2048, ) DONE
	Allocating An Input Temporary Tensor With Shape: (64, 4096, ) DONE
The input model file size (MB): 8.38962
Initialized session in 46.244ms.
Running benchmark for at least 2 iterations and at least 1e-09 seconds but terminate if exceeding 150 seconds.
count=2 first=63407 curr=59668 min=59668 max=63407 avg=61537.5 std=1869

Running benchmark for at least 200 iterations and at least 1e-09 seconds but terminate if exceeding 150 seconds.
count=200 first=59635 curr=62474 min=59367 max=65468 avg=60147.3 std=1092

Inference timings in us: Init: 46244, First inference: 63407, Warmup (avg): 61537.5, Inference (avg): 60147.3
Note: as the benchmark tool itself affects memory footprint, the following is only APPROXIMATE to the actual memory footprint of the model at runtime. Take the information at your discretion.
Memory footprint delta from the start of the tool (MB): init=20.2383 overall=24.1641
Profiling Info for Benchmark Initialization:
============================== Run Order ==============================
	             [node type]	          [start]	  [first]	 [avg ms]	     [%]	  [cdf%]	  [mem KB]	[times called]	[Name]
	         AllocateTensors	            0.000	   44.841	   44.841	100.000%	100.000%	 16452.000	        1	AllocateTensors/0

============================== Top by Computation Time ==============================
	             [node type]	          [start]	  [first]	 [avg ms]	     [%]	  [cdf%]	  [mem KB]	[times called]	[Name]
	         AllocateTensors	            0.000	   44.841	   44.841	100.000%	100.000%	 16452.000	        1	AllocateTensors/0

Number of nodes executed: 1
============================== Summary by node type ==============================
	             [Node type]	  [count]	  [avg ms]	    [avg %]	    [cdf %]	  [mem KB]	[times called]
	         AllocateTensors	        1	    44.841	   100.000%	   100.000%	 16452.000	        1

Timings (microseconds): count=1 curr=44841
Memory (bytes): count=0
1 nodes observed



Operator-wise Profiling Info for Regular Benchmark Runs:
============================== Run Order ==============================
	             [node type]	          [start]	  [first]	 [avg ms]	     [%]	  [cdf%]	  [mem KB]	[times called]	[Name]
	         FULLY_CONNECTED	            0.021	   59.584	   60.097	100.000%	100.000%	     0.000	        1	[StatefulPartitionedCall:0]:0

============================== Top by Computation Time ==============================
	             [node type]	          [start]	  [first]	 [avg ms]	     [%]	  [cdf%]	  [mem KB]	[times called]	[Name]
	         FULLY_CONNECTED	            0.021	   59.584	   60.097	100.000%	100.000%	     0.000	        1	[StatefulPartitionedCall:0]:0

Number of nodes executed: 1
============================== Summary by node type ==============================
	             [Node type]	  [count]	  [avg ms]	    [avg %]	    [cdf %]	  [mem KB]	[times called]
	         FULLY_CONNECTED	        1	    60.096	   100.000%	   100.000%	     0.000	        1

Timings (microseconds): count=200 first=59584 curr=62427 min=59321 max=65422 avg=60096.8 std=1091
Memory (bytes): count=0
1 nodes observed



[ perf record: Woken up 39 times to write data ]
[ perf record: Captured and wrote 9.693 MB /tmp/data.record (49562 samples) ]

13.548

