1-batch-128x128
12.3145
1-batch-128x2048
107.57
1-batch-128x32
7.057
1-batch-128x4096
208.862
1-batch-128x512
25.9205
1-batch-128x8192
415.911
1-batch-2048x128
45.904
1-batch-2048x2048
592.23
1-batch-2048x32
18.053
1-batch-2048x4096
1179.42
1-batch-2048x512
153.292
1-batch-2048x8192
2469.12
1-batch-32x128
10.1065
1-batch-32x2048
58.711
1-batch-32x32
6.4335
1-batch-32x4096
161.579
1-batch-32x512
23.881
1-batch-32x8192
311.191
1-batch-4096x128
84.237
1-batch-4096x2048
1152.67
1-batch-4096x32
29.8715
1-batch-4096x4096
2341.46
1-batch-4096x512
302.414
1-batch-4096x8192
4633.68
1-batch-512x128
18.5655
1-batch-512x2048
210.584
1-batch-512x32
9.4085
1-batch-512x4096
367.691
1-batch-512x512
56.544
1-batch-512x8192
729.711
1-batch-8192x128
159.054
1-batch-8192x2048
2257.94
1-batch-8192x32
52.712
1-batch-8192x4096
4464.38
1-batch-8192x512
578.856
1-batch-8192x8192
8962.94
