STARTING!
Duplicate flags: num_threads
Log parameter values verbosely: [0]
Min num runs: [100]
Min runs duration (seconds): [1e-09]
Num threads: [1]
Use caching: [1]
Min warmup runs: [2]
Min warmup runs duration (seconds): [1e-09]
Graph: [/home/pi/Desktop/CNNs-ResNet101-DenseNet201-InceptionV3/models/i8i8/InceptionV3.tflite]
Enable op profiling: [1]
#threads used for CPU inference: [1]
Use xnnpack: [0]
Loaded model /home/pi/Desktop/CNNs-ResNet101-DenseNet201-InceptionV3/models/i8i8/InceptionV3.tflite
INFO: Initialized TensorFlow Lite runtime.
NOT Applying Conv Low-Precision for Kernel shape (27, 32, ), Input shape (89401, 3, ) (or (22201, 27, )), Output shape (22201, 32, ), ID: 0, Method: NoOptimization
	Changing Input Shape
	New Input Shape: (22201, 27, )
	No Changes To Appliability.
NOT Applying Conv Low-Precision for Kernel shape (288, 32, ), Input shape (22201, 32, ) (or (21609, 288, )), Output shape (21609, 32, ), ID: 1, Method: NoOptimization
	Changing Input Shape
	New Input Shape: (21609, 288, )
	No Changes To Appliability.
NOT Applying Conv Low-Precision for Kernel shape (288, 64, ), Input shape (21609, 32, ) (or (21609, 288, )), Output shape (21609, 64, ), ID: 2, Method: NoOptimization
	Changing Input Shape
	New Input Shape: (21609, 288, )
	No Changes To Appliability.
NOT Applying Conv Low-Precision for Kernel shape (64, 80, ), Input shape (5329, 64, ) (or (5329, 64, )), Output shape (5329, 80, ), ID: 3, Method: NoOptimization
	Changing Input Shape
	New Input Shape: (5329, 64, )
	No Changes To Appliability.
NOT Applying Conv Low-Precision for Kernel shape (720, 192, ), Input shape (5329, 80, ) (or (5041, 720, )), Output shape (5041, 192, ), ID: 4, Method: NoOptimization
	Changing Input Shape
	New Input Shape: (5041, 720, )
	No Changes To Appliability.
NOT Applying Conv Low-Precision for Kernel shape (192, 32, ), Input shape (1225, 192, ) (or (1225, 192, )), Output shape (1225, 32, ), ID: 5, Method: NoOptimization
	Changing Input Shape
	New Input Shape: (1225, 192, )
	No Changes To Appliability.
NOT Applying Conv Low-Precision for Kernel shape (192, 64, ), Input shape (1225, 192, ) (or (1225, 192, )), Output shape (1225, 64, ), ID: 6, Method: NoOptimization
	Changing Input Shape
	New Input Shape: (1225, 192, )
	No Changes To Appliability.
NOT Applying Conv Low-Precision for Kernel shape (192, 48, ), Input shape (1225, 192, ) (or (1225, 192, )), Output shape (1225, 48, ), ID: 7, Method: NoOptimization
	Changing Input Shape
	New Input Shape: (1225, 192, )
	No Changes To Appliability.
NOT Applying Conv Low-Precision for Kernel shape (1200, 64, ), Input shape (1225, 48, ) (or (1225, 1200, )), Output shape (1225, 64, ), ID: 8, Method: NoOptimization
	Changing Input Shape
	New Input Shape: (1225, 1200, )
	No Changes To Appliability.
NOT Applying Conv Low-Precision for Kernel shape (192, 64, ), Input shape (1225, 192, ) (or (1225, 192, )), Output shape (1225, 64, ), ID: 9, Method: NoOptimization
	Changing Input Shape
	New Input Shape: (1225, 192, )
	No Changes To Appliability.
NOT Applying Conv Low-Precision for Kernel shape (576, 96, ), Input shape (1225, 64, ) (or (1225, 576, )), Output shape (1225, 96, ), ID: 10, Method: NoOptimization
	Changing Input Shape
	New Input Shape: (1225, 576, )
	No Changes To Appliability.
NOT Applying Conv Low-Precision for Kernel shape (864, 96, ), Input shape (1225, 96, ) (or (1225, 864, )), Output shape (1225, 96, ), ID: 11, Method: NoOptimization
	Changing Input Shape
	New Input Shape: (1225, 864, )
	No Changes To Appliability.
NOT Applying Conv Low-Precision for Kernel shape (256, 64, ), Input shape (1225, 256, ) (or (1225, 256, )), Output shape (1225, 64, ), ID: 12, Method: NoOptimization
	Changing Input Shape
	New Input Shape: (1225, 256, )
	No Changes To Appliability.
NOT Applying Conv Low-Precision for Kernel shape (256, 64, ), Input shape (1225, 256, ) (or (1225, 256, )), Output shape (1225, 64, ), ID: 13, Method: NoOptimization
	Changing Input Shape
	New Input Shape: (1225, 256, )
	No Changes To Appliability.
NOT Applying Conv Low-Precision for Kernel shape (256, 48, ), Input shape (1225, 256, ) (or (1225, 256, )), Output shape (1225, 48, ), ID: 14, Method: NoOptimization
	Changing Input Shape
	New Input Shape: (1225, 256, )
	No Changes To Appliability.
NOT Applying Conv Low-Precision for Kernel shape (1200, 64, ), Input shape (1225, 48, ) (or (1225, 1200, )), Output shape (1225, 64, ), ID: 15, Method: NoOptimization
	Changing Input Shape
	New Input Shape: (1225, 1200, )
	No Changes To Appliability.
NOT Applying Conv Low-Precision for Kernel shape (256, 64, ), Input shape (1225, 256, ) (or (1225, 256, )), Output shape (1225, 64, ), ID: 16, Method: NoOptimization
	Changing Input Shape
	New Input Shape: (1225, 256, )
	No Changes To Appliability.
NOT Applying Conv Low-Precision for Kernel shape (576, 96, ), Input shape (1225, 64, ) (or (1225, 576, )), Output shape (1225, 96, ), ID: 17, Method: NoOptimization
	Changing Input Shape
	New Input Shape: (1225, 576, )
	No Changes To Appliability.
NOT Applying Conv Low-Precision for Kernel shape (864, 96, ), Input shape (1225, 96, ) (or (1225, 864, )), Output shape (1225, 96, ), ID: 18, Method: NoOptimization
	Changing Input Shape
	New Input Shape: (1225, 864, )
	No Changes To Appliability.
NOT Applying Conv Low-Precision for Kernel shape (288, 64, ), Input shape (1225, 288, ) (or (1225, 288, )), Output shape (1225, 64, ), ID: 19, Method: NoOptimization
	Changing Input Shape
	New Input Shape: (1225, 288, )
	No Changes To Appliability.
NOT Applying Conv Low-Precision for Kernel shape (288, 64, ), Input shape (1225, 288, ) (or (1225, 288, )), Output shape (1225, 64, ), ID: 20, Method: NoOptimization
	Changing Input Shape
	New Input Shape: (1225, 288, )
	No Changes To Appliability.
NOT Applying Conv Low-Precision for Kernel shape (288, 48, ), Input shape (1225, 288, ) (or (1225, 288, )), Output shape (1225, 48, ), ID: 21, Method: NoOptimization
	Changing Input Shape
	New Input Shape: (1225, 288, )
	No Changes To Appliability.
NOT Applying Conv Low-Precision for Kernel shape (1200, 64, ), Input shape (1225, 48, ) (or (1225, 1200, )), Output shape (1225, 64, ), ID: 22, Method: NoOptimization
	Changing Input Shape
	New Input Shape: (1225, 1200, )
	No Changes To Appliability.
NOT Applying Conv Low-Precision for Kernel shape (288, 64, ), Input shape (1225, 288, ) (or (1225, 288, )), Output shape (1225, 64, ), ID: 23, Method: NoOptimization
	Changing Input Shape
	New Input Shape: (1225, 288, )
	No Changes To Appliability.
NOT Applying Conv Low-Precision for Kernel shape (576, 96, ), Input shape (1225, 64, ) (or (1225, 576, )), Output shape (1225, 96, ), ID: 24, Method: NoOptimization
	Changing Input Shape
	New Input Shape: (1225, 576, )
	No Changes To Appliability.
NOT Applying Conv Low-Precision for Kernel shape (864, 96, ), Input shape (1225, 96, ) (or (1225, 864, )), Output shape (1225, 96, ), ID: 25, Method: NoOptimization
	Changing Input Shape
	New Input Shape: (1225, 864, )
	No Changes To Appliability.
NOT Applying Conv Low-Precision for Kernel shape (2592, 384, ), Input shape (1225, 288, ) (or (289, 2592, )), Output shape (289, 384, ), ID: 26, Method: NoOptimization
	Changing Input Shape
	New Input Shape: (289, 2592, )
	No Changes To Appliability.
NOT Applying Conv Low-Precision for Kernel shape (288, 64, ), Input shape (1225, 288, ) (or (1225, 288, )), Output shape (1225, 64, ), ID: 27, Method: NoOptimization
	Changing Input Shape
	New Input Shape: (1225, 288, )
	No Changes To Appliability.
NOT Applying Conv Low-Precision for Kernel shape (576, 96, ), Input shape (1225, 64, ) (or (1225, 576, )), Output shape (1225, 96, ), ID: 28, Method: NoOptimization
	Changing Input Shape
	New Input Shape: (1225, 576, )
	No Changes To Appliability.
NOT Applying Conv Low-Precision for Kernel shape (864, 96, ), Input shape (1225, 96, ) (or (289, 864, )), Output shape (289, 96, ), ID: 29, Method: NoOptimization
	Changing Input Shape
	New Input Shape: (289, 864, )
	No Changes To Appliability.
NOT Applying Conv Low-Precision for Kernel shape (768, 192, ), Input shape (289, 768, ) (or (289, 768, )), Output shape (289, 192, ), ID: 30, Method: NoOptimization
	Changing Input Shape
	New Input Shape: (289, 768, )
	No Changes To Appliability.
NOT Applying Conv Low-Precision for Kernel shape (768, 192, ), Input shape (289, 768, ) (or (289, 768, )), Output shape (289, 192, ), ID: 31, Method: NoOptimization
	Changing Input Shape
	New Input Shape: (289, 768, )
	No Changes To Appliability.
NOT Applying Conv Low-Precision for Kernel shape (768, 128, ), Input shape (289, 768, ) (or (289, 768, )), Output shape (289, 128, ), ID: 32, Method: NoOptimization
	Changing Input Shape
	New Input Shape: (289, 768, )
	No Changes To Appliability.
NOT Applying Conv Low-Precision for Kernel shape (896, 128, ), Input shape (289, 128, ) (or (289, 896, )), Output shape (289, 128, ), ID: 33, Method: NoOptimization
	Changing Input Shape
	New Input Shape: (289, 896, )
	No Changes To Appliability.
NOT Applying Conv Low-Precision for Kernel shape (896, 192, ), Input shape (289, 128, ) (or (289, 896, )), Output shape (289, 192, ), ID: 34, Method: NoOptimization
	Changing Input Shape
	New Input Shape: (289, 896, )
	No Changes To Appliability.
NOT Applying Conv Low-Precision for Kernel shape (768, 128, ), Input shape (289, 768, ) (or (289, 768, )), Output shape (289, 128, ), ID: 35, Method: NoOptimization
	Changing Input Shape
	New Input Shape: (289, 768, )
	No Changes To Appliability.
NOT Applying Conv Low-Precision for Kernel shape (896, 128, ), Input shape (289, 128, ) (or (289, 896, )), Output shape (289, 128, ), ID: 36, Method: NoOptimization
	Changing Input Shape
	New Input Shape: (289, 896, )
	No Changes To Appliability.
NOT Applying Conv Low-Precision for Kernel shape (896, 128, ), Input shape (289, 128, ) (or (289, 896, )), Output shape (289, 128, ), ID: 37, Method: NoOptimization
	Changing Input Shape
	New Input Shape: (289, 896, )
	No Changes To Appliability.
NOT Applying Conv Low-Precision for Kernel shape (896, 128, ), Input shape (289, 128, ) (or (289, 896, )), Output shape (289, 128, ), ID: 38, Method: NoOptimization
	Changing Input Shape
	New Input Shape: (289, 896, )
	No Changes To Appliability.
NOT Applying Conv Low-Precision for Kernel shape (896, 192, ), Input shape (289, 128, ) (or (289, 896, )), Output shape (289, 192, ), ID: 39, Method: NoOptimization
	Changing Input Shape
	New Input Shape: (289, 896, )
	No Changes To Appliability.
NOT Applying Conv Low-Precision for Kernel shape (768, 192, ), Input shape (289, 768, ) (or (289, 768, )), Output shape (289, 192, ), ID: 40, Method: NoOptimization
	Changing Input Shape
	New Input Shape: (289, 768, )
	No Changes To Appliability.
NOT Applying Conv Low-Precision for Kernel shape (768, 192, ), Input shape (289, 768, ) (or (289, 768, )), Output shape (289, 192, ), ID: 41, Method: NoOptimization
	Changing Input Shape
	New Input Shape: (289, 768, )
	No Changes To Appliability.
NOT Applying Conv Low-Precision for Kernel shape (768, 160, ), Input shape (289, 768, ) (or (289, 768, )), Output shape (289, 160, ), ID: 42, Method: NoOptimization
	Changing Input Shape
	New Input Shape: (289, 768, )
	No Changes To Appliability.
NOT Applying Conv Low-Precision for Kernel shape (1120, 160, ), Input shape (289, 160, ) (or (289, 1120, )), Output shape (289, 160, ), ID: 43, Method: NoOptimization
	Changing Input Shape
	New Input Shape: (289, 1120, )
	No Changes To Appliability.
NOT Applying Conv Low-Precision for Kernel shape (1120, 192, ), Input shape (289, 160, ) (or (289, 1120, )), Output shape (289, 192, ), ID: 44, Method: NoOptimization
	Changing Input Shape
	New Input Shape: (289, 1120, )
	No Changes To Appliability.
NOT Applying Conv Low-Precision for Kernel shape (768, 160, ), Input shape (289, 768, ) (or (289, 768, )), Output shape (289, 160, ), ID: 45, Method: NoOptimization
	Changing Input Shape
	New Input Shape: (289, 768, )
	No Changes To Appliability.
NOT Applying Conv Low-Precision for Kernel shape (1120, 160, ), Input shape (289, 160, ) (or (289, 1120, )), Output shape (289, 160, ), ID: 46, Method: NoOptimization
	Changing Input Shape
	New Input Shape: (289, 1120, )
	No Changes To Appliability.
NOT Applying Conv Low-Precision for Kernel shape (1120, 160, ), Input shape (289, 160, ) (or (289, 1120, )), Output shape (289, 160, ), ID: 47, Method: NoOptimization
	Changing Input Shape
	New Input Shape: (289, 1120, )
	No Changes To Appliability.
NOT Applying Conv Low-Precision for Kernel shape (1120, 160, ), Input shape (289, 160, ) (or (289, 1120, )), Output shape (289, 160, ), ID: 48, Method: NoOptimization
	Changing Input Shape
	New Input Shape: (289, 1120, )
	No Changes To Appliability.
NOT Applying Conv Low-Precision for Kernel shape (1120, 192, ), Input shape (289, 160, ) (or (289, 1120, )), Output shape (289, 192, ), ID: 49, Method: NoOptimization
	Changing Input Shape
	New Input Shape: (289, 1120, )
	No Changes To Appliability.
NOT Applying Conv Low-Precision for Kernel shape (768, 192, ), Input shape (289, 768, ) (or (289, 768, )), Output shape (289, 192, ), ID: 50, Method: NoOptimization
	Changing Input Shape
	New Input Shape: (289, 768, )
	No Changes To Appliability.
NOT Applying Conv Low-Precision for Kernel shape (768, 192, ), Input shape (289, 768, ) (or (289, 768, )), Output shape (289, 192, ), ID: 51, Method: NoOptimization
	Changing Input Shape
	New Input Shape: (289, 768, )
	No Changes To Appliability.
NOT Applying Conv Low-Precision for Kernel shape (768, 160, ), Input shape (289, 768, ) (or (289, 768, )), Output shape (289, 160, ), ID: 52, Method: NoOptimization
	Changing Input Shape
	New Input Shape: (289, 768, )
	No Changes To Appliability.
NOT Applying Conv Low-Precision for Kernel shape (1120, 160, ), Input shape (289, 160, ) (or (289, 1120, )), Output shape (289, 160, ), ID: 53, Method: NoOptimization
	Changing Input Shape
	New Input Shape: (289, 1120, )
	No Changes To Appliability.
NOT Applying Conv Low-Precision for Kernel shape (1120, 192, ), Input shape (289, 160, ) (or (289, 1120, )), Output shape (289, 192, ), ID: 54, Method: NoOptimization
	Changing Input Shape
	New Input Shape: (289, 1120, )
	No Changes To Appliability.
NOT Applying Conv Low-Precision for Kernel shape (768, 160, ), Input shape (289, 768, ) (or (289, 768, )), Output shape (289, 160, ), ID: 55, Method: NoOptimization
	Changing Input Shape
	New Input Shape: (289, 768, )
	No Changes To Appliability.
NOT Applying Conv Low-Precision for Kernel shape (1120, 160, ), Input shape (289, 160, ) (or (289, 1120, )), Output shape (289, 160, ), ID: 56, Method: NoOptimization
	Changing Input Shape
	New Input Shape: (289, 1120, )
	No Changes To Appliability.
NOT Applying Conv Low-Precision for Kernel shape (1120, 160, ), Input shape (289, 160, ) (or (289, 1120, )), Output shape (289, 160, ), ID: 57, Method: NoOptimization
	Changing Input Shape
	New Input Shape: (289, 1120, )
	No Changes To Appliability.
NOT Applying Conv Low-Precision for Kernel shape (1120, 160, ), Input shape (289, 160, ) (or (289, 1120, )), Output shape (289, 160, ), ID: 58, Method: NoOptimization
	Changing Input Shape
	New Input Shape: (289, 1120, )
	No Changes To Appliability.
NOT Applying Conv Low-Precision for Kernel shape (1120, 192, ), Input shape (289, 160, ) (or (289, 1120, )), Output shape (289, 192, ), ID: 59, Method: NoOptimization
	Changing Input Shape
	New Input Shape: (289, 1120, )
	No Changes To Appliability.
NOT Applying Conv Low-Precision for Kernel shape (768, 192, ), Input shape (289, 768, ) (or (289, 768, )), Output shape (289, 192, ), ID: 60, Method: NoOptimization
	Changing Input Shape
	New Input Shape: (289, 768, )
	No Changes To Appliability.
NOT Applying Conv Low-Precision for Kernel shape (768, 192, ), Input shape (289, 768, ) (or (289, 768, )), Output shape (289, 192, ), ID: 61, Method: NoOptimization
	Changing Input Shape
	New Input Shape: (289, 768, )
	No Changes To Appliability.
NOT Applying Conv Low-Precision for Kernel shape (768, 192, ), Input shape (289, 768, ) (or (289, 768, )), Output shape (289, 192, ), ID: 62, Method: NoOptimization
	Changing Input Shape
	New Input Shape: (289, 768, )
	No Changes To Appliability.
NOT Applying Conv Low-Precision for Kernel shape (1344, 192, ), Input shape (289, 192, ) (or (289, 1344, )), Output shape (289, 192, ), ID: 63, Method: NoOptimization
	Changing Input Shape
	New Input Shape: (289, 1344, )
	No Changes To Appliability.
NOT Applying Conv Low-Precision for Kernel shape (1344, 192, ), Input shape (289, 192, ) (or (289, 1344, )), Output shape (289, 192, ), ID: 64, Method: NoOptimization
	Changing Input Shape
	New Input Shape: (289, 1344, )
	No Changes To Appliability.
NOT Applying Conv Low-Precision for Kernel shape (768, 192, ), Input shape (289, 768, ) (or (289, 768, )), Output shape (289, 192, ), ID: 65, Method: NoOptimization
	Changing Input Shape
	New Input Shape: (289, 768, )
	No Changes To Appliability.
NOT Applying Conv Low-Precision for Kernel shape (1344, 192, ), Input shape (289, 192, ) (or (289, 1344, )), Output shape (289, 192, ), ID: 66, Method: NoOptimization
	Changing Input Shape
	New Input Shape: (289, 1344, )
	No Changes To Appliability.
NOT Applying Conv Low-Precision for Kernel shape (1344, 192, ), Input shape (289, 192, ) (or (289, 1344, )), Output shape (289, 192, ), ID: 67, Method: NoOptimization
	Changing Input Shape
	New Input Shape: (289, 1344, )
	No Changes To Appliability.
NOT Applying Conv Low-Precision for Kernel shape (1344, 192, ), Input shape (289, 192, ) (or (289, 1344, )), Output shape (289, 192, ), ID: 68, Method: NoOptimization
	Changing Input Shape
	New Input Shape: (289, 1344, )
	No Changes To Appliability.
NOT Applying Conv Low-Precision for Kernel shape (1344, 192, ), Input shape (289, 192, ) (or (289, 1344, )), Output shape (289, 192, ), ID: 69, Method: NoOptimization
	Changing Input Shape
	New Input Shape: (289, 1344, )
	No Changes To Appliability.
NOT Applying Conv Low-Precision for Kernel shape (768, 192, ), Input shape (289, 768, ) (or (289, 768, )), Output shape (289, 192, ), ID: 70, Method: NoOptimization
	Changing Input Shape
	New Input Shape: (289, 768, )
	No Changes To Appliability.
NOT Applying Conv Low-Precision for Kernel shape (1728, 320, ), Input shape (289, 192, ) (or (64, 1728, )), Output shape (64, 320, ), ID: 71, Method: NoOptimization
	Changing Input Shape
	New Input Shape: (64, 1728, )
	No Changes To Appliability.
NOT Applying Conv Low-Precision for Kernel shape (768, 192, ), Input shape (289, 768, ) (or (289, 768, )), Output shape (289, 192, ), ID: 72, Method: NoOptimization
	Changing Input Shape
	New Input Shape: (289, 768, )
	No Changes To Appliability.
NOT Applying Conv Low-Precision for Kernel shape (1344, 192, ), Input shape (289, 192, ) (or (289, 1344, )), Output shape (289, 192, ), ID: 73, Method: NoOptimization
	Changing Input Shape
	New Input Shape: (289, 1344, )
	No Changes To Appliability.
NOT Applying Conv Low-Precision for Kernel shape (1344, 192, ), Input shape (289, 192, ) (or (289, 1344, )), Output shape (289, 192, ), ID: 74, Method: NoOptimization
	Changing Input Shape
	New Input Shape: (289, 1344, )
	No Changes To Appliability.
NOT Applying Conv Low-Precision for Kernel shape (1728, 192, ), Input shape (289, 192, ) (or (64, 1728, )), Output shape (64, 192, ), ID: 75, Method: NoOptimization
	Changing Input Shape
	New Input Shape: (64, 1728, )
	No Changes To Appliability.
NOT Applying Conv Low-Precision for Kernel shape (1280, 192, ), Input shape (64, 1280, ) (or (64, 1280, )), Output shape (64, 192, ), ID: 76, Method: NoOptimization
	Changing Input Shape
	New Input Shape: (64, 1280, )
	No Changes To Appliability.
NOT Applying Conv Low-Precision for Kernel shape (1280, 320, ), Input shape (64, 1280, ) (or (64, 1280, )), Output shape (64, 320, ), ID: 77, Method: NoOptimization
	Changing Input Shape
	New Input Shape: (64, 1280, )
	No Changes To Appliability.
NOT Applying Conv Low-Precision for Kernel shape (1280, 384, ), Input shape (64, 1280, ) (or (64, 1280, )), Output shape (64, 384, ), ID: 78, Method: NoOptimization
	Changing Input Shape
	New Input Shape: (64, 1280, )
	No Changes To Appliability.
NOT Applying Conv Low-Precision for Kernel shape (1152, 384, ), Input shape (64, 384, ) (or (64, 1152, )), Output shape (64, 384, ), ID: 79, Method: NoOptimization
	Changing Input Shape
	New Input Shape: (64, 1152, )
	No Changes To Appliability.
NOT Applying Conv Low-Precision for Kernel shape (1152, 384, ), Input shape (64, 384, ) (or (64, 1152, )), Output shape (64, 384, ), ID: 80, Method: NoOptimization
	Changing Input Shape
	New Input Shape: (64, 1152, )
	No Changes To Appliability.
NOT Applying Conv Low-Precision for Kernel shape (1280, 448, ), Input shape (64, 1280, ) (or (64, 1280, )), Output shape (64, 448, ), ID: 81, Method: NoOptimization
	Changing Input Shape
	New Input Shape: (64, 1280, )
	No Changes To Appliability.
NOT Applying Conv Low-Precision for Kernel shape (4032, 384, ), Input shape (64, 448, ) (or (64, 4032, )), Output shape (64, 384, ), ID: 82, Method: NoOptimization
	Changing Input Shape
	New Input Shape: (64, 4032, )
	No Changes To Appliability.
NOT Applying Conv Low-Precision for Kernel shape (1152, 384, ), Input shape (64, 384, ) (or (64, 1152, )), Output shape (64, 384, ), ID: 83, Method: NoOptimization
	Changing Input Shape
	New Input Shape: (64, 1152, )
	No Changes To Appliability.
NOT Applying Conv Low-Precision for Kernel shape (1152, 384, ), Input shape (64, 384, ) (or (64, 1152, )), Output shape (64, 384, ), ID: 84, Method: NoOptimization
	Changing Input Shape
	New Input Shape: (64, 1152, )
	No Changes To Appliability.
NOT Applying Conv Low-Precision for Kernel shape (2048, 192, ), Input shape (64, 2048, ) (or (64, 2048, )), Output shape (64, 192, ), ID: 85, Method: NoOptimization
	Changing Input Shape
	New Input Shape: (64, 2048, )
	No Changes To Appliability.
NOT Applying Conv Low-Precision for Kernel shape (2048, 320, ), Input shape (64, 2048, ) (or (64, 2048, )), Output shape (64, 320, ), ID: 86, Method: NoOptimization
	Changing Input Shape
	New Input Shape: (64, 2048, )
	No Changes To Appliability.
NOT Applying Conv Low-Precision for Kernel shape (2048, 384, ), Input shape (64, 2048, ) (or (64, 2048, )), Output shape (64, 384, ), ID: 87, Method: NoOptimization
	Changing Input Shape
	New Input Shape: (64, 2048, )
	No Changes To Appliability.
NOT Applying Conv Low-Precision for Kernel shape (1152, 384, ), Input shape (64, 384, ) (or (64, 1152, )), Output shape (64, 384, ), ID: 88, Method: NoOptimization
	Changing Input Shape
	New Input Shape: (64, 1152, )
	No Changes To Appliability.
NOT Applying Conv Low-Precision for Kernel shape (1152, 384, ), Input shape (64, 384, ) (or (64, 1152, )), Output shape (64, 384, ), ID: 89, Method: NoOptimization
	Changing Input Shape
	New Input Shape: (64, 1152, )
	No Changes To Appliability.
NOT Applying Conv Low-Precision for Kernel shape (2048, 448, ), Input shape (64, 2048, ) (or (64, 2048, )), Output shape (64, 448, ), ID: 90, Method: NoOptimization
	Changing Input Shape
	New Input Shape: (64, 2048, )
	No Changes To Appliability.
NOT Applying Conv Low-Precision for Kernel shape (4032, 384, ), Input shape (64, 448, ) (or (64, 4032, )), Output shape (64, 384, ), ID: 91, Method: NoOptimization
	Changing Input Shape
	New Input Shape: (64, 4032, )
	No Changes To Appliability.
NOT Applying Conv Low-Precision for Kernel shape (1152, 384, ), Input shape (64, 384, ) (or (64, 1152, )), Output shape (64, 384, ), ID: 92, Method: NoOptimization
	Changing Input Shape
	New Input Shape: (64, 1152, )
	No Changes To Appliability.
NOT Applying Conv Low-Precision for Kernel shape (1152, 384, ), Input shape (64, 384, ) (or (64, 1152, )), Output shape (64, 384, ), ID: 93, Method: NoOptimization
	Changing Input Shape
	New Input Shape: (64, 1152, )
	No Changes To Appliability.
NOT Applying FC Low-Precision for Kernel shape (2048, 1000, ), Input shape (1, 2048, ), Output shape (1, 1000, ), ID: 0, Method: NoOptimization
The input model file size (MB): 24.2886
Initialized session in 19.049ms.
Running benchmark for at least 2 iterations and at least 1e-09 seconds but terminate if exceeding 150 seconds.
count=2 first=909617 curr=858695 min=858695 max=909617 avg=884156 std=25461

Running benchmark for at least 100 iterations and at least 1e-09 seconds but terminate if exceeding 150 seconds.
count=100 first=857033 curr=855598 min=854266 max=858062 avg=855833 std=698

Inference timings in us: Init: 19049, First inference: 909617, Warmup (avg): 884156, Inference (avg): 855833
Note: as the benchmark tool itself affects memory footprint, the following is only APPROXIMATE to the actual memory footprint of the model at runtime. Take the information at your discretion.
Memory footprint delta from the start of the tool (MB): init=9.91797 overall=44.3984
Profiling Info for Benchmark Initialization:
============================== Run Order ==============================
	             [node type]	          [start]	  [first]	 [avg ms]	     [%]	  [cdf%]	  [mem KB]	[times called]	[Name]
	         AllocateTensors	            0.000	   14.461	   14.461	100.000%	100.000%	     0.000	        1	AllocateTensors/0

============================== Top by Computation Time ==============================
	             [node type]	          [start]	  [first]	 [avg ms]	     [%]	  [cdf%]	  [mem KB]	[times called]	[Name]
	         AllocateTensors	            0.000	   14.461	   14.461	100.000%	100.000%	     0.000	        1	AllocateTensors/0

Number of nodes executed: 1
============================== Summary by node type ==============================
	             [Node type]	  [count]	  [avg ms]	    [avg %]	    [cdf %]	  [mem KB]	[times called]
	         AllocateTensors	        1	    14.461	   100.000%	   100.000%	     0.000	        1

Timings (microseconds): count=1 curr=14461
Memory (bytes): count=0
1 nodes observed



Operator-wise Profiling Info for Regular Benchmark Runs:
============================== Run Order ==============================
	             [node type]	          [start]	  [first]	 [avg ms]	     [%]	  [cdf%]	  [mem KB]	[times called]	[Name]
	                 CONV_2D	            0.014	    8.520	    8.502	  0.994%	  0.994%	     0.000	        1	[inception_v3/activation/Relu;inception_v3/batch_normalization/FusedBatchNormV3;inception_v3/batch_normalization_11/FusedBatchNormV3/ReadVariableOp;inception_v3/conv2d/Conv2D]:0
	                 CONV_2D	            8.517	   42.752	   41.357	  4.833%	  5.827%	     0.000	        1	[inception_v3/activation_1/Relu;inception_v3/batch_normalization_1/FusedBatchNormV3;inception_v3/batch_normalization_11/FusedBatchNormV3/ReadVariableOp;inception_v3/conv2d_1/Conv2D]:1
	                 CONV_2D	           49.876	   68.122	   68.160	  7.966%	 13.793%	     0.000	        1	[inception_v3/activation_2/Relu;inception_v3/batch_normalization_2/FusedBatchNormV3;inception_v3/batch_normalization_12/FusedBatchNormV3/ReadVariableOp;inception_v3/conv2d_2/Conv2D]:2
	             MAX_POOL_2D	          118.037	    0.973	    1.019	  0.119%	 13.912%	     0.000	        1	[inception_v3/max_pooling2d/MaxPool]:3
	                 CONV_2D	          119.056	    5.757	    5.830	  0.681%	 14.593%	     0.000	        1	[inception_v3/activation_3/Relu;inception_v3/batch_normalization_3/FusedBatchNormV3;inception_v3/batch_normalization_3/FusedBatchNormV3/ReadVariableOp;inception_v3/conv2d_3/Conv2D]:4
	                 CONV_2D	          124.888	   96.337	   96.310	 11.256%	 25.849%	     0.000	        1	[inception_v3/activation_4/Relu;inception_v3/batch_normalization_4/FusedBatchNormV3;inception_v3/batch_normalization_30/FusedBatchNormV3/ReadVariableOp;inception_v3/conv2d_4/Conv2D]:5
	             MAX_POOL_2D	          221.199	    0.651	    0.560	  0.065%	 25.914%	     0.000	        1	[inception_v3/max_pooling2d_1/MaxPool]:6
	         AVERAGE_POOL_2D	          221.760	    2.280	    2.321	  0.271%	 26.185%	     0.000	        1	[inception_v3/average_pooling2d/AvgPool]:7
	                 CONV_2D	          224.081	    1.254	    1.269	  0.148%	 26.334%	     0.000	        1	[inception_v3/activation_11/Relu;inception_v3/batch_normalization_11/FusedBatchNormV3;inception_v3/batch_normalization_11/FusedBatchNormV3/ReadVariableOp;inception_v3/conv2d_11/Conv2D]:8
	                 CONV_2D	          225.351	    2.342	    2.325	  0.272%	 26.605%	     0.000	        1	[inception_v3/activation_5/Relu;inception_v3/batch_normalization_5/FusedBatchNormV3;inception_v3/batch_normalization_12/FusedBatchNormV3/ReadVariableOp;inception_v3/conv2d_5/Conv2D]:9
	                 CONV_2D	          227.676	    1.804	    1.799	  0.210%	 26.815%	     0.000	        1	[inception_v3/activation_6/Relu;inception_v3/batch_normalization_6/FusedBatchNormV3;inception_v3/batch_normalization_13/FusedBatchNormV3/ReadVariableOp;inception_v3/conv2d_6/Conv2D]:10
	                 CONV_2D	          229.475	   14.520	   14.509	  1.696%	 28.511%	     0.000	        1	[inception_v3/activation_7/Relu;inception_v3/batch_normalization_7/FusedBatchNormV3;inception_v3/batch_normalization_12/FusedBatchNormV3/ReadVariableOp;inception_v3/conv2d_7/Conv2D]:11
	                 CONV_2D	          243.985	    2.513	    2.434	  0.284%	 28.795%	     0.000	        1	[inception_v3/activation_8/Relu;inception_v3/batch_normalization_8/FusedBatchNormV3;inception_v3/batch_normalization_12/FusedBatchNormV3/ReadVariableOp;inception_v3/conv2d_8/Conv2D]:12
	                 CONV_2D	          246.420	   10.163	   10.273	  1.201%	 29.996%	     0.000	        1	[inception_v3/activation_9/Relu;inception_v3/batch_normalization_9/FusedBatchNormV3;inception_v3/batch_normalization_10/FusedBatchNormV3/ReadVariableOp;inception_v3/conv2d_9/Conv2D]:13
	                 CONV_2D	          256.694	   14.936	   14.877	  1.739%	 31.735%	     0.000	        1	[inception_v3/activation_10/Relu;inception_v3/batch_normalization_10/FusedBatchNormV3;inception_v3/batch_normalization_10/FusedBatchNormV3/ReadVariableOp;inception_v3/conv2d_10/Conv2D]:14
	           CONCATENATION	          271.572	    0.215	    0.224	  0.026%	 31.761%	     0.000	        1	[inception_v3/mixed0/concat]:15
	         AVERAGE_POOL_2D	          271.796	    3.178	    3.199	  0.374%	 32.135%	     0.000	        1	[inception_v3/average_pooling2d_1/AvgPool]:16
	                 CONV_2D	          274.997	    2.987	    3.024	  0.353%	 32.488%	     0.000	        1	[inception_v3/activation_18/Relu;inception_v3/batch_normalization_18/FusedBatchNormV3;inception_v3/batch_normalization_12/FusedBatchNormV3/ReadVariableOp;inception_v3/conv2d_18/Conv2D]:17
	                 CONV_2D	          278.022	    2.972	    3.041	  0.355%	 32.844%	     0.000	        1	[inception_v3/activation_12/Relu;inception_v3/batch_normalization_12/FusedBatchNormV3;inception_v3/batch_normalization_12/FusedBatchNormV3/ReadVariableOp;inception_v3/conv2d_12/Conv2D]:18
	                 CONV_2D	          281.064	    2.404	    2.304	  0.269%	 33.113%	     0.000	        1	[inception_v3/activation_13/Relu;inception_v3/batch_normalization_13/FusedBatchNormV3;inception_v3/batch_normalization_13/FusedBatchNormV3/ReadVariableOp;inception_v3/conv2d_13/Conv2D]:19
	                 CONV_2D	          283.369	   14.594	   14.477	  1.692%	 34.805%	     0.000	        1	[inception_v3/activation_14/Relu;inception_v3/batch_normalization_14/FusedBatchNormV3;inception_v3/batch_normalization_12/FusedBatchNormV3/ReadVariableOp;inception_v3/conv2d_14/Conv2D]:20
	                 CONV_2D	          297.848	    2.987	    3.041	  0.355%	 35.160%	     0.000	        1	[inception_v3/activation_15/Relu;inception_v3/batch_normalization_15/FusedBatchNormV3;inception_v3/batch_normalization_12/FusedBatchNormV3/ReadVariableOp;inception_v3/conv2d_15/Conv2D]:21
	                 CONV_2D	          300.890	   10.356	   10.285	  1.202%	 36.362%	     0.000	        1	[inception_v3/activation_16/Relu;inception_v3/batch_normalization_16/FusedBatchNormV3;inception_v3/batch_normalization_10/FusedBatchNormV3/ReadVariableOp;inception_v3/conv2d_16/Conv2D]:22
	                 CONV_2D	          311.177	   14.724	   14.879	  1.739%	 38.101%	     0.000	        1	[inception_v3/activation_17/Relu;inception_v3/batch_normalization_17/FusedBatchNormV3;inception_v3/batch_normalization_10/FusedBatchNormV3/ReadVariableOp;inception_v3/conv2d_17/Conv2D]:23
	           CONCATENATION	          326.057	    0.325	    0.265	  0.031%	 38.132%	     0.000	        1	[inception_v3/mixed1/concat]:24
	         AVERAGE_POOL_2D	          326.322	    3.666	    3.724	  0.435%	 38.567%	     0.000	        1	[inception_v3/average_pooling2d_2/AvgPool]:25
	                 CONV_2D	          330.047	    3.353	    3.375	  0.394%	 38.962%	     0.000	        1	[inception_v3/activation_25/Relu;inception_v3/batch_normalization_25/FusedBatchNormV3;inception_v3/batch_normalization_12/FusedBatchNormV3/ReadVariableOp;inception_v3/conv2d_25/Conv2D]:26
	                 CONV_2D	          333.423	    3.390	    3.435	  0.401%	 39.363%	     0.000	        1	[inception_v3/activation_19/Relu;inception_v3/batch_normalization_19/FusedBatchNormV3;inception_v3/batch_normalization_12/FusedBatchNormV3/ReadVariableOp;inception_v3/conv2d_19/Conv2D]:27
	                 CONV_2D	          336.859	    2.710	    2.630	  0.307%	 39.670%	     0.000	        1	[inception_v3/activation_20/Relu;inception_v3/batch_normalization_20/FusedBatchNormV3;inception_v3/batch_normalization_13/FusedBatchNormV3/ReadVariableOp;inception_v3/conv2d_20/Conv2D]:28
	                 CONV_2D	          339.489	   14.508	   14.491	  1.693%	 41.364%	     0.000	        1	[inception_v3/activation_21/Relu;inception_v3/batch_normalization_21/FusedBatchNormV3;inception_v3/batch_normalization_12/FusedBatchNormV3/ReadVariableOp;inception_v3/conv2d_21/Conv2D]:29
	                 CONV_2D	          353.981	    3.344	    3.422	  0.400%	 41.764%	     0.000	        1	[inception_v3/activation_22/Relu;inception_v3/batch_normalization_22/FusedBatchNormV3;inception_v3/batch_normalization_12/FusedBatchNormV3/ReadVariableOp;inception_v3/conv2d_22/Conv2D]:30
	                 CONV_2D	          357.403	   10.283	   10.268	  1.200%	 42.964%	     0.000	        1	[inception_v3/activation_23/Relu;inception_v3/batch_normalization_23/FusedBatchNormV3;inception_v3/batch_normalization_10/FusedBatchNormV3/ReadVariableOp;inception_v3/conv2d_23/Conv2D]:31
	                 CONV_2D	          367.672	   14.877	   14.935	  1.745%	 44.709%	     0.000	        1	[inception_v3/activation_24/Relu;inception_v3/batch_normalization_24/FusedBatchNormV3;inception_v3/batch_normalization_10/FusedBatchNormV3/ReadVariableOp;inception_v3/conv2d_24/Conv2D]:32
	           CONCATENATION	          382.608	    0.232	    0.232	  0.027%	 44.736%	     0.000	        1	[inception_v3/mixed2/concat]:33
	                 CONV_2D	          382.841	   36.643	   36.708	  4.290%	 49.026%	     0.000	        1	[inception_v3/activation_26/Relu;inception_v3/batch_normalization_26/FusedBatchNormV3;inception_v3/batch_normalization_26/FusedBatchNormV3/ReadVariableOp;inception_v3/conv2d_26/Conv2D]:34
	                 CONV_2D	          419.550	    3.310	    3.312	  0.387%	 49.413%	     0.000	        1	[inception_v3/activation_27/Relu;inception_v3/batch_normalization_27/FusedBatchNormV3;inception_v3/batch_normalization_12/FusedBatchNormV3/ReadVariableOp;inception_v3/conv2d_27/Conv2D]:35
	                 CONV_2D	          422.862	   10.228	   10.265	  1.200%	 50.613%	     0.000	        1	[inception_v3/activation_28/Relu;inception_v3/batch_normalization_28/FusedBatchNormV3;inception_v3/batch_normalization_10/FusedBatchNormV3/ReadVariableOp;inception_v3/conv2d_28/Conv2D]:36
	                 CONV_2D	          433.128	    3.462	    3.473	  0.406%	 51.019%	     0.000	        1	[inception_v3/activation_29/Relu;inception_v3/batch_normalization_29/FusedBatchNormV3;inception_v3/batch_normalization_10/FusedBatchNormV3/ReadVariableOp;inception_v3/conv2d_29/Conv2D]:37
	             MAX_POOL_2D	          436.603	    0.307	    0.324	  0.038%	 51.057%	     0.000	        1	[inception_v3/max_pooling2d_2/MaxPool]:38
	           CONCATENATION	          436.927	    0.122	    0.136	  0.016%	 51.072%	     0.000	        1	[inception_v3/mixed3/concat]:39
	         AVERAGE_POOL_2D	          437.064	    2.246	    2.160	  0.252%	 51.325%	     0.000	        1	[inception_v3/average_pooling2d_3/AvgPool]:40
	                 CONV_2D	          439.224	    5.712	    5.738	  0.671%	 51.995%	     0.000	        1	[inception_v3/activation_39/Relu;inception_v3/batch_normalization_39/FusedBatchNormV3;inception_v3/batch_normalization_30/FusedBatchNormV3/ReadVariableOp;inception_v3/conv2d_39/Conv2D]:41
	                 CONV_2D	          444.963	    5.726	    5.670	  0.663%	 52.658%	     0.000	        1	[inception_v3/activation_30/Relu;inception_v3/batch_normalization_30/FusedBatchNormV3;inception_v3/batch_normalization_30/FusedBatchNormV3/ReadVariableOp;inception_v3/conv2d_30/Conv2D]:42
	                 CONV_2D	          450.635	    3.822	    3.816	  0.446%	 53.104%	     0.000	        1	[inception_v3/activation_31/Relu;inception_v3/batch_normalization_31/FusedBatchNormV3;inception_v3/batch_normalization_31/FusedBatchNormV3/ReadVariableOp;inception_v3/conv2d_31/Conv2D]:43
	                 CONV_2D	          454.452	    4.472	    4.521	  0.528%	 53.632%	     0.000	        1	[inception_v3/activation_32/Relu;inception_v3/batch_normalization_32/FusedBatchNormV3;inception_v3/batch_normalization_31/FusedBatchNormV3/ReadVariableOp;inception_v3/conv2d_32/Conv2D]:44
	                 CONV_2D	          458.974	    6.651	    6.594	  0.771%	 54.403%	     0.000	        1	[inception_v3/activation_33/Relu;inception_v3/batch_normalization_33/FusedBatchNormV3;inception_v3/batch_normalization_30/FusedBatchNormV3/ReadVariableOp;inception_v3/conv2d_33/Conv2D]:45
	                 CONV_2D	          465.569	    3.853	    3.916	  0.458%	 54.861%	     0.000	        1	[inception_v3/activation_34/Relu;inception_v3/batch_normalization_34/FusedBatchNormV3;inception_v3/batch_normalization_31/FusedBatchNormV3/ReadVariableOp;inception_v3/conv2d_34/Conv2D]:46
	                 CONV_2D	          469.486	    4.630	    4.538	  0.530%	 55.391%	     0.000	        1	[inception_v3/activation_35/Relu;inception_v3/batch_normalization_35/FusedBatchNormV3;inception_v3/batch_normalization_31/FusedBatchNormV3/ReadVariableOp;inception_v3/conv2d_35/Conv2D]:47
	                 CONV_2D	          474.025	    4.423	    4.451	  0.520%	 55.911%	     0.000	        1	[inception_v3/activation_36/Relu;inception_v3/batch_normalization_36/FusedBatchNormV3;inception_v3/batch_normalization_31/FusedBatchNormV3/ReadVariableOp;inception_v3/conv2d_36/Conv2D]:48
	                 CONV_2D	          478.477	    4.375	    4.451	  0.520%	 56.431%	     0.000	        1	[inception_v3/activation_37/Relu;inception_v3/batch_normalization_37/FusedBatchNormV3;inception_v3/batch_normalization_31/FusedBatchNormV3/ReadVariableOp;inception_v3/conv2d_37/Conv2D]:49
	                 CONV_2D	          482.929	    6.556	    6.566	  0.767%	 57.199%	     0.000	        1	[inception_v3/activation_38/Relu;inception_v3/batch_normalization_38/FusedBatchNormV3;inception_v3/batch_normalization_30/FusedBatchNormV3/ReadVariableOp;inception_v3/conv2d_38/Conv2D]:50
	           CONCATENATION	          489.496	    0.184	    0.153	  0.018%	 57.217%	     0.000	        1	[inception_v3/mixed4/concat]:51
	         AVERAGE_POOL_2D	          489.649	    2.112	    2.167	  0.253%	 57.470%	     0.000	        1	[inception_v3/average_pooling2d_4/AvgPool]:52
	                 CONV_2D	          491.817	    5.674	    5.731	  0.670%	 58.140%	     0.000	        1	[inception_v3/activation_49/Relu;inception_v3/batch_normalization_49/FusedBatchNormV3;inception_v3/batch_normalization_30/FusedBatchNormV3/ReadVariableOp;inception_v3/conv2d_49/Conv2D]:53
	                 CONV_2D	          497.548	    5.609	    5.639	  0.659%	 58.799%	     0.000	        1	[inception_v3/activation_40/Relu;inception_v3/batch_normalization_40/FusedBatchNormV3;inception_v3/batch_normalization_30/FusedBatchNormV3/ReadVariableOp;inception_v3/conv2d_40/Conv2D]:54
	                 CONV_2D	          503.188	    4.662	    4.708	  0.550%	 59.349%	     0.000	        1	[inception_v3/activation_41/Relu;inception_v3/batch_normalization_41/FusedBatchNormV3;inception_v3/batch_normalization_41/FusedBatchNormV3/ReadVariableOp;inception_v3/conv2d_41/Conv2D]:55
	                 CONV_2D	          507.897	    7.016	    6.961	  0.813%	 60.162%	     0.000	        1	[inception_v3/activation_42/Relu;inception_v3/batch_normalization_42/FusedBatchNormV3;inception_v3/batch_normalization_41/FusedBatchNormV3/ReadVariableOp;inception_v3/conv2d_42/Conv2D]:56
	                 CONV_2D	          514.858	    8.300	    8.273	  0.967%	 61.129%	     0.000	        1	[inception_v3/activation_43/Relu;inception_v3/batch_normalization_43/FusedBatchNormV3;inception_v3/batch_normalization_30/FusedBatchNormV3/ReadVariableOp;inception_v3/conv2d_43/Conv2D]:57
	                 CONV_2D	          523.133	    4.765	    4.830	  0.564%	 61.694%	     0.000	        1	[inception_v3/activation_44/Relu;inception_v3/batch_normalization_44/FusedBatchNormV3;inception_v3/batch_normalization_41/FusedBatchNormV3/ReadVariableOp;inception_v3/conv2d_44/Conv2D]:58
	                 CONV_2D	          527.963	    7.064	    6.984	  0.816%	 62.510%	     0.000	        1	[inception_v3/activation_45/Relu;inception_v3/batch_normalization_45/FusedBatchNormV3;inception_v3/batch_normalization_41/FusedBatchNormV3/ReadVariableOp;inception_v3/conv2d_45/Conv2D]:59
	                 CONV_2D	          534.948	    6.894	    6.934	  0.810%	 63.320%	     0.000	        1	[inception_v3/activation_46/Relu;inception_v3/batch_normalization_46/FusedBatchNormV3;inception_v3/batch_normalization_41/FusedBatchNormV3/ReadVariableOp;inception_v3/conv2d_46/Conv2D]:60
	                 CONV_2D	          541.883	    6.897	    6.932	  0.810%	 64.130%	     0.000	        1	[inception_v3/activation_47/Relu;inception_v3/batch_normalization_47/FusedBatchNormV3;inception_v3/batch_normalization_41/FusedBatchNormV3/ReadVariableOp;inception_v3/conv2d_47/Conv2D]:61
	                 CONV_2D	          548.816	    8.172	    8.225	  0.961%	 65.091%	     0.000	        1	[inception_v3/activation_48/Relu;inception_v3/batch_normalization_48/FusedBatchNormV3;inception_v3/batch_normalization_30/FusedBatchNormV3/ReadVariableOp;inception_v3/conv2d_48/Conv2D]:62
	           CONCATENATION	          557.042	    0.149	    0.160	  0.019%	 65.110%	     0.000	        1	[inception_v3/mixed5/concat]:63
	         AVERAGE_POOL_2D	          557.202	    2.268	    2.161	  0.253%	 65.363%	     0.000	        1	[inception_v3/average_pooling2d_5/AvgPool]:64
	                 CONV_2D	          559.364	    5.734	    5.767	  0.674%	 66.037%	     0.000	        1	[inception_v3/activation_59/Relu;inception_v3/batch_normalization_59/FusedBatchNormV3;inception_v3/batch_normalization_30/FusedBatchNormV3/ReadVariableOp;inception_v3/conv2d_59/Conv2D]:65
	                 CONV_2D	          565.132	    5.649	    5.644	  0.660%	 66.696%	     0.000	        1	[inception_v3/activation_50/Relu;inception_v3/batch_normalization_50/FusedBatchNormV3;inception_v3/batch_normalization_30/FusedBatchNormV3/ReadVariableOp;inception_v3/conv2d_50/Conv2D]:66
	                 CONV_2D	          570.777	    4.713	    4.735	  0.553%	 67.250%	     0.000	        1	[inception_v3/activation_51/Relu;inception_v3/batch_normalization_51/FusedBatchNormV3;inception_v3/batch_normalization_41/FusedBatchNormV3/ReadVariableOp;inception_v3/conv2d_51/Conv2D]:67
	                 CONV_2D	          575.513	    7.017	    6.986	  0.816%	 68.066%	     0.000	        1	[inception_v3/activation_52/Relu;inception_v3/batch_normalization_52/FusedBatchNormV3;inception_v3/batch_normalization_41/FusedBatchNormV3/ReadVariableOp;inception_v3/conv2d_52/Conv2D]:68
	                 CONV_2D	          582.500	    8.219	    8.257	  0.965%	 69.031%	     0.000	        1	[inception_v3/activation_53/Relu;inception_v3/batch_normalization_53/FusedBatchNormV3;inception_v3/batch_normalization_30/FusedBatchNormV3/ReadVariableOp;inception_v3/conv2d_53/Conv2D]:69
	                 CONV_2D	          590.759	    4.875	    4.820	  0.563%	 69.594%	     0.000	        1	[inception_v3/activation_54/Relu;inception_v3/batch_normalization_54/FusedBatchNormV3;inception_v3/batch_normalization_41/FusedBatchNormV3/ReadVariableOp;inception_v3/conv2d_54/Conv2D]:70
	                 CONV_2D	          595.579	    6.960	    6.977	  0.815%	 70.410%	     0.000	        1	[inception_v3/activation_55/Relu;inception_v3/batch_normalization_55/FusedBatchNormV3;inception_v3/batch_normalization_41/FusedBatchNormV3/ReadVariableOp;inception_v3/conv2d_55/Conv2D]:71
	                 CONV_2D	          602.557	    7.044	    6.945	  0.812%	 71.221%	     0.000	        1	[inception_v3/activation_56/Relu;inception_v3/batch_normalization_56/FusedBatchNormV3;inception_v3/batch_normalization_41/FusedBatchNormV3/ReadVariableOp;inception_v3/conv2d_56/Conv2D]:72
	                 CONV_2D	          609.504	    7.035	    6.927	  0.810%	 72.031%	     0.000	        1	[inception_v3/activation_57/Relu;inception_v3/batch_normalization_57/FusedBatchNormV3;inception_v3/batch_normalization_41/FusedBatchNormV3/ReadVariableOp;inception_v3/conv2d_57/Conv2D]:73
	                 CONV_2D	          616.432	    8.173	    8.244	  0.963%	 72.994%	     0.000	        1	[inception_v3/activation_58/Relu;inception_v3/batch_normalization_58/FusedBatchNormV3;inception_v3/batch_normalization_30/FusedBatchNormV3/ReadVariableOp;inception_v3/conv2d_58/Conv2D]:74
	           CONCATENATION	          624.677	    0.135	    0.157	  0.018%	 73.013%	     0.000	        1	[inception_v3/mixed6/concat]:75
	         AVERAGE_POOL_2D	          624.834	    2.207	    2.155	  0.252%	 73.265%	     0.000	        1	[inception_v3/average_pooling2d_6/AvgPool]:76
	                 CONV_2D	          626.990	    5.786	    5.775	  0.675%	 73.939%	     0.000	        1	[inception_v3/activation_69/Relu;inception_v3/batch_normalization_69/FusedBatchNormV3;inception_v3/batch_normalization_30/FusedBatchNormV3/ReadVariableOp;inception_v3/conv2d_69/Conv2D]:77
	                 CONV_2D	          632.766	    5.706	    5.648	  0.660%	 74.599%	     0.000	        1	[inception_v3/activation_60/Relu;inception_v3/batch_normalization_60/FusedBatchNormV3;inception_v3/batch_normalization_30/FusedBatchNormV3/ReadVariableOp;inception_v3/conv2d_60/Conv2D]:78
	                 CONV_2D	          638.415	    5.550	    5.617	  0.656%	 75.256%	     0.000	        1	[inception_v3/activation_61/Relu;inception_v3/batch_normalization_61/FusedBatchNormV3;inception_v3/batch_normalization_30/FusedBatchNormV3/ReadVariableOp;inception_v3/conv2d_61/Conv2D]:79
	                 CONV_2D	          644.033	    9.839	    9.901	  1.157%	 76.413%	     0.000	        1	[inception_v3/activation_62/Relu;inception_v3/batch_normalization_62/FusedBatchNormV3;inception_v3/batch_normalization_30/FusedBatchNormV3/ReadVariableOp;inception_v3/conv2d_62/Conv2D]:80
	                 CONV_2D	          653.935	    9.775	    9.842	  1.150%	 77.563%	     0.000	        1	[inception_v3/activation_63/Relu;inception_v3/batch_normalization_63/FusedBatchNormV3;inception_v3/batch_normalization_30/FusedBatchNormV3/ReadVariableOp;inception_v3/conv2d_63/Conv2D]:81
	                 CONV_2D	          663.778	    5.685	    5.697	  0.666%	 78.229%	     0.000	        1	[inception_v3/activation_64/Relu;inception_v3/batch_normalization_64/FusedBatchNormV3;inception_v3/batch_normalization_30/FusedBatchNormV3/ReadVariableOp;inception_v3/conv2d_64/Conv2D]:82
	                 CONV_2D	          669.476	    9.986	    9.898	  1.157%	 79.386%	     0.000	        1	[inception_v3/activation_65/Relu;inception_v3/batch_normalization_65/FusedBatchNormV3;inception_v3/batch_normalization_30/FusedBatchNormV3/ReadVariableOp;inception_v3/conv2d_65/Conv2D]:83
	                 CONV_2D	          679.375	    9.844	    9.889	  1.156%	 80.541%	     0.000	        1	[inception_v3/activation_66/Relu;inception_v3/batch_normalization_66/FusedBatchNormV3;inception_v3/batch_normalization_30/FusedBatchNormV3/ReadVariableOp;inception_v3/conv2d_66/Conv2D]:84
	                 CONV_2D	          689.265	    9.796	    9.851	  1.151%	 81.693%	     0.000	        1	[inception_v3/activation_67/Relu;inception_v3/batch_normalization_67/FusedBatchNormV3;inception_v3/batch_normalization_30/FusedBatchNormV3/ReadVariableOp;inception_v3/conv2d_67/Conv2D]:85
	                 CONV_2D	          699.117	    9.809	    9.849	  1.151%	 82.844%	     0.000	        1	[inception_v3/activation_68/Relu;inception_v3/batch_normalization_68/FusedBatchNormV3;inception_v3/batch_normalization_30/FusedBatchNormV3/ReadVariableOp;inception_v3/conv2d_68/Conv2D]:86
	           CONCATENATION	          708.967	    0.140	    0.150	  0.018%	 82.861%	     0.000	        1	[inception_v3/mixed7/concat]:87
	                 CONV_2D	          709.118	    5.775	    5.693	  0.665%	 83.527%	     0.000	        1	[inception_v3/activation_70/Relu;inception_v3/batch_normalization_70/FusedBatchNormV3;inception_v3/batch_normalization_30/FusedBatchNormV3/ReadVariableOp;inception_v3/conv2d_70/Conv2D]:88
	                 CONV_2D	          714.812	    4.851	    4.885	  0.571%	 84.097%	     0.000	        1	[inception_v3/activation_71/Relu;inception_v3/batch_normalization_71/FusedBatchNormV3;inception_v3/batch_normalization_71/FusedBatchNormV3/ReadVariableOp;inception_v3/conv2d_71/Conv2D]:89
	                 CONV_2D	          719.698	    5.748	    5.713	  0.668%	 84.765%	     0.000	        1	[inception_v3/activation_72/Relu;inception_v3/batch_normalization_72/FusedBatchNormV3;inception_v3/batch_normalization_30/FusedBatchNormV3/ReadVariableOp;inception_v3/conv2d_72/Conv2D]:90
	                 CONV_2D	          725.412	    9.939	    9.857	  1.152%	 85.917%	     0.000	        1	[inception_v3/activation_73/Relu;inception_v3/batch_normalization_73/FusedBatchNormV3;inception_v3/batch_normalization_30/FusedBatchNormV3/ReadVariableOp;inception_v3/conv2d_73/Conv2D]:91
	                 CONV_2D	          735.270	    9.847	    9.850	  1.151%	 87.068%	     0.000	        1	[inception_v3/activation_74/Relu;inception_v3/batch_normalization_74/FusedBatchNormV3;inception_v3/batch_normalization_30/FusedBatchNormV3/ReadVariableOp;inception_v3/conv2d_74/Conv2D]:92
	                 CONV_2D	          745.121	    2.983	    2.915	  0.341%	 87.409%	     0.000	        1	[inception_v3/activation_75/Relu;inception_v3/batch_normalization_75/FusedBatchNormV3;inception_v3/batch_normalization_30/FusedBatchNormV3/ReadVariableOp;inception_v3/conv2d_75/Conv2D]:93
	             MAX_POOL_2D	          748.037	    0.175	    0.187	  0.022%	 87.431%	     0.000	        1	[inception_v3/max_pooling2d_3/MaxPool]:94
	           CONCATENATION	          748.224	    0.046	    0.040	  0.005%	 87.435%	     0.000	        1	[inception_v3/mixed8/concat]:95
	         AVERAGE_POOL_2D	          748.265	    0.800	    0.793	  0.093%	 87.528%	     0.000	        1	[inception_v3/average_pooling2d_7/AvgPool]:96
	                 CONV_2D	          749.058	    2.195	    2.182	  0.255%	 87.783%	     0.000	        1	[inception_v3/activation_84/Relu;inception_v3/batch_normalization_84/FusedBatchNormV3;inception_v3/batch_normalization_30/FusedBatchNormV3/ReadVariableOp;inception_v3/conv2d_84/Conv2D]:97
	                 CONV_2D	          751.241	    3.587	    3.616	  0.423%	 88.206%	     0.000	        1	[inception_v3/activation_76/Relu;inception_v3/batch_normalization_76/FusedBatchNormV3;inception_v3/batch_normalization_71/FusedBatchNormV3/ReadVariableOp;inception_v3/conv2d_76/Conv2D]:98
	                 CONV_2D	          754.858	    4.373	    4.293	  0.502%	 88.707%	     0.000	        1	[inception_v3/activation_77/Relu;inception_v3/batch_normalization_77/FusedBatchNormV3;inception_v3/batch_normalization_26/FusedBatchNormV3/ReadVariableOp;inception_v3/conv2d_77/Conv2D]:99
	                 CONV_2D	          759.153	    3.901	    3.924	  0.459%	 89.166%	     0.000	        1	[inception_v3/activation_78/Relu;inception_v3/batch_normalization_78/FusedBatchNormV3;inception_v3/batch_normalization_26/FusedBatchNormV3/ReadVariableOp;inception_v3/conv2d_78/Conv2D]:100
	                 CONV_2D	          763.078	    3.866	    3.917	  0.458%	 89.624%	     0.000	        1	[inception_v3/activation_79/Relu;inception_v3/batch_normalization_79/FusedBatchNormV3;inception_v3/batch_normalization_26/FusedBatchNormV3/ReadVariableOp;inception_v3/conv2d_79/Conv2D]:101
	           CONCATENATION	          766.997	    0.040	    0.033	  0.004%	 89.628%	     0.000	        1	[inception_v3/mixed9_0/concat]:102
	                 CONV_2D	          767.030	    5.079	    5.056	  0.591%	 90.218%	     0.000	        1	[inception_v3/activation_80/Relu;inception_v3/batch_normalization_80/FusedBatchNormV3;inception_v3/batch_normalization_80/FusedBatchNormV3/ReadVariableOp;inception_v3/conv2d_80/Conv2D]:103
	                 CONV_2D	          772.087	   13.636	   13.516	  1.580%	 91.798%	     0.000	        1	[inception_v3/activation_81/Relu;inception_v3/batch_normalization_81/FusedBatchNormV3;inception_v3/batch_normalization_26/FusedBatchNormV3/ReadVariableOp;inception_v3/conv2d_81/Conv2D]:104
	                 CONV_2D	          785.605	    3.895	    3.929	  0.459%	 92.257%	     0.000	        1	[inception_v3/activation_82/Relu;inception_v3/batch_normalization_82/FusedBatchNormV3;inception_v3/batch_normalization_26/FusedBatchNormV3/ReadVariableOp;inception_v3/conv2d_82/Conv2D]:105
	                 CONV_2D	          789.535	    3.846	    3.933	  0.460%	 92.717%	     0.000	        1	[inception_v3/activation_83/Relu;inception_v3/batch_normalization_83/FusedBatchNormV3;inception_v3/batch_normalization_26/FusedBatchNormV3/ReadVariableOp;inception_v3/conv2d_83/Conv2D]:106
	           CONCATENATION	          793.469	    0.148	    0.036	  0.004%	 92.721%	     0.000	        1	[inception_v3/concatenate/concat]:107
	           CONCATENATION	          793.505	    0.090	    0.068	  0.008%	 92.729%	     0.000	        1	[inception_v3/mixed9/concat]:108
	         AVERAGE_POOL_2D	          793.574	    1.332	    1.366	  0.160%	 92.889%	     0.000	        1	[inception_v3/average_pooling2d_8/AvgPool]:109
	                 CONV_2D	          794.940	    3.438	    3.422	  0.400%	 93.289%	     0.000	        1	[inception_v3/activation_93/Relu;inception_v3/batch_normalization_93/FusedBatchNormV3;inception_v3/batch_normalization_30/FusedBatchNormV3/ReadVariableOp;inception_v3/conv2d_93/Conv2D]:110
	                 CONV_2D	          798.364	    5.567	    5.631	  0.658%	 93.947%	     0.000	        1	[inception_v3/activation_85/Relu;inception_v3/batch_normalization_85/FusedBatchNormV3;inception_v3/batch_normalization_71/FusedBatchNormV3/ReadVariableOp;inception_v3/conv2d_85/Conv2D]:111
	                 CONV_2D	          803.996	    6.747	    6.696	  0.783%	 94.729%	     0.000	        1	[inception_v3/activation_86/Relu;inception_v3/batch_normalization_86/FusedBatchNormV3;inception_v3/batch_normalization_26/FusedBatchNormV3/ReadVariableOp;inception_v3/conv2d_86/Conv2D]:112
	                 CONV_2D	          810.693	    3.949	    3.931	  0.459%	 95.189%	     0.000	        1	[inception_v3/activation_87/Relu;inception_v3/batch_normalization_87/FusedBatchNormV3;inception_v3/batch_normalization_26/FusedBatchNormV3/ReadVariableOp;inception_v3/conv2d_87/Conv2D]:113
	                 CONV_2D	          814.625	    3.877	    3.905	  0.456%	 95.645%	     0.000	        1	[inception_v3/activation_88/Relu;inception_v3/batch_normalization_88/FusedBatchNormV3;inception_v3/batch_normalization_26/FusedBatchNormV3/ReadVariableOp;inception_v3/conv2d_88/Conv2D]:114
	           CONCATENATION	          818.532	    0.044	    0.035	  0.004%	 95.649%	     0.000	        1	[inception_v3/mixed9_1/concat]:115
	                 CONV_2D	          818.568	    7.705	    7.832	  0.915%	 96.565%	     0.000	        1	[inception_v3/activation_89/Relu;inception_v3/batch_normalization_89/FusedBatchNormV3;inception_v3/batch_normalization_80/FusedBatchNormV3/ReadVariableOp;inception_v3/conv2d_89/Conv2D]:116
	                 CONV_2D	          826.401	   13.481	   13.467	  1.574%	 98.138%	     0.000	        1	[inception_v3/activation_90/Relu;inception_v3/batch_normalization_90/FusedBatchNormV3;inception_v3/batch_normalization_26/FusedBatchNormV3/ReadVariableOp;inception_v3/conv2d_90/Conv2D]:117
	                 CONV_2D	          839.869	    3.961	    3.971	  0.464%	 98.602%	     0.000	        1	[inception_v3/activation_91/Relu;inception_v3/batch_normalization_91/FusedBatchNormV3;inception_v3/batch_normalization_26/FusedBatchNormV3/ReadVariableOp;inception_v3/conv2d_91/Conv2D]:118
	                 CONV_2D	          843.841	    3.848	    3.892	  0.455%	 99.057%	     0.000	        1	[inception_v3/activation_92/Relu;inception_v3/batch_normalization_92/FusedBatchNormV3;inception_v3/batch_normalization_26/FusedBatchNormV3/ReadVariableOp;inception_v3/conv2d_92/Conv2D]:119
	           CONCATENATION	          847.734	    0.044	    0.036	  0.004%	 99.061%	     0.000	        1	[inception_v3/concatenate_1/concat]:120
	           CONCATENATION	          847.770	    0.064	    0.070	  0.008%	 99.070%	     0.000	        1	[inception_v3/mixed10/concat]:121
	                    MEAN	          847.841	    7.252	    7.210	  0.843%	 99.912%	     0.000	        1	[inception_v3/avg_pool/Mean]:122
	         FULLY_CONNECTED	          855.051	    0.701	    0.733	  0.086%	 99.998%	     0.000	        1	[inception_v3/predictions/MatMul;inception_v3/predictions/BiasAdd]:123
	                 SOFTMAX	          855.786	    0.017	    0.018	  0.002%	100.000%	     0.000	        1	[StatefulPartitionedCall:0]:124

============================== Top by Computation Time ==============================
	             [node type]	          [start]	  [first]	 [avg ms]	     [%]	  [cdf%]	  [mem KB]	[times called]	[Name]
	                 CONV_2D	          124.888	   96.337	   96.310	 11.256%	 11.256%	     0.000	        1	[inception_v3/activation_4/Relu;inception_v3/batch_normalization_4/FusedBatchNormV3;inception_v3/batch_normalization_30/FusedBatchNormV3/ReadVariableOp;inception_v3/conv2d_4/Conv2D]:5
	                 CONV_2D	           49.876	   68.122	   68.160	  7.966%	 19.221%	     0.000	        1	[inception_v3/activation_2/Relu;inception_v3/batch_normalization_2/FusedBatchNormV3;inception_v3/batch_normalization_12/FusedBatchNormV3/ReadVariableOp;inception_v3/conv2d_2/Conv2D]:2
	                 CONV_2D	            8.517	   42.752	   41.357	  4.833%	 24.055%	     0.000	        1	[inception_v3/activation_1/Relu;inception_v3/batch_normalization_1/FusedBatchNormV3;inception_v3/batch_normalization_11/FusedBatchNormV3/ReadVariableOp;inception_v3/conv2d_1/Conv2D]:1
	                 CONV_2D	          382.841	   36.643	   36.708	  4.290%	 28.345%	     0.000	        1	[inception_v3/activation_26/Relu;inception_v3/batch_normalization_26/FusedBatchNormV3;inception_v3/batch_normalization_26/FusedBatchNormV3/ReadVariableOp;inception_v3/conv2d_26/Conv2D]:34
	                 CONV_2D	          367.672	   14.877	   14.935	  1.745%	 30.090%	     0.000	        1	[inception_v3/activation_24/Relu;inception_v3/batch_normalization_24/FusedBatchNormV3;inception_v3/batch_normalization_10/FusedBatchNormV3/ReadVariableOp;inception_v3/conv2d_24/Conv2D]:32
	                 CONV_2D	          311.177	   14.724	   14.879	  1.739%	 31.829%	     0.000	        1	[inception_v3/activation_17/Relu;inception_v3/batch_normalization_17/FusedBatchNormV3;inception_v3/batch_normalization_10/FusedBatchNormV3/ReadVariableOp;inception_v3/conv2d_17/Conv2D]:23
	                 CONV_2D	          256.694	   14.936	   14.877	  1.739%	 33.567%	     0.000	        1	[inception_v3/activation_10/Relu;inception_v3/batch_normalization_10/FusedBatchNormV3;inception_v3/batch_normalization_10/FusedBatchNormV3/ReadVariableOp;inception_v3/conv2d_10/Conv2D]:14
	                 CONV_2D	          229.475	   14.520	   14.509	  1.696%	 35.263%	     0.000	        1	[inception_v3/activation_7/Relu;inception_v3/batch_normalization_7/FusedBatchNormV3;inception_v3/batch_normalization_12/FusedBatchNormV3/ReadVariableOp;inception_v3/conv2d_7/Conv2D]:11
	                 CONV_2D	          339.489	   14.508	   14.491	  1.693%	 36.956%	     0.000	        1	[inception_v3/activation_21/Relu;inception_v3/batch_normalization_21/FusedBatchNormV3;inception_v3/batch_normalization_12/FusedBatchNormV3/ReadVariableOp;inception_v3/conv2d_21/Conv2D]:29
	                 CONV_2D	          283.369	   14.594	   14.477	  1.692%	 38.648%	     0.000	        1	[inception_v3/activation_14/Relu;inception_v3/batch_normalization_14/FusedBatchNormV3;inception_v3/batch_normalization_12/FusedBatchNormV3/ReadVariableOp;inception_v3/conv2d_14/Conv2D]:20

Number of nodes executed: 125
============================== Summary by node type ==============================
	             [Node type]	  [count]	  [avg ms]	    [avg %]	    [cdf %]	  [mem KB]	[times called]
	                 CONV_2D	       94	   823.727	    96.275%	    96.275%	     0.000	       94
	         AVERAGE_POOL_2D	        9	    20.042	     2.342%	    98.617%	     0.000	        9
	                    MEAN	        1	     7.209	     0.843%	    99.460%	     0.000	        1
	             MAX_POOL_2D	        4	     2.087	     0.244%	    99.704%	     0.000	        4
	           CONCATENATION	       15	     1.784	     0.209%	    99.912%	     0.000	       15
	         FULLY_CONNECTED	        1	     0.733	     0.086%	    99.998%	     0.000	        1
	                 SOFTMAX	        1	     0.018	     0.002%	   100.000%	     0.000	        1

Timings (microseconds): count=100 first=856857 curr=855424 min=854060 max=857907 avg=855666 std=699
Memory (bytes): count=0
125 nodes observed



[ perf record: Woken up 290 times to write data ]
Warning:
Processed 349107 events and lost 1 chunks!

Check IO/CPU overload!

[ perf record: Captured and wrote 72.469 MB /tmp/data.record (348444 samples) ]

88.735

