1-batch-8192x512
913.4
1-batch-128x2048
80.2
1-batch-8192x4096
13169.2
1-batch-512x128
14.8
1-batch-8192x128
131.6
1-batch-2048x128
38.4
1-batch-128x512
25.6
1-batch-2048x4096
3398.8
1-batch-8192x32
44.2
1-batch-4096x128
69.2
1-batch-2048x8192
6812.6
1-batch-32x128
8.4
1-batch-32x8192
216.4
1-batch-512x8192
1175.8
1-batch-32x2048
60.2
1-batch-128x128
10.2
1-batch-32x4096
109.6
1-batch-4096x8192
13330.0
1-batch-32x32
5.2
1-batch-4096x512
249.8
1-batch-2048x2048
811.4
1-batch-32x512
20.4
1-batch-128x32
6.0
1-batch-512x4096
310.4
1-batch-512x512
44.0
1-batch-128x8192
302.6
1-batch-2048x512
133.0
1-batch-128x4096
151.8
1-batch-8192x2048
6592.8
1-batch-2048x32
14.8
1-batch-512x2048
157.8
1-batch-4096x4096
6652.4
1-batch-512x32
8.2
1-batch-4096x32
24.6
1-batch-8192x8192
26329.4
1-batch-4096x2048
3337.8
