STARTING!
Duplicate flags: num_threads
Log parameter values verbosely: [0]
Min num runs: [200]
Min runs duration (seconds): [1e-09]
Num threads: [1]
Use caching: [1]
Min warmup runs: [2]
Min warmup runs duration (seconds): [1e-09]
Graph: [/home/pi/Desktop/run-single-mul-multibatch/models/f32i8/model-64-batch-512x4096.tflite]
Enable op profiling: [1]
#threads used for CPU inference: [1]
Use xnnpack: [0]
Loaded model /home/pi/Desktop/run-single-mul-multibatch/models/f32i8/model-64-batch-512x4096.tflite
INFO: Initialized TensorFlow Lite runtime.
Applying FC Low-Precision for Kernel shape (512, 4096, ), Input shape (64, 512, ), Output shape (64, 4096, ), ID: 0, Method: ULPPACKW4A4
	Allocating Filter Shape: (512, 4096, ) DONE
	Preparing Filter With Shape: (512, 4096, ) DONE
	Allocating An Input Temporary Tensor With Shape: (64, 512, ) DONE
The input model file size (MB): 2.09816
Initialized session in 28.429ms.
Running benchmark for at least 2 iterations and at least 1e-09 seconds but terminate if exceeding 150 seconds.
count=2 first=22025 curr=17517 min=17517 max=22025 avg=19771 std=2254

Running benchmark for at least 200 iterations and at least 1e-09 seconds but terminate if exceeding 150 seconds.
count=200 first=17486 curr=17469 min=17299 max=19362 avg=17728.9 std=373

Inference timings in us: Init: 28429, First inference: 22025, Warmup (avg): 19771, Inference (avg): 17728.9
Note: as the benchmark tool itself affects memory footprint, the following is only APPROXIMATE to the actual memory footprint of the model at runtime. Take the information at your discretion.
Memory footprint delta from the start of the tool (MB): init=8.16797 overall=10.8047
Profiling Info for Benchmark Initialization:
============================== Run Order ==============================
	             [node type]	          [start]	  [first]	 [avg ms]	     [%]	  [cdf%]	  [mem KB]	[times called]	[Name]
	         AllocateTensors	            0.000	   26.924	   26.924	100.000%	100.000%	  4092.000	        1	AllocateTensors/0

============================== Top by Computation Time ==============================
	             [node type]	          [start]	  [first]	 [avg ms]	     [%]	  [cdf%]	  [mem KB]	[times called]	[Name]
	         AllocateTensors	            0.000	   26.924	   26.924	100.000%	100.000%	  4092.000	        1	AllocateTensors/0

Number of nodes executed: 1
============================== Summary by node type ==============================
	             [Node type]	  [count]	  [avg ms]	    [avg %]	    [cdf %]	  [mem KB]	[times called]
	         AllocateTensors	        1	    26.924	   100.000%	   100.000%	  4092.000	        1

Timings (microseconds): count=1 curr=26924
Memory (bytes): count=0
1 nodes observed



Operator-wise Profiling Info for Regular Benchmark Runs:
============================== Run Order ==============================
	             [node type]	          [start]	  [first]	 [avg ms]	     [%]	  [cdf%]	  [mem KB]	[times called]	[Name]
	         FULLY_CONNECTED	            0.012	   17.438	   17.683	100.000%	100.000%	     0.000	        1	[StatefulPartitionedCall:0]:0

============================== Top by Computation Time ==============================
	             [node type]	          [start]	  [first]	 [avg ms]	     [%]	  [cdf%]	  [mem KB]	[times called]	[Name]
	         FULLY_CONNECTED	            0.012	   17.438	   17.683	100.000%	100.000%	     0.000	        1	[StatefulPartitionedCall:0]:0

Number of nodes executed: 1
============================== Summary by node type ==============================
	             [Node type]	  [count]	  [avg ms]	    [avg %]	    [cdf %]	  [mem KB]	[times called]
	         FULLY_CONNECTED	        1	    17.683	   100.000%	   100.000%	     0.000	        1

Timings (microseconds): count=200 first=17438 curr=17428 min=17255 max=19302 avg=17683.3 std=369
Memory (bytes): count=0
1 nodes observed



[ perf record: Woken up 11 times to write data ]
[ perf record: Captured and wrote 2.721 MB /tmp/data.record (14683 samples) ]

4.621

