1-batch-8192x512
942.4
1-batch-128x2048
80.6
1-batch-8192x4096
12906.2
1-batch-512x128
15.8
1-batch-8192x128
133.6
1-batch-2048x128
39.6
1-batch-128x512
25.0
1-batch-2048x4096
3332.2
1-batch-8192x32
45.8
1-batch-4096x128
70.6
1-batch-2048x8192
6696.4
1-batch-32x128
8.6
1-batch-32x8192
220.8
1-batch-512x8192
1116.4
1-batch-32x2048
60.2
1-batch-128x128
10.2
1-batch-32x4096
114.0
1-batch-4096x8192
13063.0
1-batch-32x32
5.6
1-batch-4096x512
251.4
1-batch-2048x2048
815.6
1-batch-32x512
19.4
1-batch-128x32
6.2
1-batch-512x4096
313.2
1-batch-512x512
44.2
1-batch-128x8192
308.0
1-batch-2048x512
134.6
1-batch-128x4096
158.2
1-batch-8192x2048
6463.8
1-batch-2048x32
15.4
1-batch-512x2048
159.2
1-batch-4096x4096
6533.6
1-batch-512x32
8.6
1-batch-4096x32
25.6
1-batch-8192x8192
25764.6
1-batch-4096x2048
3275.0
