STARTING!
Duplicate flags: num_threads
Log parameter values verbosely: [0]
Min num runs: [200]
Min runs duration (seconds): [1e-09]
Num threads: [1]
Use caching: [1]
Min warmup runs: [2]
Min warmup runs duration (seconds): [1e-09]
Graph: [/home/pi/Desktop/run-single-mul-multibatch/models/f32i8/model-128-batch-1024x4096.tflite]
Enable op profiling: [1]
#threads used for CPU inference: [1]
Use xnnpack: [0]
Loaded model /home/pi/Desktop/run-single-mul-multibatch/models/f32i8/model-128-batch-1024x4096.tflite
INFO: Initialized TensorFlow Lite runtime.
Applying FC Low-Precision for Kernel shape (1024, 4096, ), Input shape (128, 1024, ), Output shape (128, 4096, ), ID: 0, Method: BarrelShiftMulW8A8
	Allocating Filter Shape: (1024, 4096, ) DONE
	Preparing Filter With Shape: (1024, 4096, ) DONE
	Allocating An Input Temporary Tensor With Shape: (128, 1024, ) DONE
The input model file size (MB): 4.19531
Initialized session in 30.393ms.
Running benchmark for at least 2 iterations and at least 1e-09 seconds but terminate if exceeding 150 seconds.
count=2 first=74384 curr=65292 min=65292 max=74384 avg=69838 std=4546

Running benchmark for at least 200 iterations and at least 1e-09 seconds but terminate if exceeding 150 seconds.
count=200 first=65363 curr=64363 min=63675 max=69571 avg=64638.3 std=1087

Inference timings in us: Init: 30393, First inference: 74384, Warmup (avg): 69838, Inference (avg): 64638.3
Note: as the benchmark tool itself affects memory footprint, the following is only APPROXIMATE to the actual memory footprint of the model at runtime. Take the information at your discretion.
Memory footprint delta from the start of the tool (MB): init=12.1094 overall=17.8398
Profiling Info for Benchmark Initialization:
============================== Run Order ==============================
	             [node type]	          [start]	  [first]	 [avg ms]	     [%]	  [cdf%]	  [mem KB]	[times called]	[Name]
	         AllocateTensors	            0.000	   28.872	   28.872	100.000%	100.000%	  8124.000	        1	AllocateTensors/0

============================== Top by Computation Time ==============================
	             [node type]	          [start]	  [first]	 [avg ms]	     [%]	  [cdf%]	  [mem KB]	[times called]	[Name]
	         AllocateTensors	            0.000	   28.872	   28.872	100.000%	100.000%	  8124.000	        1	AllocateTensors/0

Number of nodes executed: 1
============================== Summary by node type ==============================
	             [Node type]	  [count]	  [avg ms]	    [avg %]	    [cdf %]	  [mem KB]	[times called]
	         AllocateTensors	        1	    28.872	   100.000%	   100.000%	  8124.000	        1

Timings (microseconds): count=1 curr=28872
Memory (bytes): count=0
1 nodes observed



Operator-wise Profiling Info for Regular Benchmark Runs:
============================== Run Order ==============================
	             [node type]	          [start]	  [first]	 [avg ms]	     [%]	  [cdf%]	  [mem KB]	[times called]	[Name]
	         FULLY_CONNECTED	            0.015	   65.312	   64.587	100.000%	100.000%	     0.000	        1	[StatefulPartitionedCall:0]:0

============================== Top by Computation Time ==============================
	             [node type]	          [start]	  [first]	 [avg ms]	     [%]	  [cdf%]	  [mem KB]	[times called]	[Name]
	         FULLY_CONNECTED	            0.015	   65.312	   64.587	100.000%	100.000%	     0.000	        1	[StatefulPartitionedCall:0]:0

Number of nodes executed: 1
============================== Summary by node type ==============================
	             [Node type]	  [count]	  [avg ms]	    [avg %]	    [cdf %]	  [mem KB]	[times called]
	         FULLY_CONNECTED	        1	    64.586	   100.000%	   100.000%	     0.000	        1

Timings (microseconds): count=200 first=65312 curr=64322 min=63630 max=69512 avg=64586.7 std=1084
Memory (bytes): count=0
1 nodes observed



[ perf record: Woken up 41 times to write data ]
[ perf record: Captured and wrote 10.298 MB /tmp/data.record (52953 samples) ]

14.563

