densenet201
12826.9
efficientnetv2l
8347.37
inceptionresnetv2
9958.66
inceptionv3
13216
mobilenetv2
8356.64
nasnetlarge
26166.1
regnety320
23744.8
resnet152
13202.8
resnet152v2
13210.8
vgg19
787057
xception
13257.2
densenet201
12478.3
efficientnetv2l
8360.9
inceptionresnetv2
9952.64
inceptionv3
13238.9
mobilenetv2
8288.36
nasnetlarge
26275
regnety320
23799.6
resnet152
13250.8
resnet152v2
13249.1
vgg19
787432
xception
13229.6
densenet201-21K
270938
densenet201
12476.7
efficientnetv2l-21K
181077
efficientnetv2l
8338.45
inceptionresnetv2-21K
215780
inceptionresnetv2
9952.51
inceptionv3-21K
287980
inceptionv3
13261.8
mobilenetv2-21K
181059
mobilenetv2
8353.78
nasnetlarge-21K
570644
nasnetlarge
26177.5
regnety320-21K
517526
regnety320
23746.8
resnet152-21K
287908
resnet152
13240.9
resnet152v2-21K
287927
resnet152v2
13217.2
vgg19-21K
1.34557e+06
