1-batch-64x8192
134.0
1-batch-8192x512
2017.0
1-batch-2048x256
65.0
1-batch-256x32
10.0
1-batch-128x2048
54.0
1-batch-4096x1024
2022.0
1-batch-8192x1024
4009.0
1-batch-8192x4096
15973.0
1-batch-512x128
17.0
1-batch-8192x128
346.0
1-batch-8192x64
65.0
1-batch-512x256
24.0
1-batch-2048x128
37.0
1-batch-128x512
20.0
1-batch-2048x4096
4065.0
1-batch-8192x32
36.0
1-batch-4096x128
64.0
1-batch-2048x8192
8113.0
1-batch-32x128
11.0
1-batch-512x1024
73.0
1-batch-32x8192
108.0
1-batch-512x8192
2166.0
1-batch-32x2048
33.0
1-batch-4096x256
313.0
1-batch-1024x2048
1044.0
1-batch-1024x8192
4140.0
1-batch-64x64
10.0
1-batch-128x128
12.0
1-batch-64x512
17.0
1-batch-32x4096
58.0
1-batch-64x1024
24.0
1-batch-64x4096
71.0
1-batch-4096x8192
16044.0
1-batch-1024x1024
320.0
1-batch-32x32
9.0
1-batch-256x2048
82.0
1-batch-64x128
11.0
1-batch-4096x512
1022.0
1-batch-2048x2048
2039.0
1-batch-32x512
15.0
1-batch-256x128
13.0
1-batch-64x32
10.0
1-batch-256x8192
1159.0
1-batch-128x32
10.0
1-batch-1024x4096
2076.0
1-batch-1024x256
38.0
1-batch-512x64
13.0
1-batch-256x4096
373.0
1-batch-64x256
12.0
1-batch-512x4096
1088.0
1-batch-128x256
14.0
1-batch-256x64
11.0
1-batch-512x512
41.0
1-batch-64x2048
40.0
1-batch-32x1024
21.0
1-batch-256x256
17.0
1-batch-128x1024
31.0
1-batch-1024x512
68.0
1-batch-128x8192
480.0
1-batch-2048x512
310.0
1-batch-128x4096
98.0
1-batch-256x512
26.0
1-batch-8192x2048
7999.0
1-batch-8192x256
1019.0
1-batch-2048x32
15.0
1-batch-512x2048
335.0
1-batch-1024x32
13.0
1-batch-4096x4096
8031.0
1-batch-2048x1024
1027.0
1-batch-1024x64
16.0
1-batch-512x32
11.0
1-batch-4096x32
23.0
1-batch-8192x8192
31924.0
1-batch-1024x128
23.0
1-batch-32x256
12.0
1-batch-256x1024
46.0
1-batch-128x64
11.0
1-batch-4096x2048
4023.0
1-batch-32x64
10.0
1-batch-4096x64
37.0
1-batch-2048x64
23.0
