STARTING!
Duplicate flags: num_threads
Log parameter values verbosely: [0]
Min num runs: [20]
Min runs duration (seconds): [1e-09]
Num threads: [1]
Use caching: [0]
Min warmup runs: [10]
Min warmup runs duration (seconds): [1e-09]
Graph: [/home/pi/Desktop/run-CNNs/models/i8i8/Xception.tflite]
Enable op profiling: [1]
#threads used for CPU inference: [1]
Use xnnpack: [0]
Loaded model /home/pi/Desktop/run-CNNs/models/i8i8/Xception.tflite
INFO: Initialized TensorFlow Lite runtime.
NOT Applying Conv Low-Precision for Kernel shape (32, 27, ), Input shape (89401, 3, ), and Output shape (22201, 32, ), and the ID is 0
	Changing Input Shape
	Changing Input Shape
NOT Applying Conv Low-Precision for Kernel shape (64, 288, ), Input shape (22201, 32, ), and Output shape (21609, 64, ), and the ID is 1
	Changing Input Shape
NOT Applying Conv Low-Precision for Kernel shape (128, 64, ), Input shape (21609, 64, ), and Output shape (21609, 128, ), and the ID is 2
	Changing Input Shape
NOT Applying Conv Low-Precision for Kernel shape (128, 128, ), Input shape (21609, 128, ), and Output shape (21609, 128, ), and the ID is 3
NOT Applying Conv Low-Precision for Kernel shape (128, 64, )	Changing Input Shape
, Input shape (21609, 64, ), and Output shape (5476, 128, ), and the ID is 4
NOT Applying Conv Low-Precision for Kernel shape 	Changing Input Shape
(256, 128, ), Input shape (5476, 128, ), and Output shape (5476, 256, ), and the ID is 5
NOT Applying Conv Low-Precision for Kernel shape (256, 256, ), Input shape (5476, 256, ), and Output shape (5476, 256, ), and the ID is 6
	Changing Input Shape
NOT Applying Conv Low-Precision for Kernel shape (256, 128, ), Input shape (5476, 128, ), and Output shape (1369, 256, ), and the ID is 7
	Changing Input Shape
NOT Applying Conv Low-Precision for Kernel shape (728, 256, ), Input shape (1369, 256, ), and Output shape (1369, 728, ), and the ID is 8
	Changing Input Shape
NOT Applying Conv Low-Precision for Kernel shape (728, 728, ), Input shape (1369, 728, ), and Output shape (1369, 728, ), and the ID is 9	Changing Input Shape

NOT Applying Conv Low-Precision for Kernel shape (728, 256, ), Input shape (1369, 256, ), and Output shape 	Changing Input Shape
(361, 728, ), and the ID is 10
NOT Applying Conv Low-Precision for Kernel shape (728, 728, ), Input shape (361, 728, ), and Output shape (361, 728, ), and the ID is 11	Changing Input Shape

NOT Applying Conv Low-Precision for Kernel shape (728, 728, ), Input shape (361, 728, ), and Output shape (361, 728, ), and the ID is 	Changing Input Shape
12
NOT Applying Conv Low-Precision for Kernel shape (728, 728, ), Input shape (361, 728, ), and Output shape (361, 728, ), and the ID is 	Changing Input Shape
13
NOT Applying Conv Low-Precision for Kernel shape (728, 728, ), Input shape (361, 728, ), and Output shape (361, 728, ), and the ID is 	Changing Input Shape
14
NOT Applying Conv Low-Precision for Kernel shape (728, 728, ), Input shape (361, 728, ), and Output shape (361, 728, ), and the ID is 	Changing Input Shape
15
NOT Applying Conv Low-Precision for Kernel shape (728, 728, ), Input shape (361, 728, ), and Output shape (361, 728, ), and the ID is 	Changing Input Shape
16
NOT Applying Conv Low-Precision for Kernel shape (728, 728, ), Input shape (361, 728, ), and Output shape (361, 728, ), and the ID is 	Changing Input Shape
17
NOT Applying Conv Low-Precision for Kernel shape (728, 728, ), Input shape (361, 728, ), and Output shape (361, 728, ), and the ID is 	Changing Input Shape
18
NOT Applying Conv Low-Precision for Kernel shape (728, 728, ), Input shape (361, 728, ), and Output shape (361, 728, ), and the ID is 	Changing Input Shape
19
NOT Applying Conv Low-Precision for Kernel shape (728, 728, ), Input shape (361, 728, ), and Output shape (361, 728, )	Changing Input Shape
, and the ID is 20
NOT Applying Conv Low-Precision for Kernel shape (728, 728, ), Input shape (361, 728, ), and Output shape (361, 728, ), and the ID is 	Changing Input Shape
21
NOT Applying Conv Low-Precision for Kernel shape (728, 728, ), Input shape (361, 728, ), and Output shape (361, 728, ), and the ID is 	Changing Input Shape
22
NOT Applying Conv Low-Precision for Kernel shape (728, 728, ), Input shape (361, 728, ), and Output shape (361, 728, ), and the ID is 	Changing Input Shape
23
NOT Applying Conv Low-Precision for Kernel shape (728, 728, ), Input shape (361, 728, ), and Output shape (361, 728, ), and the ID is 	Changing Input Shape
24
NOT Applying Conv Low-Precision for Kernel shape (728, 728, ), Input shape (361, 728, ), and Output shape (361, 728, ), and the ID is 	Changing Input Shape
25
NOT Applying Conv Low-Precision for Kernel shape (728, 728, ), Input shape (361, 728, ), and Output shape (361, 728, ), and the ID is 	Changing Input Shape
26
NOT Applying Conv Low-Precision for Kernel shape (728, 728, ), Input shape (361, 728, ), and Output shape (361, 728, ), and the ID is 	Changing Input Shape
27
NOT Applying Conv Low-Precision for Kernel shape (728, 728, ), Input shape (361, 728, ), and Output shape 	Changing Input Shape
(361, 728, ), and the ID is 28
NOT Applying Conv Low-Precision for Kernel shape (728, 728, ), Input shape (361, 728, ), and Output shape (361, 728, ), and the ID is 	Changing Input Shape
29
NOT Applying Conv Low-Precision for Kernel shape (728, 728, ), Input shape (361, 728, ), and Output shape (361, 728, ), and the ID is 	Changing Input Shape
30
NOT Applying Conv Low-Precision for Kernel shape (728, 728, ), Input shape (361, 728, ), and Output shape (361, 728, ), and the ID is 	Changing Input Shape
31
NOT Applying Conv Low-Precision for Kernel shape (728, 728, ), Input shape (361, 728, ), and Output shape (361, 728, ), and the ID is 	Changing Input Shape
32
	Changing Input Shape
	Changing Input Shape
NOT Applying Conv Low-Precision for Kernel shape (728, 728, ), Input shape (361, 728, ), and Output shape (361, 728, ), and the ID is 33
NOT Applying Conv Low-Precision for Kernel shape (728, 728, ), Input shape (361, 728, ), and Output shape (361, 728, ), and the ID is 34
	Changing Input Shape
NOT Applying Conv Low-Precision for Kernel shape (728, 728, ), Input shape (361, 728, ), and Output shape (361, 728, ), and the ID is 35
NOT Applying Conv Low-Precision for Kernel shape (1024, 728, ), Input shape (361, 728, )	Changing Input Shape
, and Output shape (361, 1024, ), and the ID is 36
NOT Applying Conv Low-Precision for Kernel shape (1024, 728, ), Input shape (361, 728, ), and Output shape 	Changing Input Shape
(100, 1024, ), and the ID is 37
NOT Applying Conv Low-Precision for Kernel shape (1536, 1024, ), Input shape (100, 1024, ), and Output shape (100, 1536, ), and the ID is 38	Changing Input Shape

NOT Applying Conv Low-Precision for Kernel shape (2048, 1536, ), Input shape (100, 1536, ), and Output shape (100, 2048, ), and the ID is 39	Changing Input Shape

NOT Applying Low-Precision for shape (1000, 2048, ) and Input shape (1, 2048, ) With 5 Number of Temp Tensors
The input model file size (MB): 24.0822
Initialized session in 41.954ms.
Running benchmark for at least 10 iterations and at least 1e-09 seconds but terminate if exceeding 150 seconds.
count=10 first=7093759 curr=7080834 min=7045381 max=7093759 avg=7.06388e+06 std=15363

Running benchmark for at least 20 iterations and at least 1e-09 seconds but terminate if exceeding 150 seconds.
count=20 first=7063976 curr=7063595 min=7045108 max=7085691 avg=7.06445e+06 std=11171

Inference timings in us: Init: 41954, First inference: 7093759, Warmup (avg): 7.06388e+06, Inference (avg): 7.06445e+06
Note: as the benchmark tool itself affects memory footprint, the following is only APPROXIMATE to the actual memory footprint of the model at runtime. Take the information at your discretion.
Memory footprint delta from the start of the tool (MB): init=8.50781 overall=34.7344
Profiling Info for Benchmark Initialization:
============================== Run Order ==============================
	             [node type]	          [start]	  [first]	 [avg ms]	     [%]	  [cdf%]	  [mem KB]	[times called]	[Name]
	         AllocateTensors	            0.000	   12.273	   12.273	100.000%	100.000%	   264.000	        1	AllocateTensors/0

============================== Top by Computation Time ==============================
	             [node type]	          [start]	  [first]	 [avg ms]	     [%]	  [cdf%]	  [mem KB]	[times called]	[Name]
	         AllocateTensors	            0.000	   12.273	   12.273	100.000%	100.000%	   264.000	        1	AllocateTensors/0

Number of nodes executed: 1
============================== Summary by node type ==============================
	             [Node type]	  [count]	  [avg ms]	    [avg %]	    [cdf %]	  [mem KB]	[times called]
	         AllocateTensors	        1	    12.273	   100.000%	   100.000%	   264.000	        1

Timings (microseconds): count=1 curr=12273
Memory (bytes): count=0
1 nodes observed



Operator-wise Profiling Info for Regular Benchmark Runs:
============================== Run Order ==============================
	             [node type]	          [start]	  [first]	 [avg ms]	     [%]	  [cdf%]	  [mem KB]	[times called]	[Name]
	                 CONV_2D	            0.021	  177.520	  178.843	  2.532%	  2.532%	     0.000	        1	[xception/block1_conv1_act/Relu;xception/block1_conv1_bn/FusedBatchNormV3;xception/block1_conv1_bn/FusedBatchNormV3/ReadVariableOp;xception/block1_conv1/Conv2D]:0
	                 CONV_2D	          178.878	  454.768	  452.599	  6.408%	  8.940%	     0.000	        1	[xception/block1_conv2_act/Relu;xception/block1_conv2_bn/FusedBatchNormV3;xception/block1_conv2_bn/FusedBatchNormV3/ReadVariableOp;xception/block1_conv2/Conv2D]:1
	       DEPTHWISE_CONV_2D	          631.490	    5.807	    5.667	  0.080%	  9.020%	     0.000	        1	[xception/block2_sepconv1/separable_conv2d/depthwise1]:2
	                 CONV_2D	          637.169	  671.085	  665.625	  9.424%	 18.444%	     0.000	        1	[xception/block2_sepconv2_act/Relu;xception/block2_sepconv1_bn/FusedBatchNormV3;xception/batch_normalization_297/FusedBatchNormV3/ReadVariableOp;xception/block2_sepconv1/separable_conv2d]:3
	       DEPTHWISE_CONV_2D	         1302.807	   13.667	   13.717	  0.194%	 18.638%	     0.000	        1	[xception/block2_sepconv2/separable_conv2d/depthwise1]:4
	                 CONV_2D	         1316.537	  702.273	  707.806	 10.021%	 28.659%	     0.000	        1	[xception/block2_sepconv2_bn/FusedBatchNormV3;xception/batch_normalization_297/FusedBatchNormV3/ReadVariableOp;xception/block2_sepconv2/separable_conv2d]:5
	             MAX_POOL_2D	         2024.356	   16.742	   16.750	  0.237%	 28.896%	     0.000	        1	[xception/block2_pool/MaxPool]:6
	                 CONV_2D	         2041.119	  168.991	  170.268	  2.411%	 31.307%	     0.000	        1	[xception/batch_normalization_297/FusedBatchNormV3;xception/batch_normalization_297/FusedBatchNormV3/ReadVariableOp;xception/conv2d_297/Conv2D]:7
	                     ADD	         2211.398	   65.378	   65.509	  0.927%	 32.234%	     0.000	        1	[xception/add_4/add]:8
	                    RELU	         2276.918	   88.416	   88.881	  1.258%	 33.493%	     0.000	        1	[xception/block3_sepconv1_act/Relu]:9
	       DEPTHWISE_CONV_2D	         2365.811	    3.492	    3.572	  0.051%	 33.543%	     0.000	        1	[xception/block3_sepconv1/separable_conv2d/depthwise1]:10
	                 CONV_2D	         2369.395	  346.764	  349.574	  4.949%	 38.492%	     0.000	        1	[xception/block3_sepconv2_act/Relu;xception/block3_sepconv1_bn/FusedBatchNormV3;xception/batch_normalization_298/FusedBatchNormV3/ReadVariableOp;xception/block3_sepconv1/separable_conv2d]:11
	       DEPTHWISE_CONV_2D	         2718.981	    7.108	    7.158	  0.101%	 38.594%	     0.000	        1	[xception/block3_sepconv2/separable_conv2d/depthwise1]:12
	                 CONV_2D	         2726.151	  385.769	  381.238	  5.397%	 43.991%	     0.000	        1	[xception/block3_sepconv2_bn/FusedBatchNormV3;xception/batch_normalization_298/FusedBatchNormV3/ReadVariableOp;xception/block3_sepconv2/separable_conv2d]:13
	             MAX_POOL_2D	         3107.401	    8.356	    8.315	  0.118%	 44.109%	     0.000	        1	[xception/block3_pool/MaxPool]:14
	                 CONV_2D	         3115.727	   89.505	   88.681	  1.256%	 45.364%	     0.000	        1	[xception/batch_normalization_298/FusedBatchNormV3;xception/batch_normalization_298/FusedBatchNormV3/ReadVariableOp;xception/conv2d_298/Conv2D]:15
	                     ADD	         3204.421	   33.300	   32.841	  0.465%	 45.829%	     0.000	        1	[xception/add_5/add]:16
	                    RELU	         3237.272	   45.064	   44.784	  0.634%	 46.463%	     0.000	        1	[xception/block4_sepconv1_act/Relu]:17
	       DEPTHWISE_CONV_2D	         3282.067	    1.767	    1.707	  0.024%	 46.488%	     0.000	        1	[xception/block4_sepconv1/separable_conv2d/depthwise1]:18
	                 CONV_2D	         3283.782	  267.288	  264.951	  3.751%	 50.239%	     0.000	        1	[xception/block4_sepconv2_act/Relu;xception/block4_sepconv1_bn/FusedBatchNormV3;xception/batch_normalization_299/FusedBatchNormV3/ReadVariableOp;xception/block4_sepconv1/separable_conv2d]:19
	       DEPTHWISE_CONV_2D	         3548.745	    5.465	    5.423	  0.077%	 50.315%	     0.000	        1	[xception/block4_sepconv2/separable_conv2d/depthwise1]:20
	                 CONV_2D	         3554.180	  517.403	  511.618	  7.243%	 57.559%	     0.000	        1	[xception/block4_sepconv2_bn/FusedBatchNormV3;xception/batch_normalization_299/FusedBatchNormV3/ReadVariableOp;xception/block4_sepconv2/separable_conv2d]:21
	             MAX_POOL_2D	         4065.809	    6.433	    6.500	  0.092%	 57.651%	     0.000	        1	[xception/block4_pool/MaxPool]:22
	                 CONV_2D	         4072.323	   54.354	   55.032	  0.779%	 58.430%	     0.000	        1	[xception/batch_normalization_299/FusedBatchNormV3;xception/batch_normalization_299/FusedBatchNormV3/ReadVariableOp;xception/conv2d_299/Conv2D]:23
	                     ADD	         4127.366	   24.503	   24.689	  0.350%	 58.779%	     0.000	        1	[xception/add_6/add]:24
	                    RELU	         4152.065	   33.457	   33.582	  0.475%	 59.255%	     0.000	        1	[xception/block5_sepconv1_act/Relu]:25
	       DEPTHWISE_CONV_2D	         4185.658	    1.286	    1.359	  0.019%	 59.274%	     0.000	        1	[xception/block5_sepconv1/separable_conv2d/depthwise1]:26
	                 CONV_2D	         4187.025	   75.597	   76.920	  1.089%	 60.363%	     0.000	        1	[xception/block5_sepconv2_act/Relu;xception/block5_sepconv1_bn/FusedBatchNormV3;xception/batch_normalization_299/FusedBatchNormV3/ReadVariableOp;xception/block5_sepconv1/separable_conv2d]:27
	       DEPTHWISE_CONV_2D	         4263.957	    1.346	    1.420	  0.020%	 60.383%	     0.000	        1	[xception/block5_sepconv2/separable_conv2d/depthwise1]:28
	                 CONV_2D	         4265.386	   75.846	   76.774	  1.087%	 61.470%	     0.000	        1	[xception/block5_sepconv3_act/Relu;xception/block5_sepconv2_bn/FusedBatchNormV3;xception/batch_normalization_299/FusedBatchNormV3/ReadVariableOp;xception/block5_sepconv2/separable_conv2d]:29
	       DEPTHWISE_CONV_2D	         4342.172	    1.376	    1.441	  0.020%	 61.491%	     0.000	        1	[xception/block5_sepconv3/separable_conv2d/depthwise1]:30
	                 CONV_2D	         4343.623	   75.760	   77.184	  1.093%	 62.583%	     0.000	        1	[xception/block5_sepconv3_bn/FusedBatchNormV3;xception/batch_normalization_299/FusedBatchNormV3/ReadVariableOp;xception/block5_sepconv3/separable_conv2d]:31
	                     ADD	         4420.820	   24.486	   24.687	  0.350%	 62.933%	     0.000	        1	[xception/add_7/add]:32
	                    RELU	         4445.517	   33.467	   33.636	  0.476%	 63.409%	     0.000	        1	[xception/block6_sepconv1_act/Relu]:33
	       DEPTHWISE_CONV_2D	         4479.164	    1.260	    1.353	  0.019%	 63.428%	     0.000	        1	[xception/block6_sepconv1/separable_conv2d/depthwise1]:34
	                 CONV_2D	         4480.526	   75.567	   76.817	  1.088%	 64.516%	     0.000	        1	[xception/block6_sepconv2_act/Relu;xception/block6_sepconv1_bn/FusedBatchNormV3;xception/batch_normalization_299/FusedBatchNormV3/ReadVariableOp;xception/block6_sepconv1/separable_conv2d]:35
	       DEPTHWISE_CONV_2D	         4557.354	    1.363	    1.397	  0.020%	 64.536%	     0.000	        1	[xception/block6_sepconv2/separable_conv2d/depthwise1]:36
	                 CONV_2D	         4558.760	   75.429	   76.663	  1.085%	 65.621%	     0.000	        1	[xception/block6_sepconv3_act/Relu;xception/block6_sepconv2_bn/FusedBatchNormV3;xception/batch_normalization_299/FusedBatchNormV3/ReadVariableOp;xception/block6_sepconv2/separable_conv2d]:37
	       DEPTHWISE_CONV_2D	         4635.434	    1.321	    1.406	  0.020%	 65.641%	     0.000	        1	[xception/block6_sepconv3/separable_conv2d/depthwise1]:38
	                 CONV_2D	         4636.850	   75.732	   77.010	  1.090%	 66.731%	     0.000	        1	[xception/block6_sepconv3_bn/FusedBatchNormV3;xception/batch_normalization_299/FusedBatchNormV3/ReadVariableOp;xception/block6_sepconv3/separable_conv2d]:39
	                     ADD	         4713.872	   24.537	   24.630	  0.349%	 67.080%	     0.000	        1	[xception/add_8/add]:40
	                    RELU	         4738.513	   33.471	   33.550	  0.475%	 67.555%	     0.000	        1	[xception/block7_sepconv1_act/Relu]:41
	       DEPTHWISE_CONV_2D	         4772.073	    1.262	    1.374	  0.019%	 67.574%	     0.000	        1	[xception/block7_sepconv1/separable_conv2d/depthwise1]:42
	                 CONV_2D	         4773.456	   75.508	   76.828	  1.088%	 68.662%	     0.000	        1	[xception/block7_sepconv2_act/Relu;xception/block7_sepconv1_bn/FusedBatchNormV3;xception/batch_normalization_299/FusedBatchNormV3/ReadVariableOp;xception/block7_sepconv1/separable_conv2d]:43
	       DEPTHWISE_CONV_2D	         4850.296	    1.329	    1.388	  0.020%	 68.682%	     0.000	        1	[xception/block7_sepconv2/separable_conv2d/depthwise1]:44
	                 CONV_2D	         4851.694	   75.892	   76.978	  1.090%	 69.771%	     0.000	        1	[xception/block7_sepconv3_act/Relu;xception/block7_sepconv2_bn/FusedBatchNormV3;xception/batch_normalization_299/FusedBatchNormV3/ReadVariableOp;xception/block7_sepconv2/separable_conv2d]:45
	       DEPTHWISE_CONV_2D	         4928.683	    1.321	    1.393	  0.020%	 69.791%	     0.000	        1	[xception/block7_sepconv3/separable_conv2d/depthwise1]:46
	                 CONV_2D	         4930.085	   75.937	   76.805	  1.087%	 70.879%	     0.000	        1	[xception/block7_sepconv3_bn/FusedBatchNormV3;xception/batch_normalization_299/FusedBatchNormV3/ReadVariableOp;xception/block7_sepconv3/separable_conv2d]:47
	                     ADD	         5006.903	   24.577	   24.693	  0.350%	 71.228%	     0.000	        1	[xception/add_9/add]:48
	                    RELU	         5031.607	   33.535	   33.646	  0.476%	 71.705%	     0.000	        1	[xception/block8_sepconv1_act/Relu]:49
	       DEPTHWISE_CONV_2D	         5065.262	    1.312	    1.348	  0.019%	 71.724%	     0.000	        1	[xception/block8_sepconv1/separable_conv2d/depthwise1]:50
	                 CONV_2D	         5066.618	   76.115	   76.888	  1.089%	 72.812%	     0.000	        1	[xception/block8_sepconv2_act/Relu;xception/block8_sepconv1_bn/FusedBatchNormV3;xception/batch_normalization_299/FusedBatchNormV3/ReadVariableOp;xception/block8_sepconv1/separable_conv2d]:51
	       DEPTHWISE_CONV_2D	         5143.518	    1.329	    1.390	  0.020%	 72.832%	     0.000	        1	[xception/block8_sepconv2/separable_conv2d/depthwise1]:52
	                 CONV_2D	         5144.917	   75.876	   76.862	  1.088%	 73.920%	     0.000	        1	[xception/block8_sepconv3_act/Relu;xception/block8_sepconv2_bn/FusedBatchNormV3;xception/batch_normalization_299/FusedBatchNormV3/ReadVariableOp;xception/block8_sepconv2/separable_conv2d]:53
	       DEPTHWISE_CONV_2D	         5221.790	    1.365	    1.398	  0.020%	 73.940%	     0.000	        1	[xception/block8_sepconv3/separable_conv2d/depthwise1]:54
	                 CONV_2D	         5223.198	   76.723	   76.919	  1.089%	 75.029%	     0.000	        1	[xception/block8_sepconv3_bn/FusedBatchNormV3;xception/batch_normalization_299/FusedBatchNormV3/ReadVariableOp;xception/block8_sepconv3/separable_conv2d]:55
	                     ADD	         5300.128	   24.519	   24.639	  0.349%	 75.378%	     0.000	        1	[xception/add_10/add]:56
	                    RELU	         5324.778	   33.498	   33.533	  0.475%	 75.852%	     0.000	        1	[xception/block9_sepconv1_act/Relu]:57
	       DEPTHWISE_CONV_2D	         5358.322	    1.294	    1.345	  0.019%	 75.871%	     0.000	        1	[xception/block9_sepconv1/separable_conv2d/depthwise1]:58
	                 CONV_2D	         5359.675	   76.842	   76.777	  1.087%	 76.958%	     0.000	        1	[xception/block9_sepconv2_act/Relu;xception/block9_sepconv1_bn/FusedBatchNormV3;xception/batch_normalization_299/FusedBatchNormV3/ReadVariableOp;xception/block9_sepconv1/separable_conv2d]:59
	       DEPTHWISE_CONV_2D	         5436.464	    1.536	    1.415	  0.020%	 76.978%	     0.000	        1	[xception/block9_sepconv2/separable_conv2d/depthwise1]:60
	                 CONV_2D	         5437.888	   79.028	   76.794	  1.087%	 78.066%	     0.000	        1	[xception/block9_sepconv3_act/Relu;xception/block9_sepconv2_bn/FusedBatchNormV3;xception/batch_normalization_299/FusedBatchNormV3/ReadVariableOp;xception/block9_sepconv2/separable_conv2d]:61
	       DEPTHWISE_CONV_2D	         5514.694	    1.653	    1.409	  0.020%	 78.086%	     0.000	        1	[xception/block9_sepconv3/separable_conv2d/depthwise1]:62
	                 CONV_2D	         5516.112	   79.284	   77.077	  1.091%	 79.177%	     0.000	        1	[xception/block9_sepconv3_bn/FusedBatchNormV3;xception/batch_normalization_299/FusedBatchNormV3/ReadVariableOp;xception/block9_sepconv3/separable_conv2d]:63
	                     ADD	         5593.200	   24.766	   24.601	  0.348%	 79.525%	     0.000	        1	[xception/add_11/add]:64
	                    RELU	         5617.812	   33.912	   33.648	  0.476%	 80.002%	     0.000	        1	[xception/block10_sepconv1_act/Relu]:65
	       DEPTHWISE_CONV_2D	         5651.470	    1.412	    1.355	  0.019%	 80.021%	     0.000	        1	[xception/block10_sepconv1/separable_conv2d/depthwise1]:66
	                 CONV_2D	         5652.834	   79.399	   77.036	  1.091%	 81.111%	     0.000	        1	[xception/block10_sepconv2_act/Relu;xception/block10_sepconv1_bn/FusedBatchNormV3;xception/batch_normalization_299/FusedBatchNormV3/ReadVariableOp;xception/block10_sepconv1/separable_conv2d]:67
	       DEPTHWISE_CONV_2D	         5729.882	    1.601	    1.393	  0.020%	 81.131%	     0.000	        1	[xception/block10_sepconv2/separable_conv2d/depthwise1]:68
	                 CONV_2D	         5731.284	   79.243	   76.824	  1.088%	 82.219%	     0.000	        1	[xception/block10_sepconv3_act/Relu;xception/block10_sepconv2_bn/FusedBatchNormV3;xception/batch_normalization_299/FusedBatchNormV3/ReadVariableOp;xception/block10_sepconv2/separable_conv2d]:69
	       DEPTHWISE_CONV_2D	         5808.122	    1.425	    1.411	  0.020%	 82.239%	     0.000	        1	[xception/block10_sepconv3/separable_conv2d/depthwise1]:70
	                 CONV_2D	         5809.544	   78.270	   77.185	  1.093%	 83.332%	     0.000	        1	[xception/block10_sepconv3_bn/FusedBatchNormV3;xception/batch_normalization_299/FusedBatchNormV3/ReadVariableOp;xception/block10_sepconv3/separable_conv2d]:71
	                     ADD	         5886.740	   24.744	   24.662	  0.349%	 83.681%	     0.000	        1	[xception/add_12/add]:72
	                    RELU	         5911.414	   33.704	   33.569	  0.475%	 84.156%	     0.000	        1	[xception/block11_sepconv1_act/Relu]:73
	       DEPTHWISE_CONV_2D	         5944.993	    1.381	    1.363	  0.019%	 84.175%	     0.000	        1	[xception/block11_sepconv1/separable_conv2d/depthwise1]:74
	                 CONV_2D	         5946.367	   78.160	   77.013	  1.090%	 85.266%	     0.000	        1	[xception/block11_sepconv2_act/Relu;xception/block11_sepconv1_bn/FusedBatchNormV3;xception/batch_normalization_299/FusedBatchNormV3/ReadVariableOp;xception/block11_sepconv1/separable_conv2d]:75
	       DEPTHWISE_CONV_2D	         6023.392	    1.427	    1.429	  0.020%	 85.286%	     0.000	        1	[xception/block11_sepconv2/separable_conv2d/depthwise1]:76
	                 CONV_2D	         6024.830	   78.194	   77.100	  1.092%	 86.377%	     0.000	        1	[xception/block11_sepconv3_act/Relu;xception/block11_sepconv2_bn/FusedBatchNormV3;xception/batch_normalization_299/FusedBatchNormV3/ReadVariableOp;xception/block11_sepconv2/separable_conv2d]:77
	       DEPTHWISE_CONV_2D	         6101.943	    1.511	    1.435	  0.020%	 86.398%	     0.000	        1	[xception/block11_sepconv3/separable_conv2d/depthwise1]:78
	                 CONV_2D	         6103.387	   78.223	   77.369	  1.095%	 87.493%	     0.000	        1	[xception/block11_sepconv3_bn/FusedBatchNormV3;xception/batch_normalization_299/FusedBatchNormV3/ReadVariableOp;xception/block11_sepconv3/separable_conv2d]:79
	                     ADD	         6180.768	   24.710	   24.654	  0.349%	 87.842%	     0.000	        1	[xception/add_13/add]:80
	                    RELU	         6205.433	   33.814	   33.556	  0.475%	 88.317%	     0.000	        1	[xception/block12_sepconv1_act/Relu]:81
	       DEPTHWISE_CONV_2D	         6238.999	    1.353	    1.353	  0.019%	 88.336%	     0.000	        1	[xception/block12_sepconv1/separable_conv2d/depthwise1]:82
	                 CONV_2D	         6240.361	   76.116	   76.796	  1.087%	 89.424%	     0.000	        1	[xception/block12_sepconv2_act/Relu;xception/block12_sepconv1_bn/FusedBatchNormV3;xception/batch_normalization_299/FusedBatchNormV3/ReadVariableOp;xception/block12_sepconv1/separable_conv2d]:83
	       DEPTHWISE_CONV_2D	         6317.171	    1.322	    1.402	  0.020%	 89.443%	     0.000	        1	[xception/block12_sepconv2/separable_conv2d/depthwise1]:84
	                 CONV_2D	         6318.582	   75.759	   76.895	  1.089%	 90.532%	     0.000	        1	[xception/block12_sepconv3_act/Relu;xception/block12_sepconv2_bn/FusedBatchNormV3;xception/batch_normalization_299/FusedBatchNormV3/ReadVariableOp;xception/block12_sepconv2/separable_conv2d]:85
	       DEPTHWISE_CONV_2D	         6395.488	    1.371	    1.409	  0.020%	 90.552%	     0.000	        1	[xception/block12_sepconv3/separable_conv2d/depthwise1]:86
	                 CONV_2D	         6396.907	   75.974	   77.091	  1.091%	 91.644%	     0.000	        1	[xception/block12_sepconv3_bn/FusedBatchNormV3;xception/batch_normalization_299/FusedBatchNormV3/ReadVariableOp;xception/block12_sepconv3/separable_conv2d]:87
	                     ADD	         6474.009	   24.478	   24.620	  0.349%	 91.992%	     0.000	        1	[xception/add_14/add]:88
	                    RELU	         6498.639	   33.522	   33.707	  0.477%	 92.469%	     0.000	        1	[xception/block13_sepconv1_act/Relu]:89
	       DEPTHWISE_CONV_2D	         6532.356	    1.273	    1.357	  0.019%	 92.489%	     0.000	        1	[xception/block13_sepconv1/separable_conv2d/depthwise1]:90
	                 CONV_2D	         6533.722	   75.702	   77.039	  1.091%	 93.579%	     0.000	        1	[xception/block13_sepconv2_act/Relu;xception/block13_sepconv1_bn/FusedBatchNormV3;xception/batch_normalization_299/FusedBatchNormV3/ReadVariableOp;xception/block13_sepconv1/separable_conv2d]:91
	       DEPTHWISE_CONV_2D	         6610.778	    1.425	    1.420	  0.020%	 93.599%	     0.000	        1	[xception/block13_sepconv2/separable_conv2d/depthwise1]:92
	                 CONV_2D	         6612.207	  109.685	  111.704	  1.581%	 95.181%	     0.000	        1	[xception/block13_sepconv2_bn/FusedBatchNormV3;xception/batch_normalization_300/FusedBatchNormV3/ReadVariableOp;xception/block13_sepconv2/separable_conv2d]:93
	             MAX_POOL_2D	         6723.923	    2.408	    2.425	  0.034%	 95.215%	     0.000	        1	[xception/block13_pool/MaxPool]:94
	                 CONV_2D	         6726.357	   36.219	   36.472	  0.516%	 95.731%	     0.000	        1	[xception/batch_normalization_300/FusedBatchNormV3;xception/batch_normalization_300/FusedBatchNormV3/ReadVariableOp;xception/conv2d_300/Conv2D]:95
	                     ADD	         6762.840	    9.602	    9.762	  0.138%	 95.870%	     0.000	        1	[xception/add_15/add]:96
	       DEPTHWISE_CONV_2D	         6772.612	    0.515	    0.540	  0.008%	 95.877%	     0.000	        1	[xception/block14_sepconv1/separable_conv2d/depthwise1]:97
	                 CONV_2D	         6773.159	   64.830	   65.668	  0.930%	 96.807%	     0.000	        1	[xception/block14_sepconv1_act/Relu;xception/block14_sepconv1_bn/FusedBatchNormV3;xception/block14_sepconv1_bn/FusedBatchNormV3/ReadVariableOp;xception/block14_sepconv1/separable_conv2d]:98
	       DEPTHWISE_CONV_2D	         6838.840	    0.848	    0.857	  0.012%	 96.819%	     0.000	        1	[xception/block14_sepconv2/separable_conv2d/depthwise1]:99
	                 CONV_2D	         6839.705	  115.253	  117.099	  1.658%	 98.477%	     0.000	        1	[xception/block14_sepconv2_act/Relu;xception/block14_sepconv2_bn/FusedBatchNormV3;xception/block14_sepconv2_bn/FusedBatchNormV3/ReadVariableOp;xception/block14_sepconv2/separable_conv2d]:100
	                    MEAN	         6956.816	   34.990	   35.230	  0.499%	 98.976%	     0.000	        1	[xception/avg_pool/Mean]:101
	         FULLY_CONNECTED	         6992.055	   71.902	   72.248	  1.023%	 99.999%	     0.000	        1	[xception/predictions/MatMul;xception/predictions/BiasAdd]:102
	                 SOFTMAX	         7064.315	    0.088	    0.093	  0.001%	100.000%	     0.000	        1	[StatefulPartitionedCall:0]:103

============================== Top by Computation Time ==============================
	             [node type]	          [start]	  [first]	 [avg ms]	     [%]	  [cdf%]	  [mem KB]	[times called]	[Name]
	                 CONV_2D	         1316.537	  702.273	  707.806	 10.021%	 10.021%	     0.000	        1	[xception/block2_sepconv2_bn/FusedBatchNormV3;xception/batch_normalization_297/FusedBatchNormV3/ReadVariableOp;xception/block2_sepconv2/separable_conv2d]:5
	                 CONV_2D	          637.169	  671.085	  665.625	  9.424%	 19.445%	     0.000	        1	[xception/block2_sepconv2_act/Relu;xception/block2_sepconv1_bn/FusedBatchNormV3;xception/batch_normalization_297/FusedBatchNormV3/ReadVariableOp;xception/block2_sepconv1/separable_conv2d]:3
	                 CONV_2D	         3554.180	  517.403	  511.618	  7.243%	 26.688%	     0.000	        1	[xception/block4_sepconv2_bn/FusedBatchNormV3;xception/batch_normalization_299/FusedBatchNormV3/ReadVariableOp;xception/block4_sepconv2/separable_conv2d]:21
	                 CONV_2D	          178.878	  454.768	  452.599	  6.408%	 33.096%	     0.000	        1	[xception/block1_conv2_act/Relu;xception/block1_conv2_bn/FusedBatchNormV3;xception/block1_conv2_bn/FusedBatchNormV3/ReadVariableOp;xception/block1_conv2/Conv2D]:1
	                 CONV_2D	         2726.151	  385.769	  381.238	  5.397%	 38.493%	     0.000	        1	[xception/block3_sepconv2_bn/FusedBatchNormV3;xception/batch_normalization_298/FusedBatchNormV3/ReadVariableOp;xception/block3_sepconv2/separable_conv2d]:13
	                 CONV_2D	         2369.395	  346.764	  349.574	  4.949%	 43.443%	     0.000	        1	[xception/block3_sepconv2_act/Relu;xception/block3_sepconv1_bn/FusedBatchNormV3;xception/batch_normalization_298/FusedBatchNormV3/ReadVariableOp;xception/block3_sepconv1/separable_conv2d]:11
	                 CONV_2D	         3283.782	  267.288	  264.951	  3.751%	 47.194%	     0.000	        1	[xception/block4_sepconv2_act/Relu;xception/block4_sepconv1_bn/FusedBatchNormV3;xception/batch_normalization_299/FusedBatchNormV3/ReadVariableOp;xception/block4_sepconv1/separable_conv2d]:19
	                 CONV_2D	            0.021	  177.520	  178.843	  2.532%	 49.726%	     0.000	        1	[xception/block1_conv1_act/Relu;xception/block1_conv1_bn/FusedBatchNormV3;xception/block1_conv1_bn/FusedBatchNormV3/ReadVariableOp;xception/block1_conv1/Conv2D]:0
	                 CONV_2D	         2041.119	  168.991	  170.268	  2.411%	 52.136%	     0.000	        1	[xception/batch_normalization_297/FusedBatchNormV3;xception/batch_normalization_297/FusedBatchNormV3/ReadVariableOp;xception/conv2d_297/Conv2D]:7
	                 CONV_2D	         6839.705	  115.253	  117.099	  1.658%	 53.794%	     0.000	        1	[xception/block14_sepconv2_act/Relu;xception/block14_sepconv2_bn/FusedBatchNormV3;xception/block14_sepconv2_bn/FusedBatchNormV3/ReadVariableOp;xception/block14_sepconv2/separable_conv2d]:100

Number of nodes executed: 104
============================== Summary by node type ==============================
	             [Node type]	  [count]	  [avg ms]	    [avg %]	    [cdf %]	  [mem KB]	[times called]
	                 CONV_2D	       40	  6080.801	    86.091%	    86.091%	     0.000	       40
	                    RELU	       11	   436.085	     6.174%	    92.265%	     0.000	       11
	                     ADD	       12	   329.980	     4.672%	    96.937%	     0.000	       12
	       DEPTHWISE_CONV_2D	       34	    74.786	     1.059%	    97.996%	     0.000	       34
	         FULLY_CONNECTED	        1	    72.247	     1.023%	    99.019%	     0.000	        1
	                    MEAN	        1	    35.229	     0.499%	    99.517%	     0.000	        1
	             MAX_POOL_2D	        4	    33.988	     0.481%	    99.999%	     0.000	        4
	                 SOFTMAX	        1	     0.093	     0.001%	   100.000%	     0.000	        1

Timings (microseconds): count=20 first=7062785 curr=7062445 min=7043953 max=7084521 avg=7.06326e+06 std=11151
Memory (bytes): count=0
104 nodes observed



[ perf record: Woken up 828 times to write data ]
Warning:
Processed 838937 events and lost 6 chunks!

Check IO/CPU overload!

[ perf record: Captured and wrote 207.431 MB /tmp/data.record (836968 samples) ]

213.754

