1-batch-128x128
10.5535
1-batch-128x2048
99.2625
1-batch-128x32
6.2555
1-batch-128x4096
193.661
1-batch-128x512
25.894
1-batch-128x8192
382.387
1-batch-2048x128
40.3235
1-batch-2048x2048
519.86
1-batch-2048x32
16.6455
1-batch-2048x4096
1032.84
1-batch-2048x512
136.095
1-batch-2048x8192
2253.75
1-batch-32x128
8.942
1-batch-32x2048
77.834
1-batch-32x32
5.9115
1-batch-32x4096
151.511
1-batch-32x512
22.611
1-batch-32x8192
297.628
1-batch-4096x128
71.776
1-batch-4096x2048
976.94
1-batch-4096x32
26.588
1-batch-4096x4096
2114.84
1-batch-4096x512
252.758
1-batch-4096x8192
3871.62
1-batch-512x128
16.133
1-batch-512x2048
184.007
1-batch-512x32
8.0365
1-batch-512x4096
362.957
1-batch-512x512
47.6355
1-batch-512x8192
679.259
1-batch-8192x128
135.379
1-batch-8192x2048
1890.77
1-batch-8192x32
47.289
1-batch-8192x4096
4080.26
1-batch-8192x512
488.116
1-batch-8192x8192
7500.77
