1-batch-64x8192
86.0
1-batch-8192x512
539.0
1-batch-2048x256
76.0
1-batch-256x32
10.0
1-batch-128x2048
45.0
1-batch-4096x1024
541.0
1-batch-8192x1024
1537.0
1-batch-8192x4096
12432.0
1-batch-512x128
17.0
1-batch-8192x128
141.0
1-batch-8192x64
75.0
1-batch-512x256
26.0
1-batch-2048x128
42.0
1-batch-128x512
18.0
1-batch-2048x4096
1587.0
1-batch-8192x32
42.0
1-batch-4096x128
75.0
1-batch-2048x8192
6230.0
1-batch-32x128
11.0
1-batch-512x1024
78.0
1-batch-32x8192
86.0
1-batch-512x8192
559.0
1-batch-32x2048
29.0
1-batch-4096x256
142.0
1-batch-1024x2048
279.0
1-batch-1024x8192
1749.0
1-batch-64x64
9.0
1-batch-128x128
11.0
1-batch-64x512
14.0
1-batch-32x4096
48.0
1-batch-64x1024
19.0
1-batch-64x4096
47.0
1-batch-4096x8192
12437.0
1-batch-1024x1024
144.0
1-batch-32x32
9.0
1-batch-256x2048
80.0
1-batch-64x128
10.0
1-batch-4096x512
275.0
1-batch-2048x2048
543.0
1-batch-32x512
14.0
1-batch-256x128
13.0
1-batch-64x32
8.0
1-batch-256x8192
294.0
1-batch-128x32
9.0
1-batch-1024x4096
548.0
1-batch-1024x256
43.0
1-batch-512x64
13.0
1-batch-256x4096
151.0
1-batch-64x256
11.0
1-batch-512x4096
284.0
1-batch-128x256
14.0
1-batch-256x64
11.0
1-batch-512x512
44.0
1-batch-64x2048
27.0
1-batch-32x1024
19.0
1-batch-256x256
18.0
1-batch-128x1024
27.0
1-batch-1024x512
77.0
1-batch-128x8192
152.0
1-batch-2048x512
143.0
1-batch-128x4096
81.0
1-batch-256x512
27.0
1-batch-8192x2048
6225.0
1-batch-8192x256
274.0
1-batch-2048x32
17.0
1-batch-512x2048
147.0
1-batch-1024x32
13.0
1-batch-4096x4096
6227.0
1-batch-2048x1024
277.0
1-batch-1024x64
17.0
1-batch-512x32
11.0
1-batch-4096x32
25.0
1-batch-8192x8192
24847.0
1-batch-1024x128
25.0
1-batch-32x256
12.0
1-batch-256x1024
45.0
1-batch-128x64
10.0
1-batch-4096x2048
1512.0
1-batch-32x64
10.0
1-batch-4096x64
42.0
1-batch-2048x64
25.0
