STARTING!
Duplicate flags: num_threads
Log parameter values verbosely: [0]
Min num runs: [200]
Min runs duration (seconds): [1e-09]
Num threads: [1]
Use caching: [1]
Min warmup runs: [2]
Min warmup runs duration (seconds): [1e-09]
Graph: [/home/pi/Desktop/run-single-mul-multibatch/models/f32i8/model-256-batch-4096x512.tflite]
Enable op profiling: [1]
#threads used for CPU inference: [1]
Use xnnpack: [0]
Loaded model /home/pi/Desktop/run-single-mul-multibatch/models/f32i8/model-256-batch-4096x512.tflite
INFO: Initialized TensorFlow Lite runtime.
Applying FC Low-Precision for Kernel shape (4096, 512, ), Input shape (256, 4096, ), Output shape (256, 512, ), ID: 0, Method: ULPPACKW4A4
	Allocating Filter Shape: (4096, 512, ) DONE
	Preparing Filter With Shape: (4096, 512, ) DONE
	Allocating An Input Temporary Tensor With Shape: (256, 4096, ) DONE
The input model file size (MB): 2.09816
Initialized session in 20.776ms.
Running benchmark for at least 2 iterations and at least 1e-09 seconds but terminate if exceeding 150 seconds.
count=2 first=81397 curr=72874 min=72874 max=81397 avg=77135.5 std=4261

Running benchmark for at least 200 iterations and at least 1e-09 seconds but terminate if exceeding 150 seconds.
count=200 first=71354 curr=74498 min=70883 max=83344 avg=72295.2 std=2249

Inference timings in us: Init: 20776, First inference: 81397, Warmup (avg): 77135.5, Inference (avg): 72295.2
Note: as the benchmark tool itself affects memory footprint, the following is only APPROXIMATE to the actual memory footprint of the model at runtime. Take the information at your discretion.
Memory footprint delta from the start of the tool (MB): init=8.15625 overall=19.5586
Profiling Info for Benchmark Initialization:
============================== Run Order ==============================
	             [node type]	          [start]	  [first]	 [avg ms]	     [%]	  [cdf%]	  [mem KB]	[times called]	[Name]
	         AllocateTensors	            0.000	   19.126	   19.126	100.000%	100.000%	  4092.000	        1	AllocateTensors/0

============================== Top by Computation Time ==============================
	             [node type]	          [start]	  [first]	 [avg ms]	     [%]	  [cdf%]	  [mem KB]	[times called]	[Name]
	         AllocateTensors	            0.000	   19.126	   19.126	100.000%	100.000%	  4092.000	        1	AllocateTensors/0

Number of nodes executed: 1
============================== Summary by node type ==============================
	             [Node type]	  [count]	  [avg ms]	    [avg %]	    [cdf %]	  [mem KB]	[times called]
	         AllocateTensors	        1	    19.126	   100.000%	   100.000%	  4092.000	        1

Timings (microseconds): count=1 curr=19126
Memory (bytes): count=0
1 nodes observed



Operator-wise Profiling Info for Regular Benchmark Runs:
============================== Run Order ==============================
	             [node type]	          [start]	  [first]	 [avg ms]	     [%]	  [cdf%]	  [mem KB]	[times called]	[Name]
	         FULLY_CONNECTED	            0.025	   71.300	   72.243	100.000%	100.000%	     0.000	        1	[StatefulPartitionedCall:0]:0

============================== Top by Computation Time ==============================
	             [node type]	          [start]	  [first]	 [avg ms]	     [%]	  [cdf%]	  [mem KB]	[times called]	[Name]
	         FULLY_CONNECTED	            0.025	   71.300	   72.243	100.000%	100.000%	     0.000	        1	[StatefulPartitionedCall:0]:0

Number of nodes executed: 1
============================== Summary by node type ==============================
	             [Node type]	  [count]	  [avg ms]	    [avg %]	    [cdf %]	  [mem KB]	[times called]
	         FULLY_CONNECTED	        1	    72.242	   100.000%	   100.000%	     0.000	        1

Timings (microseconds): count=200 first=71300 curr=74450 min=70836 max=83292 avg=72242.8 std=2247
Memory (bytes): count=0
1 nodes observed



[ perf record: Woken up 46 times to write data ]
[ perf record: Captured and wrote 11.269 MB /tmp/data.record (60474 samples) ]

16.612

