1-batch-64x8192
335.0
1-batch-8192x512
996.0
1-batch-2048x256
102.0
1-batch-256x32
21.0
1-batch-128x2048
77.0
1-batch-4096x1024
1002.0
1-batch-8192x1024
1966.0
1-batch-8192x4096
7788.0
1-batch-512x128
31.0
1-batch-8192x128
229.0
1-batch-8192x64
107.0
1-batch-512x256
41.0
1-batch-2048x128
59.0
1-batch-128x512
34.0
1-batch-2048x4096
2002.0
1-batch-8192x32
63.0
1-batch-4096x128
103.0
1-batch-2048x8192
3980.0
1-batch-32x128
24.0
1-batch-512x1024
111.0
1-batch-32x8192
335.0
1-batch-512x8192
1109.0
1-batch-32x2048
78.0
1-batch-4096x256
215.0
1-batch-1024x2048
532.0
1-batch-1024x8192
2054.0
1-batch-64x64
21.0
1-batch-128x128
23.0
1-batch-64x512
35.0
1-batch-32x4096
145.0
1-batch-64x1024
50.0
1-batch-64x4096
145.0
1-batch-4096x8192
7833.0
1-batch-1024x1024
227.0
1-batch-32x32
21.0
1-batch-256x2048
122.0
1-batch-64x128
24.0
1-batch-4096x512
515.0
1-batch-2048x2048
1015.0
1-batch-32x512
36.0
1-batch-256x128
24.0
1-batch-64x32
21.0
1-batch-256x8192
608.0
1-batch-128x32
19.0
1-batch-1024x4096
1040.0
1-batch-1024x256
60.0
1-batch-512x64
25.0
1-batch-256x4096
269.0
1-batch-64x256
26.0
1-batch-512x4096
565.0
1-batch-128x256
26.0
1-batch-256x64
21.0
1-batch-512x512
64.0
1-batch-64x2048
77.0
1-batch-32x1024
49.0
1-batch-256x256
31.0
1-batch-128x1024
49.0
1-batch-1024x512
107.0
1-batch-128x8192
334.0
1-batch-2048x512
220.0
1-batch-128x4096
144.0
1-batch-256x512
44.0
1-batch-8192x2048
3905.0
1-batch-8192x256
510.0
1-batch-2048x32
30.0
1-batch-512x2048
241.0
1-batch-1024x32
24.0
1-batch-4096x4096
3929.0
1-batch-2048x1024
520.0
1-batch-1024x64
29.0
1-batch-512x32
22.0
1-batch-4096x32
39.0
1-batch-8192x8192
15555.0
1-batch-1024x128
40.0
1-batch-32x256
27.0
1-batch-256x1024
69.0
1-batch-128x64
20.0
1-batch-4096x2048
1978.0
1-batch-32x64
22.0
1-batch-4096x64
59.0
1-batch-2048x64
40.0
