STARTING!
Duplicate flags: num_threads
Log parameter values verbosely: [0]
Min num runs: [200]
Min runs duration (seconds): [1e-09]
Num threads: [1]
Use caching: [1]
Min warmup runs: [2]
Min warmup runs duration (seconds): [1e-09]
Graph: [/home/pi/Desktop/run-single-mul-multibatch/models/f32i8/model-64-batch-4096x512.tflite]
Enable op profiling: [1]
#threads used for CPU inference: [1]
Use xnnpack: [0]
Loaded model /home/pi/Desktop/run-single-mul-multibatch/models/f32i8/model-64-batch-4096x512.tflite
INFO: Initialized TensorFlow Lite runtime.
Applying FC Low-Precision for Kernel shape (4096, 512, ), Input shape (64, 4096, ), Output shape (64, 512, ), ID: 0, Method: ULPPACKW4A4
	Allocating Filter Shape: (4096, 512, ) DONE
	Preparing Filter With Shape: (4096, 512, ) DONE
	Allocating An Input Temporary Tensor With Shape: (64, 4096, ) DONE
The input model file size (MB): 2.09816
Initialized session in 20.834ms.
Running benchmark for at least 2 iterations and at least 1e-09 seconds but terminate if exceeding 150 seconds.
count=2 first=20162 curr=18131 min=18131 max=20162 avg=19146.5 std=1015

Running benchmark for at least 200 iterations and at least 1e-09 seconds but terminate if exceeding 150 seconds.
count=200 first=17890 curr=16982 min=16858 max=18108 avg=17085.8 std=152

Inference timings in us: Init: 20834, First inference: 20162, Warmup (avg): 19146.5, Inference (avg): 17085.8
Note: as the benchmark tool itself affects memory footprint, the following is only APPROXIMATE to the actual memory footprint of the model at runtime. Take the information at your discretion.
Memory footprint delta from the start of the tool (MB): init=8.16797 overall=11.3203
Profiling Info for Benchmark Initialization:
============================== Run Order ==============================
	             [node type]	          [start]	  [first]	 [avg ms]	     [%]	  [cdf%]	  [mem KB]	[times called]	[Name]
	         AllocateTensors	            0.000	   19.217	   19.217	100.000%	100.000%	  4092.000	        1	AllocateTensors/0

============================== Top by Computation Time ==============================
	             [node type]	          [start]	  [first]	 [avg ms]	     [%]	  [cdf%]	  [mem KB]	[times called]	[Name]
	         AllocateTensors	            0.000	   19.217	   19.217	100.000%	100.000%	  4092.000	        1	AllocateTensors/0

Number of nodes executed: 1
============================== Summary by node type ==============================
	             [Node type]	  [count]	  [avg ms]	    [avg %]	    [cdf %]	  [mem KB]	[times called]
	         AllocateTensors	        1	    19.217	   100.000%	   100.000%	  4092.000	        1

Timings (microseconds): count=1 curr=19217
Memory (bytes): count=0
1 nodes observed



Operator-wise Profiling Info for Regular Benchmark Runs:
============================== Run Order ==============================
	             [node type]	          [start]	  [first]	 [avg ms]	     [%]	  [cdf%]	  [mem KB]	[times called]	[Name]
	         FULLY_CONNECTED	            0.021	   17.846	   17.038	100.000%	100.000%	     0.000	        1	[StatefulPartitionedCall:0]:0

============================== Top by Computation Time ==============================
	             [node type]	          [start]	  [first]	 [avg ms]	     [%]	  [cdf%]	  [mem KB]	[times called]	[Name]
	         FULLY_CONNECTED	            0.021	   17.846	   17.038	100.000%	100.000%	     0.000	        1	[StatefulPartitionedCall:0]:0

Number of nodes executed: 1
============================== Summary by node type ==============================
	             [Node type]	  [count]	  [avg ms]	    [avg %]	    [cdf %]	  [mem KB]	[times called]
	         FULLY_CONNECTED	        1	    17.038	   100.000%	   100.000%	     0.000	        1

Timings (microseconds): count=200 first=17846 curr=16935 min=16811 max=18063 avg=17038 std=153
Memory (bytes): count=0
1 nodes observed



[ perf record: Woken up 11 times to write data ]
[ perf record: Captured and wrote 2.701 MB /tmp/data.record (14588 samples) ]

4.545

