densenet201
14520.2
efficientnetv2l
8933.89
inceptionresnetv2
11186
inceptionv3
14760.3
mobilenetv2
8949.18
nasnetlarge
27593.2
regnety320
25574.5
resnet152
14648.5
resnet152v2
14813.8
vgg19
826405
xception
15063.9
densenet201
14379
efficientnetv2l
9030.16
inceptionresnetv2
11240.3
inceptionv3
14843.6
mobilenetv2
8874.2
nasnetlarge
27717.5
regnety320
25648.3
resnet152
14806.2
resnet152v2
14621.3
vgg19
828548
xception
14915.7
densenet201-21K
5135.17
densenet201
14537.1
efficientnetv2l-21K
3449.88
efficientnetv2l
8968.06
inceptionresnetv2-21K
3997.78
inceptionresnetv2
11089.1
inceptionv3-21K
5576.24
inceptionv3
14811
mobilenetv2-21K
3628.26
mobilenetv2
9142.67
nasnetlarge-21K
13618.3
nasnetlarge
27721.8
regnety320-21K
12206
regnety320
25798.7
resnet152-21K
5505.61
resnet152
14970
resnet152v2-21K
5625.45
resnet152v2
15127.3
vgg19-21K
812907
