16-batch-64x8192
3842.0
16-batch-2048x8192
138969.0
16-batch-2048x64
241.0
16-batch-128x1024
251.0
16-batch-8192x2048
139700.0
16-batch-1024x4096
34819.0
16-batch-128x4096
2644.0
16-batch-4096x2048
69810.0
16-batch-2048x1024
17432.0
16-batch-128x256
65.0
16-batch-1024x32
63.0
16-batch-2048x256
2771.0
16-batch-64x32
7.0
16-batch-32x128
12.0
16-batch-64x4096
522.0
16-batch-512x128
123.0
16-batch-64x128
19.0
16-batch-2048x128
478.0
16-batch-8192x8192
557502.0
16-batch-64x1024
133.0
16-batch-128x64
19.0
16-batch-4096x32
248.0
16-batch-32x2048
141.0
16-batch-512x256
242.0
16-batch-64x256
35.0
16-batch-1024x256
478.0
16-batch-512x2048
8742.0
16-batch-8192x512
35243.0
16-batch-64x512
67.0
16-batch-32x512
37.0
16-batch-8192x128
9134.0
16-batch-4096x512
17575.0
16-batch-2048x2048
34801.0
16-batch-4096x1024
34984.0
16-batch-64x2048
263.0
16-batch-1024x1024
8733.0
16-batch-256x2048
2095.0
16-batch-512x512
480.0
16-batch-8192x1024
70062.0
16-batch-1024x128
241.0
16-batch-8192x64
4730.0
16-batch-256x256
124.0
16-batch-64x64
11.0
16-batch-4096x8192
278745.0
16-batch-1024x8192
69594.0
16-batch-2048x4096
69523.0
16-batch-8192x256
17839.0
16-batch-512x64
63.0
16-batch-4096x4096
139455.0
16-batch-256x1024
487.0
16-batch-4096x128
3828.0
16-batch-128x8192
9005.0
16-batch-2048x512
8757.0
16-batch-256x4096
8807.0
16-batch-32x256
20.0
16-batch-1024x2048
17427.0
16-batch-256x32
18.0
16-batch-256x8192
17599.0
16-batch-256x64
33.0
16-batch-128x32
11.0
16-batch-128x2048
498.0
16-batch-128x512
127.0
16-batch-8192x4096
278967.0
16-batch-256x512
245.0
16-batch-1024x64
122.0
16-batch-32x4096
280.0
16-batch-512x4096
17456.0
16-batch-512x1024
1920.0
16-batch-4096x256
8871.0
16-batch-32x32
5.0
16-batch-1024x512
2114.0
16-batch-32x64
8.0
16-batch-128x128
34.0
16-batch-512x32
33.0
16-batch-512x8192
34894.0
16-batch-256x128
63.0
16-batch-32x1024
72.0
16-batch-8192x32
669.0
16-batch-32x8192
555.0
16-batch-2048x32
124.0
16-batch-4096x64
493.0
