1-batch-64x8192
1629.0
1-batch-8192x512
12030.0
1-batch-2048x256
1543.0
1-batch-256x32
25.0
1-batch-128x2048
794.0
1-batch-4096x1024
11922.0
1-batch-8192x1024
23818.0
1-batch-8192x4096
94598.0
1-batch-512x128
78.0
1-batch-8192x128
3176.0
1-batch-8192x64
1703.0
1-batch-512x256
335.0
1-batch-2048x128
803.0
1-batch-128x512
75.0
1-batch-2048x4096
23703.0
1-batch-8192x32
956.0
1-batch-4096x128
1593.0
1-batch-2048x8192
47348.0
1-batch-32x128
18.0
1-batch-512x1024
1525.0
1-batch-32x8192
895.0
1-batch-512x8192
11964.0
1-batch-32x2048
86.0
1-batch-4096x256
3070.0
1-batch-1024x2048
5974.0
1-batch-1024x8192
23757.0
1-batch-64x64
19.0
1-batch-128x128
29.0
1-batch-64x512
46.0
1-batch-32x4096
344.0
1-batch-64x1024
78.0
1-batch-64x4096
826.0
1-batch-4096x8192
94553.0
1-batch-1024x1024
3011.0
1-batch-32x32
16.0
1-batch-256x2048
1530.0
1-batch-64x128
22.0
1-batch-4096x512
6022.0
1-batch-2048x2048
11895.0
1-batch-32x512
32.0
1-batch-256x128
46.0
1-batch-64x32
17.0
1-batch-256x8192
6034.0
1-batch-128x32
19.0
1-batch-1024x4096
11901.0
1-batch-1024x256
786.0
1-batch-512x64
49.0
1-batch-256x4096
3030.0
1-batch-64x256
30.0
1-batch-512x4096
6001.0
1-batch-128x256
44.0
1-batch-256x64
32.0
1-batch-512x512
779.0
1-batch-64x2048
330.0
1-batch-32x1024
49.0
1-batch-256x256
75.0
1-batch-128x1024
325.0
1-batch-1024x512
1527.0
1-batch-128x8192
3098.0
1-batch-2048x512
3018.0
1-batch-128x4096
1562.0
1-batch-256x512
327.0
1-batch-8192x2048
47446.0
1-batch-8192x256
6124.0
1-batch-2048x32
106.0
1-batch-512x2048
3018.0
1-batch-1024x32
56.0
1-batch-4096x4096
47322.0
1-batch-2048x1024
5979.0
1-batch-1024x64
87.0
1-batch-512x32
35.0
1-batch-4096x32
317.0
1-batch-8192x8192
188927.0
1-batch-1024x128
380.0
1-batch-32x256
23.0
1-batch-256x1024
782.0
1-batch-128x64
22.0
1-batch-4096x2048
23737.0
1-batch-32x64
17.0
1-batch-4096x64
857.0
1-batch-2048x64
461.0
